[0.007s] Invoking command in '/home/pace2204/copy/slam-mid360-volita/build/adaptive_lio': CMAKE_PREFIX_PATH=${CMAKE_PREFIX_PATH}:/opt/ros/humble /usr/bin/cmake /home/pace2204/copy/slam-mid360-volita/src/adaptive_lio -DCMAKE_INSTALL_PREFIX=/home/pace2204/copy/slam-mid360-volita/install/adaptive_lio
[0.019s] -- Found ament_cmake: 1.3.12 (/opt/ros/humble/share/ament_cmake/cmake)
[0.120s] -- Found rclcpp: 16.0.17 (/opt/ros/humble/share/rclcpp/cmake)
[0.148s] -- Found rosidl_generator_c: 3.1.8 (/opt/ros/humble/share/rosidl_generator_c/cmake)
[0.150s] -- Found rosidl_adapter: 3.1.8 (/opt/ros/humble/share/rosidl_adapter/cmake)
[0.155s] -- Found rosidl_generator_cpp: 3.1.8 (/opt/ros/humble/share/rosidl_generator_cpp/cmake)
[0.164s] -- Using all available rosidl_typesupport_c: rosidl_typesupport_fastrtps_c;rosidl_typesupport_introspection_c
[0.180s] -- Using all available rosidl_typesupport_cpp: rosidl_typesupport_fastrtps_cpp;rosidl_typesupport_introspection_cpp
[0.211s] -- Found rmw_implementation_cmake: 6.1.2 (/opt/ros/humble/share/rmw_implementation_cmake/cmake)
[0.212s] -- Found rmw_fastrtps_cpp: 6.2.9 (/opt/ros/humble/share/rmw_fastrtps_cpp/cmake)
[0.285s] -- Using RMW implementation 'rmw_fastrtps_cpp' as default
[0.329s] -- Found sensor_msgs: 4.9.0 (/opt/ros/humble/share/sensor_msgs/cmake)
[0.351s] -- Found nav_msgs: 4.9.0 (/opt/ros/humble/share/nav_msgs/cmake)
[0.364s] -- Found tf2: 0.25.18 (/opt/ros/humble/share/tf2/cmake)
[0.367s] -- Found tf2_ros: 0.25.18 (/opt/ros/humble/share/tf2_ros/cmake)
[0.429s] -- Found pcl_conversions: 2.4.5 (/opt/ros/humble/share/pcl_conversions/cmake)
[0.454s] -- Eigen found (include: /usr/include/eigen3, version: 3.4.0)
[0.476s] -- FLANN found (include: /usr/include, lib: /usr/lib/x86_64-linux-gnu/libflann_cpp.so)
[0.764s] -- OpenNI found (version: 1.5.4.0, include: /usr/include/ni, lib: /usr/lib/libOpenNI.so;libusb::libusb)
[0.771s] -- OpenNI2 found (version: 2.2.0.33, include: /usr/include/openni2, lib: /usr/lib/x86_64-linux-gnu/libOpenNI2.so;libusb::libusb)
[0.880s] -- Eigen found (include: /usr/include/eigen3, version: 3.4.0)
[0.885s] -- OpenNI found (version: 1.5.4.0, include: /usr/include/ni, lib: /usr/lib/libOpenNI.so;libusb::libusb)
[0.892s] -- OpenNI2 found (version: 2.2.0.33, include: /usr/include/openni2, lib: /usr/lib/x86_64-linux-gnu/libOpenNI2.so;libusb::libusb)
[1.001s] -- Found Qhull version 8.0.2
[1.109s] -- OpenNI found (version: 1.5.4.0, include: /usr/include/ni, lib: /usr/lib/libOpenNI.so;libusb::libusb)
[1.258s] -- Found livox_ros_driver2: 1.0.0 (/home/pace2204/livox_ws/install/livox_ros_driver2/share/livox_ros_driver2/cmake)
[1.277s] -- Found std_srvs: 4.9.0 (/opt/ros/humble/share/std_srvs/cmake)
[1.294s] CMake Warning (dev) at CMakeLists.txt:35 (find_package):
[1.294s]   Policy CMP0074 is not set: find_package uses <PackageName>_ROOT variables.
[1.294s]   Run "cmake --help-policy CMP0074" for policy details.  Use the cmake_policy
[1.294s]   command to set the policy and suppress this warning.
[1.294s] 
[1.294s]   CMake variable PCL_ROOT is set to:
[1.294s] 
[1.294s]     /usr
[1.294s] 
[1.294s]   For compatibility, CMake is ignoring the variable.
[1.294s] This warning is for project developers.  Use -Wno-dev to suppress it.
[1.294s] 
[1.302s] -- Found required Ceres dependency: Eigen version 3.4.0 in /usr/include/eigen3
[1.304s] -- Found required Ceres dependency: glog
[1.304s] -- Found required Ceres dependency: gflags
[1.305s] -- Found Ceres version: 2.0.0 installed in: /usr with components: [EigenSparse, SparseLinearAlgebraLibrary, LAPACK, SuiteSparse, CXSparse, SchurSpecializations, Multithreading]
[1.315s] CMake Warning (dev) at /usr/share/cmake-3.22/Modules/FindPackageHandleStandardArgs.cmake:438 (message):
[1.315s]   The package name passed to `find_package_handle_standard_args` (CSPARSE)
[1.315s]   does not match the name of the calling package (CSparse).  This can lead to
[1.315s]   problems in calling code that expects `find_package` result variables
[1.315s]   (e.g., `_FOUND`) to follow a certain pattern.
[1.315s] Call Stack (most recent call first):
[1.315s]   cmake/FindCSparse.cmake:26 (find_package_handle_standard_args)
[1.315s]   CMakeLists.txt:41 (find_package)
[1.315s] This warning is for project developers.  Use -Wno-dev to suppress it.
[1.315s] 
[1.317s] CMake Warning (dev) at /usr/share/cmake-3.22/Modules/FindPackageHandleStandardArgs.cmake:438 (message):
[1.317s]   The package name passed to `find_package_handle_standard_args` (CHOLMOD)
[1.317s]   does not match the name of the calling package (Cholmod).  This can lead to
[1.317s]   problems in calling code that expects `find_package` result variables
[1.317s]   (e.g., `_FOUND`) to follow a certain pattern.
[1.317s] Call Stack (most recent call first):
[1.317s]   cmake/FindCholmod.cmake:91 (find_package_handle_standard_args)
[1.317s]   CMakeLists.txt:42 (find_package)
[1.317s] This warning is for project developers.  Use -Wno-dev to suppress it.
[1.317s] 
[1.460s] -- Configuring done
[1.518s] -- Generating done
[1.532s] -- Build files have been written to: /home/pace2204/copy/slam-mid360-volita/build/adaptive_lio
[1.544s] Invoked command in '/home/pace2204/copy/slam-mid360-volita/build/adaptive_lio' returned '0': CMAKE_PREFIX_PATH=${CMAKE_PREFIX_PATH}:/opt/ros/humble /usr/bin/cmake /home/pace2204/copy/slam-mid360-volita/src/adaptive_lio -DCMAKE_INSTALL_PREFIX=/home/pace2204/copy/slam-mid360-volita/install/adaptive_lio
[1.546s] Invoking command in '/home/pace2204/copy/slam-mid360-volita/build/adaptive_lio': CMAKE_PREFIX_PATH=${CMAKE_PREFIX_PATH}:/opt/ros/humble /usr/bin/cmake --build /home/pace2204/copy/slam-mid360-volita/build/adaptive_lio -- -j20 -l20
[1.592s] Consolidate compiler generated dependencies of target adaptive_lio.pre
[1.593s] Consolidate compiler generated dependencies of target adaptive_lio.common
[1.605s] [ 10%] Built target adaptive_lio.pre
[1.605s] [ 50%] Built target adaptive_lio.common
[1.618s] Consolidate compiler generated dependencies of target adaptive_lio.algo
[1.628s] [ 60%] Built target adaptive_lio.algo
[1.646s] Consolidate compiler generated dependencies of target adaptive_lio.lio
[1.657s] [ 85%] Built target adaptive_lio.lio
[1.681s] Consolidate compiler generated dependencies of target adaptive_lio_node
[1.697s] [100%] Built target adaptive_lio_node
[1.706s] Invoked command in '/home/pace2204/copy/slam-mid360-volita/build/adaptive_lio' returned '0': CMAKE_PREFIX_PATH=${CMAKE_PREFIX_PATH}:/opt/ros/humble /usr/bin/cmake --build /home/pace2204/copy/slam-mid360-volita/build/adaptive_lio -- -j20 -l20
[1.715s] Invoking command in '/home/pace2204/copy/slam-mid360-volita/build/adaptive_lio': CMAKE_PREFIX_PATH=${CMAKE_PREFIX_PATH}:/opt/ros/humble /usr/bin/cmake --install /home/pace2204/copy/slam-mid360-volita/build/adaptive_lio
[1.721s] -- Install configuration: "Release"
[1.721s] -- Up-to-date: /home/pace2204/copy/slam-mid360-volita/install/adaptive_lio/lib/adaptive_lio/adaptive_lio_node
[1.721s] -- Up-to-date: /home/pace2204/copy/slam-mid360-volita/install/adaptive_lio/share/adaptive_lio/launch
[1.721s] -- Up-to-date: /home/pace2204/copy/slam-mid360-volita/install/adaptive_lio/share/adaptive_lio/launch/run.launch.py
[1.721s] -- Up-to-date: /home/pace2204/copy/slam-mid360-volita/install/adaptive_lio/share/adaptive_lio/config
[1.721s] -- Up-to-date: /home/pace2204/copy/slam-mid360-volita/install/adaptive_lio/share/adaptive_lio/config/mapping_m.yaml
[1.721s] -- Up-to-date: /home/pace2204/copy/slam-mid360-volita/install/adaptive_lio/share/adaptive_lio/config/adaptive_lio.rviz
[1.721s] -- Up-to-date: /home/pace2204/copy/slam-mid360-volita/install/adaptive_lio/share/adaptive_lio/config/mapping_m copy.yaml
[1.721s] -- Up-to-date: /home/pace2204/copy/slam-mid360-volita/install/adaptive_lio/share/ament_index/resource_index/package_run_dependencies/adaptive_lio
[1.722s] -- Up-to-date: /home/pace2204/copy/slam-mid360-volita/install/adaptive_lio/share/ament_index/resource_index/parent_prefix_path/adaptive_lio
[1.722s] -- Installing: /home/pace2204/copy/slam-mid360-volita/install/adaptive_lio/share/adaptive_lio/environment/ament_prefix_path.dsv
[1.722s] -- Installing: /home/pace2204/copy/slam-mid360-volita/install/adaptive_lio/share/adaptive_lio/environment/path.dsv
[1.722s] -- Up-to-date: /home/pace2204/copy/slam-mid360-volita/install/adaptive_lio/share/adaptive_lio/local_setup.bash
[1.722s] -- Up-to-date: /home/pace2204/copy/slam-mid360-volita/install/adaptive_lio/share/adaptive_lio/local_setup.sh
[1.722s] -- Up-to-date: /home/pace2204/copy/slam-mid360-volita/install/adaptive_lio/share/adaptive_lio/local_setup.zsh
[1.722s] -- Installing: /home/pace2204/copy/slam-mid360-volita/install/adaptive_lio/share/adaptive_lio/local_setup.dsv
[1.723s] -- Installing: /home/pace2204/copy/slam-mid360-volita/install/adaptive_lio/share/adaptive_lio/package.dsv
[1.723s] -- Up-to-date: /home/pace2204/copy/slam-mid360-volita/install/adaptive_lio/share/ament_index/resource_index/packages/adaptive_lio
[1.723s] -- Up-to-date: /home/pace2204/copy/slam-mid360-volita/install/adaptive_lio/share/adaptive_lio/cmake/adaptive_lioConfig.cmake
[1.723s] -- Up-to-date: /home/pace2204/copy/slam-mid360-volita/install/adaptive_lio/share/adaptive_lio/cmake/adaptive_lioConfig-version.cmake
[1.723s] -- Up-to-date: /home/pace2204/copy/slam-mid360-volita/install/adaptive_lio/share/adaptive_lio/package.xml
[1.723s] Invoked command in '/home/pace2204/copy/slam-mid360-volita/build/adaptive_lio' returned '0': CMAKE_PREFIX_PATH=${CMAKE_PREFIX_PATH}:/opt/ros/humble /usr/bin/cmake --install /home/pace2204/copy/slam-mid360-volita/build/adaptive_lio
