[0.008s] Invoking command in '/home/pace2204/copy/slam-mid360-volita/build/adaptive_lio': CMAKE_PREFIX_PATH=${CMAKE_PREFIX_PATH}:/opt/ros/humble /usr/bin/cmake --build /home/pace2204/copy/slam-mid360-volita/build/adaptive_lio -- -j20 -l20
[0.133s] [ 10%] Built target adaptive_lio.pre
[0.136s] [ 50%] Built target adaptive_lio.common
[0.172s] [ 60%] Built target adaptive_lio.algo
[0.214s] [ 85%] Built target adaptive_lio.lio
[0.286s] [100%] Built target adaptive_lio_node
[0.296s] Invoked command in '/home/pace2204/copy/slam-mid360-volita/build/adaptive_lio' returned '0': CMAKE_PREFIX_PATH=${CMAKE_PREFIX_PATH}:/opt/ros/humble /usr/bin/cmake --build /home/pace2204/copy/slam-mid360-volita/build/adaptive_lio -- -j20 -l20
[0.309s] Invoking command in '/home/pace2204/copy/slam-mid360-volita/build/adaptive_lio': CMAKE_PREFIX_PATH=${CMAKE_PREFIX_PATH}:/opt/ros/humble /usr/bin/cmake --install /home/pace2204/copy/slam-mid360-volita/build/adaptive_lio
[0.322s] -- Install configuration: "Release"
[0.322s] -- Up-to-date: /home/pace2204/copy/slam-mid360-volita/install/adaptive_lio/lib/adaptive_lio/adaptive_lio_node
[0.323s] -- Up-to-date: /home/pace2204/copy/slam-mid360-volita/install/adaptive_lio/share/adaptive_lio/launch
[0.324s] -- Up-to-date: /home/pace2204/copy/slam-mid360-volita/install/adaptive_lio/share/adaptive_lio/launch/run.launch.py
[0.324s] -- Up-to-date: /home/pace2204/copy/slam-mid360-volita/install/adaptive_lio/share/adaptive_lio/config
[0.324s] -- Up-to-date: /home/pace2204/copy/slam-mid360-volita/install/adaptive_lio/share/adaptive_lio/config/mapping_m.yaml
[0.324s] -- Up-to-date: /home/pace2204/copy/slam-mid360-volita/install/adaptive_lio/share/adaptive_lio/config/adaptive_lio.rviz
[0.324s] -- Up-to-date: /home/pace2204/copy/slam-mid360-volita/install/adaptive_lio/share/adaptive_lio/config/mapping_m copy.yaml
[0.325s] -- Up-to-date: /home/pace2204/copy/slam-mid360-volita/install/adaptive_lio/share/ament_index/resource_index/package_run_dependencies/adaptive_lio
[0.325s] -- Up-to-date: /home/pace2204/copy/slam-mid360-volita/install/adaptive_lio/share/ament_index/resource_index/parent_prefix_path/adaptive_lio
[0.325s] -- Up-to-date: /home/pace2204/copy/slam-mid360-volita/install/adaptive_lio/share/adaptive_lio/environment/ament_prefix_path.dsv
[0.325s] -- Up-to-date: /home/pace2204/copy/slam-mid360-volita/install/adaptive_lio/share/adaptive_lio/environment/path.dsv
[0.325s] -- Up-to-date: /home/pace2204/copy/slam-mid360-volita/install/adaptive_lio/share/adaptive_lio/local_setup.bash
[0.326s] -- Up-to-date: /home/pace2204/copy/slam-mid360-volita/install/adaptive_lio/share/adaptive_lio/local_setup.sh
[0.326s] -- Up-to-date: /home/pace2204/copy/slam-mid360-volita/install/adaptive_lio/share/adaptive_lio/local_setup.zsh
[0.326s] -- Up-to-date: /home/pace2204/copy/slam-mid360-volita/install/adaptive_lio/share/adaptive_lio/local_setup.dsv
[0.326s] -- Installing: /home/pace2204/copy/slam-mid360-volita/install/adaptive_lio/share/adaptive_lio/package.dsv
[0.327s] -- Up-to-date: /home/pace2204/copy/slam-mid360-volita/install/adaptive_lio/share/ament_index/resource_index/packages/adaptive_lio
[0.327s] -- Up-to-date: /home/pace2204/copy/slam-mid360-volita/install/adaptive_lio/share/adaptive_lio/cmake/adaptive_lioConfig.cmake
[0.328s] -- Up-to-date: /home/pace2204/copy/slam-mid360-volita/install/adaptive_lio/share/adaptive_lio/cmake/adaptive_lioConfig-version.cmake
[0.328s] -- Up-to-date: /home/pace2204/copy/slam-mid360-volita/install/adaptive_lio/share/adaptive_lio/package.xml
[0.329s] Invoked command in '/home/pace2204/copy/slam-mid360-volita/build/adaptive_lio' returned '0': CMAKE_PREFIX_PATH=${CMAKE_PREFIX_PATH}:/opt/ros/humble /usr/bin/cmake --install /home/pace2204/copy/slam-mid360-volita/build/adaptive_lio
