[0.000000] (-) TimerEvent: {}
[0.000100] (adaptive_lio) JobQueued: {'identifier': 'adaptive_lio', 'dependencies': OrderedDict()}
[0.000408] (adaptive_lio) JobStarted: {'identifier': 'adaptive_lio'}
[0.008049] (adaptive_lio) JobProgress: {'identifier': 'adaptive_lio', 'progress': 'cmake'}
[0.013561] (adaptive_lio) JobProgress: {'identifier': 'adaptive_lio', 'progress': 'build'}
[0.014564] (adaptive_lio) Command: {'cmd': ['/usr/bin/cmake', '--build', '/home/pace2204/copy/slam-mid360-volita/build/adaptive_lio', '--', '-j20', '-l20'], 'cwd': '/home/pace2204/copy/slam-mid360-volita/build/adaptive_lio', 'env': OrderedDict([('GJS_DEBUG_TOPICS', 'JS ERROR;JS LOG'), ('VSCODE_CWD', '/home/pace2204'), ('LANGUAGE', 'zh_CN:zh'), ('USER', 'pace2204'), ('VSCODE_NLS_CONFIG', '{"userLocale":"zh-cn","osLocale":"en","resolvedLanguage":"zh-cn","defaultMessagesFile":"/usr/share/qoder/resources/app/out/nls.messages.json","languagePack":{"translationsConfigFile":"/home/pace2204/.config/Qoder/clp/3afffd5016528ded1c796a08d125a4d5.zh-cn/tcf.json","messagesFile":"/home/pace2204/.config/Qoder/clp/3afffd5016528ded1c796a08d125a4d5.zh-cn/0.4.7_ba2c98a811c6e5222a3d7f07e51e5b512cf9e403/nls.messages.json","corruptMarkerFile":"/home/pace2204/.config/Qoder/clp/3afffd5016528ded1c796a08d125a4d5.zh-cn/corrupted.info"},"locale":"zh-cn","availableLanguages":{"*":"zh-cn"},"_languagePackId":"3afffd5016528ded1c796a08d125a4d5.zh-cn","_languagePackSupport":true,"_translationsConfigFile":"/home/pace2204/.config/Qoder/clp/3afffd5016528ded1c796a08d125a4d5.zh-cn/tcf.json","_cacheRoot":"/home/pace2204/.config/Qoder/clp/3afffd5016528ded1c796a08d125a4d5.zh-cn","_resolvedLanguagePackCoreLocation":"/home/pace2204/.config/Qoder/clp/3afffd5016528ded1c796a08d125a4d5.zh-cn/0.4.7_ba2c98a811c6e5222a3d7f07e51e5b512cf9e403","_corruptedFile":"/home/pace2204/.config/Qoder/clp/3afffd5016528ded1c796a08d125a4d5.zh-cn/corrupted.info"}'), ('GIT_EDITOR', 'true'), ('XDG_SESSION_TYPE', 'wayland'), ('SHLVL', '0'), ('LD_LIBRARY_PATH', '/home/pace2204/livox_ws/install/livox_ros_driver2/lib:/opt/ros/humble/opt/rviz_ogre_vendor/lib:/opt/ros/humble/lib/x86_64-linux-gnu:/opt/ros/humble/lib'), ('HOME', '/home/pace2204'), ('CHROME_DESKTOP', 'qoder.desktop'), ('OLDPWD', '/home/pace2204/copy/slam-mid360-volita'), ('DESKTOP_SESSION', 'ubuntu'), ('VSCODE_IPC_HOOK', '/run/user/1000/vscode-415d8430-1.10-main.sock'), ('GIO_LAUNCHED_DESKTOP_FILE', '/usr/share/applications/qoder.desktop'), ('ROS_PYTHON_VERSION', '3'), ('GNOME_SHELL_SESSION_MODE', 'ubuntu'), ('GTK_MODULES', 'gail:atk-bridge'), ('MANAGERPID', '1049'), ('SYSTEMD_EXEC_PID', '1286'), ('IM_CONFIG_CHECK_ENV', '1'), ('DBUS_SESSION_BUS_ADDRESS', 'unix:path=/run/user/1000/bus'), ('QODERCLI_INTEGRATION_MODE', 'quest'), ('GIO_LAUNCHED_DESKTOP_FILE_PID', '87057'), ('IM_CONFIG_PHASE', '1'), ('WAYLAND_DISPLAY', 'wayland-0'), ('COLCON_PREFIX_PATH', '/home/pace2204/livox_ws/install'), ('ROS_DISTRO', 'humble'), ('LOGNAME', 'pace2204'), ('JOURNAL_STREAM', '8:13067'), ('_', '/usr/bin/colcon'), ('ROS_VERSION', '2'), ('XDG_SESSION_CLASS', 'user'), ('TYPE_IS_ARMS', 'true'), ('USERNAME', 'pace2204'), ('GNOME_DESKTOP_SESSION_ID', 'this-is-deprecated'), ('ROS_LOCALHOST_ONLY', '0'), ('VSCODE_BRAND', 'Qoder'), ('PATH', '/opt/ros/humble/bin:/usr/local/sbin:/usr/local/bin:/usr/sbin:/usr/bin:/sbin:/bin:/usr/games:/usr/local/games:/snap/bin:/snap/bin'), ('SESSION_MANAGER', 'local/pace2204-BQM5:@/tmp/.ICE-unix/1252,unix/pace2204-BQM5:/tmp/.ICE-unix/1252'), ('INVOCATION_ID', '02a58268ff434ccd909000380752652c'), ('XDG_MENU_PREFIX', 'gnome-'), ('GNOME_SETUP_DISPLAY', ':1'), ('XDG_RUNTIME_DIR', '/run/user/1000'), ('GDK_BACKEND', 'x11'), ('ARMS_APP_NAME', 'qoder-cosy'), ('DISPLAY', ':0'), ('ARMS_REGION_ID', 'ap-northeast-1'), ('LANG', 'zh_CN.UTF-8'), ('XDG_CURRENT_DESKTOP', 'Unity'), ('XMODIFIERS', '@im=ibus'), ('XDG_SESSION_DESKTOP', 'ubuntu'), ('XAUTHORITY', '/run/user/1000/.mutter-Xwaylandauth.GHURL3'), ('SSH_AGENT_LAUNCHER', 'gnome-keyring'), ('SSH_AUTH_SOCK', '/run/user/1000/keyring/ssh'), ('AMENT_PREFIX_PATH', '/home/pace2204/livox_ws/install/livox_ros_driver2:/opt/ros/humble'), ('ORIGINAL_XDG_CURRENT_DESKTOP', 'ubuntu:GNOME'), ('SHELL', '/bin/bash'), ('QT_ACCESSIBILITY', '1'), ('NO_AT_BRIDGE', '1'), ('GDMSESSION', 'ubuntu'), ('GJS_DEBUG_OUTPUT', 'stderr'), ('ARMS_ENABLE', 'true'), ('QT_IM_MODULE', 'ibus'), ('PWD', '/home/pace2204/copy/slam-mid360-volita/build/adaptive_lio'), ('XDG_CONFIG_DIRS', '/etc/xdg/xdg-ubuntu:/etc/xdg'), ('VSCODE_CODE_CACHE_PATH', '/home/pace2204/.config/Qoder/CachedData/ba2c98a811c6e5222a3d7f07e51e5b512cf9e403'), ('XDG_DATA_DIRS', '/usr/share/ubuntu:/usr/local/share/:/usr/share/:/var/lib/snapd/desktop'), ('PYTHONPATH', '/home/pace2204/livox_ws/install/livox_ros_driver2/local/lib/python3.10/dist-packages:/opt/ros/humble/lib/python3.10/site-packages:/opt/ros/humble/local/lib/python3.10/dist-packages'), ('QODER_CLI', '1'), ('COLCON', '1'), ('FEATURE_FLAGS', '{"authUserPlanTierName":true,"welcomeFirstLaunchKey":"qoder.firstLaunch","welcomeOnboardingUseCustomStyle":false,"questModeEnable":true,"repoWikiEnable":true,"codebaseIgnoreFileName":".qoderignore","chatDefaultMode":"agent","chatDefaultAskModeUseTools":true,"currentPlanTitleKey":"application.config.general.plan.currentPlan.title","enableCreditUsage":true,"hasDedicatedUrlSetting":false,"showWelcomeMessage":false,"showModelTierSelector":true,"showModelSelector":false,"landingPageNeedLoginBtn":true,"preferredLanguageSupportOnlyZhAndEn":false,"enableSecurityFilter":false,"enableCodeChanges":false,"enableGitCommit":false,"enableLocalFile":true,"enableUserPlanUpgrade":true,"defaultBigModelEndpoint":"https://center.qoder.sh","improvementPlanSetting":true,"supportOrganizationCommand":false,"enableDynamicConfig":true,"qoderDirectAuth":true,"feedbackMethodIsEmail":true,"commit":"ba2c98a811c6e5222a3d7f07e51e5b512cf9e403","date":"2026-02-13T07:13:54.052Z","checksums":{"vs/base/parts/sandbox/electron-sandbox/preload.js":"eMCMtyPVVMxe6uce3NknivMZgd2q6ljQPMr7vRScAYk","vs/workbench/workbench.desktop.main.js":"SXd9pOwo55Yt83OEiXFoPAZHye0pnQIrxbQ70O+Sed0","vs/workbench/workbench.desktop.main.css":"ks0fu1idwMDL7fIcSu1ifhgVpKdkCZziL+7TE1Yc0eo","vs/workbench/api/node/extensionHostProcess.js":"O9uuxViaBomQawTGz+iPBQciGCUSdznm4hYtj/4ed0E","vs/code/electron-sandbox/workbench/workbench.html":"qCUV1BYtmJSS5BrtctLLLnPUm3g0BF+THziYLDg2hCo","vs/code/electron-sandbox/workbench/workbench.js":"HTzPHXSSGaB8b0ToK7BcL04+DQWpVjGgEPRXhP7jxW4"},"version":"0.4.7"}'), ('CMAKE_PREFIX_PATH', '/home/pace2204/livox_ws/install/livox_ros_driver2:/opt/ros/humble'), ('VSCODE_PID', '87057')]), 'shell': False}
[0.073631] (adaptive_lio) StdoutLine: {'line': b'[ 10%] Building CXX object CMakeFiles/adaptive_lio.common.dir/src/common/map.cpp.o\n'}
[0.073775] (adaptive_lio) StdoutLine: {'line': b'[ 15%] Built target adaptive_lio.pre\n'}
[0.099782] (-) TimerEvent: {}
[0.199939] (-) TimerEvent: {}
[0.300097] (-) TimerEvent: {}
[0.400261] (-) TimerEvent: {}
[0.500419] (-) TimerEvent: {}
[0.600582] (-) TimerEvent: {}
[0.700764] (-) TimerEvent: {}
[0.800946] (-) TimerEvent: {}
[0.901142] (-) TimerEvent: {}
[1.001323] (-) TimerEvent: {}
[1.101507] (-) TimerEvent: {}
[1.185284] (adaptive_lio) StdoutLine: {'line': b'[ 20%] Linking CXX static library libadaptive_lio.common.a\n'}
[1.201629] (-) TimerEvent: {}
[1.240473] (adaptive_lio) StdoutLine: {'line': b'[ 50%] Built target adaptive_lio.common\n'}
[1.264438] (adaptive_lio) StdoutLine: {'line': b'[ 60%] Built target adaptive_lio.algo\n'}
[1.291410] (adaptive_lio) StdoutLine: {'line': b'[ 65%] Building CXX object CMakeFiles/adaptive_lio.lio.dir/src/lio/lidarodom.cpp.o\n'}
[1.301735] (-) TimerEvent: {}
[1.401920] (-) TimerEvent: {}
[1.502136] (-) TimerEvent: {}
[1.602350] (-) TimerEvent: {}
[1.702570] (-) TimerEvent: {}
[1.802807] (-) TimerEvent: {}
[1.903029] (-) TimerEvent: {}
[2.003238] (-) TimerEvent: {}
[2.103427] (-) TimerEvent: {}
[2.203615] (-) TimerEvent: {}
[2.303809] (-) TimerEvent: {}
[2.404008] (-) TimerEvent: {}
[2.504197] (-) TimerEvent: {}
[2.604383] (-) TimerEvent: {}
[2.704568] (-) TimerEvent: {}
[2.804755] (-) TimerEvent: {}
[2.904946] (-) TimerEvent: {}
[3.005147] (-) TimerEvent: {}
[3.105340] (-) TimerEvent: {}
[3.205541] (-) TimerEvent: {}
[3.305741] (-) TimerEvent: {}
[3.405946] (-) TimerEvent: {}
[3.506159] (-) TimerEvent: {}
[3.606356] (-) TimerEvent: {}
[3.706565] (-) TimerEvent: {}
[3.806778] (-) TimerEvent: {}
[3.906977] (-) TimerEvent: {}
[4.007180] (-) TimerEvent: {}
[4.107384] (-) TimerEvent: {}
[4.207577] (-) TimerEvent: {}
[4.307752] (-) TimerEvent: {}
[4.407915] (-) TimerEvent: {}
[4.508094] (-) TimerEvent: {}
[4.608276] (-) TimerEvent: {}
[4.708447] (-) TimerEvent: {}
[4.808601] (-) TimerEvent: {}
[4.908760] (-) TimerEvent: {}
[5.008924] (-) TimerEvent: {}
[5.109080] (-) TimerEvent: {}
[5.209250] (-) TimerEvent: {}
[5.309407] (-) TimerEvent: {}
[5.409593] (-) TimerEvent: {}
[5.509775] (-) TimerEvent: {}
[5.609965] (-) TimerEvent: {}
[5.710147] (-) TimerEvent: {}
[5.810305] (-) TimerEvent: {}
[5.910476] (-) TimerEvent: {}
[6.010636] (-) TimerEvent: {}
[6.110793] (-) TimerEvent: {}
[6.210951] (-) TimerEvent: {}
[6.311107] (-) TimerEvent: {}
[6.411263] (-) TimerEvent: {}
[6.511412] (-) TimerEvent: {}
[6.611577] (-) TimerEvent: {}
[6.711748] (-) TimerEvent: {}
[6.811909] (-) TimerEvent: {}
[6.912057] (-) TimerEvent: {}
[7.012208] (-) TimerEvent: {}
[7.112358] (-) TimerEvent: {}
[7.212507] (-) TimerEvent: {}
[7.312661] (-) TimerEvent: {}
[7.412812] (-) TimerEvent: {}
[7.512972] (-) TimerEvent: {}
[7.613131] (-) TimerEvent: {}
[7.713283] (-) TimerEvent: {}
[7.813438] (-) TimerEvent: {}
[7.913591] (-) TimerEvent: {}
[8.013755] (-) TimerEvent: {}
[8.113907] (-) TimerEvent: {}
[8.214063] (-) TimerEvent: {}
[8.314215] (-) TimerEvent: {}
[8.414363] (-) TimerEvent: {}
[8.514519] (-) TimerEvent: {}
[8.614674] (-) TimerEvent: {}
[8.714830] (-) TimerEvent: {}
[8.814994] (-) TimerEvent: {}
[8.915149] (-) TimerEvent: {}
[9.015304] (-) TimerEvent: {}
[9.115466] (-) TimerEvent: {}
[9.215628] (-) TimerEvent: {}
[9.315780] (-) TimerEvent: {}
[9.415928] (-) TimerEvent: {}
[9.516079] (-) TimerEvent: {}
[9.616243] (-) TimerEvent: {}
[9.716403] (-) TimerEvent: {}
[9.816557] (-) TimerEvent: {}
[9.916717] (-) TimerEvent: {}
[10.016885] (-) TimerEvent: {}
[10.117047] (-) TimerEvent: {}
[10.217206] (-) TimerEvent: {}
[10.317369] (-) TimerEvent: {}
[10.417531] (-) TimerEvent: {}
[10.517690] (-) TimerEvent: {}
[10.617840] (-) TimerEvent: {}
[10.718002] (-) TimerEvent: {}
[10.818158] (-) TimerEvent: {}
[10.918317] (-) TimerEvent: {}
[11.018486] (-) TimerEvent: {}
[11.118648] (-) TimerEvent: {}
[11.218807] (-) TimerEvent: {}
[11.318965] (-) TimerEvent: {}
[11.419126] (-) TimerEvent: {}
[11.519284] (-) TimerEvent: {}
[11.619438] (-) TimerEvent: {}
[11.719587] (-) TimerEvent: {}
[11.819734] (-) TimerEvent: {}
[11.919887] (-) TimerEvent: {}
[12.020036] (-) TimerEvent: {}
[12.120203] (-) TimerEvent: {}
[12.220364] (-) TimerEvent: {}
[12.320513] (-) TimerEvent: {}
[12.420679] (-) TimerEvent: {}
[12.520839] (-) TimerEvent: {}
[12.621027] (-) TimerEvent: {}
[12.721212] (-) TimerEvent: {}
[12.821377] (-) TimerEvent: {}
[12.921590] (-) TimerEvent: {}
[13.021801] (-) TimerEvent: {}
[13.122025] (-) TimerEvent: {}
[13.222249] (-) TimerEvent: {}
[13.322454] (-) TimerEvent: {}
[13.422647] (-) TimerEvent: {}
[13.522848] (-) TimerEvent: {}
[13.623053] (-) TimerEvent: {}
[13.723267] (-) TimerEvent: {}
[13.823487] (-) TimerEvent: {}
[13.923708] (-) TimerEvent: {}
[14.023903] (-) TimerEvent: {}
[14.124126] (-) TimerEvent: {}
[14.224325] (-) TimerEvent: {}
[14.324526] (-) TimerEvent: {}
[14.424726] (-) TimerEvent: {}
[14.524920] (-) TimerEvent: {}
[14.625128] (-) TimerEvent: {}
[14.725335] (-) TimerEvent: {}
[14.825537] (-) TimerEvent: {}
[14.925734] (-) TimerEvent: {}
[15.025925] (-) TimerEvent: {}
[15.126132] (-) TimerEvent: {}
[15.226325] (-) TimerEvent: {}
[15.326525] (-) TimerEvent: {}
[15.426731] (-) TimerEvent: {}
[15.526936] (-) TimerEvent: {}
[15.627162] (-) TimerEvent: {}
[15.727378] (-) TimerEvent: {}
[15.827585] (-) TimerEvent: {}
[15.927782] (-) TimerEvent: {}
[16.028030] (-) TimerEvent: {}
[16.128231] (-) TimerEvent: {}
[16.228419] (-) TimerEvent: {}
[16.328584] (-) TimerEvent: {}
[16.428767] (-) TimerEvent: {}
[16.528938] (-) TimerEvent: {}
[16.629129] (-) TimerEvent: {}
[16.729342] (-) TimerEvent: {}
[16.829524] (-) TimerEvent: {}
[16.929702] (-) TimerEvent: {}
[17.029886] (-) TimerEvent: {}
[17.130071] (-) TimerEvent: {}
[17.230239] (-) TimerEvent: {}
[17.330418] (-) TimerEvent: {}
[17.430589] (-) TimerEvent: {}
[17.530751] (-) TimerEvent: {}
[17.630918] (-) TimerEvent: {}
[17.731110] (-) TimerEvent: {}
[17.831279] (-) TimerEvent: {}
[17.931451] (-) TimerEvent: {}
[18.031621] (-) TimerEvent: {}
[18.131799] (-) TimerEvent: {}
[18.232009] (-) TimerEvent: {}
[18.332203] (-) TimerEvent: {}
[18.432388] (-) TimerEvent: {}
[18.532585] (-) TimerEvent: {}
[18.632795] (-) TimerEvent: {}
[18.733004] (-) TimerEvent: {}
[18.868127] (-) TimerEvent: {}
[18.968321] (-) TimerEvent: {}
[19.068526] (-) TimerEvent: {}
[19.168736] (-) TimerEvent: {}
[19.268933] (-) TimerEvent: {}
[19.369135] (-) TimerEvent: {}
[19.469314] (-) TimerEvent: {}
[19.569500] (-) TimerEvent: {}
[19.669688] (-) TimerEvent: {}
[19.769882] (-) TimerEvent: {}
[19.870043] (-) TimerEvent: {}
[19.970237] (-) TimerEvent: {}
[20.070432] (-) TimerEvent: {}
[20.170625] (-) TimerEvent: {}
[20.270812] (-) TimerEvent: {}
[20.371009] (-) TimerEvent: {}
[20.471196] (-) TimerEvent: {}
[20.571389] (-) TimerEvent: {}
[20.671584] (-) TimerEvent: {}
[20.771772] (-) TimerEvent: {}
[20.871963] (-) TimerEvent: {}
[20.972163] (-) TimerEvent: {}
[21.072359] (-) TimerEvent: {}
[21.172549] (-) TimerEvent: {}
[21.272745] (-) TimerEvent: {}
[21.372943] (-) TimerEvent: {}
[21.473139] (-) TimerEvent: {}
[21.573332] (-) TimerEvent: {}
[21.673526] (-) TimerEvent: {}
[21.773722] (-) TimerEvent: {}
[21.873919] (-) TimerEvent: {}
[21.974124] (-) TimerEvent: {}
[22.074351] (-) TimerEvent: {}
[22.174592] (-) TimerEvent: {}
[22.274809] (-) TimerEvent: {}
[22.375013] (-) TimerEvent: {}
[22.475243] (-) TimerEvent: {}
[22.575476] (-) TimerEvent: {}
[22.675696] (-) TimerEvent: {}
[22.775932] (-) TimerEvent: {}
[22.876138] (-) TimerEvent: {}
[22.976348] (-) TimerEvent: {}
[23.076552] (-) TimerEvent: {}
[23.176745] (-) TimerEvent: {}
[23.276937] (-) TimerEvent: {}
[23.377136] (-) TimerEvent: {}
[23.477335] (-) TimerEvent: {}
[23.577533] (-) TimerEvent: {}
[23.677724] (-) TimerEvent: {}
[23.777924] (-) TimerEvent: {}
[23.878136] (-) TimerEvent: {}
[23.978304] (-) TimerEvent: {}
[24.078465] (-) TimerEvent: {}
[24.178626] (-) TimerEvent: {}
[24.278786] (-) TimerEvent: {}
[24.378942] (-) TimerEvent: {}
[24.479112] (-) TimerEvent: {}
[24.579288] (-) TimerEvent: {}
[24.679455] (-) TimerEvent: {}
[24.779624] (-) TimerEvent: {}
[24.879799] (-) TimerEvent: {}
[24.979964] (-) TimerEvent: {}
[25.080142] (-) TimerEvent: {}
[25.180319] (-) TimerEvent: {}
[25.280495] (-) TimerEvent: {}
[25.380673] (-) TimerEvent: {}
[25.480841] (-) TimerEvent: {}
[25.581032] (-) TimerEvent: {}
[25.681205] (-) TimerEvent: {}
[25.781381] (-) TimerEvent: {}
[25.881560] (-) TimerEvent: {}
[25.981734] (-) TimerEvent: {}
[26.081900] (-) TimerEvent: {}
[26.182039] (-) TimerEvent: {}
[26.282217] (-) TimerEvent: {}
[26.382344] (-) TimerEvent: {}
[26.482528] (-) TimerEvent: {}
[26.582724] (-) TimerEvent: {}
[26.682894] (-) TimerEvent: {}
[26.783053] (-) TimerEvent: {}
[26.883224] (-) TimerEvent: {}
[26.983409] (-) TimerEvent: {}
[27.083591] (-) TimerEvent: {}
[27.183767] (-) TimerEvent: {}
[27.283929] (-) TimerEvent: {}
[27.384092] (-) TimerEvent: {}
[27.484277] (-) TimerEvent: {}
[27.584462] (-) TimerEvent: {}
[27.684628] (-) TimerEvent: {}
[27.784803] (-) TimerEvent: {}
[27.884973] (-) TimerEvent: {}
[27.985127] (-) TimerEvent: {}
[28.085282] (-) TimerEvent: {}
[28.185437] (-) TimerEvent: {}
[28.285596] (-) TimerEvent: {}
[28.385757] (-) TimerEvent: {}
[28.485917] (-) TimerEvent: {}
[28.586066] (-) TimerEvent: {}
[28.686216] (-) TimerEvent: {}
[28.786365] (-) TimerEvent: {}
[28.886518] (-) TimerEvent: {}
[28.986672] (-) TimerEvent: {}
[29.086826] (-) TimerEvent: {}
[29.186976] (-) TimerEvent: {}
[29.287136] (-) TimerEvent: {}
[29.387286] (-) TimerEvent: {}
[29.487446] (-) TimerEvent: {}
[29.587613] (-) TimerEvent: {}
[29.687764] (-) TimerEvent: {}
[29.787915] (-) TimerEvent: {}
[29.888069] (-) TimerEvent: {}
[29.988237] (-) TimerEvent: {}
[30.088389] (-) TimerEvent: {}
[30.188543] (-) TimerEvent: {}
[30.288698] (-) TimerEvent: {}
[30.388854] (-) TimerEvent: {}
[30.489011] (-) TimerEvent: {}
[30.589170] (-) TimerEvent: {}
[30.689326] (-) TimerEvent: {}
[30.789472] (-) TimerEvent: {}
[30.889616] (-) TimerEvent: {}
[30.989771] (-) TimerEvent: {}
[31.089926] (-) TimerEvent: {}
[31.190084] (-) TimerEvent: {}
[31.290231] (-) TimerEvent: {}
[31.390372] (-) TimerEvent: {}
[31.490521] (-) TimerEvent: {}
[31.590676] (-) TimerEvent: {}
[31.690827] (-) TimerEvent: {}
[31.790968] (-) TimerEvent: {}
[31.891119] (-) TimerEvent: {}
[31.991275] (-) TimerEvent: {}
[32.091433] (-) TimerEvent: {}
[32.191582] (-) TimerEvent: {}
[32.291738] (-) TimerEvent: {}
[32.391890] (-) TimerEvent: {}
[32.492054] (-) TimerEvent: {}
[32.592211] (-) TimerEvent: {}
[32.692365] (-) TimerEvent: {}
[32.792504] (-) TimerEvent: {}
[32.892663] (-) TimerEvent: {}
[32.992821] (-) TimerEvent: {}
[33.092992] (-) TimerEvent: {}
[33.193151] (-) TimerEvent: {}
[33.293300] (-) TimerEvent: {}
[33.393439] (-) TimerEvent: {}
[33.453921] (adaptive_lio) StdoutLine: {'line': b'[ 70%] Linking CXX static library libadaptive_lio.lio.a\n'}
[33.484054] (adaptive_lio) StdoutLine: {'line': b'[ 85%] Built target adaptive_lio.lio\n'}
[33.493502] (-) TimerEvent: {}
[33.518540] (adaptive_lio) StdoutLine: {'line': b'[ 90%] Building CXX object CMakeFiles/adaptive_lio_node.dir/src/apps/main_ros2.cpp.o\n'}
[33.593601] (-) TimerEvent: {}
[33.693768] (-) TimerEvent: {}
[33.793941] (-) TimerEvent: {}
[33.894121] (-) TimerEvent: {}
[33.994279] (-) TimerEvent: {}
[34.094440] (-) TimerEvent: {}
[34.194608] (-) TimerEvent: {}
[34.294796] (-) TimerEvent: {}
[34.394991] (-) TimerEvent: {}
[34.495180] (-) TimerEvent: {}
[34.595366] (-) TimerEvent: {}
[34.695560] (-) TimerEvent: {}
[34.795738] (-) TimerEvent: {}
[34.895896] (-) TimerEvent: {}
[34.996031] (-) TimerEvent: {}
[35.096184] (-) TimerEvent: {}
[35.196347] (-) TimerEvent: {}
[35.296508] (-) TimerEvent: {}
[35.396666] (-) TimerEvent: {}
[35.496817] (-) TimerEvent: {}
[35.596988] (-) TimerEvent: {}
[35.697156] (-) TimerEvent: {}
[35.797324] (-) TimerEvent: {}
[35.897488] (-) TimerEvent: {}
[35.997646] (-) TimerEvent: {}
[36.097800] (-) TimerEvent: {}
[36.197958] (-) TimerEvent: {}
[36.298123] (-) TimerEvent: {}
[36.398277] (-) TimerEvent: {}
[36.498433] (-) TimerEvent: {}
[36.598587] (-) TimerEvent: {}
[36.698743] (-) TimerEvent: {}
[36.798896] (-) TimerEvent: {}
[36.899051] (-) TimerEvent: {}
[36.999204] (-) TimerEvent: {}
[37.099361] (-) TimerEvent: {}
[37.199513] (-) TimerEvent: {}
[37.299679] (-) TimerEvent: {}
[37.399843] (-) TimerEvent: {}
[37.500003] (-) TimerEvent: {}
[37.600163] (-) TimerEvent: {}
[37.700326] (-) TimerEvent: {}
[37.800491] (-) TimerEvent: {}
[37.900660] (-) TimerEvent: {}
[38.000821] (-) TimerEvent: {}
[38.100985] (-) TimerEvent: {}
[38.201149] (-) TimerEvent: {}
[38.301307] (-) TimerEvent: {}
[38.401470] (-) TimerEvent: {}
[38.501644] (-) TimerEvent: {}
[38.601815] (-) TimerEvent: {}
[38.701994] (-) TimerEvent: {}
[38.802171] (-) TimerEvent: {}
[38.902345] (-) TimerEvent: {}
[39.002528] (-) TimerEvent: {}
[39.102711] (-) TimerEvent: {}
[39.202896] (-) TimerEvent: {}
[39.303064] (-) TimerEvent: {}
[39.403239] (-) TimerEvent: {}
[39.503418] (-) TimerEvent: {}
[39.603583] (-) TimerEvent: {}
[39.703760] (-) TimerEvent: {}
[39.803925] (-) TimerEvent: {}
[39.904099] (-) TimerEvent: {}
[40.004276] (-) TimerEvent: {}
[40.104431] (-) TimerEvent: {}
[40.204598] (-) TimerEvent: {}
[40.304770] (-) TimerEvent: {}
[40.404925] (-) TimerEvent: {}
[40.505094] (-) TimerEvent: {}
[40.605277] (-) TimerEvent: {}
[40.705434] (-) TimerEvent: {}
[40.805600] (-) TimerEvent: {}
[40.905758] (-) TimerEvent: {}
[41.005913] (-) TimerEvent: {}
[41.106028] (-) TimerEvent: {}
[41.206187] (-) TimerEvent: {}
[41.306339] (-) TimerEvent: {}
[41.406494] (-) TimerEvent: {}
[41.506649] (-) TimerEvent: {}
[41.606809] (-) TimerEvent: {}
[41.706966] (-) TimerEvent: {}
[41.807126] (-) TimerEvent: {}
[41.907283] (-) TimerEvent: {}
[42.007436] (-) TimerEvent: {}
[42.107599] (-) TimerEvent: {}
[42.207752] (-) TimerEvent: {}
[42.307901] (-) TimerEvent: {}
[42.408055] (-) TimerEvent: {}
[42.508209] (-) TimerEvent: {}
[42.608363] (-) TimerEvent: {}
[42.708518] (-) TimerEvent: {}
[42.808670] (-) TimerEvent: {}
[42.908826] (-) TimerEvent: {}
[43.008989] (-) TimerEvent: {}
[43.109148] (-) TimerEvent: {}
[43.209309] (-) TimerEvent: {}
[43.309462] (-) TimerEvent: {}
[43.409611] (-) TimerEvent: {}
[43.509769] (-) TimerEvent: {}
[43.609921] (-) TimerEvent: {}
[43.710090] (-) TimerEvent: {}
[43.810242] (-) TimerEvent: {}
[43.910401] (-) TimerEvent: {}
[44.010558] (-) TimerEvent: {}
[44.110713] (-) TimerEvent: {}
[44.210874] (-) TimerEvent: {}
[44.311029] (-) TimerEvent: {}
[44.411182] (-) TimerEvent: {}
[44.511335] (-) TimerEvent: {}
[44.611491] (-) TimerEvent: {}
[44.711643] (-) TimerEvent: {}
[44.811797] (-) TimerEvent: {}
[44.911956] (-) TimerEvent: {}
[45.012117] (-) TimerEvent: {}
[45.112267] (-) TimerEvent: {}
[45.212434] (-) TimerEvent: {}
[45.312595] (-) TimerEvent: {}
[45.412753] (-) TimerEvent: {}
[45.512903] (-) TimerEvent: {}
[45.613033] (-) TimerEvent: {}
[45.713193] (-) TimerEvent: {}
[45.813350] (-) TimerEvent: {}
[45.913511] (-) TimerEvent: {}
[46.013673] (-) TimerEvent: {}
[46.113831] (-) TimerEvent: {}
[46.213994] (-) TimerEvent: {}
[46.314148] (-) TimerEvent: {}
[46.414309] (-) TimerEvent: {}
[46.514461] (-) TimerEvent: {}
[46.614610] (-) TimerEvent: {}
[46.714765] (-) TimerEvent: {}
[46.814915] (-) TimerEvent: {}
[46.915076] (-) TimerEvent: {}
[47.015235] (-) TimerEvent: {}
[47.115388] (-) TimerEvent: {}
[47.215531] (-) TimerEvent: {}
[47.315685] (-) TimerEvent: {}
[47.415830] (-) TimerEvent: {}
[47.515991] (-) TimerEvent: {}
[47.616164] (-) TimerEvent: {}
[47.716349] (-) TimerEvent: {}
[47.816527] (-) TimerEvent: {}
[47.916704] (-) TimerEvent: {}
[48.016894] (-) TimerEvent: {}
[48.117086] (-) TimerEvent: {}
[48.217277] (-) TimerEvent: {}
[48.317438] (-) TimerEvent: {}
[48.417592] (-) TimerEvent: {}
[48.517760] (-) TimerEvent: {}
[48.617934] (-) TimerEvent: {}
[48.718121] (-) TimerEvent: {}
[48.818300] (-) TimerEvent: {}
[48.918472] (-) TimerEvent: {}
[49.018666] (-) TimerEvent: {}
[49.118859] (-) TimerEvent: {}
[49.219048] (-) TimerEvent: {}
[49.319243] (-) TimerEvent: {}
[49.419437] (-) TimerEvent: {}
[49.519627] (-) TimerEvent: {}
[49.619824] (-) TimerEvent: {}
[49.720024] (-) TimerEvent: {}
[49.820211] (-) TimerEvent: {}
[49.920394] (-) TimerEvent: {}
[50.020593] (-) TimerEvent: {}
[50.120801] (-) TimerEvent: {}
[50.221040] (-) TimerEvent: {}
[50.321219] (-) TimerEvent: {}
[50.421473] (-) TimerEvent: {}
[50.521676] (-) TimerEvent: {}
[50.621877] (-) TimerEvent: {}
[50.722090] (-) TimerEvent: {}
[50.822292] (-) TimerEvent: {}
[50.922501] (-) TimerEvent: {}
[51.022700] (-) TimerEvent: {}
[51.122897] (-) TimerEvent: {}
[51.223109] (-) TimerEvent: {}
[51.323306] (-) TimerEvent: {}
[51.423513] (-) TimerEvent: {}
[51.523704] (-) TimerEvent: {}
[51.623898] (-) TimerEvent: {}
[51.724152] (-) TimerEvent: {}
[51.824352] (-) TimerEvent: {}
[51.924547] (-) TimerEvent: {}
[52.024746] (-) TimerEvent: {}
[52.124949] (-) TimerEvent: {}
[52.225163] (-) TimerEvent: {}
[52.325379] (-) TimerEvent: {}
[52.425590] (-) TimerEvent: {}
[52.525786] (-) TimerEvent: {}
[52.625967] (-) TimerEvent: {}
[52.689817] (adaptive_lio) StderrLine: {'line': b'/home/pace2204/copy/slam-mid360-volita/src/adaptive_lio/src/apps/main_ros2.cpp: In destructor \xe2\x80\x98AdaptiveLioNode::~AdaptiveLioNode()\xe2\x80\x99:\n'}
[52.690066] (adaptive_lio) StderrLine: {'line': b'/home/pace2204/copy/slam-mid360-volita/src/adaptive_lio/src/apps/main_ros2.cpp:262:23: warning: ignoring return value of \xe2\x80\x98int system(const char*)\xe2\x80\x99 declared with attribute \xe2\x80\x98warn_unused_result\xe2\x80\x99 [-Wunused-result]\n'}
[52.690169] (adaptive_lio) StderrLine: {'line': b'  262 |                 system(cmd.c_str());\n'}
[52.690254] (adaptive_lio) StderrLine: {'line': b'      |                 ~~~~~~^~~~~~~~~~~~~\n'}
[52.726038] (-) TimerEvent: {}
[52.826215] (-) TimerEvent: {}
[52.926393] (-) TimerEvent: {}
[52.992505] (adaptive_lio) StderrLine: {'line': b'/home/pace2204/copy/slam-mid360-volita/src/adaptive_lio/src/apps/main_ros2.cpp: In lambda function:\n'}
[52.992699] (adaptive_lio) StderrLine: {'line': b'/home/pace2204/copy/slam-mid360-volita/src/adaptive_lio/src/apps/main_ros2.cpp:668:19: warning: ignoring return value of \xe2\x80\x98int system(const char*)\xe2\x80\x99 declared with attribute \xe2\x80\x98warn_unused_result\xe2\x80\x99 [-Wunused-result]\n'}
[52.992794] (adaptive_lio) StderrLine: {'line': b'  668 |             system(cmd.c_str());\n'}
[52.992877] (adaptive_lio) StderrLine: {'line': b'      |             ~~~~~~^~~~~~~~~~~~~\n'}
[52.993503] (adaptive_lio) StderrLine: {'line': b'/home/pace2204/copy/slam-mid360-volita/src/adaptive_lio/src/apps/main_ros2.cpp: In lambda function:\n'}
[52.993592] (adaptive_lio) StderrLine: {'line': b'/home/pace2204/copy/slam-mid360-volita/src/adaptive_lio/src/apps/main_ros2.cpp:747:19: warning: ignoring return value of \xe2\x80\x98int system(const char*)\xe2\x80\x99 declared with attribute \xe2\x80\x98warn_unused_result\xe2\x80\x99 [-Wunused-result]\n'}
[52.993671] (adaptive_lio) StderrLine: {'line': b'  747 |             system(cmd.c_str());\n'}
[52.993746] (adaptive_lio) StderrLine: {'line': b'      |             ~~~~~~^~~~~~~~~~~~~\n'}
[52.994830] (adaptive_lio) StderrLine: {'line': b'/home/pace2204/copy/slam-mid360-volita/src/adaptive_lio/src/apps/main_ros2.cpp: In lambda function:\n'}
[52.994913] (adaptive_lio) StderrLine: {'line': b'/home/pace2204/copy/slam-mid360-volita/src/adaptive_lio/src/apps/main_ros2.cpp:597:19: warning: ignoring return value of \xe2\x80\x98int system(const char*)\xe2\x80\x99 declared with attribute \xe2\x80\x98warn_unused_result\xe2\x80\x99 [-Wunused-result]\n'}
[52.994998] (adaptive_lio) StderrLine: {'line': b'  597 |             system(cmd.c_str());\n'}
[52.995077] (adaptive_lio) StderrLine: {'line': b'      |             ~~~~~~^~~~~~~~~~~~~\n'}
[53.026485] (-) TimerEvent: {}
[53.126658] (-) TimerEvent: {}
[53.226835] (-) TimerEvent: {}
[53.327031] (-) TimerEvent: {}
[53.427213] (-) TimerEvent: {}
[53.527398] (-) TimerEvent: {}
[53.627586] (-) TimerEvent: {}
[53.727771] (-) TimerEvent: {}
[53.827951] (-) TimerEvent: {}
[53.928144] (-) TimerEvent: {}
[54.028301] (-) TimerEvent: {}
[54.128459] (-) TimerEvent: {}
[54.228633] (-) TimerEvent: {}
[54.328813] (-) TimerEvent: {}
[54.429019] (-) TimerEvent: {}
[54.529170] (-) TimerEvent: {}
[54.629320] (-) TimerEvent: {}
[54.729485] (-) TimerEvent: {}
[54.829648] (-) TimerEvent: {}
[54.929811] (-) TimerEvent: {}
[55.029968] (-) TimerEvent: {}
[55.130124] (-) TimerEvent: {}
[55.230281] (-) TimerEvent: {}
[55.330431] (-) TimerEvent: {}
[55.430585] (-) TimerEvent: {}
[55.530743] (-) TimerEvent: {}
[55.630897] (-) TimerEvent: {}
[55.731053] (-) TimerEvent: {}
[55.831203] (-) TimerEvent: {}
[55.931357] (-) TimerEvent: {}
[56.031520] (-) TimerEvent: {}
[56.131679] (-) TimerEvent: {}
[56.231826] (-) TimerEvent: {}
[56.331973] (-) TimerEvent: {}
[56.432123] (-) TimerEvent: {}
[56.532268] (-) TimerEvent: {}
[56.632415] (-) TimerEvent: {}
[56.732558] (-) TimerEvent: {}
[56.832699] (-) TimerEvent: {}
[56.932846] (-) TimerEvent: {}
[57.033010] (-) TimerEvent: {}
[57.133161] (-) TimerEvent: {}
[57.233313] (-) TimerEvent: {}
[57.333471] (-) TimerEvent: {}
[57.433624] (-) TimerEvent: {}
[57.533774] (-) TimerEvent: {}
[57.633921] (-) TimerEvent: {}
[57.734072] (-) TimerEvent: {}
[57.834220] (-) TimerEvent: {}
[57.934369] (-) TimerEvent: {}
[58.034520] (-) TimerEvent: {}
[58.134676] (-) TimerEvent: {}
[58.234829] (-) TimerEvent: {}
[58.334977] (-) TimerEvent: {}
[58.435132] (-) TimerEvent: {}
[58.535296] (-) TimerEvent: {}
[58.635460] (-) TimerEvent: {}
[58.735615] (-) TimerEvent: {}
[58.835768] (-) TimerEvent: {}
[58.935992] (-) TimerEvent: {}
[59.036203] (-) TimerEvent: {}
[59.136414] (-) TimerEvent: {}
[59.236646] (-) TimerEvent: {}
[59.361472] (-) TimerEvent: {}
[59.461621] (-) TimerEvent: {}
[59.561784] (-) TimerEvent: {}
[59.661942] (-) TimerEvent: {}
[59.762103] (-) TimerEvent: {}
[59.862249] (-) TimerEvent: {}
[59.962420] (-) TimerEvent: {}
[60.062574] (-) TimerEvent: {}
[60.162725] (-) TimerEvent: {}
[60.262875] (-) TimerEvent: {}
[60.363027] (-) TimerEvent: {}
[60.463189] (-) TimerEvent: {}
[60.563376] (-) TimerEvent: {}
[60.663554] (-) TimerEvent: {}
[60.763769] (-) TimerEvent: {}
[60.863917] (-) TimerEvent: {}
[60.964064] (-) TimerEvent: {}
[61.064213] (-) TimerEvent: {}
[61.164363] (-) TimerEvent: {}
[61.264509] (-) TimerEvent: {}
[61.364663] (-) TimerEvent: {}
[61.464817] (-) TimerEvent: {}
[61.564961] (-) TimerEvent: {}
[61.665114] (-) TimerEvent: {}
[61.765261] (-) TimerEvent: {}
[61.865413] (-) TimerEvent: {}
[61.965565] (-) TimerEvent: {}
[62.065712] (-) TimerEvent: {}
[62.165856] (-) TimerEvent: {}
[62.266006] (-) TimerEvent: {}
[62.366148] (-) TimerEvent: {}
[62.466297] (-) TimerEvent: {}
[62.566453] (-) TimerEvent: {}
[62.666609] (-) TimerEvent: {}
[62.766766] (-) TimerEvent: {}
[62.866911] (-) TimerEvent: {}
[62.967026] (-) TimerEvent: {}
[63.067175] (-) TimerEvent: {}
[63.167376] (-) TimerEvent: {}
[63.267614] (-) TimerEvent: {}
[63.367794] (-) TimerEvent: {}
[63.467994] (-) TimerEvent: {}
[63.568194] (-) TimerEvent: {}
[63.668388] (-) TimerEvent: {}
[63.768576] (-) TimerEvent: {}
[63.868761] (-) TimerEvent: {}
[63.968939] (-) TimerEvent: {}
[64.069131] (-) TimerEvent: {}
[64.169320] (-) TimerEvent: {}
[64.269506] (-) TimerEvent: {}
[64.369695] (-) TimerEvent: {}
[64.457713] (adaptive_lio) StdoutLine: {'line': b'[ 95%] Linking CXX executable adaptive_lio_node\n'}
[64.469767] (-) TimerEvent: {}
[64.569907] (-) TimerEvent: {}
[64.670061] (-) TimerEvent: {}
[64.770208] (-) TimerEvent: {}
[64.870356] (-) TimerEvent: {}
[64.970512] (-) TimerEvent: {}
[65.070662] (-) TimerEvent: {}
[65.170819] (-) TimerEvent: {}
[65.270973] (-) TimerEvent: {}
[65.370342] (adaptive_lio) StdoutLine: {'line': b'[100%] Built target adaptive_lio_node\n'}
[65.371031] (-) TimerEvent: {}
[65.445364] (adaptive_lio) CommandEnded: {'returncode': 0}
[65.446201] (adaptive_lio) JobProgress: {'identifier': 'adaptive_lio', 'progress': 'install'}
[65.453069] (adaptive_lio) Command: {'cmd': ['/usr/bin/cmake', '--install', '/home/pace2204/copy/slam-mid360-volita/build/adaptive_lio'], 'cwd': '/home/pace2204/copy/slam-mid360-volita/build/adaptive_lio', 'env': OrderedDict([('GJS_DEBUG_TOPICS', 'JS ERROR;JS LOG'), ('VSCODE_CWD', '/home/pace2204'), ('LANGUAGE', 'zh_CN:zh'), ('USER', 'pace2204'), ('VSCODE_NLS_CONFIG', '{"userLocale":"zh-cn","osLocale":"en","resolvedLanguage":"zh-cn","defaultMessagesFile":"/usr/share/qoder/resources/app/out/nls.messages.json","languagePack":{"translationsConfigFile":"/home/pace2204/.config/Qoder/clp/3afffd5016528ded1c796a08d125a4d5.zh-cn/tcf.json","messagesFile":"/home/pace2204/.config/Qoder/clp/3afffd5016528ded1c796a08d125a4d5.zh-cn/0.4.7_ba2c98a811c6e5222a3d7f07e51e5b512cf9e403/nls.messages.json","corruptMarkerFile":"/home/pace2204/.config/Qoder/clp/3afffd5016528ded1c796a08d125a4d5.zh-cn/corrupted.info"},"locale":"zh-cn","availableLanguages":{"*":"zh-cn"},"_languagePackId":"3afffd5016528ded1c796a08d125a4d5.zh-cn","_languagePackSupport":true,"_translationsConfigFile":"/home/pace2204/.config/Qoder/clp/3afffd5016528ded1c796a08d125a4d5.zh-cn/tcf.json","_cacheRoot":"/home/pace2204/.config/Qoder/clp/3afffd5016528ded1c796a08d125a4d5.zh-cn","_resolvedLanguagePackCoreLocation":"/home/pace2204/.config/Qoder/clp/3afffd5016528ded1c796a08d125a4d5.zh-cn/0.4.7_ba2c98a811c6e5222a3d7f07e51e5b512cf9e403","_corruptedFile":"/home/pace2204/.config/Qoder/clp/3afffd5016528ded1c796a08d125a4d5.zh-cn/corrupted.info"}'), ('GIT_EDITOR', 'true'), ('XDG_SESSION_TYPE', 'wayland'), ('SHLVL', '0'), ('LD_LIBRARY_PATH', '/home/pace2204/livox_ws/install/livox_ros_driver2/lib:/opt/ros/humble/opt/rviz_ogre_vendor/lib:/opt/ros/humble/lib/x86_64-linux-gnu:/opt/ros/humble/lib'), ('HOME', '/home/pace2204'), ('CHROME_DESKTOP', 'qoder.desktop'), ('OLDPWD', '/home/pace2204/copy/slam-mid360-volita'), ('DESKTOP_SESSION', 'ubuntu'), ('VSCODE_IPC_HOOK', '/run/user/1000/vscode-415d8430-1.10-main.sock'), ('GIO_LAUNCHED_DESKTOP_FILE', '/usr/share/applications/qoder.desktop'), ('ROS_PYTHON_VERSION', '3'), ('GNOME_SHELL_SESSION_MODE', 'ubuntu'), ('GTK_MODULES', 'gail:atk-bridge'), ('MANAGERPID', '1049'), ('SYSTEMD_EXEC_PID', '1286'), ('IM_CONFIG_CHECK_ENV', '1'), ('DBUS_SESSION_BUS_ADDRESS', 'unix:path=/run/user/1000/bus'), ('QODERCLI_INTEGRATION_MODE', 'quest'), ('GIO_LAUNCHED_DESKTOP_FILE_PID', '87057'), ('IM_CONFIG_PHASE', '1'), ('WAYLAND_DISPLAY', 'wayland-0'), ('COLCON_PREFIX_PATH', '/home/pace2204/livox_ws/install'), ('ROS_DISTRO', 'humble'), ('LOGNAME', 'pace2204'), ('JOURNAL_STREAM', '8:13067'), ('_', '/usr/bin/colcon'), ('ROS_VERSION', '2'), ('XDG_SESSION_CLASS', 'user'), ('TYPE_IS_ARMS', 'true'), ('USERNAME', 'pace2204'), ('GNOME_DESKTOP_SESSION_ID', 'this-is-deprecated'), ('ROS_LOCALHOST_ONLY', '0'), ('VSCODE_BRAND', 'Qoder'), ('PATH', '/opt/ros/humble/bin:/usr/local/sbin:/usr/local/bin:/usr/sbin:/usr/bin:/sbin:/bin:/usr/games:/usr/local/games:/snap/bin:/snap/bin'), ('SESSION_MANAGER', 'local/pace2204-BQM5:@/tmp/.ICE-unix/1252,unix/pace2204-BQM5:/tmp/.ICE-unix/1252'), ('INVOCATION_ID', '02a58268ff434ccd909000380752652c'), ('XDG_MENU_PREFIX', 'gnome-'), ('GNOME_SETUP_DISPLAY', ':1'), ('XDG_RUNTIME_DIR', '/run/user/1000'), ('GDK_BACKEND', 'x11'), ('ARMS_APP_NAME', 'qoder-cosy'), ('DISPLAY', ':0'), ('ARMS_REGION_ID', 'ap-northeast-1'), ('LANG', 'zh_CN.UTF-8'), ('XDG_CURRENT_DESKTOP', 'Unity'), ('XMODIFIERS', '@im=ibus'), ('XDG_SESSION_DESKTOP', 'ubuntu'), ('XAUTHORITY', '/run/user/1000/.mutter-Xwaylandauth.GHURL3'), ('SSH_AGENT_LAUNCHER', 'gnome-keyring'), ('SSH_AUTH_SOCK', '/run/user/1000/keyring/ssh'), ('AMENT_PREFIX_PATH', '/home/pace2204/livox_ws/install/livox_ros_driver2:/opt/ros/humble'), ('ORIGINAL_XDG_CURRENT_DESKTOP', 'ubuntu:GNOME'), ('SHELL', '/bin/bash'), ('QT_ACCESSIBILITY', '1'), ('NO_AT_BRIDGE', '1'), ('GDMSESSION', 'ubuntu'), ('GJS_DEBUG_OUTPUT', 'stderr'), ('ARMS_ENABLE', 'true'), ('QT_IM_MODULE', 'ibus'), ('PWD', '/home/pace2204/copy/slam-mid360-volita/build/adaptive_lio'), ('XDG_CONFIG_DIRS', '/etc/xdg/xdg-ubuntu:/etc/xdg'), ('VSCODE_CODE_CACHE_PATH', '/home/pace2204/.config/Qoder/CachedData/ba2c98a811c6e5222a3d7f07e51e5b512cf9e403'), ('XDG_DATA_DIRS', '/usr/share/ubuntu:/usr/local/share/:/usr/share/:/var/lib/snapd/desktop'), ('PYTHONPATH', '/home/pace2204/livox_ws/install/livox_ros_driver2/local/lib/python3.10/dist-packages:/opt/ros/humble/lib/python3.10/site-packages:/opt/ros/humble/local/lib/python3.10/dist-packages'), ('QODER_CLI', '1'), ('COLCON', '1'), ('FEATURE_FLAGS', '{"authUserPlanTierName":true,"welcomeFirstLaunchKey":"qoder.firstLaunch","welcomeOnboardingUseCustomStyle":false,"questModeEnable":true,"repoWikiEnable":true,"codebaseIgnoreFileName":".qoderignore","chatDefaultMode":"agent","chatDefaultAskModeUseTools":true,"currentPlanTitleKey":"application.config.general.plan.currentPlan.title","enableCreditUsage":true,"hasDedicatedUrlSetting":false,"showWelcomeMessage":false,"showModelTierSelector":true,"showModelSelector":false,"landingPageNeedLoginBtn":true,"preferredLanguageSupportOnlyZhAndEn":false,"enableSecurityFilter":false,"enableCodeChanges":false,"enableGitCommit":false,"enableLocalFile":true,"enableUserPlanUpgrade":true,"defaultBigModelEndpoint":"https://center.qoder.sh","improvementPlanSetting":true,"supportOrganizationCommand":false,"enableDynamicConfig":true,"qoderDirectAuth":true,"feedbackMethodIsEmail":true,"commit":"ba2c98a811c6e5222a3d7f07e51e5b512cf9e403","date":"2026-02-13T07:13:54.052Z","checksums":{"vs/base/parts/sandbox/electron-sandbox/preload.js":"eMCMtyPVVMxe6uce3NknivMZgd2q6ljQPMr7vRScAYk","vs/workbench/workbench.desktop.main.js":"SXd9pOwo55Yt83OEiXFoPAZHye0pnQIrxbQ70O+Sed0","vs/workbench/workbench.desktop.main.css":"ks0fu1idwMDL7fIcSu1ifhgVpKdkCZziL+7TE1Yc0eo","vs/workbench/api/node/extensionHostProcess.js":"O9uuxViaBomQawTGz+iPBQciGCUSdznm4hYtj/4ed0E","vs/code/electron-sandbox/workbench/workbench.html":"qCUV1BYtmJSS5BrtctLLLnPUm3g0BF+THziYLDg2hCo","vs/code/electron-sandbox/workbench/workbench.js":"HTzPHXSSGaB8b0ToK7BcL04+DQWpVjGgEPRXhP7jxW4"},"version":"0.4.7"}'), ('CMAKE_PREFIX_PATH', '/home/pace2204/livox_ws/install/livox_ros_driver2:/opt/ros/humble'), ('VSCODE_PID', '87057')]), 'shell': False}
[65.458585] (adaptive_lio) StdoutLine: {'line': b'-- Install configuration: "Release"\n'}
[65.458754] (adaptive_lio) StdoutLine: {'line': b'-- Installing: /home/pace2204/copy/slam-mid360-volita/install/adaptive_lio/lib/adaptive_lio/adaptive_lio_node\n'}
[65.461011] (adaptive_lio) StdoutLine: {'line': b'-- Set runtime path of "/home/pace2204/copy/slam-mid360-volita/install/adaptive_lio/lib/adaptive_lio/adaptive_lio_node" to ""\n'}
[65.461114] (adaptive_lio) StdoutLine: {'line': b'-- Up-to-date: /home/pace2204/copy/slam-mid360-volita/install/adaptive_lio/share/adaptive_lio/launch\n'}
[65.466632] (adaptive_lio) StdoutLine: {'line': b'-- Up-to-date: /home/pace2204/copy/slam-mid360-volita/install/adaptive_lio/share/adaptive_lio/launch/run.launch.py\n'}
[65.466942] (adaptive_lio) StdoutLine: {'line': b'-- Up-to-date: /home/pace2204/copy/slam-mid360-volita/install/adaptive_lio/share/adaptive_lio/config\n'}
[65.466976] (adaptive_lio) StdoutLine: {'line': b'-- Up-to-date: /home/pace2204/copy/slam-mid360-volita/install/adaptive_lio/share/adaptive_lio/config/mapping_m.yaml\n'}
[65.467049] (adaptive_lio) StdoutLine: {'line': b'-- Up-to-date: /home/pace2204/copy/slam-mid360-volita/install/adaptive_lio/share/adaptive_lio/config/adaptive_lio.rviz\n'}
[65.467140] (adaptive_lio) StdoutLine: {'line': b'-- Up-to-date: /home/pace2204/copy/slam-mid360-volita/install/adaptive_lio/share/adaptive_lio/config/mapping_m copy.yaml\n'}
[65.467207] (adaptive_lio) StdoutLine: {'line': b'-- Up-to-date: /home/pace2204/copy/slam-mid360-volita/install/adaptive_lio/share/ament_index/resource_index/package_run_dependencies/adaptive_lio\n'}
[65.467238] (adaptive_lio) StdoutLine: {'line': b'-- Up-to-date: /home/pace2204/copy/slam-mid360-volita/install/adaptive_lio/share/ament_index/resource_index/parent_prefix_path/adaptive_lio\n'}
[65.467338] (adaptive_lio) StdoutLine: {'line': b'-- Up-to-date: /home/pace2204/copy/slam-mid360-volita/install/adaptive_lio/share/adaptive_lio/environment/ament_prefix_path.dsv\n'}
[65.467539] (adaptive_lio) StdoutLine: {'line': b'-- Up-to-date: /home/pace2204/copy/slam-mid360-volita/install/adaptive_lio/share/adaptive_lio/environment/path.dsv\n'}
[65.467570] (adaptive_lio) StdoutLine: {'line': b'-- Up-to-date: /home/pace2204/copy/slam-mid360-volita/install/adaptive_lio/share/adaptive_lio/local_setup.bash\n'}
[65.467599] (adaptive_lio) StdoutLine: {'line': b'-- Up-to-date: /home/pace2204/copy/slam-mid360-volita/install/adaptive_lio/share/adaptive_lio/local_setup.sh\n'}
[65.467628] (adaptive_lio) StdoutLine: {'line': b'-- Up-to-date: /home/pace2204/copy/slam-mid360-volita/install/adaptive_lio/share/adaptive_lio/local_setup.zsh\n'}
[65.467655] (adaptive_lio) StdoutLine: {'line': b'-- Up-to-date: /home/pace2204/copy/slam-mid360-volita/install/adaptive_lio/share/adaptive_lio/local_setup.dsv\n'}
[65.467684] (adaptive_lio) StdoutLine: {'line': b'-- Installing: /home/pace2204/copy/slam-mid360-volita/install/adaptive_lio/share/adaptive_lio/package.dsv\n'}
[65.467848] (adaptive_lio) StdoutLine: {'line': b'-- Up-to-date: /home/pace2204/copy/slam-mid360-volita/install/adaptive_lio/share/ament_index/resource_index/packages/adaptive_lio\n'}
[65.467879] (adaptive_lio) StdoutLine: {'line': b'-- Up-to-date: /home/pace2204/copy/slam-mid360-volita/install/adaptive_lio/share/adaptive_lio/cmake/adaptive_lioConfig.cmake\n'}
[65.467905] (adaptive_lio) StdoutLine: {'line': b'-- Up-to-date: /home/pace2204/copy/slam-mid360-volita/install/adaptive_lio/share/adaptive_lio/cmake/adaptive_lioConfig-version.cmake\n'}
[65.467960] (adaptive_lio) StdoutLine: {'line': b'-- Up-to-date: /home/pace2204/copy/slam-mid360-volita/install/adaptive_lio/share/adaptive_lio/package.xml\n'}
[65.469088] (adaptive_lio) CommandEnded: {'returncode': 0}
[65.471090] (-) TimerEvent: {}
[65.484019] (adaptive_lio) JobEnded: {'identifier': 'adaptive_lio', 'rc': 0}
[65.484729] (-) EventReactorShutdown: {}
