[0.016s] Invoking command in '/home/pace2204/copy/slam-mid360-volita/build/adaptive_lio': CMAKE_PREFIX_PATH=${CMAKE_PREFIX_PATH}:/opt/ros/humble /usr/bin/cmake --build /home/pace2204/copy/slam-mid360-volita/build/adaptive_lio -- -j20 -l20
[0.056s] Consolidate compiler generated dependencies of target adaptive_lio.common
[0.067s] [ 10%] Built target adaptive_lio.pre
[0.067s] [ 50%] Built target adaptive_lio.common
[0.093s] [ 60%] Built target adaptive_lio.algo
[0.116s] Consolidate compiler generated dependencies of target adaptive_lio.lio
[0.131s] [ 85%] Built target adaptive_lio.lio
[0.160s] Consolidate compiler generated dependencies of target adaptive_lio_node
[0.180s] [100%] Built target adaptive_lio_node
[0.190s] Invoked command in '/home/pace2204/copy/slam-mid360-volita/build/adaptive_lio' returned '0': CMAKE_PREFIX_PATH=${CMAKE_PREFIX_PATH}:/opt/ros/humble /usr/bin/cmake --build /home/pace2204/copy/slam-mid360-volita/build/adaptive_lio -- -j20 -l20
[0.200s] Invoking command in '/home/pace2204/copy/slam-mid360-volita/build/adaptive_lio': CMAKE_PREFIX_PATH=${CMAKE_PREFIX_PATH}:/opt/ros/humble /usr/bin/cmake --install /home/pace2204/copy/slam-mid360-volita/build/adaptive_lio
[0.205s] -- Install configuration: "Release"
[0.205s] -- Up-to-date: /home/pace2204/copy/slam-mid360-volita/install/adaptive_lio/lib/adaptive_lio/adaptive_lio_node
[0.206s] -- Up-to-date: /home/pace2204/copy/slam-mid360-volita/install/adaptive_lio/share/adaptive_lio/launch
[0.206s] -- Up-to-date: /home/pace2204/copy/slam-mid360-volita/install/adaptive_lio/share/adaptive_lio/launch/run.launch.py
[0.206s] -- Up-to-date: /home/pace2204/copy/slam-mid360-volita/install/adaptive_lio/share/adaptive_lio/config
[0.206s] -- Up-to-date: /home/pace2204/copy/slam-mid360-volita/install/adaptive_lio/share/adaptive_lio/config/mapping_m.yaml
[0.206s] -- Up-to-date: /home/pace2204/copy/slam-mid360-volita/install/adaptive_lio/share/adaptive_lio/config/adaptive_lio.rviz
[0.207s] -- Up-to-date: /home/pace2204/copy/slam-mid360-volita/install/adaptive_lio/share/adaptive_lio/config/mapping_m copy.yaml
[0.207s] -- Up-to-date: /home/pace2204/copy/slam-mid360-volita/install/adaptive_lio/share/ament_index/resource_index/package_run_dependencies/adaptive_lio
[0.207s] -- Up-to-date: /home/pace2204/copy/slam-mid360-volita/install/adaptive_lio/share/ament_index/resource_index/parent_prefix_path/adaptive_lio
[0.207s] -- Up-to-date: /home/pace2204/copy/slam-mid360-volita/install/adaptive_lio/share/adaptive_lio/environment/ament_prefix_path.dsv
[0.207s] -- Up-to-date: /home/pace2204/copy/slam-mid360-volita/install/adaptive_lio/share/adaptive_lio/environment/path.dsv
[0.207s] -- Up-to-date: /home/pace2204/copy/slam-mid360-volita/install/adaptive_lio/share/adaptive_lio/local_setup.bash
[0.207s] -- Up-to-date: /home/pace2204/copy/slam-mid360-volita/install/adaptive_lio/share/adaptive_lio/local_setup.sh
[0.208s] -- Up-to-date: /home/pace2204/copy/slam-mid360-volita/install/adaptive_lio/share/adaptive_lio/local_setup.zsh
[0.208s] -- Up-to-date: /home/pace2204/copy/slam-mid360-volita/install/adaptive_lio/share/adaptive_lio/local_setup.dsv
[0.208s] -- Installing: /home/pace2204/copy/slam-mid360-volita/install/adaptive_lio/share/adaptive_lio/package.dsv
[0.208s] -- Up-to-date: /home/pace2204/copy/slam-mid360-volita/install/adaptive_lio/share/ament_index/resource_index/packages/adaptive_lio
[0.208s] -- Up-to-date: /home/pace2204/copy/slam-mid360-volita/install/adaptive_lio/share/adaptive_lio/cmake/adaptive_lioConfig.cmake
[0.208s] -- Up-to-date: /home/pace2204/copy/slam-mid360-volita/install/adaptive_lio/share/adaptive_lio/cmake/adaptive_lioConfig-version.cmake
[0.208s] -- Up-to-date: /home/pace2204/copy/slam-mid360-volita/install/adaptive_lio/share/adaptive_lio/package.xml
[0.208s] Invoked command in '/home/pace2204/copy/slam-mid360-volita/build/adaptive_lio' returned '0': CMAKE_PREFIX_PATH=${CMAKE_PREFIX_PATH}:/opt/ros/humble /usr/bin/cmake --install /home/pace2204/copy/slam-mid360-volita/build/adaptive_lio
