[0.000000] (-) TimerEvent: {}
[0.000159] (adaptive_lio) JobQueued: {'identifier': 'adaptive_lio', 'dependencies': OrderedDict()}
[0.000409] (adaptive_lio) JobStarted: {'identifier': 'adaptive_lio'}
[0.036300] (adaptive_lio) JobProgress: {'identifier': 'adaptive_lio', 'progress': 'cmake'}
[0.036341] (adaptive_lio) JobProgress: {'identifier': 'adaptive_lio', 'progress': 'build'}
[0.036360] (adaptive_lio) Command: {'cmd': ['/usr/bin/cmake', '--build', '/home/pace2204/copy/slam-mid360-volita/build/adaptive_lio', '--', '-j20', '-l20'], 'cwd': '/home/pace2204/copy/slam-mid360-volita/build/adaptive_lio', 'env': OrderedDict([('GJS_DEBUG_TOPICS', 'JS ERROR;JS LOG'), ('VSCODE_CWD', '/home/pace2204'), ('LANGUAGE', 'zh_CN:zh'), ('USER', 'pace2204'), ('VSCODE_NLS_CONFIG', '{"userLocale":"zh-cn","osLocale":"en","resolvedLanguage":"zh-cn","defaultMessagesFile":"/usr/share/qoder/resources/app/out/nls.messages.json","languagePack":{"translationsConfigFile":"/home/pace2204/.config/Qoder/clp/3afffd5016528ded1c796a08d125a4d5.zh-cn/tcf.json","messagesFile":"/home/pace2204/.config/Qoder/clp/3afffd5016528ded1c796a08d125a4d5.zh-cn/0.4.7_ba2c98a811c6e5222a3d7f07e51e5b512cf9e403/nls.messages.json","corruptMarkerFile":"/home/pace2204/.config/Qoder/clp/3afffd5016528ded1c796a08d125a4d5.zh-cn/corrupted.info"},"locale":"zh-cn","availableLanguages":{"*":"zh-cn"},"_languagePackId":"3afffd5016528ded1c796a08d125a4d5.zh-cn","_languagePackSupport":true,"_translationsConfigFile":"/home/pace2204/.config/Qoder/clp/3afffd5016528ded1c796a08d125a4d5.zh-cn/tcf.json","_cacheRoot":"/home/pace2204/.config/Qoder/clp/3afffd5016528ded1c796a08d125a4d5.zh-cn","_resolvedLanguagePackCoreLocation":"/home/pace2204/.config/Qoder/clp/3afffd5016528ded1c796a08d125a4d5.zh-cn/0.4.7_ba2c98a811c6e5222a3d7f07e51e5b512cf9e403","_corruptedFile":"/home/pace2204/.config/Qoder/clp/3afffd5016528ded1c796a08d125a4d5.zh-cn/corrupted.info"}'), ('GIT_EDITOR', 'true'), ('XDG_SESSION_TYPE', 'wayland'), ('SHLVL', '0'), ('LD_LIBRARY_PATH', '/home/pace2204/livox_ws/install/livox_ros_driver2/lib:/opt/ros/humble/opt/rviz_ogre_vendor/lib:/opt/ros/humble/lib/x86_64-linux-gnu:/opt/ros/humble/lib'), ('HOME', '/home/pace2204'), ('CHROME_DESKTOP', 'qoder.desktop'), ('OLDPWD', '/home/pace2204/copy/slam-mid360-volita'), ('DESKTOP_SESSION', 'ubuntu'), ('VSCODE_IPC_HOOK', '/run/user/1000/vscode-415d8430-1.10-main.sock'), ('GIO_LAUNCHED_DESKTOP_FILE', '/usr/share/applications/qoder.desktop'), ('ROS_PYTHON_VERSION', '3'), ('GNOME_SHELL_SESSION_MODE', 'ubuntu'), ('GTK_MODULES', 'gail:atk-bridge'), ('MANAGERPID', '1055'), ('SYSTEMD_EXEC_PID', '1291'), ('IM_CONFIG_CHECK_ENV', '1'), ('DBUS_SESSION_BUS_ADDRESS', 'unix:path=/run/user/1000/bus'), ('QODERCLI_INTEGRATION_MODE', 'quest'), ('GIO_LAUNCHED_DESKTOP_FILE_PID', '2049'), ('IM_CONFIG_PHASE', '1'), ('WAYLAND_DISPLAY', 'wayland-0'), ('COLCON_PREFIX_PATH', '/home/pace2204/livox_ws/install'), ('ROS_DISTRO', 'humble'), ('LOGNAME', 'pace2204'), ('JOURNAL_STREAM', '8:17332'), ('_', '/usr/bin/colcon'), ('ROS_VERSION', '2'), ('XDG_SESSION_CLASS', 'user'), ('TYPE_IS_ARMS', 'true'), ('USERNAME', 'pace2204'), ('GNOME_DESKTOP_SESSION_ID', 'this-is-deprecated'), ('ROS_LOCALHOST_ONLY', '0'), ('VSCODE_BRAND', 'Qoder'), ('PATH', '/opt/ros/humble/bin:/usr/local/sbin:/usr/local/bin:/usr/sbin:/usr/bin:/sbin:/bin:/usr/games:/usr/local/games:/snap/bin:/snap/bin'), ('SESSION_MANAGER', 'local/pace2204-BQM5:@/tmp/.ICE-unix/1245,unix/pace2204-BQM5:/tmp/.ICE-unix/1245'), ('INVOCATION_ID', '24b5279f95ef46a895d7ed97825347e4'), ('XDG_MENU_PREFIX', 'gnome-'), ('GNOME_SETUP_DISPLAY', ':1'), ('XDG_RUNTIME_DIR', '/run/user/1000'), ('GDK_BACKEND', 'x11'), ('ARMS_APP_NAME', 'qoder-cosy'), ('DISPLAY', ':0'), ('ARMS_REGION_ID', 'ap-northeast-1'), ('LANG', 'zh_CN.UTF-8'), ('XDG_CURRENT_DESKTOP', 'Unity'), ('XMODIFIERS', '@im=ibus'), ('XDG_SESSION_DESKTOP', 'ubuntu'), ('XAUTHORITY', '/run/user/1000/.mutter-Xwaylandauth.3YDOL3'), ('SSH_AGENT_LAUNCHER', 'gnome-keyring'), ('SSH_AUTH_SOCK', '/run/user/1000/keyring/ssh'), ('AMENT_PREFIX_PATH', '/home/pace2204/livox_ws/install/livox_ros_driver2:/opt/ros/humble'), ('ORIGINAL_XDG_CURRENT_DESKTOP', 'ubuntu:GNOME'), ('SHELL', '/bin/bash'), ('QT_ACCESSIBILITY', '1'), ('NO_AT_BRIDGE', '1'), ('GDMSESSION', 'ubuntu'), ('GJS_DEBUG_OUTPUT', 'stderr'), ('ARMS_ENABLE', 'true'), ('QT_IM_MODULE', 'ibus'), ('PWD', '/home/pace2204/copy/slam-mid360-volita/build/adaptive_lio'), ('XDG_CONFIG_DIRS', '/etc/xdg/xdg-ubuntu:/etc/xdg'), ('VSCODE_CODE_CACHE_PATH', '/home/pace2204/.config/Qoder/CachedData/ba2c98a811c6e5222a3d7f07e51e5b512cf9e403'), ('XDG_DATA_DIRS', '/usr/share/ubuntu:/usr/local/share/:/usr/share/:/var/lib/snapd/desktop'), ('PYTHONPATH', '/home/pace2204/livox_ws/install/livox_ros_driver2/local/lib/python3.10/dist-packages:/opt/ros/humble/lib/python3.10/site-packages:/opt/ros/humble/local/lib/python3.10/dist-packages'), ('QODER_CLI', '1'), ('COLCON', '1'), ('FEATURE_FLAGS', '{"authUserPlanTierName":true,"welcomeFirstLaunchKey":"qoder.firstLaunch","welcomeOnboardingUseCustomStyle":false,"questModeEnable":true,"repoWikiEnable":true,"codebaseIgnoreFileName":".qoderignore","chatDefaultMode":"agent","chatDefaultAskModeUseTools":true,"currentPlanTitleKey":"application.config.general.plan.currentPlan.title","enableCreditUsage":true,"hasDedicatedUrlSetting":false,"showWelcomeMessage":false,"showModelTierSelector":true,"showModelSelector":false,"landingPageNeedLoginBtn":true,"preferredLanguageSupportOnlyZhAndEn":false,"enableSecurityFilter":false,"enableCodeChanges":false,"enableGitCommit":false,"enableLocalFile":true,"enableUserPlanUpgrade":true,"defaultBigModelEndpoint":"https://center.qoder.sh","improvementPlanSetting":true,"supportOrganizationCommand":false,"enableDynamicConfig":true,"qoderDirectAuth":true,"feedbackMethodIsEmail":true,"commit":"ba2c98a811c6e5222a3d7f07e51e5b512cf9e403","date":"2026-02-13T07:13:54.052Z","checksums":{"vs/base/parts/sandbox/electron-sandbox/preload.js":"eMCMtyPVVMxe6uce3NknivMZgd2q6ljQPMr7vRScAYk","vs/workbench/workbench.desktop.main.js":"SXd9pOwo55Yt83OEiXFoPAZHye0pnQIrxbQ70O+Sed0","vs/workbench/workbench.desktop.main.css":"ks0fu1idwMDL7fIcSu1ifhgVpKdkCZziL+7TE1Yc0eo","vs/workbench/api/node/extensionHostProcess.js":"O9uuxViaBomQawTGz+iPBQciGCUSdznm4hYtj/4ed0E","vs/code/electron-sandbox/workbench/workbench.html":"qCUV1BYtmJSS5BrtctLLLnPUm3g0BF+THziYLDg2hCo","vs/code/electron-sandbox/workbench/workbench.js":"HTzPHXSSGaB8b0ToK7BcL04+DQWpVjGgEPRXhP7jxW4"},"version":"0.4.7"}'), ('CMAKE_PREFIX_PATH', '/home/pace2204/livox_ws/install/livox_ros_driver2:/opt/ros/humble'), ('VSCODE_PID', '2049')]), 'shell': False}
[0.056091] (adaptive_lio) StdoutLine: {'line': b'Consolidate compiler generated dependencies of target adaptive_lio.common\n'}
[0.066774] (adaptive_lio) StdoutLine: {'line': b'[ 10%] Built target adaptive_lio.pre\n'}
[0.067832] (adaptive_lio) StdoutLine: {'line': b'[ 50%] Built target adaptive_lio.common\n'}
[0.099905] (-) TimerEvent: {}
[0.104789] (adaptive_lio) StdoutLine: {'line': b'[ 60%] Built target adaptive_lio.algo\n'}
[0.138161] (adaptive_lio) StdoutLine: {'line': b'Consolidate compiler generated dependencies of target adaptive_lio.lio\n'}
[0.152292] (adaptive_lio) StdoutLine: {'line': b'[ 85%] Built target adaptive_lio.lio\n'}
[0.188254] (adaptive_lio) StdoutLine: {'line': b'Consolidate compiler generated dependencies of target adaptive_lio_node\n'}
[0.199958] (-) TimerEvent: {}
[0.203890] (adaptive_lio) StdoutLine: {'line': b'[ 90%] Building CXX object CMakeFiles/adaptive_lio_node.dir/src/apps/main_ros2.cpp.o\n'}
[0.300048] (-) TimerEvent: {}
[0.400197] (-) TimerEvent: {}
[0.500361] (-) TimerEvent: {}
[0.600528] (-) TimerEvent: {}
[0.700691] (-) TimerEvent: {}
[0.800844] (-) TimerEvent: {}
[0.900999] (-) TimerEvent: {}
[1.001157] (-) TimerEvent: {}
[1.101347] (-) TimerEvent: {}
[1.201538] (-) TimerEvent: {}
[1.301731] (-) TimerEvent: {}
[1.401926] (-) TimerEvent: {}
[1.502087] (-) TimerEvent: {}
[1.602228] (-) TimerEvent: {}
[1.702394] (-) TimerEvent: {}
[1.802581] (-) TimerEvent: {}
[1.902770] (-) TimerEvent: {}
[2.002962] (-) TimerEvent: {}
[2.103150] (-) TimerEvent: {}
[2.203361] (-) TimerEvent: {}
[2.303520] (-) TimerEvent: {}
[2.403641] (-) TimerEvent: {}
[2.503804] (-) TimerEvent: {}
[2.603953] (-) TimerEvent: {}
[2.704102] (-) TimerEvent: {}
[2.804253] (-) TimerEvent: {}
[2.904383] (-) TimerEvent: {}
[3.004545] (-) TimerEvent: {}
[3.104678] (-) TimerEvent: {}
[3.204765] (-) TimerEvent: {}
[3.304848] (-) TimerEvent: {}
[3.404928] (-) TimerEvent: {}
[3.505012] (-) TimerEvent: {}
[3.605097] (-) TimerEvent: {}
[3.705176] (-) TimerEvent: {}
[3.805255] (-) TimerEvent: {}
[3.905336] (-) TimerEvent: {}
[4.005420] (-) TimerEvent: {}
[4.105546] (-) TimerEvent: {}
[4.205686] (-) TimerEvent: {}
[4.305814] (-) TimerEvent: {}
[4.405947] (-) TimerEvent: {}
[4.506072] (-) TimerEvent: {}
[4.606225] (-) TimerEvent: {}
[4.706350] (-) TimerEvent: {}
[4.806489] (-) TimerEvent: {}
[4.906663] (-) TimerEvent: {}
[5.006798] (-) TimerEvent: {}
[5.106930] (-) TimerEvent: {}
[5.207082] (-) TimerEvent: {}
[5.307236] (-) TimerEvent: {}
[5.407404] (-) TimerEvent: {}
[5.507523] (-) TimerEvent: {}
[5.607608] (-) TimerEvent: {}
[5.707720] (-) TimerEvent: {}
[5.807866] (-) TimerEvent: {}
[5.908034] (-) TimerEvent: {}
[6.008216] (-) TimerEvent: {}
[6.108379] (-) TimerEvent: {}
[6.208523] (-) TimerEvent: {}
[6.308668] (-) TimerEvent: {}
[6.408842] (-) TimerEvent: {}
[6.508979] (-) TimerEvent: {}
[6.609110] (-) TimerEvent: {}
[6.709269] (-) TimerEvent: {}
[6.809432] (-) TimerEvent: {}
[6.909584] (-) TimerEvent: {}
[7.009736] (-) TimerEvent: {}
[7.109886] (-) TimerEvent: {}
[7.210042] (-) TimerEvent: {}
[7.310207] (-) TimerEvent: {}
[7.410393] (-) TimerEvent: {}
[7.510571] (-) TimerEvent: {}
[7.610756] (-) TimerEvent: {}
[7.710938] (-) TimerEvent: {}
[7.811114] (-) TimerEvent: {}
[7.911274] (-) TimerEvent: {}
[8.011433] (-) TimerEvent: {}
[8.111583] (-) TimerEvent: {}
[8.211735] (-) TimerEvent: {}
[8.311893] (-) TimerEvent: {}
[8.412049] (-) TimerEvent: {}
[8.512199] (-) TimerEvent: {}
[8.612359] (-) TimerEvent: {}
[8.712518] (-) TimerEvent: {}
[8.812676] (-) TimerEvent: {}
[8.912836] (-) TimerEvent: {}
[9.012990] (-) TimerEvent: {}
[9.113157] (-) TimerEvent: {}
[9.213321] (-) TimerEvent: {}
[9.313507] (-) TimerEvent: {}
[9.413674] (-) TimerEvent: {}
[9.513845] (-) TimerEvent: {}
[9.614007] (-) TimerEvent: {}
[9.714171] (-) TimerEvent: {}
[9.814341] (-) TimerEvent: {}
[9.914521] (-) TimerEvent: {}
[10.014692] (-) TimerEvent: {}
[10.114855] (-) TimerEvent: {}
[10.215014] (-) TimerEvent: {}
[10.315174] (-) TimerEvent: {}
[10.415343] (-) TimerEvent: {}
[10.515517] (-) TimerEvent: {}
[10.615675] (-) TimerEvent: {}
[10.715828] (-) TimerEvent: {}
[10.815981] (-) TimerEvent: {}
[10.916134] (-) TimerEvent: {}
[11.016289] (-) TimerEvent: {}
[11.116449] (-) TimerEvent: {}
[11.216607] (-) TimerEvent: {}
[11.316769] (-) TimerEvent: {}
[11.416926] (-) TimerEvent: {}
[11.517084] (-) TimerEvent: {}
[11.617244] (-) TimerEvent: {}
[11.717383] (-) TimerEvent: {}
[11.817547] (-) TimerEvent: {}
[11.917706] (-) TimerEvent: {}
[12.017860] (-) TimerEvent: {}
[12.118017] (-) TimerEvent: {}
[12.218170] (-) TimerEvent: {}
[12.318324] (-) TimerEvent: {}
[12.418480] (-) TimerEvent: {}
[12.518631] (-) TimerEvent: {}
[12.618789] (-) TimerEvent: {}
[12.718955] (-) TimerEvent: {}
[12.819115] (-) TimerEvent: {}
[12.919273] (-) TimerEvent: {}
[13.019440] (-) TimerEvent: {}
[13.119596] (-) TimerEvent: {}
[13.219747] (-) TimerEvent: {}
[13.319907] (-) TimerEvent: {}
[13.420048] (-) TimerEvent: {}
[13.520175] (-) TimerEvent: {}
[13.620311] (-) TimerEvent: {}
[13.720470] (-) TimerEvent: {}
[13.820620] (-) TimerEvent: {}
[13.920772] (-) TimerEvent: {}
[14.020926] (-) TimerEvent: {}
[14.121085] (-) TimerEvent: {}
[14.221243] (-) TimerEvent: {}
[14.321389] (-) TimerEvent: {}
[14.421543] (-) TimerEvent: {}
[14.521696] (-) TimerEvent: {}
[14.621852] (-) TimerEvent: {}
[14.722010] (-) TimerEvent: {}
[14.822133] (-) TimerEvent: {}
[14.922220] (-) TimerEvent: {}
[15.022344] (-) TimerEvent: {}
[15.122494] (-) TimerEvent: {}
[15.222616] (-) TimerEvent: {}
[15.322696] (-) TimerEvent: {}
[15.422775] (-) TimerEvent: {}
[15.522895] (-) TimerEvent: {}
[15.623059] (-) TimerEvent: {}
[15.723200] (-) TimerEvent: {}
[15.823351] (-) TimerEvent: {}
[15.923491] (-) TimerEvent: {}
[16.023644] (-) TimerEvent: {}
[16.123793] (-) TimerEvent: {}
[16.223951] (-) TimerEvent: {}
[16.324115] (-) TimerEvent: {}
[16.424276] (-) TimerEvent: {}
[16.524422] (-) TimerEvent: {}
[16.624543] (-) TimerEvent: {}
[16.724652] (-) TimerEvent: {}
[16.824751] (-) TimerEvent: {}
[16.924848] (-) TimerEvent: {}
[17.024938] (-) TimerEvent: {}
[17.125020] (-) TimerEvent: {}
[17.225107] (-) TimerEvent: {}
[17.325214] (-) TimerEvent: {}
[17.425349] (-) TimerEvent: {}
[17.525456] (-) TimerEvent: {}
[17.625533] (-) TimerEvent: {}
[17.725615] (-) TimerEvent: {}
[17.825731] (-) TimerEvent: {}
[17.925884] (-) TimerEvent: {}
[18.026028] (-) TimerEvent: {}
[18.126171] (-) TimerEvent: {}
[18.226325] (-) TimerEvent: {}
[18.326493] (-) TimerEvent: {}
[18.341973] (adaptive_lio) StderrLine: {'line': b'/home/pace2204/copy/slam-mid360-volita/src/adaptive_lio/src/apps/main_ros2.cpp: In destructor \xe2\x80\x98AdaptiveLioNode::~AdaptiveLioNode()\xe2\x80\x99:\n'}
[18.342118] (adaptive_lio) StderrLine: {'line': b'/home/pace2204/copy/slam-mid360-volita/src/adaptive_lio/src/apps/main_ros2.cpp:263:23: warning: ignoring return value of \xe2\x80\x98int system(const char*)\xe2\x80\x99 declared with attribute \xe2\x80\x98warn_unused_result\xe2\x80\x99 [-Wunused-result]\n'}
[18.342160] (adaptive_lio) StderrLine: {'line': b'  263 |                 system(cmd.c_str());\n'}
[18.342193] (adaptive_lio) StderrLine: {'line': b'      |                 ~~~~~~^~~~~~~~~~~~~\n'}
[18.426593] (-) TimerEvent: {}
[18.526759] (-) TimerEvent: {}
[18.626916] (-) TimerEvent: {}
[18.639158] (adaptive_lio) StderrLine: {'line': b'/home/pace2204/copy/slam-mid360-volita/src/adaptive_lio/src/apps/main_ros2.cpp: In lambda function:\n'}
[18.639278] (adaptive_lio) StderrLine: {'line': b'/home/pace2204/copy/slam-mid360-volita/src/adaptive_lio/src/apps/main_ros2.cpp:669:19: warning: ignoring return value of \xe2\x80\x98int system(const char*)\xe2\x80\x99 declared with attribute \xe2\x80\x98warn_unused_result\xe2\x80\x99 [-Wunused-result]\n'}
[18.639323] (adaptive_lio) StderrLine: {'line': b'  669 |             system(cmd.c_str());\n'}
[18.639366] (adaptive_lio) StderrLine: {'line': b'      |             ~~~~~~^~~~~~~~~~~~~\n'}
[18.640170] (adaptive_lio) StderrLine: {'line': b'/home/pace2204/copy/slam-mid360-volita/src/adaptive_lio/src/apps/main_ros2.cpp: In lambda function:\n'}
[18.640208] (adaptive_lio) StderrLine: {'line': b'/home/pace2204/copy/slam-mid360-volita/src/adaptive_lio/src/apps/main_ros2.cpp:748:19: warning: ignoring return value of \xe2\x80\x98int system(const char*)\xe2\x80\x99 declared with attribute \xe2\x80\x98warn_unused_result\xe2\x80\x99 [-Wunused-result]\n'}
[18.640242] (adaptive_lio) StderrLine: {'line': b'  748 |             system(cmd.c_str());\n'}
[18.640273] (adaptive_lio) StderrLine: {'line': b'      |             ~~~~~~^~~~~~~~~~~~~\n'}
[18.642024] (adaptive_lio) StderrLine: {'line': b'/home/pace2204/copy/slam-mid360-volita/src/adaptive_lio/src/apps/main_ros2.cpp: In member function \xe2\x80\x98void AdaptiveLioNode::saveMapCallback(std::shared_ptr<std_srvs::srv::Trigger_Request_<std::allocator<void> > >, std::shared_ptr<std_srvs::srv::Trigger_Response_<std::allocator<void> > >)\xe2\x80\x99:\n'}
[18.642062] (adaptive_lio) StderrLine: {'line': b'/home/pace2204/copy/slam-mid360-volita/src/adaptive_lio/src/apps/main_ros2.cpp:588:23: warning: ignoring return value of \xe2\x80\x98int system(const char*)\xe2\x80\x99 declared with attribute \xe2\x80\x98warn_unused_result\xe2\x80\x99 [-Wunused-result]\n'}
[18.642092] (adaptive_lio) StderrLine: {'line': b'  588 |                 system(cmd.c_str());\n'}
[18.642120] (adaptive_lio) StderrLine: {'line': b'      |                 ~~~~~~^~~~~~~~~~~~~\n'}
[18.727014] (-) TimerEvent: {}
[18.827187] (-) TimerEvent: {}
[18.927360] (-) TimerEvent: {}
[19.027530] (-) TimerEvent: {}
[19.127685] (-) TimerEvent: {}
[19.227838] (-) TimerEvent: {}
[19.327998] (-) TimerEvent: {}
[19.428150] (-) TimerEvent: {}
[19.528305] (-) TimerEvent: {}
[19.628472] (-) TimerEvent: {}
[19.728624] (-) TimerEvent: {}
[19.828774] (-) TimerEvent: {}
[19.928938] (-) TimerEvent: {}
[20.029090] (-) TimerEvent: {}
[20.129248] (-) TimerEvent: {}
[20.229412] (-) TimerEvent: {}
[20.329574] (-) TimerEvent: {}
[20.429734] (-) TimerEvent: {}
[20.529887] (-) TimerEvent: {}
[20.630046] (-) TimerEvent: {}
[20.730202] (-) TimerEvent: {}
[20.830361] (-) TimerEvent: {}
[20.930520] (-) TimerEvent: {}
[21.030682] (-) TimerEvent: {}
[21.130850] (-) TimerEvent: {}
[21.231001] (-) TimerEvent: {}
[21.331145] (-) TimerEvent: {}
[21.431288] (-) TimerEvent: {}
[21.531448] (-) TimerEvent: {}
[21.631607] (-) TimerEvent: {}
[21.731764] (-) TimerEvent: {}
[21.831916] (-) TimerEvent: {}
[21.932074] (-) TimerEvent: {}
[22.032393] (-) TimerEvent: {}
[22.132703] (-) TimerEvent: {}
[22.232898] (-) TimerEvent: {}
[22.333150] (-) TimerEvent: {}
[22.433355] (-) TimerEvent: {}
[22.533555] (-) TimerEvent: {}
[22.633762] (-) TimerEvent: {}
[22.733975] (-) TimerEvent: {}
[22.834178] (-) TimerEvent: {}
[22.934372] (-) TimerEvent: {}
[23.034561] (-) TimerEvent: {}
[23.134751] (-) TimerEvent: {}
[23.234939] (-) TimerEvent: {}
[23.335127] (-) TimerEvent: {}
[23.435308] (-) TimerEvent: {}
[23.535508] (-) TimerEvent: {}
[23.635696] (-) TimerEvent: {}
[23.735890] (-) TimerEvent: {}
[23.836077] (-) TimerEvent: {}
[23.936266] (-) TimerEvent: {}
[24.036460] (-) TimerEvent: {}
[24.136641] (-) TimerEvent: {}
[24.236830] (-) TimerEvent: {}
[24.337010] (-) TimerEvent: {}
[24.437195] (-) TimerEvent: {}
[24.537389] (-) TimerEvent: {}
[24.637563] (-) TimerEvent: {}
[24.737739] (-) TimerEvent: {}
[24.837928] (-) TimerEvent: {}
[24.938123] (-) TimerEvent: {}
[25.038319] (-) TimerEvent: {}
[25.138539] (-) TimerEvent: {}
[25.238759] (-) TimerEvent: {}
[25.338960] (-) TimerEvent: {}
[25.439161] (-) TimerEvent: {}
[25.539354] (-) TimerEvent: {}
[25.639541] (-) TimerEvent: {}
[25.739731] (-) TimerEvent: {}
[25.839927] (-) TimerEvent: {}
[25.940115] (-) TimerEvent: {}
[26.040313] (-) TimerEvent: {}
[26.140518] (-) TimerEvent: {}
[26.240709] (-) TimerEvent: {}
[26.340912] (-) TimerEvent: {}
[26.441135] (-) TimerEvent: {}
[26.541314] (-) TimerEvent: {}
[26.641519] (-) TimerEvent: {}
[26.741702] (-) TimerEvent: {}
[26.841881] (-) TimerEvent: {}
[26.942044] (-) TimerEvent: {}
[27.042217] (-) TimerEvent: {}
[27.142399] (-) TimerEvent: {}
[27.242574] (-) TimerEvent: {}
[27.342763] (-) TimerEvent: {}
[27.442945] (-) TimerEvent: {}
[27.543120] (-) TimerEvent: {}
[27.643284] (-) TimerEvent: {}
[27.743452] (-) TimerEvent: {}
[27.843621] (-) TimerEvent: {}
[27.943771] (-) TimerEvent: {}
[28.043923] (-) TimerEvent: {}
[28.144084] (-) TimerEvent: {}
[28.244250] (-) TimerEvent: {}
[28.344396] (-) TimerEvent: {}
[28.444550] (-) TimerEvent: {}
[28.544715] (-) TimerEvent: {}
[28.644881] (-) TimerEvent: {}
[28.745032] (-) TimerEvent: {}
[28.845197] (-) TimerEvent: {}
[28.945369] (-) TimerEvent: {}
[29.045531] (-) TimerEvent: {}
[29.145681] (-) TimerEvent: {}
[29.245833] (-) TimerEvent: {}
[29.345986] (-) TimerEvent: {}
[29.446145] (-) TimerEvent: {}
[29.546388] (-) TimerEvent: {}
[29.646642] (-) TimerEvent: {}
[29.746821] (-) TimerEvent: {}
[29.829934] (adaptive_lio) StdoutLine: {'line': b'[ 95%] Linking CXX executable adaptive_lio_node\n'}
[29.846927] (-) TimerEvent: {}
[29.947091] (-) TimerEvent: {}
[30.047256] (-) TimerEvent: {}
[30.147418] (-) TimerEvent: {}
[30.247575] (-) TimerEvent: {}
[30.347749] (-) TimerEvent: {}
[30.447904] (-) TimerEvent: {}
[30.548065] (-) TimerEvent: {}
[30.603197] (adaptive_lio) StdoutLine: {'line': b'[100%] Built target adaptive_lio_node\n'}
[30.611712] (adaptive_lio) CommandEnded: {'returncode': 0}
[30.612193] (adaptive_lio) JobProgress: {'identifier': 'adaptive_lio', 'progress': 'install'}
[30.618929] (adaptive_lio) Command: {'cmd': ['/usr/bin/cmake', '--install', '/home/pace2204/copy/slam-mid360-volita/build/adaptive_lio'], 'cwd': '/home/pace2204/copy/slam-mid360-volita/build/adaptive_lio', 'env': OrderedDict([('GJS_DEBUG_TOPICS', 'JS ERROR;JS LOG'), ('VSCODE_CWD', '/home/pace2204'), ('LANGUAGE', 'zh_CN:zh'), ('USER', 'pace2204'), ('VSCODE_NLS_CONFIG', '{"userLocale":"zh-cn","osLocale":"en","resolvedLanguage":"zh-cn","defaultMessagesFile":"/usr/share/qoder/resources/app/out/nls.messages.json","languagePack":{"translationsConfigFile":"/home/pace2204/.config/Qoder/clp/3afffd5016528ded1c796a08d125a4d5.zh-cn/tcf.json","messagesFile":"/home/pace2204/.config/Qoder/clp/3afffd5016528ded1c796a08d125a4d5.zh-cn/0.4.7_ba2c98a811c6e5222a3d7f07e51e5b512cf9e403/nls.messages.json","corruptMarkerFile":"/home/pace2204/.config/Qoder/clp/3afffd5016528ded1c796a08d125a4d5.zh-cn/corrupted.info"},"locale":"zh-cn","availableLanguages":{"*":"zh-cn"},"_languagePackId":"3afffd5016528ded1c796a08d125a4d5.zh-cn","_languagePackSupport":true,"_translationsConfigFile":"/home/pace2204/.config/Qoder/clp/3afffd5016528ded1c796a08d125a4d5.zh-cn/tcf.json","_cacheRoot":"/home/pace2204/.config/Qoder/clp/3afffd5016528ded1c796a08d125a4d5.zh-cn","_resolvedLanguagePackCoreLocation":"/home/pace2204/.config/Qoder/clp/3afffd5016528ded1c796a08d125a4d5.zh-cn/0.4.7_ba2c98a811c6e5222a3d7f07e51e5b512cf9e403","_corruptedFile":"/home/pace2204/.config/Qoder/clp/3afffd5016528ded1c796a08d125a4d5.zh-cn/corrupted.info"}'), ('GIT_EDITOR', 'true'), ('XDG_SESSION_TYPE', 'wayland'), ('SHLVL', '0'), ('LD_LIBRARY_PATH', '/home/pace2204/livox_ws/install/livox_ros_driver2/lib:/opt/ros/humble/opt/rviz_ogre_vendor/lib:/opt/ros/humble/lib/x86_64-linux-gnu:/opt/ros/humble/lib'), ('HOME', '/home/pace2204'), ('CHROME_DESKTOP', 'qoder.desktop'), ('OLDPWD', '/home/pace2204/copy/slam-mid360-volita'), ('DESKTOP_SESSION', 'ubuntu'), ('VSCODE_IPC_HOOK', '/run/user/1000/vscode-415d8430-1.10-main.sock'), ('GIO_LAUNCHED_DESKTOP_FILE', '/usr/share/applications/qoder.desktop'), ('ROS_PYTHON_VERSION', '3'), ('GNOME_SHELL_SESSION_MODE', 'ubuntu'), ('GTK_MODULES', 'gail:atk-bridge'), ('MANAGERPID', '1055'), ('SYSTEMD_EXEC_PID', '1291'), ('IM_CONFIG_CHECK_ENV', '1'), ('DBUS_SESSION_BUS_ADDRESS', 'unix:path=/run/user/1000/bus'), ('QODERCLI_INTEGRATION_MODE', 'quest'), ('GIO_LAUNCHED_DESKTOP_FILE_PID', '2049'), ('IM_CONFIG_PHASE', '1'), ('WAYLAND_DISPLAY', 'wayland-0'), ('COLCON_PREFIX_PATH', '/home/pace2204/livox_ws/install'), ('ROS_DISTRO', 'humble'), ('LOGNAME', 'pace2204'), ('JOURNAL_STREAM', '8:17332'), ('_', '/usr/bin/colcon'), ('ROS_VERSION', '2'), ('XDG_SESSION_CLASS', 'user'), ('TYPE_IS_ARMS', 'true'), ('USERNAME', 'pace2204'), ('GNOME_DESKTOP_SESSION_ID', 'this-is-deprecated'), ('ROS_LOCALHOST_ONLY', '0'), ('VSCODE_BRAND', 'Qoder'), ('PATH', '/opt/ros/humble/bin:/usr/local/sbin:/usr/local/bin:/usr/sbin:/usr/bin:/sbin:/bin:/usr/games:/usr/local/games:/snap/bin:/snap/bin'), ('SESSION_MANAGER', 'local/pace2204-BQM5:@/tmp/.ICE-unix/1245,unix/pace2204-BQM5:/tmp/.ICE-unix/1245'), ('INVOCATION_ID', '24b5279f95ef46a895d7ed97825347e4'), ('XDG_MENU_PREFIX', 'gnome-'), ('GNOME_SETUP_DISPLAY', ':1'), ('XDG_RUNTIME_DIR', '/run/user/1000'), ('GDK_BACKEND', 'x11'), ('ARMS_APP_NAME', 'qoder-cosy'), ('DISPLAY', ':0'), ('ARMS_REGION_ID', 'ap-northeast-1'), ('LANG', 'zh_CN.UTF-8'), ('XDG_CURRENT_DESKTOP', 'Unity'), ('XMODIFIERS', '@im=ibus'), ('XDG_SESSION_DESKTOP', 'ubuntu'), ('XAUTHORITY', '/run/user/1000/.mutter-Xwaylandauth.3YDOL3'), ('SSH_AGENT_LAUNCHER', 'gnome-keyring'), ('SSH_AUTH_SOCK', '/run/user/1000/keyring/ssh'), ('AMENT_PREFIX_PATH', '/home/pace2204/livox_ws/install/livox_ros_driver2:/opt/ros/humble'), ('ORIGINAL_XDG_CURRENT_DESKTOP', 'ubuntu:GNOME'), ('SHELL', '/bin/bash'), ('QT_ACCESSIBILITY', '1'), ('NO_AT_BRIDGE', '1'), ('GDMSESSION', 'ubuntu'), ('GJS_DEBUG_OUTPUT', 'stderr'), ('ARMS_ENABLE', 'true'), ('QT_IM_MODULE', 'ibus'), ('PWD', '/home/pace2204/copy/slam-mid360-volita/build/adaptive_lio'), ('XDG_CONFIG_DIRS', '/etc/xdg/xdg-ubuntu:/etc/xdg'), ('VSCODE_CODE_CACHE_PATH', '/home/pace2204/.config/Qoder/CachedData/ba2c98a811c6e5222a3d7f07e51e5b512cf9e403'), ('XDG_DATA_DIRS', '/usr/share/ubuntu:/usr/local/share/:/usr/share/:/var/lib/snapd/desktop'), ('PYTHONPATH', '/home/pace2204/livox_ws/install/livox_ros_driver2/local/lib/python3.10/dist-packages:/opt/ros/humble/lib/python3.10/site-packages:/opt/ros/humble/local/lib/python3.10/dist-packages'), ('QODER_CLI', '1'), ('COLCON', '1'), ('FEATURE_FLAGS', '{"authUserPlanTierName":true,"welcomeFirstLaunchKey":"qoder.firstLaunch","welcomeOnboardingUseCustomStyle":false,"questModeEnable":true,"repoWikiEnable":true,"codebaseIgnoreFileName":".qoderignore","chatDefaultMode":"agent","chatDefaultAskModeUseTools":true,"currentPlanTitleKey":"application.config.general.plan.currentPlan.title","enableCreditUsage":true,"hasDedicatedUrlSetting":false,"showWelcomeMessage":false,"showModelTierSelector":true,"showModelSelector":false,"landingPageNeedLoginBtn":true,"preferredLanguageSupportOnlyZhAndEn":false,"enableSecurityFilter":false,"enableCodeChanges":false,"enableGitCommit":false,"enableLocalFile":true,"enableUserPlanUpgrade":true,"defaultBigModelEndpoint":"https://center.qoder.sh","improvementPlanSetting":true,"supportOrganizationCommand":false,"enableDynamicConfig":true,"qoderDirectAuth":true,"feedbackMethodIsEmail":true,"commit":"ba2c98a811c6e5222a3d7f07e51e5b512cf9e403","date":"2026-02-13T07:13:54.052Z","checksums":{"vs/base/parts/sandbox/electron-sandbox/preload.js":"eMCMtyPVVMxe6uce3NknivMZgd2q6ljQPMr7vRScAYk","vs/workbench/workbench.desktop.main.js":"SXd9pOwo55Yt83OEiXFoPAZHye0pnQIrxbQ70O+Sed0","vs/workbench/workbench.desktop.main.css":"ks0fu1idwMDL7fIcSu1ifhgVpKdkCZziL+7TE1Yc0eo","vs/workbench/api/node/extensionHostProcess.js":"O9uuxViaBomQawTGz+iPBQciGCUSdznm4hYtj/4ed0E","vs/code/electron-sandbox/workbench/workbench.html":"qCUV1BYtmJSS5BrtctLLLnPUm3g0BF+THziYLDg2hCo","vs/code/electron-sandbox/workbench/workbench.js":"HTzPHXSSGaB8b0ToK7BcL04+DQWpVjGgEPRXhP7jxW4"},"version":"0.4.7"}'), ('CMAKE_PREFIX_PATH', '/home/pace2204/livox_ws/install/livox_ros_driver2:/opt/ros/humble'), ('VSCODE_PID', '2049')]), 'shell': False}
[30.628959] (adaptive_lio) StdoutLine: {'line': b'-- Install configuration: "Release"\n'}
[30.629280] (adaptive_lio) StdoutLine: {'line': b'-- Installing: /home/pace2204/copy/slam-mid360-volita/install/adaptive_lio/lib/adaptive_lio/adaptive_lio_node\n'}
[30.632593] (adaptive_lio) StdoutLine: {'line': b'-- Set runtime path of "/home/pace2204/copy/slam-mid360-volita/install/adaptive_lio/lib/adaptive_lio/adaptive_lio_node" to ""\n'}
[30.632929] (adaptive_lio) StdoutLine: {'line': b'-- Up-to-date: /home/pace2204/copy/slam-mid360-volita/install/adaptive_lio/share/adaptive_lio/launch\n'}
[30.633027] (adaptive_lio) StdoutLine: {'line': b'-- Up-to-date: /home/pace2204/copy/slam-mid360-volita/install/adaptive_lio/share/adaptive_lio/launch/run.launch.py\n'}
[30.633123] (adaptive_lio) StdoutLine: {'line': b'-- Up-to-date: /home/pace2204/copy/slam-mid360-volita/install/adaptive_lio/share/adaptive_lio/config\n'}
[30.633213] (adaptive_lio) StdoutLine: {'line': b'-- Up-to-date: /home/pace2204/copy/slam-mid360-volita/install/adaptive_lio/share/adaptive_lio/config/mapping_m.yaml\n'}
[30.633496] (adaptive_lio) StdoutLine: {'line': b'-- Up-to-date: /home/pace2204/copy/slam-mid360-volita/install/adaptive_lio/share/adaptive_lio/config/adaptive_lio.rviz\n'}
[30.633935] (adaptive_lio) StdoutLine: {'line': b'-- Up-to-date: /home/pace2204/copy/slam-mid360-volita/install/adaptive_lio/share/adaptive_lio/config/mapping_m copy.yaml\n'}
[30.634033] (adaptive_lio) StdoutLine: {'line': b'-- Up-to-date: /home/pace2204/copy/slam-mid360-volita/install/adaptive_lio/share/ament_index/resource_index/package_run_dependencies/adaptive_lio\n'}
[30.634118] (adaptive_lio) StdoutLine: {'line': b'-- Up-to-date: /home/pace2204/copy/slam-mid360-volita/install/adaptive_lio/share/ament_index/resource_index/parent_prefix_path/adaptive_lio\n'}
[30.634196] (adaptive_lio) StdoutLine: {'line': b'-- Up-to-date: /home/pace2204/copy/slam-mid360-volita/install/adaptive_lio/share/adaptive_lio/environment/ament_prefix_path.dsv\n'}
[30.634270] (adaptive_lio) StdoutLine: {'line': b'-- Up-to-date: /home/pace2204/copy/slam-mid360-volita/install/adaptive_lio/share/adaptive_lio/environment/path.dsv\n'}
[30.634354] (adaptive_lio) StdoutLine: {'line': b'-- Up-to-date: /home/pace2204/copy/slam-mid360-volita/install/adaptive_lio/share/adaptive_lio/local_setup.bash\n'}
[30.634434] (adaptive_lio) StdoutLine: {'line': b'-- Up-to-date: /home/pace2204/copy/slam-mid360-volita/install/adaptive_lio/share/adaptive_lio/local_setup.sh\n'}
[30.634525] (adaptive_lio) StdoutLine: {'line': b'-- Up-to-date: /home/pace2204/copy/slam-mid360-volita/install/adaptive_lio/share/adaptive_lio/local_setup.zsh\n'}
[30.634604] (adaptive_lio) StdoutLine: {'line': b'-- Up-to-date: /home/pace2204/copy/slam-mid360-volita/install/adaptive_lio/share/adaptive_lio/local_setup.dsv\n'}
[30.634669] (adaptive_lio) StdoutLine: {'line': b'-- Installing: /home/pace2204/copy/slam-mid360-volita/install/adaptive_lio/share/adaptive_lio/package.dsv\n'}
[30.634736] (adaptive_lio) StdoutLine: {'line': b'-- Up-to-date: /home/pace2204/copy/slam-mid360-volita/install/adaptive_lio/share/ament_index/resource_index/packages/adaptive_lio\n'}
[30.634802] (adaptive_lio) StdoutLine: {'line': b'-- Up-to-date: /home/pace2204/copy/slam-mid360-volita/install/adaptive_lio/share/adaptive_lio/cmake/adaptive_lioConfig.cmake\n'}
[30.634866] (adaptive_lio) StdoutLine: {'line': b'-- Up-to-date: /home/pace2204/copy/slam-mid360-volita/install/adaptive_lio/share/adaptive_lio/cmake/adaptive_lioConfig-version.cmake\n'}
[30.634932] (adaptive_lio) StdoutLine: {'line': b'-- Up-to-date: /home/pace2204/copy/slam-mid360-volita/install/adaptive_lio/share/adaptive_lio/package.xml\n'}
[30.635900] (adaptive_lio) CommandEnded: {'returncode': 0}
[30.648264] (-) TimerEvent: {}
[30.652335] (adaptive_lio) JobEnded: {'identifier': 'adaptive_lio', 'rc': 0}
[30.652987] (-) EventReactorShutdown: {}
