[0.066s] DEBUG:colcon:Command line arguments: ['/usr/bin/colcon', 'build', '--packages-select', 'adaptive_lio']
[0.066s] DEBUG:colcon:Parsed command line arguments: Namespace(log_base=None, log_level=None, verb_name='build', build_base='build', install_base='install', merge_install=False, symlink_install=False, test_result_base=None, continue_on_error=False, executor='parallel', parallel_workers=20, event_handlers=None, ignore_user_meta=False, metas=['./colcon.meta'], base_paths=['.'], packages_ignore=None, packages_ignore_regex=None, paths=None, packages_up_to=None, packages_up_to_regex=None, packages_above=None, packages_above_and_dependencies=None, packages_above_depth=None, packages_select_by_dep=None, packages_skip_by_dep=None, packages_skip_up_to=None, packages_select_build_failed=False, packages_skip_build_finished=False, packages_select_test_failures=False, packages_skip_test_passed=False, packages_select=['adaptive_lio'], packages_skip=None, packages_select_regex=None, packages_skip_regex=None, packages_start=None, packages_end=None, allow_overriding=[], cmake_args=None, cmake_target=None, cmake_target_skip_unavailable=False, cmake_clean_cache=False, cmake_clean_first=False, cmake_force_configure=False, ament_cmake_args=None, catkin_cmake_args=None, catkin_skip_building_tests=False, verb_parser=<colcon_defaults.argument_parser.defaults.DefaultArgumentsDecorator object at 0x7619493d3460>, verb_extension=<colcon_core.verb.build.BuildVerb object at 0x7619493d2f80>, main=<bound method BuildVerb.main of <colcon_core.verb.build.BuildVerb object at 0x7619493d2f80>>)
[0.158s] Level 1:colcon.colcon_core.package_discovery:discover_packages(colcon_meta) check parameters
[0.158s] Level 1:colcon.colcon_core.package_discovery:discover_packages(recursive) check parameters
[0.158s] Level 1:colcon.colcon_core.package_discovery:discover_packages(ignore) check parameters
[0.158s] Level 1:colcon.colcon_core.package_discovery:discover_packages(path) check parameters
[0.158s] Level 1:colcon.colcon_core.package_discovery:discover_packages(colcon_meta) discover
[0.158s] Level 1:colcon.colcon_core.package_discovery:discover_packages(recursive) discover
[0.158s] INFO:colcon.colcon_core.package_discovery:Crawling recursively for packages in '/home/pace2204/copy/slam-mid360-volita'
[0.158s] Level 1:colcon.colcon_core.package_identification:_identify(.) by extensions ['ignore', 'ignore_ament_install']
[0.158s] Level 1:colcon.colcon_core.package_identification:_identify(.) by extension 'ignore'
[0.158s] Level 1:colcon.colcon_core.package_identification:_identify(.) by extension 'ignore_ament_install'
[0.158s] Level 1:colcon.colcon_core.package_identification:_identify(.) by extensions ['colcon_pkg']
[0.158s] Level 1:colcon.colcon_core.package_identification:_identify(.) by extension 'colcon_pkg'
[0.158s] Level 1:colcon.colcon_core.package_identification:_identify(.) by extensions ['colcon_meta']
[0.158s] Level 1:colcon.colcon_core.package_identification:_identify(.) by extension 'colcon_meta'
[0.158s] Level 1:colcon.colcon_core.package_identification:_identify(.) by extensions ['ros']
[0.158s] Level 1:colcon.colcon_core.package_identification:_identify(.) by extension 'ros'
[0.166s] Level 1:colcon.colcon_core.package_identification:_identify(.) by extensions ['cmake', 'python']
[0.166s] Level 1:colcon.colcon_core.package_identification:_identify(.) by extension 'cmake'
[0.166s] Level 1:colcon.colcon_core.package_identification:_identify(.) by extension 'python'
[0.166s] Level 1:colcon.colcon_core.package_identification:_identify(.) by extensions ['python_setup_py']
[0.166s] Level 1:colcon.colcon_core.package_identification:_identify(.) by extension 'python_setup_py'
[0.166s] Level 1:colcon.colcon_core.package_identification:_identify(build) by extensions ['ignore', 'ignore_ament_install']
[0.166s] Level 1:colcon.colcon_core.package_identification:_identify(build) by extension 'ignore'
[0.166s] Level 1:colcon.colcon_core.package_identification:_identify(build) ignored
[0.166s] Level 1:colcon.colcon_core.package_identification:_identify(install) by extensions ['ignore', 'ignore_ament_install']
[0.166s] Level 1:colcon.colcon_core.package_identification:_identify(install) by extension 'ignore'
[0.166s] Level 1:colcon.colcon_core.package_identification:_identify(install) ignored
[0.166s] Level 1:colcon.colcon_core.package_identification:_identify(log) by extensions ['ignore', 'ignore_ament_install']
[0.166s] Level 1:colcon.colcon_core.package_identification:_identify(log) by extension 'ignore'
[0.166s] Level 1:colcon.colcon_core.package_identification:_identify(log) ignored
[0.166s] Level 1:colcon.colcon_core.package_identification:_identify(src) by extensions ['ignore', 'ignore_ament_install']
[0.167s] Level 1:colcon.colcon_core.package_identification:_identify(src) by extension 'ignore'
[0.167s] Level 1:colcon.colcon_core.package_identification:_identify(src) by extension 'ignore_ament_install'
[0.167s] Level 1:colcon.colcon_core.package_identification:_identify(src) by extensions ['colcon_pkg']
[0.167s] Level 1:colcon.colcon_core.package_identification:_identify(src) by extension 'colcon_pkg'
[0.167s] Level 1:colcon.colcon_core.package_identification:_identify(src) by extensions ['colcon_meta']
[0.167s] Level 1:colcon.colcon_core.package_identification:_identify(src) by extension 'colcon_meta'
[0.167s] Level 1:colcon.colcon_core.package_identification:_identify(src) by extensions ['ros']
[0.167s] Level 1:colcon.colcon_core.package_identification:_identify(src) by extension 'ros'
[0.167s] Level 1:colcon.colcon_core.package_identification:_identify(src) by extensions ['cmake', 'python']
[0.167s] Level 1:colcon.colcon_core.package_identification:_identify(src) by extension 'cmake'
[0.167s] Level 1:colcon.colcon_core.package_identification:_identify(src) by extension 'python'
[0.167s] Level 1:colcon.colcon_core.package_identification:_identify(src) by extensions ['python_setup_py']
[0.167s] Level 1:colcon.colcon_core.package_identification:_identify(src) by extension 'python_setup_py'
[0.167s] Level 1:colcon.colcon_core.package_identification:_identify(src/adaptive_lio) by extensions ['ignore', 'ignore_ament_install']
[0.167s] Level 1:colcon.colcon_core.package_identification:_identify(src/adaptive_lio) by extension 'ignore'
[0.167s] Level 1:colcon.colcon_core.package_identification:_identify(src/adaptive_lio) by extension 'ignore_ament_install'
[0.167s] Level 1:colcon.colcon_core.package_identification:_identify(src/adaptive_lio) by extensions ['colcon_pkg']
[0.167s] Level 1:colcon.colcon_core.package_identification:_identify(src/adaptive_lio) by extension 'colcon_pkg'
[0.167s] Level 1:colcon.colcon_core.package_identification:_identify(src/adaptive_lio) by extensions ['colcon_meta']
[0.167s] Level 1:colcon.colcon_core.package_identification:_identify(src/adaptive_lio) by extension 'colcon_meta'
[0.167s] Level 1:colcon.colcon_core.package_identification:_identify(src/adaptive_lio) by extensions ['ros']
[0.167s] Level 1:colcon.colcon_core.package_identification:_identify(src/adaptive_lio) by extension 'ros'
[0.169s] DEBUG:colcon.colcon_core.package_identification:Package 'src/adaptive_lio' with type 'ros.ament_cmake' and name 'adaptive_lio'
[0.169s] Level 1:colcon.colcon_core.package_discovery:discover_packages(recursive) using defaults
[0.169s] Level 1:colcon.colcon_core.package_discovery:discover_packages(ignore) discover
[0.169s] Level 1:colcon.colcon_core.package_discovery:discover_packages(ignore) using defaults
[0.169s] Level 1:colcon.colcon_core.package_discovery:discover_packages(path) discover
[0.169s] Level 1:colcon.colcon_core.package_discovery:discover_packages(path) using defaults
[0.182s] Level 1:colcon.colcon_core.package_discovery:discover_packages(prefix_path) check parameters
[0.182s] Level 1:colcon.colcon_core.package_discovery:discover_packages(prefix_path) discover
[0.183s] DEBUG:colcon.colcon_installed_package_information.package_discovery:Found 1 installed packages in /home/pace2204/livox_ws/install
[0.184s] DEBUG:colcon.colcon_installed_package_information.package_discovery:Found 272 installed packages in /opt/ros/humble
[0.185s] Level 1:colcon.colcon_core.package_discovery:discover_packages(prefix_path) using defaults
[0.211s] Level 5:colcon.colcon_core.verb:set package 'adaptive_lio' build argument 'cmake_args' from command line to 'None'
[0.212s] Level 5:colcon.colcon_core.verb:set package 'adaptive_lio' build argument 'cmake_target' from command line to 'None'
[0.212s] Level 5:colcon.colcon_core.verb:set package 'adaptive_lio' build argument 'cmake_target_skip_unavailable' from command line to 'False'
[0.212s] Level 5:colcon.colcon_core.verb:set package 'adaptive_lio' build argument 'cmake_clean_cache' from command line to 'False'
[0.212s] Level 5:colcon.colcon_core.verb:set package 'adaptive_lio' build argument 'cmake_clean_first' from command line to 'False'
[0.212s] Level 5:colcon.colcon_core.verb:set package 'adaptive_lio' build argument 'cmake_force_configure' from command line to 'False'
[0.212s] Level 5:colcon.colcon_core.verb:set package 'adaptive_lio' build argument 'ament_cmake_args' from command line to 'None'
[0.212s] Level 5:colcon.colcon_core.verb:set package 'adaptive_lio' build argument 'catkin_cmake_args' from command line to 'None'
[0.212s] Level 5:colcon.colcon_core.verb:set package 'adaptive_lio' build argument 'catkin_skip_building_tests' from command line to 'False'
[0.212s] DEBUG:colcon.colcon_core.verb:Building package 'adaptive_lio' with the following arguments: {'ament_cmake_args': None, 'build_base': '/home/pace2204/copy/slam-mid360-volita/build/adaptive_lio', 'catkin_cmake_args': None, 'catkin_skip_building_tests': False, 'cmake_args': None, 'cmake_clean_cache': False, 'cmake_clean_first': False, 'cmake_force_configure': False, 'cmake_target': None, 'cmake_target_skip_unavailable': False, 'install_base': '/home/pace2204/copy/slam-mid360-volita/install/adaptive_lio', 'merge_install': False, 'path': '/home/pace2204/copy/slam-mid360-volita/src/adaptive_lio', 'symlink_install': False, 'test_result_base': None}
[0.212s] INFO:colcon.colcon_core.executor:Executing jobs using 'parallel' executor
[0.212s] DEBUG:colcon.colcon_parallel_executor.executor.parallel:run_until_complete
[0.213s] INFO:colcon.colcon_ros.task.ament_cmake.build:Building ROS package in '/home/pace2204/copy/slam-mid360-volita/src/adaptive_lio' with build type 'ament_cmake'
[0.213s] INFO:colcon.colcon_cmake.task.cmake.build:Building CMake package in '/home/pace2204/copy/slam-mid360-volita/src/adaptive_lio'
[0.214s] INFO:colcon.colcon_core.plugin_system:Skipping extension 'colcon_core.shell.bat': Not used on non-Windows systems
[0.214s] INFO:colcon.colcon_core.shell:Skip shell extension 'powershell' for command environment: Not usable outside of PowerShell
[0.214s] DEBUG:colcon.colcon_core.shell:Skip shell extension 'dsv' for command environment
[0.249s] ERROR:colcon.colcon_core.event_reactor:Exception in event handler extension 'console_start_end': [Errno 32] Broken pipe
Traceback (most recent call last):
  File "/usr/lib/python3/dist-packages/colcon_core/event_reactor.py", line 78, in _notify_observers
    retval = observer(event)
  File "/usr/lib/python3/dist-packages/colcon_core/event_handler/console_start_end.py", line 41, in __call__
    print(Style.SectionStart(msg), flush=True)
BrokenPipeError: [Errno 32] Broken pipe

[0.249s] DEBUG:colcon.colcon_core.event_handler.log_command:Invoking command in '/home/pace2204/copy/slam-mid360-volita/build/adaptive_lio': CMAKE_PREFIX_PATH=${CMAKE_PREFIX_PATH}:/opt/ros/humble /usr/bin/cmake --build /home/pace2204/copy/slam-mid360-volita/build/adaptive_lio -- -j20 -l20
[30.824s] DEBUG:colcon.colcon_core.event_handler.log_command:Invoked command in '/home/pace2204/copy/slam-mid360-volita/build/adaptive_lio' returned '0': CMAKE_PREFIX_PATH=${CMAKE_PREFIX_PATH}:/opt/ros/humble /usr/bin/cmake --build /home/pace2204/copy/slam-mid360-volita/build/adaptive_lio -- -j20 -l20
[30.832s] DEBUG:colcon.colcon_core.event_handler.log_command:Invoking command in '/home/pace2204/copy/slam-mid360-volita/build/adaptive_lio': CMAKE_PREFIX_PATH=${CMAKE_PREFIX_PATH}:/opt/ros/humble /usr/bin/cmake --install /home/pace2204/copy/slam-mid360-volita/build/adaptive_lio
[30.848s] Level 1:colcon.colcon_core.environment:create_environment_scripts_only(adaptive_lio)
[30.849s] DEBUG:colcon.colcon_core.event_handler.log_command:Invoked command in '/home/pace2204/copy/slam-mid360-volita/build/adaptive_lio' returned '0': CMAKE_PREFIX_PATH=${CMAKE_PREFIX_PATH}:/opt/ros/humble /usr/bin/cmake --install /home/pace2204/copy/slam-mid360-volita/build/adaptive_lio
[30.853s] Level 1:colcon.colcon_core.environment:checking '/home/pace2204/copy/slam-mid360-volita/install/adaptive_lio' for CMake module files
[30.853s] Level 1:colcon.colcon_core.environment:checking '/home/pace2204/copy/slam-mid360-volita/install/adaptive_lio' for CMake config files
[30.853s] Level 1:colcon.colcon_core.shell:create_environment_hook('adaptive_lio', 'cmake_prefix_path')
[30.854s] INFO:colcon.colcon_core.shell:Creating environment hook '/home/pace2204/copy/slam-mid360-volita/install/adaptive_lio/share/adaptive_lio/hook/cmake_prefix_path.ps1'
[30.854s] INFO:colcon.colcon_core.shell:Creating environment descriptor '/home/pace2204/copy/slam-mid360-volita/install/adaptive_lio/share/adaptive_lio/hook/cmake_prefix_path.dsv'
[30.855s] INFO:colcon.colcon_core.shell:Creating environment hook '/home/pace2204/copy/slam-mid360-volita/install/adaptive_lio/share/adaptive_lio/hook/cmake_prefix_path.sh'
[30.856s] Level 1:colcon.colcon_core.environment:checking '/home/pace2204/copy/slam-mid360-volita/install/adaptive_lio/lib'
[30.856s] Level 1:colcon.colcon_core.environment:checking '/home/pace2204/copy/slam-mid360-volita/install/adaptive_lio/bin'
[30.857s] Level 1:colcon.colcon_core.environment:checking '/home/pace2204/copy/slam-mid360-volita/install/adaptive_lio/lib/pkgconfig/adaptive_lio.pc'
[30.857s] Level 1:colcon.colcon_core.environment:checking '/home/pace2204/copy/slam-mid360-volita/install/adaptive_lio/lib/python3.10/site-packages'
[30.857s] Level 1:colcon.colcon_core.environment:checking '/home/pace2204/copy/slam-mid360-volita/install/adaptive_lio/bin'
[30.858s] INFO:colcon.colcon_core.shell:Creating package script '/home/pace2204/copy/slam-mid360-volita/install/adaptive_lio/share/adaptive_lio/package.ps1'
[30.858s] INFO:colcon.colcon_core.shell:Creating package descriptor '/home/pace2204/copy/slam-mid360-volita/install/adaptive_lio/share/adaptive_lio/package.dsv'
[30.859s] INFO:colcon.colcon_core.shell:Creating package script '/home/pace2204/copy/slam-mid360-volita/install/adaptive_lio/share/adaptive_lio/package.sh'
[30.860s] INFO:colcon.colcon_core.shell:Creating package script '/home/pace2204/copy/slam-mid360-volita/install/adaptive_lio/share/adaptive_lio/package.bash'
[30.860s] INFO:colcon.colcon_core.shell:Creating package script '/home/pace2204/copy/slam-mid360-volita/install/adaptive_lio/share/adaptive_lio/package.zsh'
[30.861s] Level 1:colcon.colcon_core.environment:create_file_with_runtime_dependencies(/home/pace2204/copy/slam-mid360-volita/install/adaptive_lio/share/colcon-core/packages/adaptive_lio)
[30.861s] Level 1:colcon.colcon_core.environment:create_environment_scripts_only(adaptive_lio)
[30.861s] Level 1:colcon.colcon_core.environment:checking '/home/pace2204/copy/slam-mid360-volita/install/adaptive_lio' for CMake module files
[30.862s] Level 1:colcon.colcon_core.environment:checking '/home/pace2204/copy/slam-mid360-volita/install/adaptive_lio' for CMake config files
[30.862s] Level 1:colcon.colcon_core.shell:create_environment_hook('adaptive_lio', 'cmake_prefix_path')
[30.862s] INFO:colcon.colcon_core.shell:Creating environment hook '/home/pace2204/copy/slam-mid360-volita/install/adaptive_lio/share/adaptive_lio/hook/cmake_prefix_path.ps1'
[30.862s] INFO:colcon.colcon_core.shell:Creating environment descriptor '/home/pace2204/copy/slam-mid360-volita/install/adaptive_lio/share/adaptive_lio/hook/cmake_prefix_path.dsv'
[30.862s] INFO:colcon.colcon_core.shell:Creating environment hook '/home/pace2204/copy/slam-mid360-volita/install/adaptive_lio/share/adaptive_lio/hook/cmake_prefix_path.sh'
[30.863s] Level 1:colcon.colcon_core.environment:checking '/home/pace2204/copy/slam-mid360-volita/install/adaptive_lio/lib'
[30.863s] Level 1:colcon.colcon_core.environment:checking '/home/pace2204/copy/slam-mid360-volita/install/adaptive_lio/bin'
[30.863s] Level 1:colcon.colcon_core.environment:checking '/home/pace2204/copy/slam-mid360-volita/install/adaptive_lio/lib/pkgconfig/adaptive_lio.pc'
[30.863s] Level 1:colcon.colcon_core.environment:checking '/home/pace2204/copy/slam-mid360-volita/install/adaptive_lio/lib/python3.10/site-packages'
[30.863s] Level 1:colcon.colcon_core.environment:checking '/home/pace2204/copy/slam-mid360-volita/install/adaptive_lio/bin'
[30.863s] INFO:colcon.colcon_core.shell:Creating package script '/home/pace2204/copy/slam-mid360-volita/install/adaptive_lio/share/adaptive_lio/package.ps1'
[30.864s] INFO:colcon.colcon_core.shell:Creating package descriptor '/home/pace2204/copy/slam-mid360-volita/install/adaptive_lio/share/adaptive_lio/package.dsv'
[30.864s] INFO:colcon.colcon_core.shell:Creating package script '/home/pace2204/copy/slam-mid360-volita/install/adaptive_lio/share/adaptive_lio/package.sh'
[30.864s] INFO:colcon.colcon_core.shell:Creating package script '/home/pace2204/copy/slam-mid360-volita/install/adaptive_lio/share/adaptive_lio/package.bash'
[30.864s] INFO:colcon.colcon_core.shell:Creating package script '/home/pace2204/copy/slam-mid360-volita/install/adaptive_lio/share/adaptive_lio/package.zsh'
[30.865s] Level 1:colcon.colcon_core.environment:create_file_with_runtime_dependencies(/home/pace2204/copy/slam-mid360-volita/install/adaptive_lio/share/colcon-core/packages/adaptive_lio)
[30.865s] DEBUG:colcon.colcon_parallel_executor.executor.parallel:closing loop
[30.865s] DEBUG:colcon.colcon_parallel_executor.executor.parallel:loop closed
[30.865s] DEBUG:colcon.colcon_parallel_executor.executor.parallel:run_until_complete finished with '0'
[30.865s] DEBUG:colcon.colcon_core.event_reactor:joining thread
[30.865s] ERROR:colcon.colcon_core.event_reactor:Exception in event handler extension 'console_stderr': [Errno 32] Broken pipe
Traceback (most recent call last):
  File "/usr/lib/python3/dist-packages/colcon_core/event_reactor.py", line 78, in _notify_observers
    retval = observer(event)
  File "/usr/lib/python3/dist-packages/colcon_output/event_handler/console_stderr.py", line 52, in __call__
    print(msg, file=sys.stderr, flush=True)
BrokenPipeError: [Errno 32] Broken pipe

[30.865s] ERROR:colcon.colcon_core.event_reactor:Exception in event handler extension 'console_start_end': [Errno 32] Broken pipe
Traceback (most recent call last):
  File "/usr/lib/python3/dist-packages/colcon_core/event_reactor.py", line 78, in _notify_observers
    retval = observer(event)
  File "/usr/lib/python3/dist-packages/colcon_core/event_handler/console_start_end.py", line 72, in __call__
    print(Style.SectionEnd(msg), file=writable, flush=True)
BrokenPipeError: [Errno 32] Broken pipe

[30.868s] INFO:colcon.colcon_core.plugin_system:Skipping extension 'colcon_notification.desktop_notification.terminal_notifier': Not used on non-Darwin systems
[30.868s] INFO:colcon.colcon_core.plugin_system:Skipping extension 'colcon_notification.desktop_notification.win32': Not used on non-Windows systems
[30.868s] INFO:colcon.colcon_notification.desktop_notification:Sending desktop notification using 'notify2'
[30.878s] DEBUG:colcon.colcon_core.event_reactor:joined thread
[30.878s] INFO:colcon.colcon_core.shell:Creating prefix script '/home/pace2204/copy/slam-mid360-volita/install/local_setup.ps1'
[30.879s] INFO:colcon.colcon_core.shell:Creating prefix util module '/home/pace2204/copy/slam-mid360-volita/install/_local_setup_util_ps1.py'
[30.880s] INFO:colcon.colcon_core.shell:Creating prefix chain script '/home/pace2204/copy/slam-mid360-volita/install/setup.ps1'
[30.880s] INFO:colcon.colcon_core.shell:Creating prefix script '/home/pace2204/copy/slam-mid360-volita/install/local_setup.sh'
[30.881s] INFO:colcon.colcon_core.shell:Creating prefix util module '/home/pace2204/copy/slam-mid360-volita/install/_local_setup_util_sh.py'
[30.881s] INFO:colcon.colcon_core.shell:Creating prefix chain script '/home/pace2204/copy/slam-mid360-volita/install/setup.sh'
[30.881s] INFO:colcon.colcon_core.shell:Creating prefix script '/home/pace2204/copy/slam-mid360-volita/install/local_setup.bash'
[30.882s] INFO:colcon.colcon_core.shell:Creating prefix chain script '/home/pace2204/copy/slam-mid360-volita/install/setup.bash'
[30.882s] INFO:colcon.colcon_core.shell:Creating prefix script '/home/pace2204/copy/slam-mid360-volita/install/local_setup.zsh'
[30.883s] INFO:colcon.colcon_core.shell:Creating prefix chain script '/home/pace2204/copy/slam-mid360-volita/install/setup.zsh'
