[0.000000] (-) TimerEvent: {}
[0.000190] (adaptive_lio) JobQueued: {'identifier': 'adaptive_lio', 'dependencies': OrderedDict()}
[0.000606] (adaptive_lio) JobStarted: {'identifier': 'adaptive_lio'}
[0.005754] (adaptive_lio) JobProgress: {'identifier': 'adaptive_lio', 'progress': 'cmake'}
[0.006326] (adaptive_lio) Command: {'cmd': ['/usr/bin/cmake', '/home/pace2204/copy/slam-mid360-volita/src/adaptive_lio', '-DCMAKE_INSTALL_PREFIX=/home/pace2204/copy/slam-mid360-volita/install/adaptive_lio'], 'cwd': '/home/pace2204/copy/slam-mid360-volita/build/adaptive_lio', 'env': OrderedDict([('GJS_DEBUG_TOPICS', 'JS ERROR;JS LOG'), ('VSCODE_CWD', '/home/pace2204'), ('LANGUAGE', 'zh_CN:zh'), ('USER', 'pace2204'), ('VSCODE_NLS_CONFIG', '{"userLocale":"zh-cn","osLocale":"en","resolvedLanguage":"zh-cn","defaultMessagesFile":"/usr/share/qoder/resources/app/out/nls.messages.json","languagePack":{"translationsConfigFile":"/home/pace2204/.config/Qoder/clp/3afffd5016528ded1c796a08d125a4d5.zh-cn/tcf.json","messagesFile":"/home/pace2204/.config/Qoder/clp/3afffd5016528ded1c796a08d125a4d5.zh-cn/0.4.7_ba2c98a811c6e5222a3d7f07e51e5b512cf9e403/nls.messages.json","corruptMarkerFile":"/home/pace2204/.config/Qoder/clp/3afffd5016528ded1c796a08d125a4d5.zh-cn/corrupted.info"},"locale":"zh-cn","availableLanguages":{"*":"zh-cn"},"_languagePackId":"3afffd5016528ded1c796a08d125a4d5.zh-cn","_languagePackSupport":true,"_translationsConfigFile":"/home/pace2204/.config/Qoder/clp/3afffd5016528ded1c796a08d125a4d5.zh-cn/tcf.json","_cacheRoot":"/home/pace2204/.config/Qoder/clp/3afffd5016528ded1c796a08d125a4d5.zh-cn","_resolvedLanguagePackCoreLocation":"/home/pace2204/.config/Qoder/clp/3afffd5016528ded1c796a08d125a4d5.zh-cn/0.4.7_ba2c98a811c6e5222a3d7f07e51e5b512cf9e403","_corruptedFile":"/home/pace2204/.config/Qoder/clp/3afffd5016528ded1c796a08d125a4d5.zh-cn/corrupted.info"}'), ('GIT_EDITOR', 'true'), ('XDG_SESSION_TYPE', 'wayland'), ('SHLVL', '1'), ('LD_LIBRARY_PATH', '/home/pace2204/livox_ws/install/livox_ros_driver2/lib:/opt/ros/humble/opt/rviz_ogre_vendor/lib:/opt/ros/humble/lib/x86_64-linux-gnu:/opt/ros/humble/lib'), ('HOME', '/home/pace2204'), ('CHROME_DESKTOP', 'qoder.desktop'), ('OLDPWD', '/home/pace2204/copy/slam-mid360-volita'), ('DESKTOP_SESSION', 'ubuntu'), ('VSCODE_IPC_HOOK', '/run/user/1000/vscode-415d8430-1.10-main.sock'), ('GIO_LAUNCHED_DESKTOP_FILE', '/usr/share/applications/qoder.desktop'), ('ROS_PYTHON_VERSION', '3'), ('GNOME_SHELL_SESSION_MODE', 'ubuntu'), ('GTK_MODULES', 'gail:atk-bridge'), ('MANAGERPID', '1049'), ('SYSTEMD_EXEC_PID', '1286'), ('IM_CONFIG_CHECK_ENV', '1'), ('DBUS_SESSION_BUS_ADDRESS', 'unix:path=/run/user/1000/bus'), ('QODERCLI_INTEGRATION_MODE', 'quest'), ('GIO_LAUNCHED_DESKTOP_FILE_PID', '87057'), ('IM_CONFIG_PHASE', '1'), ('WAYLAND_DISPLAY', 'wayland-0'), ('COLCON_PREFIX_PATH', '/home/pace2204/livox_ws/install'), ('ROS_DISTRO', 'humble'), ('LOGNAME', 'pace2204'), ('JOURNAL_STREAM', '8:13067'), ('_', '/usr/bin/colcon'), ('ROS_VERSION', '2'), ('XDG_SESSION_CLASS', 'user'), ('TYPE_IS_ARMS', 'true'), ('USERNAME', 'pace2204'), ('GNOME_DESKTOP_SESSION_ID', 'this-is-deprecated'), ('ROS_LOCALHOST_ONLY', '0'), ('VSCODE_BRAND', 'Qoder'), ('PATH', '/opt/ros/humble/bin:/usr/local/sbin:/usr/local/bin:/usr/sbin:/usr/bin:/sbin:/bin:/usr/games:/usr/local/games:/snap/bin:/snap/bin'), ('SESSION_MANAGER', 'local/pace2204-BQM5:@/tmp/.ICE-unix/1252,unix/pace2204-BQM5:/tmp/.ICE-unix/1252'), ('INVOCATION_ID', '02a58268ff434ccd909000380752652c'), ('XDG_MENU_PREFIX', 'gnome-'), ('GNOME_SETUP_DISPLAY', ':1'), ('XDG_RUNTIME_DIR', '/run/user/1000'), ('GDK_BACKEND', 'x11'), ('ARMS_APP_NAME', 'qoder-cosy'), ('DISPLAY', ':0'), ('ARMS_REGION_ID', 'ap-northeast-1'), ('LANG', 'zh_CN.UTF-8'), ('XDG_CURRENT_DESKTOP', 'Unity'), ('XMODIFIERS', '@im=ibus'), ('XDG_SESSION_DESKTOP', 'ubuntu'), ('XAUTHORITY', '/run/user/1000/.mutter-Xwaylandauth.GHURL3'), ('SSH_AGENT_LAUNCHER', 'gnome-keyring'), ('SSH_AUTH_SOCK', '/run/user/1000/keyring/ssh'), ('AMENT_PREFIX_PATH', '/home/pace2204/livox_ws/install/livox_ros_driver2:/opt/ros/humble'), ('ORIGINAL_XDG_CURRENT_DESKTOP', 'ubuntu:GNOME'), ('SHELL', '/bin/bash'), ('QT_ACCESSIBILITY', '1'), ('NO_AT_BRIDGE', '1'), ('GDMSESSION', 'ubuntu'), ('GJS_DEBUG_OUTPUT', 'stderr'), ('ARMS_ENABLE', 'true'), ('QT_IM_MODULE', 'ibus'), ('PWD', '/home/pace2204/copy/slam-mid360-volita/build/adaptive_lio'), ('XDG_CONFIG_DIRS', '/etc/xdg/xdg-ubuntu:/etc/xdg'), ('VSCODE_CODE_CACHE_PATH', '/home/pace2204/.config/Qoder/CachedData/ba2c98a811c6e5222a3d7f07e51e5b512cf9e403'), ('XDG_DATA_DIRS', '/usr/share/ubuntu:/usr/local/share/:/usr/share/:/var/lib/snapd/desktop'), ('PYTHONPATH', '/home/pace2204/livox_ws/install/livox_ros_driver2/local/lib/python3.10/dist-packages:/opt/ros/humble/lib/python3.10/site-packages:/opt/ros/humble/local/lib/python3.10/dist-packages'), ('QODER_CLI', '1'), ('COLCON', '1'), ('FEATURE_FLAGS', '{"authUserPlanTierName":true,"welcomeFirstLaunchKey":"qoder.firstLaunch","welcomeOnboardingUseCustomStyle":false,"questModeEnable":true,"repoWikiEnable":true,"codebaseIgnoreFileName":".qoderignore","chatDefaultMode":"agent","chatDefaultAskModeUseTools":true,"currentPlanTitleKey":"application.config.general.plan.currentPlan.title","enableCreditUsage":true,"hasDedicatedUrlSetting":false,"showWelcomeMessage":false,"showModelTierSelector":true,"showModelSelector":false,"landingPageNeedLoginBtn":true,"preferredLanguageSupportOnlyZhAndEn":false,"enableSecurityFilter":false,"enableCodeChanges":false,"enableGitCommit":false,"enableLocalFile":true,"enableUserPlanUpgrade":true,"defaultBigModelEndpoint":"https://center.qoder.sh","improvementPlanSetting":true,"supportOrganizationCommand":false,"enableDynamicConfig":true,"qoderDirectAuth":true,"feedbackMethodIsEmail":true,"commit":"ba2c98a811c6e5222a3d7f07e51e5b512cf9e403","date":"2026-02-13T07:13:54.052Z","checksums":{"vs/base/parts/sandbox/electron-sandbox/preload.js":"eMCMtyPVVMxe6uce3NknivMZgd2q6ljQPMr7vRScAYk","vs/workbench/workbench.desktop.main.js":"SXd9pOwo55Yt83OEiXFoPAZHye0pnQIrxbQ70O+Sed0","vs/workbench/workbench.desktop.main.css":"ks0fu1idwMDL7fIcSu1ifhgVpKdkCZziL+7TE1Yc0eo","vs/workbench/api/node/extensionHostProcess.js":"O9uuxViaBomQawTGz+iPBQciGCUSdznm4hYtj/4ed0E","vs/code/electron-sandbox/workbench/workbench.html":"qCUV1BYtmJSS5BrtctLLLnPUm3g0BF+THziYLDg2hCo","vs/code/electron-sandbox/workbench/workbench.js":"HTzPHXSSGaB8b0ToK7BcL04+DQWpVjGgEPRXhP7jxW4"},"version":"0.4.7"}'), ('CMAKE_PREFIX_PATH', '/home/pace2204/livox_ws/install/livox_ros_driver2:/opt/ros/humble'), ('VSCODE_PID', '87057')]), 'shell': False}
[0.019253] (adaptive_lio) StdoutLine: {'line': b'-- Found ament_cmake: 1.3.12 (/opt/ros/humble/share/ament_cmake/cmake)\n'}
[0.099789] (-) TimerEvent: {}
[0.120977] (adaptive_lio) StdoutLine: {'line': b'-- Found rclcpp: 16.0.17 (/opt/ros/humble/share/rclcpp/cmake)\n'}
[0.148153] (adaptive_lio) StdoutLine: {'line': b'-- Found rosidl_generator_c: 3.1.8 (/opt/ros/humble/share/rosidl_generator_c/cmake)\n'}
[0.150171] (adaptive_lio) StdoutLine: {'line': b'-- Found rosidl_adapter: 3.1.8 (/opt/ros/humble/share/rosidl_adapter/cmake)\n'}
[0.155952] (adaptive_lio) StdoutLine: {'line': b'-- Found rosidl_generator_cpp: 3.1.8 (/opt/ros/humble/share/rosidl_generator_cpp/cmake)\n'}
[0.164707] (adaptive_lio) StdoutLine: {'line': b'-- Using all available rosidl_typesupport_c: rosidl_typesupport_fastrtps_c;rosidl_typesupport_introspection_c\n'}
[0.180810] (adaptive_lio) StdoutLine: {'line': b'-- Using all available rosidl_typesupport_cpp: rosidl_typesupport_fastrtps_cpp;rosidl_typesupport_introspection_cpp\n'}
[0.199884] (-) TimerEvent: {}
[0.211490] (adaptive_lio) StdoutLine: {'line': b'-- Found rmw_implementation_cmake: 6.1.2 (/opt/ros/humble/share/rmw_implementation_cmake/cmake)\n'}
[0.212818] (adaptive_lio) StdoutLine: {'line': b'-- Found rmw_fastrtps_cpp: 6.2.9 (/opt/ros/humble/share/rmw_fastrtps_cpp/cmake)\n'}
[0.285932] (adaptive_lio) StdoutLine: {'line': b"-- Using RMW implementation 'rmw_fastrtps_cpp' as default\n"}
[0.299941] (-) TimerEvent: {}
[0.329551] (adaptive_lio) StdoutLine: {'line': b'-- Found sensor_msgs: 4.9.0 (/opt/ros/humble/share/sensor_msgs/cmake)\n'}
[0.351924] (adaptive_lio) StdoutLine: {'line': b'-- Found nav_msgs: 4.9.0 (/opt/ros/humble/share/nav_msgs/cmake)\n'}
[0.364207] (adaptive_lio) StdoutLine: {'line': b'-- Found tf2: 0.25.18 (/opt/ros/humble/share/tf2/cmake)\n'}
[0.367816] (adaptive_lio) StdoutLine: {'line': b'-- Found tf2_ros: 0.25.18 (/opt/ros/humble/share/tf2_ros/cmake)\n'}
[0.400042] (-) TimerEvent: {}
[0.430032] (adaptive_lio) StdoutLine: {'line': b'-- Found pcl_conversions: 2.4.5 (/opt/ros/humble/share/pcl_conversions/cmake)\n'}
[0.454901] (adaptive_lio) StdoutLine: {'line': b'-- Eigen found (include: /usr/include/eigen3, version: 3.4.0)\n'}
[0.476441] (adaptive_lio) StdoutLine: {'line': b'-- FLANN found (include: /usr/include, lib: /usr/lib/x86_64-linux-gnu/libflann_cpp.so)\n'}
[0.500138] (-) TimerEvent: {}
[0.600309] (-) TimerEvent: {}
[0.700492] (-) TimerEvent: {}
[0.764686] (adaptive_lio) StdoutLine: {'line': b'-- OpenNI found (version: 1.5.4.0, include: /usr/include/ni, lib: /usr/lib/libOpenNI.so;libusb::libusb)\n'}
[0.771825] (adaptive_lio) StdoutLine: {'line': b'-- OpenNI2 found (version: 2.2.0.33, include: /usr/include/openni2, lib: /usr/lib/x86_64-linux-gnu/libOpenNI2.so;libusb::libusb)\n'}
[0.800581] (-) TimerEvent: {}
[0.880648] (adaptive_lio) StdoutLine: {'line': b'-- Eigen found (include: /usr/include/eigen3, version: 3.4.0)\n'}
[0.885221] (adaptive_lio) StdoutLine: {'line': b'-- OpenNI found (version: 1.5.4.0, include: /usr/include/ni, lib: /usr/lib/libOpenNI.so;libusb::libusb)\n'}
[0.892636] (adaptive_lio) StdoutLine: {'line': b'-- OpenNI2 found (version: 2.2.0.33, include: /usr/include/openni2, lib: /usr/lib/x86_64-linux-gnu/libOpenNI2.so;libusb::libusb)\n'}
[0.900698] (-) TimerEvent: {}
[1.000902] (-) TimerEvent: {}
[1.001100] (adaptive_lio) StdoutLine: {'line': b'-- Found Qhull version 8.0.2\n'}
[1.100941] (-) TimerEvent: {}
[1.109316] (adaptive_lio) StdoutLine: {'line': b'-- OpenNI found (version: 1.5.4.0, include: /usr/include/ni, lib: /usr/lib/libOpenNI.so;libusb::libusb)\n'}
[1.201037] (-) TimerEvent: {}
[1.258649] (adaptive_lio) StdoutLine: {'line': b'-- Found livox_ros_driver2: 1.0.0 (/home/pace2204/livox_ws/install/livox_ros_driver2/share/livox_ros_driver2/cmake)\n'}
[1.277084] (adaptive_lio) StdoutLine: {'line': b'-- Found std_srvs: 4.9.0 (/opt/ros/humble/share/std_srvs/cmake)\n'}
[1.294382] (adaptive_lio) StderrLine: {'line': b'CMake Warning (dev) at CMakeLists.txt:35 (find_package):\n'}
[1.294534] (adaptive_lio) StderrLine: {'line': b'  Policy CMP0074 is not set: find_package uses <PackageName>_ROOT variables.\n'}
[1.294572] (adaptive_lio) StderrLine: {'line': b'  Run "cmake --help-policy CMP0074" for policy details.  Use the cmake_policy\n'}
[1.294604] (adaptive_lio) StderrLine: {'line': b'  command to set the policy and suppress this warning.\n'}
[1.294633] (adaptive_lio) StderrLine: {'line': b'\n'}
[1.294662] (adaptive_lio) StderrLine: {'line': b'  CMake variable PCL_ROOT is set to:\n'}
[1.294693] (adaptive_lio) StderrLine: {'line': b'\n'}
[1.294721] (adaptive_lio) StderrLine: {'line': b'    /usr\n'}
[1.294748] (adaptive_lio) StderrLine: {'line': b'\n'}
[1.294776] (adaptive_lio) StderrLine: {'line': b'  For compatibility, CMake is ignoring the variable.\n'}
[1.294805] (adaptive_lio) StderrLine: {'line': b'This warning is for project developers.  Use -Wno-dev to suppress it.\n'}
[1.294834] (adaptive_lio) StderrLine: {'line': b'\n'}
[1.301126] (-) TimerEvent: {}
[1.302562] (adaptive_lio) StdoutLine: {'line': b'-- Found required Ceres dependency: Eigen version 3.4.0 in /usr/include/eigen3\n'}
[1.304545] (adaptive_lio) StdoutLine: {'line': b'-- Found required Ceres dependency: glog\n'}
[1.304955] (adaptive_lio) StdoutLine: {'line': b'-- Found required Ceres dependency: gflags\n'}
[1.305464] (adaptive_lio) StdoutLine: {'line': b'-- Found Ceres version: 2.0.0 installed in: /usr with components: [EigenSparse, SparseLinearAlgebraLibrary, LAPACK, SuiteSparse, CXSparse, SchurSpecializations, Multithreading]\n'}
[1.315210] (adaptive_lio) StderrLine: {'line': b'CMake Warning (dev) at /usr/share/cmake-3.22/Modules/FindPackageHandleStandardArgs.cmake:438 (message):\n'}
[1.315268] (adaptive_lio) StderrLine: {'line': b'  The package name passed to `find_package_handle_standard_args` (CSPARSE)\n'}
[1.315307] (adaptive_lio) StderrLine: {'line': b'  does not match the name of the calling package (CSparse).  This can lead to\n'}
[1.315335] (adaptive_lio) StderrLine: {'line': b'  problems in calling code that expects `find_package` result variables\n'}
[1.315362] (adaptive_lio) StderrLine: {'line': b'  (e.g., `_FOUND`) to follow a certain pattern.\n'}
[1.315388] (adaptive_lio) StderrLine: {'line': b'Call Stack (most recent call first):\n'}
[1.315415] (adaptive_lio) StderrLine: {'line': b'  cmake/FindCSparse.cmake:26 (find_package_handle_standard_args)\n'}
[1.315449] (adaptive_lio) StderrLine: {'line': b'  CMakeLists.txt:41 (find_package)\n'}
[1.315475] (adaptive_lio) StderrLine: {'line': b'This warning is for project developers.  Use -Wno-dev to suppress it.\n'}
[1.315500] (adaptive_lio) StderrLine: {'line': b'\n'}
[1.317386] (adaptive_lio) StderrLine: {'line': b'CMake Warning (dev) at /usr/share/cmake-3.22/Modules/FindPackageHandleStandardArgs.cmake:438 (message):\n'}
[1.317426] (adaptive_lio) StderrLine: {'line': b'  The package name passed to `find_package_handle_standard_args` (CHOLMOD)\n'}
[1.317453] (adaptive_lio) StderrLine: {'line': b'  does not match the name of the calling package (Cholmod).  This can lead to\n'}
[1.317478] (adaptive_lio) StderrLine: {'line': b'  problems in calling code that expects `find_package` result variables\n'}
[1.317503] (adaptive_lio) StderrLine: {'line': b'  (e.g., `_FOUND`) to follow a certain pattern.\n'}
[1.317527] (adaptive_lio) StderrLine: {'line': b'Call Stack (most recent call first):\n'}
[1.317552] (adaptive_lio) StderrLine: {'line': b'  cmake/FindCholmod.cmake:91 (find_package_handle_standard_args)\n'}
[1.317583] (adaptive_lio) StderrLine: {'line': b'  CMakeLists.txt:42 (find_package)\n'}
[1.317608] (adaptive_lio) StderrLine: {'line': b'This warning is for project developers.  Use -Wno-dev to suppress it.\n'}
[1.317635] (adaptive_lio) StderrLine: {'line': b'\n'}
[1.401230] (-) TimerEvent: {}
[1.460937] (adaptive_lio) StdoutLine: {'line': b'-- Configuring done\n'}
[1.501325] (-) TimerEvent: {}
[1.518295] (adaptive_lio) StdoutLine: {'line': b'-- Generating done\n'}
[1.532897] (adaptive_lio) StdoutLine: {'line': b'-- Build files have been written to: /home/pace2204/copy/slam-mid360-volita/build/adaptive_lio\n'}
[1.544802] (adaptive_lio) CommandEnded: {'returncode': 0}
[1.545550] (adaptive_lio) JobProgress: {'identifier': 'adaptive_lio', 'progress': 'build'}
[1.546594] (adaptive_lio) Command: {'cmd': ['/usr/bin/cmake', '--build', '/home/pace2204/copy/slam-mid360-volita/build/adaptive_lio', '--', '-j20', '-l20'], 'cwd': '/home/pace2204/copy/slam-mid360-volita/build/adaptive_lio', 'env': OrderedDict([('GJS_DEBUG_TOPICS', 'JS ERROR;JS LOG'), ('VSCODE_CWD', '/home/pace2204'), ('LANGUAGE', 'zh_CN:zh'), ('USER', 'pace2204'), ('VSCODE_NLS_CONFIG', '{"userLocale":"zh-cn","osLocale":"en","resolvedLanguage":"zh-cn","defaultMessagesFile":"/usr/share/qoder/resources/app/out/nls.messages.json","languagePack":{"translationsConfigFile":"/home/pace2204/.config/Qoder/clp/3afffd5016528ded1c796a08d125a4d5.zh-cn/tcf.json","messagesFile":"/home/pace2204/.config/Qoder/clp/3afffd5016528ded1c796a08d125a4d5.zh-cn/0.4.7_ba2c98a811c6e5222a3d7f07e51e5b512cf9e403/nls.messages.json","corruptMarkerFile":"/home/pace2204/.config/Qoder/clp/3afffd5016528ded1c796a08d125a4d5.zh-cn/corrupted.info"},"locale":"zh-cn","availableLanguages":{"*":"zh-cn"},"_languagePackId":"3afffd5016528ded1c796a08d125a4d5.zh-cn","_languagePackSupport":true,"_translationsConfigFile":"/home/pace2204/.config/Qoder/clp/3afffd5016528ded1c796a08d125a4d5.zh-cn/tcf.json","_cacheRoot":"/home/pace2204/.config/Qoder/clp/3afffd5016528ded1c796a08d125a4d5.zh-cn","_resolvedLanguagePackCoreLocation":"/home/pace2204/.config/Qoder/clp/3afffd5016528ded1c796a08d125a4d5.zh-cn/0.4.7_ba2c98a811c6e5222a3d7f07e51e5b512cf9e403","_corruptedFile":"/home/pace2204/.config/Qoder/clp/3afffd5016528ded1c796a08d125a4d5.zh-cn/corrupted.info"}'), ('GIT_EDITOR', 'true'), ('XDG_SESSION_TYPE', 'wayland'), ('SHLVL', '1'), ('LD_LIBRARY_PATH', '/home/pace2204/livox_ws/install/livox_ros_driver2/lib:/opt/ros/humble/opt/rviz_ogre_vendor/lib:/opt/ros/humble/lib/x86_64-linux-gnu:/opt/ros/humble/lib'), ('HOME', '/home/pace2204'), ('CHROME_DESKTOP', 'qoder.desktop'), ('OLDPWD', '/home/pace2204/copy/slam-mid360-volita'), ('DESKTOP_SESSION', 'ubuntu'), ('VSCODE_IPC_HOOK', '/run/user/1000/vscode-415d8430-1.10-main.sock'), ('GIO_LAUNCHED_DESKTOP_FILE', '/usr/share/applications/qoder.desktop'), ('ROS_PYTHON_VERSION', '3'), ('GNOME_SHELL_SESSION_MODE', 'ubuntu'), ('GTK_MODULES', 'gail:atk-bridge'), ('MANAGERPID', '1049'), ('SYSTEMD_EXEC_PID', '1286'), ('IM_CONFIG_CHECK_ENV', '1'), ('DBUS_SESSION_BUS_ADDRESS', 'unix:path=/run/user/1000/bus'), ('QODERCLI_INTEGRATION_MODE', 'quest'), ('GIO_LAUNCHED_DESKTOP_FILE_PID', '87057'), ('IM_CONFIG_PHASE', '1'), ('WAYLAND_DISPLAY', 'wayland-0'), ('COLCON_PREFIX_PATH', '/home/pace2204/livox_ws/install'), ('ROS_DISTRO', 'humble'), ('LOGNAME', 'pace2204'), ('JOURNAL_STREAM', '8:13067'), ('_', '/usr/bin/colcon'), ('ROS_VERSION', '2'), ('XDG_SESSION_CLASS', 'user'), ('TYPE_IS_ARMS', 'true'), ('USERNAME', 'pace2204'), ('GNOME_DESKTOP_SESSION_ID', 'this-is-deprecated'), ('ROS_LOCALHOST_ONLY', '0'), ('VSCODE_BRAND', 'Qoder'), ('PATH', '/opt/ros/humble/bin:/usr/local/sbin:/usr/local/bin:/usr/sbin:/usr/bin:/sbin:/bin:/usr/games:/usr/local/games:/snap/bin:/snap/bin'), ('SESSION_MANAGER', 'local/pace2204-BQM5:@/tmp/.ICE-unix/1252,unix/pace2204-BQM5:/tmp/.ICE-unix/1252'), ('INVOCATION_ID', '02a58268ff434ccd909000380752652c'), ('XDG_MENU_PREFIX', 'gnome-'), ('GNOME_SETUP_DISPLAY', ':1'), ('XDG_RUNTIME_DIR', '/run/user/1000'), ('GDK_BACKEND', 'x11'), ('ARMS_APP_NAME', 'qoder-cosy'), ('DISPLAY', ':0'), ('ARMS_REGION_ID', 'ap-northeast-1'), ('LANG', 'zh_CN.UTF-8'), ('XDG_CURRENT_DESKTOP', 'Unity'), ('XMODIFIERS', '@im=ibus'), ('XDG_SESSION_DESKTOP', 'ubuntu'), ('XAUTHORITY', '/run/user/1000/.mutter-Xwaylandauth.GHURL3'), ('SSH_AGENT_LAUNCHER', 'gnome-keyring'), ('SSH_AUTH_SOCK', '/run/user/1000/keyring/ssh'), ('AMENT_PREFIX_PATH', '/home/pace2204/livox_ws/install/livox_ros_driver2:/opt/ros/humble'), ('ORIGINAL_XDG_CURRENT_DESKTOP', 'ubuntu:GNOME'), ('SHELL', '/bin/bash'), ('QT_ACCESSIBILITY', '1'), ('NO_AT_BRIDGE', '1'), ('GDMSESSION', 'ubuntu'), ('GJS_DEBUG_OUTPUT', 'stderr'), ('ARMS_ENABLE', 'true'), ('QT_IM_MODULE', 'ibus'), ('PWD', '/home/pace2204/copy/slam-mid360-volita/build/adaptive_lio'), ('XDG_CONFIG_DIRS', '/etc/xdg/xdg-ubuntu:/etc/xdg'), ('VSCODE_CODE_CACHE_PATH', '/home/pace2204/.config/Qoder/CachedData/ba2c98a811c6e5222a3d7f07e51e5b512cf9e403'), ('XDG_DATA_DIRS', '/usr/share/ubuntu:/usr/local/share/:/usr/share/:/var/lib/snapd/desktop'), ('PYTHONPATH', '/home/pace2204/livox_ws/install/livox_ros_driver2/local/lib/python3.10/dist-packages:/opt/ros/humble/lib/python3.10/site-packages:/opt/ros/humble/local/lib/python3.10/dist-packages'), ('QODER_CLI', '1'), ('COLCON', '1'), ('FEATURE_FLAGS', '{"authUserPlanTierName":true,"welcomeFirstLaunchKey":"qoder.firstLaunch","welcomeOnboardingUseCustomStyle":false,"questModeEnable":true,"repoWikiEnable":true,"codebaseIgnoreFileName":".qoderignore","chatDefaultMode":"agent","chatDefaultAskModeUseTools":true,"currentPlanTitleKey":"application.config.general.plan.currentPlan.title","enableCreditUsage":true,"hasDedicatedUrlSetting":false,"showWelcomeMessage":false,"showModelTierSelector":true,"showModelSelector":false,"landingPageNeedLoginBtn":true,"preferredLanguageSupportOnlyZhAndEn":false,"enableSecurityFilter":false,"enableCodeChanges":false,"enableGitCommit":false,"enableLocalFile":true,"enableUserPlanUpgrade":true,"defaultBigModelEndpoint":"https://center.qoder.sh","improvementPlanSetting":true,"supportOrganizationCommand":false,"enableDynamicConfig":true,"qoderDirectAuth":true,"feedbackMethodIsEmail":true,"commit":"ba2c98a811c6e5222a3d7f07e51e5b512cf9e403","date":"2026-02-13T07:13:54.052Z","checksums":{"vs/base/parts/sandbox/electron-sandbox/preload.js":"eMCMtyPVVMxe6uce3NknivMZgd2q6ljQPMr7vRScAYk","vs/workbench/workbench.desktop.main.js":"SXd9pOwo55Yt83OEiXFoPAZHye0pnQIrxbQ70O+Sed0","vs/workbench/workbench.desktop.main.css":"ks0fu1idwMDL7fIcSu1ifhgVpKdkCZziL+7TE1Yc0eo","vs/workbench/api/node/extensionHostProcess.js":"O9uuxViaBomQawTGz+iPBQciGCUSdznm4hYtj/4ed0E","vs/code/electron-sandbox/workbench/workbench.html":"qCUV1BYtmJSS5BrtctLLLnPUm3g0BF+THziYLDg2hCo","vs/code/electron-sandbox/workbench/workbench.js":"HTzPHXSSGaB8b0ToK7BcL04+DQWpVjGgEPRXhP7jxW4"},"version":"0.4.7"}'), ('CMAKE_PREFIX_PATH', '/home/pace2204/livox_ws/install/livox_ros_driver2:/opt/ros/humble'), ('VSCODE_PID', '87057')]), 'shell': False}
[1.592704] (adaptive_lio) StdoutLine: {'line': b'Consolidate compiler generated dependencies of target adaptive_lio.pre\n'}
[1.593926] (adaptive_lio) StdoutLine: {'line': b'Consolidate compiler generated dependencies of target adaptive_lio.common\n'}
[1.601430] (-) TimerEvent: {}
[1.605645] (adaptive_lio) StdoutLine: {'line': b'[ 10%] Built target adaptive_lio.pre\n'}
[1.606078] (adaptive_lio) StdoutLine: {'line': b'[ 50%] Built target adaptive_lio.common\n'}
[1.618832] (adaptive_lio) StdoutLine: {'line': b'Consolidate compiler generated dependencies of target adaptive_lio.algo\n'}
[1.629038] (adaptive_lio) StdoutLine: {'line': b'[ 60%] Built target adaptive_lio.algo\n'}
[1.646795] (adaptive_lio) StdoutLine: {'line': b'Consolidate compiler generated dependencies of target adaptive_lio.lio\n'}
[1.658108] (adaptive_lio) StdoutLine: {'line': b'[ 85%] Built target adaptive_lio.lio\n'}
[1.681617] (adaptive_lio) StdoutLine: {'line': b'Consolidate compiler generated dependencies of target adaptive_lio_node\n'}
[1.697255] (adaptive_lio) StdoutLine: {'line': b'[100%] Built target adaptive_lio_node\n'}
[1.701527] (-) TimerEvent: {}
[1.706130] (adaptive_lio) CommandEnded: {'returncode': 0}
[1.706902] (adaptive_lio) JobProgress: {'identifier': 'adaptive_lio', 'progress': 'install'}
[1.714993] (adaptive_lio) Command: {'cmd': ['/usr/bin/cmake', '--install', '/home/pace2204/copy/slam-mid360-volita/build/adaptive_lio'], 'cwd': '/home/pace2204/copy/slam-mid360-volita/build/adaptive_lio', 'env': OrderedDict([('GJS_DEBUG_TOPICS', 'JS ERROR;JS LOG'), ('VSCODE_CWD', '/home/pace2204'), ('LANGUAGE', 'zh_CN:zh'), ('USER', 'pace2204'), ('VSCODE_NLS_CONFIG', '{"userLocale":"zh-cn","osLocale":"en","resolvedLanguage":"zh-cn","defaultMessagesFile":"/usr/share/qoder/resources/app/out/nls.messages.json","languagePack":{"translationsConfigFile":"/home/pace2204/.config/Qoder/clp/3afffd5016528ded1c796a08d125a4d5.zh-cn/tcf.json","messagesFile":"/home/pace2204/.config/Qoder/clp/3afffd5016528ded1c796a08d125a4d5.zh-cn/0.4.7_ba2c98a811c6e5222a3d7f07e51e5b512cf9e403/nls.messages.json","corruptMarkerFile":"/home/pace2204/.config/Qoder/clp/3afffd5016528ded1c796a08d125a4d5.zh-cn/corrupted.info"},"locale":"zh-cn","availableLanguages":{"*":"zh-cn"},"_languagePackId":"3afffd5016528ded1c796a08d125a4d5.zh-cn","_languagePackSupport":true,"_translationsConfigFile":"/home/pace2204/.config/Qoder/clp/3afffd5016528ded1c796a08d125a4d5.zh-cn/tcf.json","_cacheRoot":"/home/pace2204/.config/Qoder/clp/3afffd5016528ded1c796a08d125a4d5.zh-cn","_resolvedLanguagePackCoreLocation":"/home/pace2204/.config/Qoder/clp/3afffd5016528ded1c796a08d125a4d5.zh-cn/0.4.7_ba2c98a811c6e5222a3d7f07e51e5b512cf9e403","_corruptedFile":"/home/pace2204/.config/Qoder/clp/3afffd5016528ded1c796a08d125a4d5.zh-cn/corrupted.info"}'), ('GIT_EDITOR', 'true'), ('XDG_SESSION_TYPE', 'wayland'), ('SHLVL', '1'), ('LD_LIBRARY_PATH', '/home/pace2204/livox_ws/install/livox_ros_driver2/lib:/opt/ros/humble/opt/rviz_ogre_vendor/lib:/opt/ros/humble/lib/x86_64-linux-gnu:/opt/ros/humble/lib'), ('HOME', '/home/pace2204'), ('CHROME_DESKTOP', 'qoder.desktop'), ('OLDPWD', '/home/pace2204/copy/slam-mid360-volita'), ('DESKTOP_SESSION', 'ubuntu'), ('VSCODE_IPC_HOOK', '/run/user/1000/vscode-415d8430-1.10-main.sock'), ('GIO_LAUNCHED_DESKTOP_FILE', '/usr/share/applications/qoder.desktop'), ('ROS_PYTHON_VERSION', '3'), ('GNOME_SHELL_SESSION_MODE', 'ubuntu'), ('GTK_MODULES', 'gail:atk-bridge'), ('MANAGERPID', '1049'), ('SYSTEMD_EXEC_PID', '1286'), ('IM_CONFIG_CHECK_ENV', '1'), ('DBUS_SESSION_BUS_ADDRESS', 'unix:path=/run/user/1000/bus'), ('QODERCLI_INTEGRATION_MODE', 'quest'), ('GIO_LAUNCHED_DESKTOP_FILE_PID', '87057'), ('IM_CONFIG_PHASE', '1'), ('WAYLAND_DISPLAY', 'wayland-0'), ('COLCON_PREFIX_PATH', '/home/pace2204/livox_ws/install'), ('ROS_DISTRO', 'humble'), ('LOGNAME', 'pace2204'), ('JOURNAL_STREAM', '8:13067'), ('_', '/usr/bin/colcon'), ('ROS_VERSION', '2'), ('XDG_SESSION_CLASS', 'user'), ('TYPE_IS_ARMS', 'true'), ('USERNAME', 'pace2204'), ('GNOME_DESKTOP_SESSION_ID', 'this-is-deprecated'), ('ROS_LOCALHOST_ONLY', '0'), ('VSCODE_BRAND', 'Qoder'), ('PATH', '/opt/ros/humble/bin:/usr/local/sbin:/usr/local/bin:/usr/sbin:/usr/bin:/sbin:/bin:/usr/games:/usr/local/games:/snap/bin:/snap/bin'), ('SESSION_MANAGER', 'local/pace2204-BQM5:@/tmp/.ICE-unix/1252,unix/pace2204-BQM5:/tmp/.ICE-unix/1252'), ('INVOCATION_ID', '02a58268ff434ccd909000380752652c'), ('XDG_MENU_PREFIX', 'gnome-'), ('GNOME_SETUP_DISPLAY', ':1'), ('XDG_RUNTIME_DIR', '/run/user/1000'), ('GDK_BACKEND', 'x11'), ('ARMS_APP_NAME', 'qoder-cosy'), ('DISPLAY', ':0'), ('ARMS_REGION_ID', 'ap-northeast-1'), ('LANG', 'zh_CN.UTF-8'), ('XDG_CURRENT_DESKTOP', 'Unity'), ('XMODIFIERS', '@im=ibus'), ('XDG_SESSION_DESKTOP', 'ubuntu'), ('XAUTHORITY', '/run/user/1000/.mutter-Xwaylandauth.GHURL3'), ('SSH_AGENT_LAUNCHER', 'gnome-keyring'), ('SSH_AUTH_SOCK', '/run/user/1000/keyring/ssh'), ('AMENT_PREFIX_PATH', '/home/pace2204/livox_ws/install/livox_ros_driver2:/opt/ros/humble'), ('ORIGINAL_XDG_CURRENT_DESKTOP', 'ubuntu:GNOME'), ('SHELL', '/bin/bash'), ('QT_ACCESSIBILITY', '1'), ('NO_AT_BRIDGE', '1'), ('GDMSESSION', 'ubuntu'), ('GJS_DEBUG_OUTPUT', 'stderr'), ('ARMS_ENABLE', 'true'), ('QT_IM_MODULE', 'ibus'), ('PWD', '/home/pace2204/copy/slam-mid360-volita/build/adaptive_lio'), ('XDG_CONFIG_DIRS', '/etc/xdg/xdg-ubuntu:/etc/xdg'), ('VSCODE_CODE_CACHE_PATH', '/home/pace2204/.config/Qoder/CachedData/ba2c98a811c6e5222a3d7f07e51e5b512cf9e403'), ('XDG_DATA_DIRS', '/usr/share/ubuntu:/usr/local/share/:/usr/share/:/var/lib/snapd/desktop'), ('PYTHONPATH', '/home/pace2204/livox_ws/install/livox_ros_driver2/local/lib/python3.10/dist-packages:/opt/ros/humble/lib/python3.10/site-packages:/opt/ros/humble/local/lib/python3.10/dist-packages'), ('QODER_CLI', '1'), ('COLCON', '1'), ('FEATURE_FLAGS', '{"authUserPlanTierName":true,"welcomeFirstLaunchKey":"qoder.firstLaunch","welcomeOnboardingUseCustomStyle":false,"questModeEnable":true,"repoWikiEnable":true,"codebaseIgnoreFileName":".qoderignore","chatDefaultMode":"agent","chatDefaultAskModeUseTools":true,"currentPlanTitleKey":"application.config.general.plan.currentPlan.title","enableCreditUsage":true,"hasDedicatedUrlSetting":false,"showWelcomeMessage":false,"showModelTierSelector":true,"showModelSelector":false,"landingPageNeedLoginBtn":true,"preferredLanguageSupportOnlyZhAndEn":false,"enableSecurityFilter":false,"enableCodeChanges":false,"enableGitCommit":false,"enableLocalFile":true,"enableUserPlanUpgrade":true,"defaultBigModelEndpoint":"https://center.qoder.sh","improvementPlanSetting":true,"supportOrganizationCommand":false,"enableDynamicConfig":true,"qoderDirectAuth":true,"feedbackMethodIsEmail":true,"commit":"ba2c98a811c6e5222a3d7f07e51e5b512cf9e403","date":"2026-02-13T07:13:54.052Z","checksums":{"vs/base/parts/sandbox/electron-sandbox/preload.js":"eMCMtyPVVMxe6uce3NknivMZgd2q6ljQPMr7vRScAYk","vs/workbench/workbench.desktop.main.js":"SXd9pOwo55Yt83OEiXFoPAZHye0pnQIrxbQ70O+Sed0","vs/workbench/workbench.desktop.main.css":"ks0fu1idwMDL7fIcSu1ifhgVpKdkCZziL+7TE1Yc0eo","vs/workbench/api/node/extensionHostProcess.js":"O9uuxViaBomQawTGz+iPBQciGCUSdznm4hYtj/4ed0E","vs/code/electron-sandbox/workbench/workbench.html":"qCUV1BYtmJSS5BrtctLLLnPUm3g0BF+THziYLDg2hCo","vs/code/electron-sandbox/workbench/workbench.js":"HTzPHXSSGaB8b0ToK7BcL04+DQWpVjGgEPRXhP7jxW4"},"version":"0.4.7"}'), ('CMAKE_PREFIX_PATH', '/home/pace2204/livox_ws/install/livox_ros_driver2:/opt/ros/humble'), ('VSCODE_PID', '87057')]), 'shell': False}
[1.721031] (adaptive_lio) StdoutLine: {'line': b'-- Install configuration: "Release"\n'}
[1.721285] (adaptive_lio) StdoutLine: {'line': b'-- Up-to-date: /home/pace2204/copy/slam-mid360-volita/install/adaptive_lio/lib/adaptive_lio/adaptive_lio_node\n'}
[1.721444] (adaptive_lio) StdoutLine: {'line': b'-- Up-to-date: /home/pace2204/copy/slam-mid360-volita/install/adaptive_lio/share/adaptive_lio/launch\n'}
[1.721553] (adaptive_lio) StdoutLine: {'line': b'-- Up-to-date: /home/pace2204/copy/slam-mid360-volita/install/adaptive_lio/share/adaptive_lio/launch/run.launch.py\n'}
[1.721720] (adaptive_lio) StdoutLine: {'line': b'-- Up-to-date: /home/pace2204/copy/slam-mid360-volita/install/adaptive_lio/share/adaptive_lio/config\n'}
[1.721863] (adaptive_lio) StdoutLine: {'line': b'-- Up-to-date: /home/pace2204/copy/slam-mid360-volita/install/adaptive_lio/share/adaptive_lio/config/mapping_m.yaml\n'}
[1.721952] (adaptive_lio) StdoutLine: {'line': b'-- Up-to-date: /home/pace2204/copy/slam-mid360-volita/install/adaptive_lio/share/adaptive_lio/config/adaptive_lio.rviz\n'}
[1.722026] (adaptive_lio) StdoutLine: {'line': b'-- Up-to-date: /home/pace2204/copy/slam-mid360-volita/install/adaptive_lio/share/adaptive_lio/config/mapping_m copy.yaml\n'}
[1.722097] (adaptive_lio) StdoutLine: {'line': b'-- Up-to-date: /home/pace2204/copy/slam-mid360-volita/install/adaptive_lio/share/ament_index/resource_index/package_run_dependencies/adaptive_lio\n'}
[1.722175] (adaptive_lio) StdoutLine: {'line': b'-- Up-to-date: /home/pace2204/copy/slam-mid360-volita/install/adaptive_lio/share/ament_index/resource_index/parent_prefix_path/adaptive_lio\n'}
[1.722247] (adaptive_lio) StdoutLine: {'line': b'-- Installing: /home/pace2204/copy/slam-mid360-volita/install/adaptive_lio/share/adaptive_lio/environment/ament_prefix_path.dsv\n'}
[1.722319] (adaptive_lio) StdoutLine: {'line': b'-- Installing: /home/pace2204/copy/slam-mid360-volita/install/adaptive_lio/share/adaptive_lio/environment/path.dsv\n'}
[1.722394] (adaptive_lio) StdoutLine: {'line': b'-- Up-to-date: /home/pace2204/copy/slam-mid360-volita/install/adaptive_lio/share/adaptive_lio/local_setup.bash\n'}
[1.722498] (adaptive_lio) StdoutLine: {'line': b'-- Up-to-date: /home/pace2204/copy/slam-mid360-volita/install/adaptive_lio/share/adaptive_lio/local_setup.sh\n'}
[1.722672] (adaptive_lio) StdoutLine: {'line': b'-- Up-to-date: /home/pace2204/copy/slam-mid360-volita/install/adaptive_lio/share/adaptive_lio/local_setup.zsh\n'}
[1.723104] (adaptive_lio) StdoutLine: {'line': b'-- Installing: /home/pace2204/copy/slam-mid360-volita/install/adaptive_lio/share/adaptive_lio/local_setup.dsv\n'}
[1.723158] (adaptive_lio) StdoutLine: {'line': b'-- Installing: /home/pace2204/copy/slam-mid360-volita/install/adaptive_lio/share/adaptive_lio/package.dsv\n'}
[1.723198] (adaptive_lio) StdoutLine: {'line': b'-- Up-to-date: /home/pace2204/copy/slam-mid360-volita/install/adaptive_lio/share/ament_index/resource_index/packages/adaptive_lio\n'}
[1.723236] (adaptive_lio) StdoutLine: {'line': b'-- Up-to-date: /home/pace2204/copy/slam-mid360-volita/install/adaptive_lio/share/adaptive_lio/cmake/adaptive_lioConfig.cmake\n'}
[1.723272] (adaptive_lio) StdoutLine: {'line': b'-- Up-to-date: /home/pace2204/copy/slam-mid360-volita/install/adaptive_lio/share/adaptive_lio/cmake/adaptive_lioConfig-version.cmake\n'}
[1.723308] (adaptive_lio) StdoutLine: {'line': b'-- Up-to-date: /home/pace2204/copy/slam-mid360-volita/install/adaptive_lio/share/adaptive_lio/package.xml\n'}
[1.723344] (adaptive_lio) CommandEnded: {'returncode': 0}
[1.733940] (adaptive_lio) JobEnded: {'identifier': 'adaptive_lio', 'rc': 0}
[1.734319] (-) EventReactorShutdown: {}
