[0.008s] Invoking command in '/home/pace2204/slam-mid360-volita/build/adaptive_lio': CMAKE_PREFIX_PATH=${CMAKE_PREFIX_PATH}:/opt/ros/humble /usr/bin/cmake /home/pace2204/slam-mid360-volita/src/adaptive_lio -DAMENT_CMAKE_SYMLINK_INSTALL=1 -DCMAKE_INSTALL_PREFIX=/home/pace2204/slam-mid360-volita/install/adaptive_lio
[0.079s] -- The C compiler identification is GNU 11.4.0
[0.142s] -- The CXX compiler identification is GNU 11.4.0
[0.149s] -- Detecting C compiler ABI info
[0.223s] -- Detecting C compiler ABI info - done
[0.231s] -- Check for working C compiler: /usr/bin/cc - skipped
[0.232s] -- Detecting C compile features
[0.232s] -- Detecting C compile features - done
[0.236s] -- Detecting CXX compiler ABI info
[0.319s] -- Detecting CXX compiler ABI info - done
[0.324s] -- Check for working CXX compiler: /usr/bin/c++ - skipped
[0.324s] -- Detecting CXX compile features
[0.325s] -- Detecting CXX compile features - done
[0.326s] -- Found ament_cmake: 1.3.12 (/opt/ros/humble/share/ament_cmake/cmake)
[0.442s] -- Found Python3: /usr/bin/python3 (found version "3.10.12") found components: Interpreter 
[0.492s] -- Override CMake install command with custom implementation using symlinks instead of copying resources
[0.507s] -- Found rclcpp: 16.0.17 (/opt/ros/humble/share/rclcpp/cmake)
[0.536s] -- Found rosidl_generator_c: 3.1.8 (/opt/ros/humble/share/rosidl_generator_c/cmake)
[0.538s] -- Found rosidl_adapter: 3.1.8 (/opt/ros/humble/share/rosidl_adapter/cmake)
[0.543s] -- Found rosidl_generator_cpp: 3.1.8 (/opt/ros/humble/share/rosidl_generator_cpp/cmake)
[0.550s] -- Using all available rosidl_typesupport_c: rosidl_typesupport_fastrtps_c;rosidl_typesupport_introspection_c
[0.559s] -- Using all available rosidl_typesupport_cpp: rosidl_typesupport_fastrtps_cpp;rosidl_typesupport_introspection_cpp
[0.585s] -- Found rmw_implementation_cmake: 6.1.2 (/opt/ros/humble/share/rmw_implementation_cmake/cmake)
[0.586s] -- Found rmw_fastrtps_cpp: 6.2.9 (/opt/ros/humble/share/rmw_fastrtps_cpp/cmake)
[0.658s] -- Found OpenSSL: /usr/lib/x86_64-linux-gnu/libcrypto.so (found version "3.0.2")  
[0.676s] -- Found FastRTPS: /opt/ros/humble/include  
[0.706s] -- Using RMW implementation 'rmw_fastrtps_cpp' as default
[0.710s] -- Looking for pthread.h
[0.791s] -- Looking for pthread.h - found
[0.792s] -- Performing Test CMAKE_HAVE_LIBC_PTHREAD
[0.868s] -- Performing Test CMAKE_HAVE_LIBC_PTHREAD - Success
[0.869s] -- Found Threads: TRUE  
[0.907s] -- Found sensor_msgs: 4.9.0 (/opt/ros/humble/share/sensor_msgs/cmake)
[0.927s] -- Found nav_msgs: 4.9.0 (/opt/ros/humble/share/nav_msgs/cmake)
[0.938s] -- Found tf2: 0.25.18 (/opt/ros/humble/share/tf2/cmake)
[0.943s] -- Found tf2_ros: 0.25.18 (/opt/ros/humble/share/tf2_ros/cmake)
[0.998s] -- Found pcl_conversions: 2.4.5 (/opt/ros/humble/share/pcl_conversions/cmake)
[1.020s] -- Checking for module 'eigen3'
[1.031s] --   Found eigen3, version 3.4.0
[1.070s] -- Found Eigen: /usr/include/eigen3 (Required is at least version "3.1") 
[1.070s] -- Eigen found (include: /usr/include/eigen3, version: 3.4.0)
[1.098s] -- Checking for module 'flann'
[1.110s] --   Found flann, version 1.9.1
[1.154s] -- Found FLANN: /usr/lib/x86_64-linux-gnu/libflann_cpp.so  
[1.154s] -- FLANN found (include: /usr/include, lib: /usr/lib/x86_64-linux-gnu/libflann_cpp.so)
[2.086s] -- Checking for module 'libusb-1.0'
[2.100s] --   Found libusb-1.0, version 1.0.25
[2.140s] -- Found libusb: /usr/lib/x86_64-linux-gnu/libusb-1.0.so  
[2.141s] -- OpenNI found (version: 1.5.4.0, include: /usr/include/ni, lib: /usr/lib/libOpenNI.so;libusb::libusb)
[2.204s] -- OpenNI2 found (version: 2.2.0.33, include: /usr/include/openni2, lib: /usr/lib/x86_64-linux-gnu/libOpenNI2.so;libusb::libusb)
[2.326s] -- Eigen found (include: /usr/include/eigen3, version: 3.4.0)
[2.331s] -- OpenNI found (version: 1.5.4.0, include: /usr/include/ni, lib: /usr/lib/libOpenNI.so;libusb::libusb)
[2.337s] -- OpenNI2 found (version: 2.2.0.33, include: /usr/include/openni2, lib: /usr/lib/x86_64-linux-gnu/libOpenNI2.so;libusb::libusb)
[2.437s] -- Found Qhull version 8.0.2
[2.537s] -- OpenNI found (version: 1.5.4.0, include: /usr/include/ni, lib: /usr/lib/libOpenNI.so;libusb::libusb)
[2.641s] -- Found PCL_COMMON: /usr/lib/x86_64-linux-gnu/libpcl_common.so  
[2.642s] -- Found PCL_KDTREE: /usr/lib/x86_64-linux-gnu/libpcl_kdtree.so  
[2.642s] -- Found PCL_OCTREE: /usr/lib/x86_64-linux-gnu/libpcl_octree.so  
[2.643s] -- Found PCL_SEARCH: /usr/lib/x86_64-linux-gnu/libpcl_search.so  
[2.643s] -- Found PCL_SAMPLE_CONSENSUS: /usr/lib/x86_64-linux-gnu/libpcl_sample_consensus.so  
[2.644s] -- Found PCL_FILTERS: /usr/lib/x86_64-linux-gnu/libpcl_filters.so  
[2.644s] -- Found PCL_2D: /usr/include/pcl-1.12  
[2.644s] -- Found PCL_GEOMETRY: /usr/include/pcl-1.12  
[2.645s] -- Found PCL_IO: /usr/lib/x86_64-linux-gnu/libpcl_io.so  
[2.645s] -- Found PCL_FEATURES: /usr/lib/x86_64-linux-gnu/libpcl_features.so  
[2.646s] -- Found PCL_ML: /usr/lib/x86_64-linux-gnu/libpcl_ml.so  
[2.646s] -- Found PCL_SEGMENTATION: /usr/lib/x86_64-linux-gnu/libpcl_segmentation.so  
[2.647s] -- Found PCL_VISUALIZATION: /usr/lib/x86_64-linux-gnu/libpcl_visualization.so  
[2.648s] -- Found PCL_SURFACE: /usr/lib/x86_64-linux-gnu/libpcl_surface.so  
[2.648s] -- Found PCL_REGISTRATION: /usr/lib/x86_64-linux-gnu/libpcl_registration.so  
[2.649s] -- Found PCL_KEYPOINTS: /usr/lib/x86_64-linux-gnu/libpcl_keypoints.so  
[2.649s] -- Found PCL_TRACKING: /usr/lib/x86_64-linux-gnu/libpcl_tracking.so  
[2.650s] -- Found PCL_RECOGNITION: /usr/lib/x86_64-linux-gnu/libpcl_recognition.so  
[2.651s] -- Found PCL_STEREO: /usr/lib/x86_64-linux-gnu/libpcl_stereo.so  
[2.651s] -- Found PCL_APPS: /usr/lib/x86_64-linux-gnu/libpcl_apps.so  
[2.652s] -- Found PCL_IN_HAND_SCANNER: /usr/include/pcl-1.12  
[2.652s] -- Found PCL_MODELER: /usr/include/pcl-1.12  
[2.652s] -- Found PCL_POINT_CLOUD_EDITOR: /usr/include/pcl-1.12  
[2.653s] -- Found PCL_OUTOFCORE: /usr/lib/x86_64-linux-gnu/libpcl_outofcore.so  
[2.653s] -- Found PCL_PEOPLE: /usr/lib/x86_64-linux-gnu/libpcl_people.so  
[2.655s] -- Found livox_ros_driver2: 1.0.0 (/home/pace2204/livox_ws/install/livox_ros_driver2/share/livox_ros_driver2/cmake)
[2.668s] -- Found std_srvs: 4.9.0 (/opt/ros/humble/share/std_srvs/cmake)
[2.677s] [33mCMake Warning (dev) at CMakeLists.txt:35 (find_package):
[2.677s]   Policy CMP0074 is not set: find_package uses <PackageName>_ROOT variables.
[2.677s]   Run "cmake --help-policy CMP0074" for policy details.  Use the cmake_policy
[2.677s]   command to set the policy and suppress this warning.
[2.677s] 
[2.677s]   CMake variable PCL_ROOT is set to:
[2.677s] 
[2.677s]     /usr
[2.677s] 
[2.677s]   For compatibility, CMake is ignoring the variable.
[2.677s] This warning is for project developers.  Use -Wno-dev to suppress it.
[2.677s] [0m
[2.687s] [31mCMake Error at CMakeLists.txt:36 (find_package):
[2.687s]   By not providing "FindCeres.cmake" in CMAKE_MODULE_PATH this project has
[2.687s]   asked CMake to find a package configuration file provided by "Ceres", but
[2.687s]   CMake did not find one.
[2.687s] 
[2.687s]   Could not find a package configuration file provided by "Ceres" with any of
[2.687s]   the following names:
[2.687s] 
[2.687s]     CeresConfig.cmake
[2.687s]     ceres-config.cmake
[2.687s] 
[2.687s]   Add the installation prefix of "Ceres" to CMAKE_PREFIX_PATH or set
[2.688s]   "Ceres_DIR" to a directory containing one of the above files.  If "Ceres"
[2.688s]   provides a separate development package or SDK, be sure it has been
[2.688s]   installed.
[2.688s] 
[2.688s] [0m
[2.688s] -- Configuring incomplete, errors occurred!
[2.688s] See also "/home/pace2204/slam-mid360-volita/build/adaptive_lio/CMakeFiles/CMakeOutput.log".
[2.699s] Invoked command in '/home/pace2204/slam-mid360-volita/build/adaptive_lio' returned '1': CMAKE_PREFIX_PATH=${CMAKE_PREFIX_PATH}:/opt/ros/humble /usr/bin/cmake /home/pace2204/slam-mid360-volita/src/adaptive_lio -DAMENT_CMAKE_SYMLINK_INSTALL=1 -DCMAKE_INSTALL_PREFIX=/home/pace2204/slam-mid360-volita/install/adaptive_lio
