[0.005s] Invoking command in '/home/pace2204/copy/slam-mid360-volita/build/adaptive_lio': /usr/bin/cmake /home/pace2204/copy/slam-mid360-volita/src/adaptive_lio -DCMAKE_INSTALL_PREFIX=/home/pace2204/copy/slam-mid360-volita/install/adaptive_lio
[0.130s] -- The C compiler identification is GNU 11.4.0
[0.197s] -- The CXX compiler identification is GNU 11.4.0
[0.203s] -- Detecting C compiler ABI info
[0.309s] -- Detecting C compiler ABI info - done
[0.314s] -- Check for working C compiler: /usr/bin/cc - skipped
[0.314s] -- Detecting C compile features
[0.315s] -- Detecting C compile features - done
[0.318s] -- Detecting CXX compiler ABI info
[0.471s] -- Detecting CXX compiler ABI info - done
[0.476s] -- Check for working CXX compiler: /usr/bin/c++ - skipped
[0.476s] -- Detecting CXX compile features
[0.476s] -- Detecting CXX compile features - done
[0.482s] CMake Error at CMakeLists.txt:16 (find_package):
[0.482s]   By not providing "Findament_cmake.cmake" in CMAKE_MODULE_PATH this project
[0.482s]   has asked CMake to find a package configuration file provided by
[0.482s]   "ament_cmake", but CMake did not find one.
[0.483s] 
[0.483s]   Could not find a package configuration file provided by "ament_cmake" with
[0.483s]   any of the following names:
[0.483s] 
[0.483s]     ament_cmakeConfig.cmake
[0.483s]     ament_cmake-config.cmake
[0.483s] 
[0.483s]   Add the installation prefix of "ament_cmake" to CMAKE_PREFIX_PATH or set
[0.483s]   "ament_cmake_DIR" to a directory containing one of the above files.  If
[0.483s]   "ament_cmake" provides a separate development package or SDK, be sure it
[0.483s]   has been installed.
[0.483s] 
[0.484s] 
[0.484s] -- Configuring incomplete, errors occurred!
[0.484s] See also "/home/pace2204/copy/slam-mid360-volita/build/adaptive_lio/CMakeFiles/CMakeOutput.log".
[0.485s] Invoked command in '/home/pace2204/copy/slam-mid360-volita/build/adaptive_lio' returned '1': /usr/bin/cmake /home/pace2204/copy/slam-mid360-volita/src/adaptive_lio -DCMAKE_INSTALL_PREFIX=/home/pace2204/copy/slam-mid360-volita/install/adaptive_lio
