[0.000000] (-) TimerEvent: {}
[0.000177] (adaptive_lio) JobQueued: {'identifier': 'adaptive_lio', 'dependencies': OrderedDict()}
[0.000349] (adaptive_lio) JobStarted: {'identifier': 'adaptive_lio'}
[0.005534] (adaptive_lio) JobProgress: {'identifier': 'adaptive_lio', 'progress': 'cmake'}
[0.006618] (adaptive_lio) JobProgress: {'identifier': 'adaptive_lio', 'progress': 'build'}
[0.007669] (adaptive_lio) Command: {'cmd': ['/usr/bin/cmake', '--build', '/home/pace2204/copy/slam-mid360-volita/build/adaptive_lio', '--', '-j20', '-l20'], 'cwd': '/home/pace2204/copy/slam-mid360-volita/build/adaptive_lio', 'env': OrderedDict([('GJS_DEBUG_TOPICS', 'JS ERROR;JS LOG'), ('VSCODE_CWD', '/home/pace2204'), ('LANGUAGE', 'zh_CN:zh'), ('USER', 'pace2204'), ('VSCODE_NLS_CONFIG', '{"userLocale":"zh-cn","osLocale":"en","resolvedLanguage":"zh-cn","defaultMessagesFile":"/usr/share/qoder/resources/app/out/nls.messages.json","languagePack":{"translationsConfigFile":"/home/pace2204/.config/Qoder/clp/3afffd5016528ded1c796a08d125a4d5.zh-cn/tcf.json","messagesFile":"/home/pace2204/.config/Qoder/clp/3afffd5016528ded1c796a08d125a4d5.zh-cn/0.4.7_ba2c98a811c6e5222a3d7f07e51e5b512cf9e403/nls.messages.json","corruptMarkerFile":"/home/pace2204/.config/Qoder/clp/3afffd5016528ded1c796a08d125a4d5.zh-cn/corrupted.info"},"locale":"zh-cn","availableLanguages":{"*":"zh-cn"},"_languagePackId":"3afffd5016528ded1c796a08d125a4d5.zh-cn","_languagePackSupport":true,"_translationsConfigFile":"/home/pace2204/.config/Qoder/clp/3afffd5016528ded1c796a08d125a4d5.zh-cn/tcf.json","_cacheRoot":"/home/pace2204/.config/Qoder/clp/3afffd5016528ded1c796a08d125a4d5.zh-cn","_resolvedLanguagePackCoreLocation":"/home/pace2204/.config/Qoder/clp/3afffd5016528ded1c796a08d125a4d5.zh-cn/0.4.7_ba2c98a811c6e5222a3d7f07e51e5b512cf9e403","_corruptedFile":"/home/pace2204/.config/Qoder/clp/3afffd5016528ded1c796a08d125a4d5.zh-cn/corrupted.info"}'), ('GIT_EDITOR', 'true'), ('XDG_SESSION_TYPE', 'wayland'), ('SHLVL', '1'), ('LD_LIBRARY_PATH', '/home/pace2204/livox_ws/install/livox_ros_driver2/lib:/opt/ros/humble/opt/rviz_ogre_vendor/lib:/opt/ros/humble/lib/x86_64-linux-gnu:/opt/ros/humble/lib'), ('HOME', '/home/pace2204'), ('CHROME_DESKTOP', 'qoder.desktop'), ('OLDPWD', '/home/pace2204/copy/slam-mid360-volita'), ('DESKTOP_SESSION', 'ubuntu'), ('VSCODE_IPC_HOOK', '/run/user/1000/vscode-415d8430-1.10-main.sock'), ('GIO_LAUNCHED_DESKTOP_FILE', '/usr/share/applications/qoder.desktop'), ('ROS_PYTHON_VERSION', '3'), ('GNOME_SHELL_SESSION_MODE', 'ubuntu'), ('GTK_MODULES', 'gail:atk-bridge'), ('MANAGERPID', '1055'), ('SYSTEMD_EXEC_PID', '1291'), ('IM_CONFIG_CHECK_ENV', '1'), ('DBUS_SESSION_BUS_ADDRESS', 'unix:path=/run/user/1000/bus'), ('QODERCLI_INTEGRATION_MODE', 'quest'), ('GIO_LAUNCHED_DESKTOP_FILE_PID', '375435'), ('IM_CONFIG_PHASE', '1'), ('WAYLAND_DISPLAY', 'wayland-0'), ('COLCON_PREFIX_PATH', '/home/pace2204/livox_ws/install'), ('ROS_DISTRO', 'humble'), ('LOGNAME', 'pace2204'), ('JOURNAL_STREAM', '8:17332'), ('_', '/usr/bin/colcon'), ('ROS_VERSION', '2'), ('XDG_SESSION_CLASS', 'user'), ('TYPE_IS_ARMS', 'true'), ('USERNAME', 'pace2204'), ('GNOME_DESKTOP_SESSION_ID', 'this-is-deprecated'), ('ROS_LOCALHOST_ONLY', '0'), ('VSCODE_BRAND', 'Qoder'), ('PATH', '/opt/ros/humble/bin:/usr/local/sbin:/usr/local/bin:/usr/sbin:/usr/bin:/sbin:/bin:/usr/games:/usr/local/games:/snap/bin:/snap/bin'), ('SESSION_MANAGER', 'local/pace2204-BQM5:@/tmp/.ICE-unix/1245,unix/pace2204-BQM5:/tmp/.ICE-unix/1245'), ('INVOCATION_ID', '24b5279f95ef46a895d7ed97825347e4'), ('XDG_MENU_PREFIX', 'gnome-'), ('GNOME_SETUP_DISPLAY', ':1'), ('XDG_RUNTIME_DIR', '/run/user/1000'), ('GDK_BACKEND', 'x11'), ('ARMS_APP_NAME', 'qoder-cosy'), ('DISPLAY', ':0'), ('ARMS_REGION_ID', 'ap-northeast-1'), ('LANG', 'zh_CN.UTF-8'), ('XDG_CURRENT_DESKTOP', 'Unity'), ('XMODIFIERS', '@im=ibus'), ('XDG_SESSION_DESKTOP', 'ubuntu'), ('XAUTHORITY', '/run/user/1000/.mutter-Xwaylandauth.3YDOL3'), ('SSH_AGENT_LAUNCHER', 'gnome-keyring'), ('SSH_AUTH_SOCK', '/run/user/1000/keyring/ssh'), ('AMENT_PREFIX_PATH', '/home/pace2204/livox_ws/install/livox_ros_driver2:/opt/ros/humble'), ('ORIGINAL_XDG_CURRENT_DESKTOP', 'ubuntu:GNOME'), ('SHELL', '/bin/bash'), ('QT_ACCESSIBILITY', '1'), ('NO_AT_BRIDGE', '1'), ('GDMSESSION', 'ubuntu'), ('GJS_DEBUG_OUTPUT', 'stderr'), ('ARMS_ENABLE', 'true'), ('QT_IM_MODULE', 'ibus'), ('PWD', '/home/pace2204/copy/slam-mid360-volita/build/adaptive_lio'), ('XDG_CONFIG_DIRS', '/etc/xdg/xdg-ubuntu:/etc/xdg'), ('VSCODE_CODE_CACHE_PATH', '/home/pace2204/.config/Qoder/CachedData/ba2c98a811c6e5222a3d7f07e51e5b512cf9e403'), ('XDG_DATA_DIRS', '/usr/share/ubuntu:/usr/local/share/:/usr/share/:/var/lib/snapd/desktop'), ('PYTHONPATH', '/home/pace2204/livox_ws/install/livox_ros_driver2/local/lib/python3.10/dist-packages:/opt/ros/humble/lib/python3.10/site-packages:/opt/ros/humble/local/lib/python3.10/dist-packages'), ('QODER_CLI', '1'), ('COLCON', '1'), ('FEATURE_FLAGS', '{"authUserPlanTierName":true,"welcomeFirstLaunchKey":"qoder.firstLaunch","welcomeOnboardingUseCustomStyle":false,"questModeEnable":true,"repoWikiEnable":true,"codebaseIgnoreFileName":".qoderignore","chatDefaultMode":"agent","chatDefaultAskModeUseTools":true,"currentPlanTitleKey":"application.config.general.plan.currentPlan.title","enableCreditUsage":true,"hasDedicatedUrlSetting":false,"showWelcomeMessage":false,"showModelTierSelector":true,"showModelSelector":false,"landingPageNeedLoginBtn":true,"preferredLanguageSupportOnlyZhAndEn":false,"enableSecurityFilter":false,"enableCodeChanges":false,"enableGitCommit":false,"enableLocalFile":true,"enableUserPlanUpgrade":true,"defaultBigModelEndpoint":"https://center.qoder.sh","improvementPlanSetting":true,"supportOrganizationCommand":false,"enableDynamicConfig":true,"qoderDirectAuth":true,"feedbackMethodIsEmail":true,"commit":"ba2c98a811c6e5222a3d7f07e51e5b512cf9e403","date":"2026-02-13T07:13:54.052Z","checksums":{"vs/base/parts/sandbox/electron-sandbox/preload.js":"eMCMtyPVVMxe6uce3NknivMZgd2q6ljQPMr7vRScAYk","vs/workbench/workbench.desktop.main.js":"SXd9pOwo55Yt83OEiXFoPAZHye0pnQIrxbQ70O+Sed0","vs/workbench/workbench.desktop.main.css":"ks0fu1idwMDL7fIcSu1ifhgVpKdkCZziL+7TE1Yc0eo","vs/workbench/api/node/extensionHostProcess.js":"O9uuxViaBomQawTGz+iPBQciGCUSdznm4hYtj/4ed0E","vs/code/electron-sandbox/workbench/workbench.html":"qCUV1BYtmJSS5BrtctLLLnPUm3g0BF+THziYLDg2hCo","vs/code/electron-sandbox/workbench/workbench.js":"HTzPHXSSGaB8b0ToK7BcL04+DQWpVjGgEPRXhP7jxW4"},"version":"0.4.7"}'), ('CMAKE_PREFIX_PATH', '/home/pace2204/livox_ws/install/livox_ros_driver2:/opt/ros/humble'), ('VSCODE_PID', '375435')]), 'shell': False}
[0.073618] (adaptive_lio) StdoutLine: {'line': b'[ 40%] Built target adaptive_lio.common\n'}
[0.079923] (adaptive_lio) StdoutLine: {'line': b'[ 50%] Built target adaptive_lio.pre\n'}
[0.098777] (adaptive_lio) StdoutLine: {'line': b'[ 60%] Built target adaptive_lio.algo\n'}
[0.099718] (-) TimerEvent: {}
[0.140966] (adaptive_lio) StdoutLine: {'line': b'[ 65%] Building CXX object CMakeFiles/adaptive_lio.lio.dir/src/lio/lidarodom.cpp.o\n'}
[0.199824] (-) TimerEvent: {}
[0.299980] (-) TimerEvent: {}
[0.400143] (-) TimerEvent: {}
[0.500296] (-) TimerEvent: {}
[0.600459] (-) TimerEvent: {}
[0.700628] (-) TimerEvent: {}
[0.800803] (-) TimerEvent: {}
[0.900967] (-) TimerEvent: {}
[1.001127] (-) TimerEvent: {}
[1.101284] (-) TimerEvent: {}
[1.201445] (-) TimerEvent: {}
[1.301614] (-) TimerEvent: {}
[1.401797] (-) TimerEvent: {}
[1.501981] (-) TimerEvent: {}
[1.602174] (-) TimerEvent: {}
[1.702361] (-) TimerEvent: {}
[1.802554] (-) TimerEvent: {}
[1.902751] (-) TimerEvent: {}
[2.002943] (-) TimerEvent: {}
[2.103105] (-) TimerEvent: {}
[2.203275] (-) TimerEvent: {}
[2.303445] (-) TimerEvent: {}
[2.403615] (-) TimerEvent: {}
[2.503795] (-) TimerEvent: {}
[2.603970] (-) TimerEvent: {}
[2.704152] (-) TimerEvent: {}
[2.804326] (-) TimerEvent: {}
[2.904503] (-) TimerEvent: {}
[3.004671] (-) TimerEvent: {}
[3.104836] (-) TimerEvent: {}
[3.204990] (-) TimerEvent: {}
[3.305167] (-) TimerEvent: {}
[3.405344] (-) TimerEvent: {}
[3.505502] (-) TimerEvent: {}
[3.605662] (-) TimerEvent: {}
[3.705837] (-) TimerEvent: {}
[3.805996] (-) TimerEvent: {}
[3.906165] (-) TimerEvent: {}
[4.006342] (-) TimerEvent: {}
[4.106507] (-) TimerEvent: {}
[4.206672] (-) TimerEvent: {}
[4.306845] (-) TimerEvent: {}
[4.407018] (-) TimerEvent: {}
[4.507194] (-) TimerEvent: {}
[4.607370] (-) TimerEvent: {}
[4.707538] (-) TimerEvent: {}
[4.807700] (-) TimerEvent: {}
[4.907857] (-) TimerEvent: {}
[5.008013] (-) TimerEvent: {}
[5.108175] (-) TimerEvent: {}
[5.208330] (-) TimerEvent: {}
[5.308486] (-) TimerEvent: {}
[5.408643] (-) TimerEvent: {}
[5.508801] (-) TimerEvent: {}
[5.608958] (-) TimerEvent: {}
[5.709118] (-) TimerEvent: {}
[5.809276] (-) TimerEvent: {}
[5.909434] (-) TimerEvent: {}
[6.009598] (-) TimerEvent: {}
[6.109760] (-) TimerEvent: {}
[6.209925] (-) TimerEvent: {}
[6.310089] (-) TimerEvent: {}
[6.410248] (-) TimerEvent: {}
[6.510409] (-) TimerEvent: {}
[6.610567] (-) TimerEvent: {}
[6.710723] (-) TimerEvent: {}
[6.810877] (-) TimerEvent: {}
[6.911040] (-) TimerEvent: {}
[7.011200] (-) TimerEvent: {}
[7.111359] (-) TimerEvent: {}
[7.211516] (-) TimerEvent: {}
[7.311666] (-) TimerEvent: {}
[7.411821] (-) TimerEvent: {}
[7.511976] (-) TimerEvent: {}
[7.612130] (-) TimerEvent: {}
[7.712284] (-) TimerEvent: {}
[7.812447] (-) TimerEvent: {}
[7.912618] (-) TimerEvent: {}
[8.012790] (-) TimerEvent: {}
[8.112966] (-) TimerEvent: {}
[8.213098] (-) TimerEvent: {}
[8.313278] (-) TimerEvent: {}
[8.413449] (-) TimerEvent: {}
[8.513616] (-) TimerEvent: {}
[8.613797] (-) TimerEvent: {}
[8.713977] (-) TimerEvent: {}
[8.814174] (-) TimerEvent: {}
[8.914348] (-) TimerEvent: {}
[9.014524] (-) TimerEvent: {}
[9.114697] (-) TimerEvent: {}
[9.214877] (-) TimerEvent: {}
[9.315065] (-) TimerEvent: {}
[9.415241] (-) TimerEvent: {}
[9.515408] (-) TimerEvent: {}
[9.615567] (-) TimerEvent: {}
[9.715728] (-) TimerEvent: {}
[9.815890] (-) TimerEvent: {}
[9.916064] (-) TimerEvent: {}
[10.016230] (-) TimerEvent: {}
[10.116397] (-) TimerEvent: {}
[10.216554] (-) TimerEvent: {}
[10.316720] (-) TimerEvent: {}
[10.416885] (-) TimerEvent: {}
[10.517060] (-) TimerEvent: {}
[10.617225] (-) TimerEvent: {}
[10.717386] (-) TimerEvent: {}
[10.817545] (-) TimerEvent: {}
[10.917711] (-) TimerEvent: {}
[11.017870] (-) TimerEvent: {}
[11.118045] (-) TimerEvent: {}
[11.218219] (-) TimerEvent: {}
[11.318385] (-) TimerEvent: {}
[11.418558] (-) TimerEvent: {}
[11.518726] (-) TimerEvent: {}
[11.618881] (-) TimerEvent: {}
[11.719046] (-) TimerEvent: {}
[11.819207] (-) TimerEvent: {}
[11.919365] (-) TimerEvent: {}
[12.019523] (-) TimerEvent: {}
[12.119682] (-) TimerEvent: {}
[12.219848] (-) TimerEvent: {}
[12.320001] (-) TimerEvent: {}
[12.420162] (-) TimerEvent: {}
[12.520322] (-) TimerEvent: {}
[12.620481] (-) TimerEvent: {}
[12.720633] (-) TimerEvent: {}
[12.820788] (-) TimerEvent: {}
[12.920952] (-) TimerEvent: {}
[13.021089] (-) TimerEvent: {}
[13.121250] (-) TimerEvent: {}
[13.221411] (-) TimerEvent: {}
[13.321572] (-) TimerEvent: {}
[13.421734] (-) TimerEvent: {}
[13.521899] (-) TimerEvent: {}
[13.622069] (-) TimerEvent: {}
[13.722238] (-) TimerEvent: {}
[13.822395] (-) TimerEvent: {}
[13.922548] (-) TimerEvent: {}
[14.022703] (-) TimerEvent: {}
[14.122861] (-) TimerEvent: {}
[14.223021] (-) TimerEvent: {}
[14.323192] (-) TimerEvent: {}
[14.423351] (-) TimerEvent: {}
[14.523519] (-) TimerEvent: {}
[14.623684] (-) TimerEvent: {}
[14.723843] (-) TimerEvent: {}
[14.824000] (-) TimerEvent: {}
[14.924169] (-) TimerEvent: {}
[15.024327] (-) TimerEvent: {}
[15.124486] (-) TimerEvent: {}
[15.224644] (-) TimerEvent: {}
[15.324802] (-) TimerEvent: {}
[15.424956] (-) TimerEvent: {}
[15.525110] (-) TimerEvent: {}
[15.625266] (-) TimerEvent: {}
[15.725423] (-) TimerEvent: {}
[15.825578] (-) TimerEvent: {}
[15.925742] (-) TimerEvent: {}
[16.025906] (-) TimerEvent: {}
[16.126081] (-) TimerEvent: {}
[16.226239] (-) TimerEvent: {}
[16.326407] (-) TimerEvent: {}
[16.426565] (-) TimerEvent: {}
[16.526728] (-) TimerEvent: {}
[16.626885] (-) TimerEvent: {}
[16.727054] (-) TimerEvent: {}
[16.827220] (-) TimerEvent: {}
[16.927380] (-) TimerEvent: {}
[17.027543] (-) TimerEvent: {}
[17.127710] (-) TimerEvent: {}
[17.227868] (-) TimerEvent: {}
[17.328026] (-) TimerEvent: {}
[17.428196] (-) TimerEvent: {}
[17.528362] (-) TimerEvent: {}
[17.628515] (-) TimerEvent: {}
[17.728672] (-) TimerEvent: {}
[17.828833] (-) TimerEvent: {}
[17.928997] (-) TimerEvent: {}
[18.029162] (-) TimerEvent: {}
[18.129320] (-) TimerEvent: {}
[18.229491] (-) TimerEvent: {}
[18.329650] (-) TimerEvent: {}
[18.429809] (-) TimerEvent: {}
[18.529974] (-) TimerEvent: {}
[18.630150] (-) TimerEvent: {}
[18.730306] (-) TimerEvent: {}
[18.830466] (-) TimerEvent: {}
[18.930626] (-) TimerEvent: {}
[19.030780] (-) TimerEvent: {}
[19.130932] (-) TimerEvent: {}
[19.231092] (-) TimerEvent: {}
[19.331246] (-) TimerEvent: {}
[19.431409] (-) TimerEvent: {}
[19.531564] (-) TimerEvent: {}
[19.631718] (-) TimerEvent: {}
[19.731877] (-) TimerEvent: {}
[19.832035] (-) TimerEvent: {}
[19.932203] (-) TimerEvent: {}
[20.032359] (-) TimerEvent: {}
[20.132517] (-) TimerEvent: {}
[20.232669] (-) TimerEvent: {}
[20.332824] (-) TimerEvent: {}
[20.432980] (-) TimerEvent: {}
[20.533140] (-) TimerEvent: {}
[20.633299] (-) TimerEvent: {}
[20.733457] (-) TimerEvent: {}
[20.833616] (-) TimerEvent: {}
[20.933773] (-) TimerEvent: {}
[21.033937] (-) TimerEvent: {}
[21.134095] (-) TimerEvent: {}
[21.234251] (-) TimerEvent: {}
[21.334402] (-) TimerEvent: {}
[21.434566] (-) TimerEvent: {}
[21.534732] (-) TimerEvent: {}
[21.634893] (-) TimerEvent: {}
[21.735065] (-) TimerEvent: {}
[21.835227] (-) TimerEvent: {}
[21.935386] (-) TimerEvent: {}
[22.035548] (-) TimerEvent: {}
[22.135701] (-) TimerEvent: {}
[22.235859] (-) TimerEvent: {}
[22.336019] (-) TimerEvent: {}
[22.436182] (-) TimerEvent: {}
[22.536346] (-) TimerEvent: {}
[22.636506] (-) TimerEvent: {}
[22.736664] (-) TimerEvent: {}
[22.836956] (-) TimerEvent: {}
[22.937120] (-) TimerEvent: {}
[23.037286] (-) TimerEvent: {}
[23.137446] (-) TimerEvent: {}
[23.237602] (-) TimerEvent: {}
[23.337767] (-) TimerEvent: {}
[23.437961] (-) TimerEvent: {}
[23.538137] (-) TimerEvent: {}
[23.638308] (-) TimerEvent: {}
[23.738505] (-) TimerEvent: {}
[23.838715] (-) TimerEvent: {}
[23.938925] (-) TimerEvent: {}
[24.039136] (-) TimerEvent: {}
[24.139317] (-) TimerEvent: {}
[24.239511] (-) TimerEvent: {}
[24.339705] (-) TimerEvent: {}
[24.439906] (-) TimerEvent: {}
[24.540116] (-) TimerEvent: {}
[24.640331] (-) TimerEvent: {}
[24.740539] (-) TimerEvent: {}
[24.840748] (-) TimerEvent: {}
[24.940958] (-) TimerEvent: {}
[25.041165] (-) TimerEvent: {}
[25.173275] (-) TimerEvent: {}
[25.273505] (-) TimerEvent: {}
[25.373694] (-) TimerEvent: {}
[25.473862] (-) TimerEvent: {}
[25.574044] (-) TimerEvent: {}
[25.674234] (-) TimerEvent: {}
[25.774423] (-) TimerEvent: {}
[25.874625] (-) TimerEvent: {}
[25.974804] (-) TimerEvent: {}
[26.074974] (-) TimerEvent: {}
[26.175154] (-) TimerEvent: {}
[26.275344] (-) TimerEvent: {}
[26.375555] (-) TimerEvent: {}
[26.475749] (-) TimerEvent: {}
[26.575941] (-) TimerEvent: {}
[26.676151] (-) TimerEvent: {}
[26.776380] (-) TimerEvent: {}
[26.876589] (-) TimerEvent: {}
[26.976769] (-) TimerEvent: {}
[27.076951] (-) TimerEvent: {}
[27.177135] (-) TimerEvent: {}
[27.277349] (-) TimerEvent: {}
[27.377576] (-) TimerEvent: {}
[27.477740] (-) TimerEvent: {}
[27.577898] (-) TimerEvent: {}
[27.678081] (-) TimerEvent: {}
[27.778242] (-) TimerEvent: {}
[27.878393] (-) TimerEvent: {}
[27.978547] (-) TimerEvent: {}
[28.078709] (-) TimerEvent: {}
[28.178881] (-) TimerEvent: {}
[28.279043] (-) TimerEvent: {}
[28.379211] (-) TimerEvent: {}
[28.479370] (-) TimerEvent: {}
[28.579535] (-) TimerEvent: {}
[28.679691] (-) TimerEvent: {}
[28.779857] (-) TimerEvent: {}
[28.884504] (-) TimerEvent: {}
[28.984691] (-) TimerEvent: {}
[29.084880] (-) TimerEvent: {}
[29.185085] (-) TimerEvent: {}
[29.285281] (-) TimerEvent: {}
[29.385475] (-) TimerEvent: {}
[29.485698] (-) TimerEvent: {}
[29.585924] (-) TimerEvent: {}
[29.686156] (-) TimerEvent: {}
[29.786339] (-) TimerEvent: {}
[29.886496] (-) TimerEvent: {}
[29.986664] (-) TimerEvent: {}
[30.086812] (-) TimerEvent: {}
[30.186967] (-) TimerEvent: {}
[30.262814] (adaptive_lio) StdoutLine: {'line': b'[ 70%] Linking CXX static library libadaptive_lio.lio.a\n'}
[30.287087] (-) TimerEvent: {}
[30.328969] (adaptive_lio) StdoutLine: {'line': b'[ 85%] Built target adaptive_lio.lio\n'}
[30.371561] (adaptive_lio) StdoutLine: {'line': b'Consolidate compiler generated dependencies of target adaptive_lio_node\n'}
[30.387174] (-) TimerEvent: {}
[30.390283] (adaptive_lio) StdoutLine: {'line': b'[ 90%] Building CXX object CMakeFiles/adaptive_lio_node.dir/src/apps/main_ros2.cpp.o\n'}
[30.487278] (-) TimerEvent: {}
[30.587437] (-) TimerEvent: {}
[30.687591] (-) TimerEvent: {}
[30.787753] (-) TimerEvent: {}
[30.887918] (-) TimerEvent: {}
[30.988083] (-) TimerEvent: {}
[31.088257] (-) TimerEvent: {}
[31.188422] (-) TimerEvent: {}
[31.288588] (-) TimerEvent: {}
[31.388753] (-) TimerEvent: {}
[31.488921] (-) TimerEvent: {}
[31.589091] (-) TimerEvent: {}
[31.689261] (-) TimerEvent: {}
[31.789419] (-) TimerEvent: {}
[31.889574] (-) TimerEvent: {}
[31.989734] (-) TimerEvent: {}
[32.089891] (-) TimerEvent: {}
[32.190052] (-) TimerEvent: {}
[32.290211] (-) TimerEvent: {}
[32.390365] (-) TimerEvent: {}
[32.490513] (-) TimerEvent: {}
[32.590664] (-) TimerEvent: {}
[32.690817] (-) TimerEvent: {}
[32.790974] (-) TimerEvent: {}
[32.891128] (-) TimerEvent: {}
[32.991299] (-) TimerEvent: {}
[33.091465] (-) TimerEvent: {}
[33.191631] (-) TimerEvent: {}
[33.291796] (-) TimerEvent: {}
[33.391968] (-) TimerEvent: {}
[33.492135] (-) TimerEvent: {}
[33.592307] (-) TimerEvent: {}
[33.692476] (-) TimerEvent: {}
[33.792646] (-) TimerEvent: {}
[33.892810] (-) TimerEvent: {}
[33.992980] (-) TimerEvent: {}
[34.093161] (-) TimerEvent: {}
[34.193332] (-) TimerEvent: {}
[34.293498] (-) TimerEvent: {}
[34.393677] (-) TimerEvent: {}
[34.493854] (-) TimerEvent: {}
[34.594009] (-) TimerEvent: {}
[34.694182] (-) TimerEvent: {}
[34.794353] (-) TimerEvent: {}
[34.894520] (-) TimerEvent: {}
[34.994692] (-) TimerEvent: {}
[35.094866] (-) TimerEvent: {}
[35.195055] (-) TimerEvent: {}
[35.295222] (-) TimerEvent: {}
[35.395388] (-) TimerEvent: {}
[35.495548] (-) TimerEvent: {}
[35.595714] (-) TimerEvent: {}
[35.695883] (-) TimerEvent: {}
[35.796054] (-) TimerEvent: {}
[35.896232] (-) TimerEvent: {}
[35.996414] (-) TimerEvent: {}
[36.096584] (-) TimerEvent: {}
[36.196767] (-) TimerEvent: {}
[36.296970] (-) TimerEvent: {}
[36.397172] (-) TimerEvent: {}
[36.497364] (-) TimerEvent: {}
[36.597536] (-) TimerEvent: {}
[36.697717] (-) TimerEvent: {}
[36.797912] (-) TimerEvent: {}
[36.898086] (-) TimerEvent: {}
[36.998267] (-) TimerEvent: {}
[37.098474] (-) TimerEvent: {}
[37.198706] (-) TimerEvent: {}
[37.298903] (-) TimerEvent: {}
[37.399087] (-) TimerEvent: {}
[37.499261] (-) TimerEvent: {}
[37.599451] (-) TimerEvent: {}
[37.699658] (-) TimerEvent: {}
[37.799870] (-) TimerEvent: {}
[37.900094] (-) TimerEvent: {}
[38.000277] (-) TimerEvent: {}
[38.100431] (-) TimerEvent: {}
[38.200582] (-) TimerEvent: {}
[38.300736] (-) TimerEvent: {}
[38.400896] (-) TimerEvent: {}
[38.501058] (-) TimerEvent: {}
[38.601229] (-) TimerEvent: {}
[38.701410] (-) TimerEvent: {}
[38.801580] (-) TimerEvent: {}
[38.901766] (-) TimerEvent: {}
[39.001945] (-) TimerEvent: {}
[39.102121] (-) TimerEvent: {}
[39.202299] (-) TimerEvent: {}
[39.302457] (-) TimerEvent: {}
[39.402610] (-) TimerEvent: {}
[39.502773] (-) TimerEvent: {}
[39.602939] (-) TimerEvent: {}
[39.703097] (-) TimerEvent: {}
[39.803262] (-) TimerEvent: {}
[39.903436] (-) TimerEvent: {}
[40.003604] (-) TimerEvent: {}
[40.103756] (-) TimerEvent: {}
[40.203916] (-) TimerEvent: {}
[40.304075] (-) TimerEvent: {}
[40.404227] (-) TimerEvent: {}
[40.504382] (-) TimerEvent: {}
[40.604536] (-) TimerEvent: {}
[40.704700] (-) TimerEvent: {}
[40.804879] (-) TimerEvent: {}
[40.905033] (-) TimerEvent: {}
[41.005201] (-) TimerEvent: {}
[41.105371] (-) TimerEvent: {}
[41.205538] (-) TimerEvent: {}
[41.305703] (-) TimerEvent: {}
[41.405858] (-) TimerEvent: {}
[41.506030] (-) TimerEvent: {}
[41.606218] (-) TimerEvent: {}
[41.706381] (-) TimerEvent: {}
[41.806540] (-) TimerEvent: {}
[41.906705] (-) TimerEvent: {}
[42.006868] (-) TimerEvent: {}
[42.107033] (-) TimerEvent: {}
[42.207203] (-) TimerEvent: {}
[42.307378] (-) TimerEvent: {}
[42.407555] (-) TimerEvent: {}
[42.507744] (-) TimerEvent: {}
[42.607905] (-) TimerEvent: {}
[42.708072] (-) TimerEvent: {}
[42.808250] (-) TimerEvent: {}
[42.908417] (-) TimerEvent: {}
[43.008573] (-) TimerEvent: {}
[43.108727] (-) TimerEvent: {}
[43.208881] (-) TimerEvent: {}
[43.309041] (-) TimerEvent: {}
[43.409208] (-) TimerEvent: {}
[43.509387] (-) TimerEvent: {}
[43.609561] (-) TimerEvent: {}
[43.709733] (-) TimerEvent: {}
[43.809894] (-) TimerEvent: {}
[43.910052] (-) TimerEvent: {}
[44.010206] (-) TimerEvent: {}
[44.110358] (-) TimerEvent: {}
[44.210514] (-) TimerEvent: {}
[44.310670] (-) TimerEvent: {}
[44.410836] (-) TimerEvent: {}
[44.510968] (-) TimerEvent: {}
[44.611086] (-) TimerEvent: {}
[44.711217] (-) TimerEvent: {}
[44.811352] (-) TimerEvent: {}
[44.911510] (-) TimerEvent: {}
[45.011667] (-) TimerEvent: {}
[45.111823] (-) TimerEvent: {}
[45.211982] (-) TimerEvent: {}
[45.312153] (-) TimerEvent: {}
[45.412316] (-) TimerEvent: {}
[45.512474] (-) TimerEvent: {}
[45.612635] (-) TimerEvent: {}
[45.712793] (-) TimerEvent: {}
[45.812949] (-) TimerEvent: {}
[45.913104] (-) TimerEvent: {}
[46.013255] (-) TimerEvent: {}
[46.113410] (-) TimerEvent: {}
[46.213564] (-) TimerEvent: {}
[46.313717] (-) TimerEvent: {}
[46.413871] (-) TimerEvent: {}
[46.514024] (-) TimerEvent: {}
[46.614187] (-) TimerEvent: {}
[46.714346] (-) TimerEvent: {}
[46.814501] (-) TimerEvent: {}
[46.914657] (-) TimerEvent: {}
[47.014816] (-) TimerEvent: {}
[47.114971] (-) TimerEvent: {}
[47.215079] (-) TimerEvent: {}
[47.315228] (-) TimerEvent: {}
[47.415385] (-) TimerEvent: {}
[47.515532] (-) TimerEvent: {}
[47.615686] (-) TimerEvent: {}
[47.715852] (-) TimerEvent: {}
[47.816021] (-) TimerEvent: {}
[47.916199] (-) TimerEvent: {}
[48.016354] (-) TimerEvent: {}
[48.116527] (-) TimerEvent: {}
[48.216724] (-) TimerEvent: {}
[48.316890] (-) TimerEvent: {}
[48.417068] (-) TimerEvent: {}
[48.517255] (-) TimerEvent: {}
[48.617430] (-) TimerEvent: {}
[48.717611] (-) TimerEvent: {}
[48.730693] (adaptive_lio) StderrLine: {'line': b'/home/pace2204/copy/slam-mid360-volita/src/adaptive_lio/src/apps/main_ros2.cpp: In destructor \xe2\x80\x98AdaptiveLioNode::~AdaptiveLioNode()\xe2\x80\x99:\n'}
[48.730853] (adaptive_lio) StderrLine: {'line': b'/home/pace2204/copy/slam-mid360-volita/src/adaptive_lio/src/apps/main_ros2.cpp:298:23: warning: ignoring return value of \xe2\x80\x98int system(const char*)\xe2\x80\x99 declared with attribute \xe2\x80\x98warn_unused_result\xe2\x80\x99 [-Wunused-result]\n'}
[48.730901] (adaptive_lio) StderrLine: {'line': b'  298 |                 system(cmd.c_str());\n'}
[48.730935] (adaptive_lio) StderrLine: {'line': b'      |                 ~~~~~~^~~~~~~~~~~~~\n'}
[48.817705] (-) TimerEvent: {}
[48.917883] (-) TimerEvent: {}
[49.018067] (-) TimerEvent: {}
[49.026557] (adaptive_lio) StderrLine: {'line': b'/home/pace2204/copy/slam-mid360-volita/src/adaptive_lio/src/apps/main_ros2.cpp: In lambda function:\n'}
[49.026651] (adaptive_lio) StderrLine: {'line': b'/home/pace2204/copy/slam-mid360-volita/src/adaptive_lio/src/apps/main_ros2.cpp:704:19: warning: ignoring return value of \xe2\x80\x98int system(const char*)\xe2\x80\x99 declared with attribute \xe2\x80\x98warn_unused_result\xe2\x80\x99 [-Wunused-result]\n'}
[49.026690] (adaptive_lio) StderrLine: {'line': b'  704 |             system(cmd.c_str());\n'}
[49.026721] (adaptive_lio) StderrLine: {'line': b'      |             ~~~~~~^~~~~~~~~~~~~\n'}
[49.027571] (adaptive_lio) StderrLine: {'line': b'/home/pace2204/copy/slam-mid360-volita/src/adaptive_lio/src/apps/main_ros2.cpp: In lambda function:\n'}
[49.027606] (adaptive_lio) StderrLine: {'line': b'/home/pace2204/copy/slam-mid360-volita/src/adaptive_lio/src/apps/main_ros2.cpp:783:19: warning: ignoring return value of \xe2\x80\x98int system(const char*)\xe2\x80\x99 declared with attribute \xe2\x80\x98warn_unused_result\xe2\x80\x99 [-Wunused-result]\n'}
[49.027637] (adaptive_lio) StderrLine: {'line': b'  783 |             system(cmd.c_str());\n'}
[49.027669] (adaptive_lio) StderrLine: {'line': b'      |             ~~~~~~^~~~~~~~~~~~~\n'}
[49.029582] (adaptive_lio) StderrLine: {'line': b'/home/pace2204/copy/slam-mid360-volita/src/adaptive_lio/src/apps/main_ros2.cpp: In member function \xe2\x80\x98void AdaptiveLioNode::saveMapCallback(std::shared_ptr<std_srvs::srv::Trigger_Request_<std::allocator<void> > >, std::shared_ptr<std_srvs::srv::Trigger_Response_<std::allocator<void> > >)\xe2\x80\x99:\n'}
[49.029706] (adaptive_lio) StderrLine: {'line': b'/home/pace2204/copy/slam-mid360-volita/src/adaptive_lio/src/apps/main_ros2.cpp:623:23: warning: ignoring return value of \xe2\x80\x98int system(const char*)\xe2\x80\x99 declared with attribute \xe2\x80\x98warn_unused_result\xe2\x80\x99 [-Wunused-result]\n'}
[49.029747] (adaptive_lio) StderrLine: {'line': b'  623 |                 system(cmd.c_str());\n'}
[49.029778] (adaptive_lio) StderrLine: {'line': b'      |                 ~~~~~~^~~~~~~~~~~~~\n'}
[49.118167] (-) TimerEvent: {}
[49.218344] (-) TimerEvent: {}
[49.318521] (-) TimerEvent: {}
[49.418685] (-) TimerEvent: {}
[49.518855] (-) TimerEvent: {}
[49.619017] (-) TimerEvent: {}
[49.719190] (-) TimerEvent: {}
[49.819346] (-) TimerEvent: {}
[49.919506] (-) TimerEvent: {}
[50.019665] (-) TimerEvent: {}
[50.119817] (-) TimerEvent: {}
[50.219970] (-) TimerEvent: {}
[50.320091] (-) TimerEvent: {}
[50.420248] (-) TimerEvent: {}
[50.520404] (-) TimerEvent: {}
[50.620557] (-) TimerEvent: {}
[50.720717] (-) TimerEvent: {}
[50.820875] (-) TimerEvent: {}
[50.921029] (-) TimerEvent: {}
[51.021194] (-) TimerEvent: {}
[51.121360] (-) TimerEvent: {}
[51.221517] (-) TimerEvent: {}
[51.321673] (-) TimerEvent: {}
[51.421832] (-) TimerEvent: {}
[51.521984] (-) TimerEvent: {}
[51.622156] (-) TimerEvent: {}
[51.722315] (-) TimerEvent: {}
[51.822474] (-) TimerEvent: {}
[51.922632] (-) TimerEvent: {}
[52.022792] (-) TimerEvent: {}
[52.122944] (-) TimerEvent: {}
[52.223096] (-) TimerEvent: {}
[52.323249] (-) TimerEvent: {}
[52.423405] (-) TimerEvent: {}
[52.523563] (-) TimerEvent: {}
[52.623712] (-) TimerEvent: {}
[52.723865] (-) TimerEvent: {}
[52.824015] (-) TimerEvent: {}
[52.924189] (-) TimerEvent: {}
[53.024339] (-) TimerEvent: {}
[53.124486] (-) TimerEvent: {}
[53.224648] (-) TimerEvent: {}
[53.324798] (-) TimerEvent: {}
[53.424954] (-) TimerEvent: {}
[53.525107] (-) TimerEvent: {}
[53.625270] (-) TimerEvent: {}
[53.725427] (-) TimerEvent: {}
[53.825581] (-) TimerEvent: {}
[53.925728] (-) TimerEvent: {}
[54.025882] (-) TimerEvent: {}
[54.126032] (-) TimerEvent: {}
[54.226187] (-) TimerEvent: {}
[54.326338] (-) TimerEvent: {}
[54.426488] (-) TimerEvent: {}
[54.526636] (-) TimerEvent: {}
[54.626789] (-) TimerEvent: {}
[54.726939] (-) TimerEvent: {}
[54.856982] (-) TimerEvent: {}
[54.957158] (-) TimerEvent: {}
[55.057315] (-) TimerEvent: {}
[55.157478] (-) TimerEvent: {}
[55.257643] (-) TimerEvent: {}
[55.357799] (-) TimerEvent: {}
[55.457963] (-) TimerEvent: {}
[55.558114] (-) TimerEvent: {}
[55.658273] (-) TimerEvent: {}
[55.758428] (-) TimerEvent: {}
[55.858582] (-) TimerEvent: {}
[55.958732] (-) TimerEvent: {}
[56.058891] (-) TimerEvent: {}
[56.159081] (-) TimerEvent: {}
[56.259649] (-) TimerEvent: {}
[56.359805] (-) TimerEvent: {}
[56.459959] (-) TimerEvent: {}
[56.560108] (-) TimerEvent: {}
[56.660252] (-) TimerEvent: {}
[56.760406] (-) TimerEvent: {}
[56.860571] (-) TimerEvent: {}
[56.960727] (-) TimerEvent: {}
[57.060872] (-) TimerEvent: {}
[57.161033] (-) TimerEvent: {}
[57.261194] (-) TimerEvent: {}
[57.361346] (-) TimerEvent: {}
[57.461495] (-) TimerEvent: {}
[57.561643] (-) TimerEvent: {}
[57.661792] (-) TimerEvent: {}
[57.761942] (-) TimerEvent: {}
[57.862091] (-) TimerEvent: {}
[57.962231] (-) TimerEvent: {}
[58.062370] (-) TimerEvent: {}
[58.162524] (-) TimerEvent: {}
[58.262679] (-) TimerEvent: {}
[58.362831] (-) TimerEvent: {}
[58.462990] (-) TimerEvent: {}
[58.563151] (-) TimerEvent: {}
[58.663316] (-) TimerEvent: {}
[58.763471] (-) TimerEvent: {}
[58.863620] (-) TimerEvent: {}
[58.963786] (-) TimerEvent: {}
[59.063945] (-) TimerEvent: {}
[59.164104] (-) TimerEvent: {}
[59.264275] (-) TimerEvent: {}
[59.364435] (-) TimerEvent: {}
[59.464604] (-) TimerEvent: {}
[59.564762] (-) TimerEvent: {}
[59.664928] (-) TimerEvent: {}
[59.765089] (-) TimerEvent: {}
[59.865264] (-) TimerEvent: {}
[59.965434] (-) TimerEvent: {}
[60.065583] (-) TimerEvent: {}
[60.148666] (adaptive_lio) StdoutLine: {'line': b'[ 95%] Linking CXX executable adaptive_lio_node\n'}
[60.165664] (-) TimerEvent: {}
[60.265812] (-) TimerEvent: {}
[60.365965] (-) TimerEvent: {}
[60.466126] (-) TimerEvent: {}
[60.566294] (-) TimerEvent: {}
[60.637325] (adaptive_lio) StdoutLine: {'line': b'[100%] Built target adaptive_lio_node\n'}
[60.666443] (-) TimerEvent: {}
[60.681714] (adaptive_lio) CommandEnded: {'returncode': 0}
[60.683792] (adaptive_lio) JobProgress: {'identifier': 'adaptive_lio', 'progress': 'install'}
[60.697089] (adaptive_lio) Command: {'cmd': ['/usr/bin/cmake', '--install', '/home/pace2204/copy/slam-mid360-volita/build/adaptive_lio'], 'cwd': '/home/pace2204/copy/slam-mid360-volita/build/adaptive_lio', 'env': OrderedDict([('GJS_DEBUG_TOPICS', 'JS ERROR;JS LOG'), ('VSCODE_CWD', '/home/pace2204'), ('LANGUAGE', 'zh_CN:zh'), ('USER', 'pace2204'), ('VSCODE_NLS_CONFIG', '{"userLocale":"zh-cn","osLocale":"en","resolvedLanguage":"zh-cn","defaultMessagesFile":"/usr/share/qoder/resources/app/out/nls.messages.json","languagePack":{"translationsConfigFile":"/home/pace2204/.config/Qoder/clp/3afffd5016528ded1c796a08d125a4d5.zh-cn/tcf.json","messagesFile":"/home/pace2204/.config/Qoder/clp/3afffd5016528ded1c796a08d125a4d5.zh-cn/0.4.7_ba2c98a811c6e5222a3d7f07e51e5b512cf9e403/nls.messages.json","corruptMarkerFile":"/home/pace2204/.config/Qoder/clp/3afffd5016528ded1c796a08d125a4d5.zh-cn/corrupted.info"},"locale":"zh-cn","availableLanguages":{"*":"zh-cn"},"_languagePackId":"3afffd5016528ded1c796a08d125a4d5.zh-cn","_languagePackSupport":true,"_translationsConfigFile":"/home/pace2204/.config/Qoder/clp/3afffd5016528ded1c796a08d125a4d5.zh-cn/tcf.json","_cacheRoot":"/home/pace2204/.config/Qoder/clp/3afffd5016528ded1c796a08d125a4d5.zh-cn","_resolvedLanguagePackCoreLocation":"/home/pace2204/.config/Qoder/clp/3afffd5016528ded1c796a08d125a4d5.zh-cn/0.4.7_ba2c98a811c6e5222a3d7f07e51e5b512cf9e403","_corruptedFile":"/home/pace2204/.config/Qoder/clp/3afffd5016528ded1c796a08d125a4d5.zh-cn/corrupted.info"}'), ('GIT_EDITOR', 'true'), ('XDG_SESSION_TYPE', 'wayland'), ('SHLVL', '1'), ('LD_LIBRARY_PATH', '/home/pace2204/livox_ws/install/livox_ros_driver2/lib:/opt/ros/humble/opt/rviz_ogre_vendor/lib:/opt/ros/humble/lib/x86_64-linux-gnu:/opt/ros/humble/lib'), ('HOME', '/home/pace2204'), ('CHROME_DESKTOP', 'qoder.desktop'), ('OLDPWD', '/home/pace2204/copy/slam-mid360-volita'), ('DESKTOP_SESSION', 'ubuntu'), ('VSCODE_IPC_HOOK', '/run/user/1000/vscode-415d8430-1.10-main.sock'), ('GIO_LAUNCHED_DESKTOP_FILE', '/usr/share/applications/qoder.desktop'), ('ROS_PYTHON_VERSION', '3'), ('GNOME_SHELL_SESSION_MODE', 'ubuntu'), ('GTK_MODULES', 'gail:atk-bridge'), ('MANAGERPID', '1055'), ('SYSTEMD_EXEC_PID', '1291'), ('IM_CONFIG_CHECK_ENV', '1'), ('DBUS_SESSION_BUS_ADDRESS', 'unix:path=/run/user/1000/bus'), ('QODERCLI_INTEGRATION_MODE', 'quest'), ('GIO_LAUNCHED_DESKTOP_FILE_PID', '375435'), ('IM_CONFIG_PHASE', '1'), ('WAYLAND_DISPLAY', 'wayland-0'), ('COLCON_PREFIX_PATH', '/home/pace2204/livox_ws/install'), ('ROS_DISTRO', 'humble'), ('LOGNAME', 'pace2204'), ('JOURNAL_STREAM', '8:17332'), ('_', '/usr/bin/colcon'), ('ROS_VERSION', '2'), ('XDG_SESSION_CLASS', 'user'), ('TYPE_IS_ARMS', 'true'), ('USERNAME', 'pace2204'), ('GNOME_DESKTOP_SESSION_ID', 'this-is-deprecated'), ('ROS_LOCALHOST_ONLY', '0'), ('VSCODE_BRAND', 'Qoder'), ('PATH', '/opt/ros/humble/bin:/usr/local/sbin:/usr/local/bin:/usr/sbin:/usr/bin:/sbin:/bin:/usr/games:/usr/local/games:/snap/bin:/snap/bin'), ('SESSION_MANAGER', 'local/pace2204-BQM5:@/tmp/.ICE-unix/1245,unix/pace2204-BQM5:/tmp/.ICE-unix/1245'), ('INVOCATION_ID', '24b5279f95ef46a895d7ed97825347e4'), ('XDG_MENU_PREFIX', 'gnome-'), ('GNOME_SETUP_DISPLAY', ':1'), ('XDG_RUNTIME_DIR', '/run/user/1000'), ('GDK_BACKEND', 'x11'), ('ARMS_APP_NAME', 'qoder-cosy'), ('DISPLAY', ':0'), ('ARMS_REGION_ID', 'ap-northeast-1'), ('LANG', 'zh_CN.UTF-8'), ('XDG_CURRENT_DESKTOP', 'Unity'), ('XMODIFIERS', '@im=ibus'), ('XDG_SESSION_DESKTOP', 'ubuntu'), ('XAUTHORITY', '/run/user/1000/.mutter-Xwaylandauth.3YDOL3'), ('SSH_AGENT_LAUNCHER', 'gnome-keyring'), ('SSH_AUTH_SOCK', '/run/user/1000/keyring/ssh'), ('AMENT_PREFIX_PATH', '/home/pace2204/livox_ws/install/livox_ros_driver2:/opt/ros/humble'), ('ORIGINAL_XDG_CURRENT_DESKTOP', 'ubuntu:GNOME'), ('SHELL', '/bin/bash'), ('QT_ACCESSIBILITY', '1'), ('NO_AT_BRIDGE', '1'), ('GDMSESSION', 'ubuntu'), ('GJS_DEBUG_OUTPUT', 'stderr'), ('ARMS_ENABLE', 'true'), ('QT_IM_MODULE', 'ibus'), ('PWD', '/home/pace2204/copy/slam-mid360-volita/build/adaptive_lio'), ('XDG_CONFIG_DIRS', '/etc/xdg/xdg-ubuntu:/etc/xdg'), ('VSCODE_CODE_CACHE_PATH', '/home/pace2204/.config/Qoder/CachedData/ba2c98a811c6e5222a3d7f07e51e5b512cf9e403'), ('XDG_DATA_DIRS', '/usr/share/ubuntu:/usr/local/share/:/usr/share/:/var/lib/snapd/desktop'), ('PYTHONPATH', '/home/pace2204/livox_ws/install/livox_ros_driver2/local/lib/python3.10/dist-packages:/opt/ros/humble/lib/python3.10/site-packages:/opt/ros/humble/local/lib/python3.10/dist-packages'), ('QODER_CLI', '1'), ('COLCON', '1'), ('FEATURE_FLAGS', '{"authUserPlanTierName":true,"welcomeFirstLaunchKey":"qoder.firstLaunch","welcomeOnboardingUseCustomStyle":false,"questModeEnable":true,"repoWikiEnable":true,"codebaseIgnoreFileName":".qoderignore","chatDefaultMode":"agent","chatDefaultAskModeUseTools":true,"currentPlanTitleKey":"application.config.general.plan.currentPlan.title","enableCreditUsage":true,"hasDedicatedUrlSetting":false,"showWelcomeMessage":false,"showModelTierSelector":true,"showModelSelector":false,"landingPageNeedLoginBtn":true,"preferredLanguageSupportOnlyZhAndEn":false,"enableSecurityFilter":false,"enableCodeChanges":false,"enableGitCommit":false,"enableLocalFile":true,"enableUserPlanUpgrade":true,"defaultBigModelEndpoint":"https://center.qoder.sh","improvementPlanSetting":true,"supportOrganizationCommand":false,"enableDynamicConfig":true,"qoderDirectAuth":true,"feedbackMethodIsEmail":true,"commit":"ba2c98a811c6e5222a3d7f07e51e5b512cf9e403","date":"2026-02-13T07:13:54.052Z","checksums":{"vs/base/parts/sandbox/electron-sandbox/preload.js":"eMCMtyPVVMxe6uce3NknivMZgd2q6ljQPMr7vRScAYk","vs/workbench/workbench.desktop.main.js":"SXd9pOwo55Yt83OEiXFoPAZHye0pnQIrxbQ70O+Sed0","vs/workbench/workbench.desktop.main.css":"ks0fu1idwMDL7fIcSu1ifhgVpKdkCZziL+7TE1Yc0eo","vs/workbench/api/node/extensionHostProcess.js":"O9uuxViaBomQawTGz+iPBQciGCUSdznm4hYtj/4ed0E","vs/code/electron-sandbox/workbench/workbench.html":"qCUV1BYtmJSS5BrtctLLLnPUm3g0BF+THziYLDg2hCo","vs/code/electron-sandbox/workbench/workbench.js":"HTzPHXSSGaB8b0ToK7BcL04+DQWpVjGgEPRXhP7jxW4"},"version":"0.4.7"}'), ('CMAKE_PREFIX_PATH', '/home/pace2204/livox_ws/install/livox_ros_driver2:/opt/ros/humble'), ('VSCODE_PID', '375435')]), 'shell': False}
[60.705054] (adaptive_lio) StdoutLine: {'line': b'-- Install configuration: "Release"\n'}
[60.705439] (adaptive_lio) StdoutLine: {'line': b'-- Installing: /home/pace2204/copy/slam-mid360-volita/install/adaptive_lio/lib/adaptive_lio/adaptive_lio_node\n'}
[60.709752] (adaptive_lio) StdoutLine: {'line': b'-- Set runtime path of "/home/pace2204/copy/slam-mid360-volita/install/adaptive_lio/lib/adaptive_lio/adaptive_lio_node" to ""\n'}
[60.710340] (adaptive_lio) StdoutLine: {'line': b'-- Up-to-date: /home/pace2204/copy/slam-mid360-volita/install/adaptive_lio/share/adaptive_lio/launch\n'}
[60.710802] (adaptive_lio) StdoutLine: {'line': b'-- Up-to-date: /home/pace2204/copy/slam-mid360-volita/install/adaptive_lio/share/adaptive_lio/launch/run.launch.py\n'}
[60.711005] (adaptive_lio) StdoutLine: {'line': b'-- Up-to-date: /home/pace2204/copy/slam-mid360-volita/install/adaptive_lio/share/adaptive_lio/config\n'}
[60.711209] (adaptive_lio) StdoutLine: {'line': b'-- Installing: /home/pace2204/copy/slam-mid360-volita/install/adaptive_lio/share/adaptive_lio/config/mapping_orin_nx.yaml\n'}
[60.711404] (adaptive_lio) StdoutLine: {'line': b'-- Up-to-date: /home/pace2204/copy/slam-mid360-volita/install/adaptive_lio/share/adaptive_lio/config/mapping_m.yaml\n'}
[60.711565] (adaptive_lio) StdoutLine: {'line': b'-- Up-to-date: /home/pace2204/copy/slam-mid360-volita/install/adaptive_lio/share/adaptive_lio/config/adaptive_lio.rviz\n'}
[60.711738] (adaptive_lio) StdoutLine: {'line': b'-- Up-to-date: /home/pace2204/copy/slam-mid360-volita/install/adaptive_lio/share/adaptive_lio/config/mapping_m copy.yaml\n'}
[60.711898] (adaptive_lio) StdoutLine: {'line': b'-- Up-to-date: /home/pace2204/copy/slam-mid360-volita/install/adaptive_lio/share/ament_index/resource_index/package_run_dependencies/adaptive_lio\n'}
[60.712065] (adaptive_lio) StdoutLine: {'line': b'-- Up-to-date: /home/pace2204/copy/slam-mid360-volita/install/adaptive_lio/share/ament_index/resource_index/parent_prefix_path/adaptive_lio\n'}
[60.713229] (adaptive_lio) StdoutLine: {'line': b'-- Up-to-date: /home/pace2204/copy/slam-mid360-volita/install/adaptive_lio/share/adaptive_lio/environment/ament_prefix_path.dsv\n'}
[60.713564] (adaptive_lio) StdoutLine: {'line': b'-- Up-to-date: /home/pace2204/copy/slam-mid360-volita/install/adaptive_lio/share/adaptive_lio/environment/path.dsv\n'}
[60.713841] (adaptive_lio) StdoutLine: {'line': b'-- Up-to-date: /home/pace2204/copy/slam-mid360-volita/install/adaptive_lio/share/adaptive_lio/local_setup.bash\n'}
[60.714228] (adaptive_lio) StdoutLine: {'line': b'-- Up-to-date: /home/pace2204/copy/slam-mid360-volita/install/adaptive_lio/share/adaptive_lio/local_setup.sh\n'}
[60.714573] (adaptive_lio) StdoutLine: {'line': b'-- Up-to-date: /home/pace2204/copy/slam-mid360-volita/install/adaptive_lio/share/adaptive_lio/local_setup.zsh\n'}
[60.715011] (adaptive_lio) StdoutLine: {'line': b'-- Up-to-date: /home/pace2204/copy/slam-mid360-volita/install/adaptive_lio/share/adaptive_lio/local_setup.dsv\n'}
[60.715492] (adaptive_lio) StdoutLine: {'line': b'-- Installing: /home/pace2204/copy/slam-mid360-volita/install/adaptive_lio/share/adaptive_lio/package.dsv\n'}
[60.715893] (adaptive_lio) StdoutLine: {'line': b'-- Up-to-date: /home/pace2204/copy/slam-mid360-volita/install/adaptive_lio/share/ament_index/resource_index/packages/adaptive_lio\n'}
[60.716405] (adaptive_lio) StdoutLine: {'line': b'-- Up-to-date: /home/pace2204/copy/slam-mid360-volita/install/adaptive_lio/share/adaptive_lio/cmake/adaptive_lioConfig.cmake\n'}
[60.716702] (adaptive_lio) StdoutLine: {'line': b'-- Up-to-date: /home/pace2204/copy/slam-mid360-volita/install/adaptive_lio/share/adaptive_lio/cmake/adaptive_lioConfig-version.cmake\n'}
[60.717637] (adaptive_lio) StdoutLine: {'line': b'-- Up-to-date: /home/pace2204/copy/slam-mid360-volita/install/adaptive_lio/share/adaptive_lio/package.xml\n'}
[60.718185] (adaptive_lio) CommandEnded: {'returncode': 0}
[60.741110] (adaptive_lio) JobEnded: {'identifier': 'adaptive_lio', 'rc': 0}
[60.741954] (-) EventReactorShutdown: {}
