[0.000000] (-) TimerEvent: {}
[0.000167] (adaptive_lio) JobQueued: {'identifier': 'adaptive_lio', 'dependencies': OrderedDict()}
[0.000517] (adaptive_lio) JobStarted: {'identifier': 'adaptive_lio'}
[0.004321] (adaptive_lio) JobProgress: {'identifier': 'adaptive_lio', 'progress': 'cmake'}
[0.004872] (adaptive_lio) Command: {'cmd': ['/usr/bin/cmake', '/home/pace2204/copy/slam-mid360-volita/src/adaptive_lio', '-DCMAKE_INSTALL_PREFIX=/home/pace2204/copy/slam-mid360-volita/install/adaptive_lio'], 'cwd': '/home/pace2204/copy/slam-mid360-volita/build/adaptive_lio', 'env': OrderedDict([('GJS_DEBUG_TOPICS', 'JS ERROR;JS LOG'), ('VSCODE_CWD', '/home/pace2204'), ('LANGUAGE', 'zh_CN:zh'), ('USER', 'pace2204'), ('VSCODE_NLS_CONFIG', '{"userLocale":"zh-cn","osLocale":"en","resolvedLanguage":"zh-cn","defaultMessagesFile":"/usr/share/qoder/resources/app/out/nls.messages.json","languagePack":{"translationsConfigFile":"/home/pace2204/.config/Qoder/clp/3afffd5016528ded1c796a08d125a4d5.zh-cn/tcf.json","messagesFile":"/home/pace2204/.config/Qoder/clp/3afffd5016528ded1c796a08d125a4d5.zh-cn/0.4.7_ba2c98a811c6e5222a3d7f07e51e5b512cf9e403/nls.messages.json","corruptMarkerFile":"/home/pace2204/.config/Qoder/clp/3afffd5016528ded1c796a08d125a4d5.zh-cn/corrupted.info"},"locale":"zh-cn","availableLanguages":{"*":"zh-cn"},"_languagePackId":"3afffd5016528ded1c796a08d125a4d5.zh-cn","_languagePackSupport":true,"_translationsConfigFile":"/home/pace2204/.config/Qoder/clp/3afffd5016528ded1c796a08d125a4d5.zh-cn/tcf.json","_cacheRoot":"/home/pace2204/.config/Qoder/clp/3afffd5016528ded1c796a08d125a4d5.zh-cn","_resolvedLanguagePackCoreLocation":"/home/pace2204/.config/Qoder/clp/3afffd5016528ded1c796a08d125a4d5.zh-cn/0.4.7_ba2c98a811c6e5222a3d7f07e51e5b512cf9e403","_corruptedFile":"/home/pace2204/.config/Qoder/clp/3afffd5016528ded1c796a08d125a4d5.zh-cn/corrupted.info"}'), ('GIT_EDITOR', 'true'), ('XDG_SESSION_TYPE', 'wayland'), ('SHLVL', '1'), ('HOME', '/home/pace2204'), ('CHROME_DESKTOP', 'qoder.desktop'), ('OLDPWD', '/home/pace2204/copy/slam-mid360-volita'), ('DESKTOP_SESSION', 'ubuntu'), ('VSCODE_IPC_HOOK', '/run/user/1000/vscode-415d8430-1.10-main.sock'), ('GIO_LAUNCHED_DESKTOP_FILE', '/usr/share/applications/qoder.desktop'), ('GNOME_SHELL_SESSION_MODE', 'ubuntu'), ('GTK_MODULES', 'gail:atk-bridge'), ('MANAGERPID', '1049'), ('SYSTEMD_EXEC_PID', '1286'), ('IM_CONFIG_CHECK_ENV', '1'), ('DBUS_SESSION_BUS_ADDRESS', 'unix:path=/run/user/1000/bus'), ('QODERCLI_INTEGRATION_MODE', 'quest'), ('GIO_LAUNCHED_DESKTOP_FILE_PID', '87057'), ('IM_CONFIG_PHASE', '1'), ('WAYLAND_DISPLAY', 'wayland-0'), ('LOGNAME', 'pace2204'), ('JOURNAL_STREAM', '8:13067'), ('_', '/usr/bin/colcon'), ('XDG_SESSION_CLASS', 'user'), ('TYPE_IS_ARMS', 'true'), ('USERNAME', 'pace2204'), ('GNOME_DESKTOP_SESSION_ID', 'this-is-deprecated'), ('VSCODE_BRAND', 'Qoder'), ('PATH', '/usr/local/sbin:/usr/local/bin:/usr/sbin:/usr/bin:/sbin:/bin:/usr/games:/usr/local/games:/snap/bin:/snap/bin'), ('SESSION_MANAGER', 'local/pace2204-BQM5:@/tmp/.ICE-unix/1252,unix/pace2204-BQM5:/tmp/.ICE-unix/1252'), ('INVOCATION_ID', '02a58268ff434ccd909000380752652c'), ('XDG_MENU_PREFIX', 'gnome-'), ('GNOME_SETUP_DISPLAY', ':1'), ('XDG_RUNTIME_DIR', '/run/user/1000'), ('GDK_BACKEND', 'x11'), ('ARMS_APP_NAME', 'qoder-cosy'), ('DISPLAY', ':0'), ('ARMS_REGION_ID', 'ap-northeast-1'), ('LANG', 'zh_CN.UTF-8'), ('XDG_CURRENT_DESKTOP', 'Unity'), ('XMODIFIERS', '@im=ibus'), ('XDG_SESSION_DESKTOP', 'ubuntu'), ('XAUTHORITY', '/run/user/1000/.mutter-Xwaylandauth.GHURL3'), ('SSH_AGENT_LAUNCHER', 'gnome-keyring'), ('SSH_AUTH_SOCK', '/run/user/1000/keyring/ssh'), ('ORIGINAL_XDG_CURRENT_DESKTOP', 'ubuntu:GNOME'), ('SHELL', '/bin/bash'), ('QT_ACCESSIBILITY', '1'), ('NO_AT_BRIDGE', '1'), ('GDMSESSION', 'ubuntu'), ('GJS_DEBUG_OUTPUT', 'stderr'), ('ARMS_ENABLE', 'true'), ('QT_IM_MODULE', 'ibus'), ('PWD', '/home/pace2204/copy/slam-mid360-volita/build/adaptive_lio'), ('XDG_CONFIG_DIRS', '/etc/xdg/xdg-ubuntu:/etc/xdg'), ('VSCODE_CODE_CACHE_PATH', '/home/pace2204/.config/Qoder/CachedData/ba2c98a811c6e5222a3d7f07e51e5b512cf9e403'), ('XDG_DATA_DIRS', '/usr/share/ubuntu:/usr/local/share/:/usr/share/:/var/lib/snapd/desktop'), ('QODER_CLI', '1'), ('COLCON', '1'), ('FEATURE_FLAGS', '{"authUserPlanTierName":true,"welcomeFirstLaunchKey":"qoder.firstLaunch","welcomeOnboardingUseCustomStyle":false,"questModeEnable":true,"repoWikiEnable":true,"codebaseIgnoreFileName":".qoderignore","chatDefaultMode":"agent","chatDefaultAskModeUseTools":true,"currentPlanTitleKey":"application.config.general.plan.currentPlan.title","enableCreditUsage":true,"hasDedicatedUrlSetting":false,"showWelcomeMessage":false,"showModelTierSelector":true,"showModelSelector":false,"landingPageNeedLoginBtn":true,"preferredLanguageSupportOnlyZhAndEn":false,"enableSecurityFilter":false,"enableCodeChanges":false,"enableGitCommit":false,"enableLocalFile":true,"enableUserPlanUpgrade":true,"defaultBigModelEndpoint":"https://center.qoder.sh","improvementPlanSetting":true,"supportOrganizationCommand":false,"enableDynamicConfig":true,"qoderDirectAuth":true,"feedbackMethodIsEmail":true,"commit":"ba2c98a811c6e5222a3d7f07e51e5b512cf9e403","date":"2026-02-13T07:13:54.052Z","checksums":{"vs/base/parts/sandbox/electron-sandbox/preload.js":"eMCMtyPVVMxe6uce3NknivMZgd2q6ljQPMr7vRScAYk","vs/workbench/workbench.desktop.main.js":"SXd9pOwo55Yt83OEiXFoPAZHye0pnQIrxbQ70O+Sed0","vs/workbench/workbench.desktop.main.css":"ks0fu1idwMDL7fIcSu1ifhgVpKdkCZziL+7TE1Yc0eo","vs/workbench/api/node/extensionHostProcess.js":"O9uuxViaBomQawTGz+iPBQciGCUSdznm4hYtj/4ed0E","vs/code/electron-sandbox/workbench/workbench.html":"qCUV1BYtmJSS5BrtctLLLnPUm3g0BF+THziYLDg2hCo","vs/code/electron-sandbox/workbench/workbench.js":"HTzPHXSSGaB8b0ToK7BcL04+DQWpVjGgEPRXhP7jxW4"},"version":"0.4.7"}'), ('VSCODE_PID', '87057')]), 'shell': False}
[0.099797] (-) TimerEvent: {}
[0.129810] (adaptive_lio) StdoutLine: {'line': b'-- The C compiler identification is GNU 11.4.0\n'}
[0.197217] (adaptive_lio) StdoutLine: {'line': b'-- The CXX compiler identification is GNU 11.4.0\n'}
[0.199866] (-) TimerEvent: {}
[0.203069] (adaptive_lio) StdoutLine: {'line': b'-- Detecting C compiler ABI info\n'}
[0.300012] (-) TimerEvent: {}
[0.309228] (adaptive_lio) StdoutLine: {'line': b'-- Detecting C compiler ABI info - done\n'}
[0.314253] (adaptive_lio) StdoutLine: {'line': b'-- Check for working C compiler: /usr/bin/cc - skipped\n'}
[0.314658] (adaptive_lio) StdoutLine: {'line': b'-- Detecting C compile features\n'}
[0.315191] (adaptive_lio) StdoutLine: {'line': b'-- Detecting C compile features - done\n'}
[0.318061] (adaptive_lio) StdoutLine: {'line': b'-- Detecting CXX compiler ABI info\n'}
[0.400241] (-) TimerEvent: {}
[0.470960] (adaptive_lio) StdoutLine: {'line': b'-- Detecting CXX compiler ABI info - done\n'}
[0.475993] (adaptive_lio) StdoutLine: {'line': b'-- Check for working CXX compiler: /usr/bin/c++ - skipped\n'}
[0.476221] (adaptive_lio) StdoutLine: {'line': b'-- Detecting CXX compile features\n'}
[0.476391] (adaptive_lio) StdoutLine: {'line': b'-- Detecting CXX compile features - done\n'}
[0.482485] (adaptive_lio) StderrLine: {'line': b'CMake Error at CMakeLists.txt:16 (find_package):\n'}
[0.482736] (adaptive_lio) StderrLine: {'line': b'  By not providing "Findament_cmake.cmake" in CMAKE_MODULE_PATH this project\n'}
[0.482844] (adaptive_lio) StderrLine: {'line': b'  has asked CMake to find a package configuration file provided by\n'}
[0.482937] (adaptive_lio) StderrLine: {'line': b'  "ament_cmake", but CMake did not find one.\n'}
[0.483024] (adaptive_lio) StderrLine: {'line': b'\n'}
[0.483108] (adaptive_lio) StderrLine: {'line': b'  Could not find a package configuration file provided by "ament_cmake" with\n'}
[0.483192] (adaptive_lio) StderrLine: {'line': b'  any of the following names:\n'}
[0.483274] (adaptive_lio) StderrLine: {'line': b'\n'}
[0.483355] (adaptive_lio) StderrLine: {'line': b'    ament_cmakeConfig.cmake\n'}
[0.483439] (adaptive_lio) StderrLine: {'line': b'    ament_cmake-config.cmake\n'}
[0.483535] (adaptive_lio) StderrLine: {'line': b'\n'}
[0.483618] (adaptive_lio) StderrLine: {'line': b'  Add the installation prefix of "ament_cmake" to CMAKE_PREFIX_PATH or set\n'}
[0.483706] (adaptive_lio) StderrLine: {'line': b'  "ament_cmake_DIR" to a directory containing one of the above files.  If\n'}
[0.483787] (adaptive_lio) StderrLine: {'line': b'  "ament_cmake" provides a separate development package or SDK, be sure it\n'}
[0.483866] (adaptive_lio) StderrLine: {'line': b'  has been installed.\n'}
[0.483945] (adaptive_lio) StderrLine: {'line': b'\n'}
[0.484024] (adaptive_lio) StderrLine: {'line': b'\n'}
[0.484102] (adaptive_lio) StdoutLine: {'line': b'-- Configuring incomplete, errors occurred!\n'}
[0.484184] (adaptive_lio) StdoutLine: {'line': b'See also "/home/pace2204/copy/slam-mid360-volita/build/adaptive_lio/CMakeFiles/CMakeOutput.log".\n'}
[0.484944] (adaptive_lio) CommandEnded: {'returncode': 1}
[0.500281] (-) TimerEvent: {}
[0.507572] (adaptive_lio) JobEnded: {'identifier': 'adaptive_lio', 'rc': 1}
[0.517941] (-) EventReactorShutdown: {}
