[0.062s] DEBUG:colcon:Command line arguments: ['/usr/bin/colcon', 'build', '--symlink-install']
[0.062s] DEBUG:colcon:Parsed command line arguments: Namespace(log_base=None, log_level=None, verb_name='build', build_base='build', install_base='install', merge_install=False, symlink_install=True, test_result_base=None, continue_on_error=False, executor='parallel', parallel_workers=20, event_handlers=None, ignore_user_meta=False, metas=['./colcon.meta'], base_paths=['.'], packages_ignore=None, packages_ignore_regex=None, paths=None, packages_up_to=None, packages_up_to_regex=None, packages_above=None, packages_above_and_dependencies=None, packages_above_depth=None, packages_select_by_dep=None, packages_skip_by_dep=None, packages_skip_up_to=None, packages_select_build_failed=False, packages_skip_build_finished=False, packages_select_test_failures=False, packages_skip_test_passed=False, packages_select=None, packages_skip=None, packages_select_regex=None, packages_skip_regex=None, packages_start=None, packages_end=None, allow_overriding=[], cmake_args=None, cmake_target=None, cmake_target_skip_unavailable=False, cmake_clean_cache=False, cmake_clean_first=False, cmake_force_configure=False, ament_cmake_args=None, catkin_cmake_args=None, catkin_skip_building_tests=False, verb_parser=<colcon_defaults.argument_parser.defaults.DefaultArgumentsDecorator object at 0x73b768527160>, verb_extension=<colcon_core.verb.build.BuildVerb object at 0x73b768526c80>, main=<bound method BuildVerb.main of <colcon_core.verb.build.BuildVerb object at 0x73b768526c80>>)
[0.150s] Level 1:colcon.colcon_core.package_discovery:discover_packages(colcon_meta) check parameters
[0.150s] Level 1:colcon.colcon_core.package_discovery:discover_packages(recursive) check parameters
[0.150s] Level 1:colcon.colcon_core.package_discovery:discover_packages(ignore) check parameters
[0.150s] Level 1:colcon.colcon_core.package_discovery:discover_packages(path) check parameters
[0.150s] Level 1:colcon.colcon_core.package_discovery:discover_packages(colcon_meta) discover
[0.150s] Level 1:colcon.colcon_core.package_discovery:discover_packages(recursive) discover
[0.150s] INFO:colcon.colcon_core.package_discovery:Crawling recursively for packages in '/home/pace2204/slam-mid360-volita'
[0.150s] Level 1:colcon.colcon_core.package_identification:_identify(.) by extensions ['ignore', 'ignore_ament_install']
[0.150s] Level 1:colcon.colcon_core.package_identification:_identify(.) by extension 'ignore'
[0.150s] Level 1:colcon.colcon_core.package_identification:_identify(.) by extension 'ignore_ament_install'
[0.150s] Level 1:colcon.colcon_core.package_identification:_identify(.) by extensions ['colcon_pkg']
[0.150s] Level 1:colcon.colcon_core.package_identification:_identify(.) by extension 'colcon_pkg'
[0.150s] Level 1:colcon.colcon_core.package_identification:_identify(.) by extensions ['colcon_meta']
[0.150s] Level 1:colcon.colcon_core.package_identification:_identify(.) by extension 'colcon_meta'
[0.150s] Level 1:colcon.colcon_core.package_identification:_identify(.) by extensions ['ros']
[0.150s] Level 1:colcon.colcon_core.package_identification:_identify(.) by extension 'ros'
[0.158s] Level 1:colcon.colcon_core.package_identification:_identify(.) by extensions ['cmake', 'python']
[0.158s] Level 1:colcon.colcon_core.package_identification:_identify(.) by extension 'cmake'
[0.158s] Level 1:colcon.colcon_core.package_identification:_identify(.) by extension 'python'
[0.158s] Level 1:colcon.colcon_core.package_identification:_identify(.) by extensions ['python_setup_py']
[0.158s] Level 1:colcon.colcon_core.package_identification:_identify(.) by extension 'python_setup_py'
[0.158s] Level 1:colcon.colcon_core.package_identification:_identify(build) by extensions ['ignore', 'ignore_ament_install']
[0.158s] Level 1:colcon.colcon_core.package_identification:_identify(build) by extension 'ignore'
[0.158s] Level 1:colcon.colcon_core.package_identification:_identify(build) ignored
[0.158s] Level 1:colcon.colcon_core.package_identification:_identify(install) by extensions ['ignore', 'ignore_ament_install']
[0.158s] Level 1:colcon.colcon_core.package_identification:_identify(install) by extension 'ignore'
[0.158s] Level 1:colcon.colcon_core.package_identification:_identify(install) ignored
[0.158s] Level 1:colcon.colcon_core.package_identification:_identify(log) by extensions ['ignore', 'ignore_ament_install']
[0.158s] Level 1:colcon.colcon_core.package_identification:_identify(log) by extension 'ignore'
[0.158s] Level 1:colcon.colcon_core.package_identification:_identify(log) ignored
[0.158s] Level 1:colcon.colcon_core.package_identification:_identify(src) by extensions ['ignore', 'ignore_ament_install']
[0.158s] Level 1:colcon.colcon_core.package_identification:_identify(src) by extension 'ignore'
[0.158s] Level 1:colcon.colcon_core.package_identification:_identify(src) by extension 'ignore_ament_install'
[0.158s] Level 1:colcon.colcon_core.package_identification:_identify(src) by extensions ['colcon_pkg']
[0.158s] Level 1:colcon.colcon_core.package_identification:_identify(src) by extension 'colcon_pkg'
[0.158s] Level 1:colcon.colcon_core.package_identification:_identify(src) by extensions ['colcon_meta']
[0.158s] Level 1:colcon.colcon_core.package_identification:_identify(src) by extension 'colcon_meta'
[0.158s] Level 1:colcon.colcon_core.package_identification:_identify(src) by extensions ['ros']
[0.158s] Level 1:colcon.colcon_core.package_identification:_identify(src) by extension 'ros'
[0.158s] Level 1:colcon.colcon_core.package_identification:_identify(src) by extensions ['cmake', 'python']
[0.158s] Level 1:colcon.colcon_core.package_identification:_identify(src) by extension 'cmake'
[0.158s] Level 1:colcon.colcon_core.package_identification:_identify(src) by extension 'python'
[0.158s] Level 1:colcon.colcon_core.package_identification:_identify(src) by extensions ['python_setup_py']
[0.158s] Level 1:colcon.colcon_core.package_identification:_identify(src) by extension 'python_setup_py'
[0.159s] Level 1:colcon.colcon_core.package_identification:_identify(src/adaptive_lio) by extensions ['ignore', 'ignore_ament_install']
[0.159s] Level 1:colcon.colcon_core.package_identification:_identify(src/adaptive_lio) by extension 'ignore'
[0.159s] Level 1:colcon.colcon_core.package_identification:_identify(src/adaptive_lio) by extension 'ignore_ament_install'
[0.159s] Level 1:colcon.colcon_core.package_identification:_identify(src/adaptive_lio) by extensions ['colcon_pkg']
[0.159s] Level 1:colcon.colcon_core.package_identification:_identify(src/adaptive_lio) by extension 'colcon_pkg'
[0.159s] Level 1:colcon.colcon_core.package_identification:_identify(src/adaptive_lio) by extensions ['colcon_meta']
[0.159s] Level 1:colcon.colcon_core.package_identification:_identify(src/adaptive_lio) by extension 'colcon_meta'
[0.159s] Level 1:colcon.colcon_core.package_identification:_identify(src/adaptive_lio) by extensions ['ros']
[0.159s] Level 1:colcon.colcon_core.package_identification:_identify(src/adaptive_lio) by extension 'ros'
[0.161s] DEBUG:colcon.colcon_core.package_identification:Package 'src/adaptive_lio' with type 'ros.ament_cmake' and name 'adaptive_lio'
[0.161s] Level 1:colcon.colcon_core.package_discovery:discover_packages(recursive) using defaults
[0.161s] Level 1:colcon.colcon_core.package_discovery:discover_packages(ignore) discover
[0.161s] Level 1:colcon.colcon_core.package_discovery:discover_packages(ignore) using defaults
[0.161s] Level 1:colcon.colcon_core.package_discovery:discover_packages(path) discover
[0.161s] Level 1:colcon.colcon_core.package_discovery:discover_packages(path) using defaults
[0.173s] Level 1:colcon.colcon_core.package_discovery:discover_packages(prefix_path) check parameters
[0.173s] Level 1:colcon.colcon_core.package_discovery:discover_packages(prefix_path) discover
[0.174s] DEBUG:colcon.colcon_installed_package_information.package_discovery:Found 1 installed packages in /home/pace2204/livox_ws/install
[0.174s] DEBUG:colcon.colcon_installed_package_information.package_discovery:Found 1 installed packages in /home/pace2204/slam-mid360-volita/install
[0.175s] DEBUG:colcon.colcon_installed_package_information.package_discovery:Found 272 installed packages in /opt/ros/humble
[0.176s] Level 1:colcon.colcon_core.package_discovery:discover_packages(prefix_path) using defaults
[0.202s] Level 5:colcon.colcon_core.verb:set package 'adaptive_lio' build argument 'cmake_args' from command line to 'None'
[0.202s] Level 5:colcon.colcon_core.verb:set package 'adaptive_lio' build argument 'cmake_target' from command line to 'None'
[0.202s] Level 5:colcon.colcon_core.verb:set package 'adaptive_lio' build argument 'cmake_target_skip_unavailable' from command line to 'False'
[0.202s] Level 5:colcon.colcon_core.verb:set package 'adaptive_lio' build argument 'cmake_clean_cache' from command line to 'False'
[0.202s] Level 5:colcon.colcon_core.verb:set package 'adaptive_lio' build argument 'cmake_clean_first' from command line to 'False'
[0.202s] Level 5:colcon.colcon_core.verb:set package 'adaptive_lio' build argument 'cmake_force_configure' from command line to 'False'
[0.202s] Level 5:colcon.colcon_core.verb:set package 'adaptive_lio' build argument 'ament_cmake_args' from command line to 'None'
[0.202s] Level 5:colcon.colcon_core.verb:set package 'adaptive_lio' build argument 'catkin_cmake_args' from command line to 'None'
[0.202s] Level 5:colcon.colcon_core.verb:set package 'adaptive_lio' build argument 'catkin_skip_building_tests' from command line to 'False'
[0.202s] DEBUG:colcon.colcon_core.verb:Building package 'adaptive_lio' with the following arguments: {'ament_cmake_args': None, 'build_base': '/home/pace2204/slam-mid360-volita/build/adaptive_lio', 'catkin_cmake_args': None, 'catkin_skip_building_tests': False, 'cmake_args': None, 'cmake_clean_cache': False, 'cmake_clean_first': False, 'cmake_force_configure': False, 'cmake_target': None, 'cmake_target_skip_unavailable': False, 'install_base': '/home/pace2204/slam-mid360-volita/install/adaptive_lio', 'merge_install': False, 'path': '/home/pace2204/slam-mid360-volita/src/adaptive_lio', 'symlink_install': True, 'test_result_base': None}
[0.202s] INFO:colcon.colcon_core.executor:Executing jobs using 'parallel' executor
[0.203s] DEBUG:colcon.colcon_parallel_executor.executor.parallel:run_until_complete
[0.203s] INFO:colcon.colcon_ros.task.ament_cmake.build:Building ROS package in '/home/pace2204/slam-mid360-volita/src/adaptive_lio' with build type 'ament_cmake'
[0.203s] INFO:colcon.colcon_cmake.task.cmake.build:Building CMake package in '/home/pace2204/slam-mid360-volita/src/adaptive_lio'
[0.204s] INFO:colcon.colcon_core.plugin_system:Skipping extension 'colcon_core.shell.bat': Not used on non-Windows systems
[0.204s] INFO:colcon.colcon_core.shell:Skip shell extension 'powershell' for command environment: Not usable outside of PowerShell
[0.204s] DEBUG:colcon.colcon_core.shell:Skip shell extension 'dsv' for command environment
[0.211s] DEBUG:colcon.colcon_core.event_handler.log_command:Invoking command in '/home/pace2204/slam-mid360-volita/build/adaptive_lio': CMAKE_PREFIX_PATH=${CMAKE_PREFIX_PATH}:/opt/ros/humble /usr/bin/cmake /home/pace2204/slam-mid360-volita/src/adaptive_lio -DAMENT_CMAKE_SYMLINK_INSTALL=1 -DCMAKE_INSTALL_PREFIX=/home/pace2204/slam-mid360-volita/install/adaptive_lio
[2.296s] DEBUG:colcon.colcon_core.event_handler.log_command:Invoked command in '/home/pace2204/slam-mid360-volita/build/adaptive_lio' returned '0': CMAKE_PREFIX_PATH=${CMAKE_PREFIX_PATH}:/opt/ros/humble /usr/bin/cmake /home/pace2204/slam-mid360-volita/src/adaptive_lio -DAMENT_CMAKE_SYMLINK_INSTALL=1 -DCMAKE_INSTALL_PREFIX=/home/pace2204/slam-mid360-volita/install/adaptive_lio
[2.298s] DEBUG:colcon.colcon_core.event_handler.log_command:Invoking command in '/home/pace2204/slam-mid360-volita/build/adaptive_lio': CMAKE_PREFIX_PATH=${CMAKE_PREFIX_PATH}:/opt/ros/humble /usr/bin/cmake --build /home/pace2204/slam-mid360-volita/build/adaptive_lio -- -j20 -l20
[71.025s] DEBUG:colcon.colcon_core.event_handler.log_command:Invoked command in '/home/pace2204/slam-mid360-volita/build/adaptive_lio' returned '0': CMAKE_PREFIX_PATH=${CMAKE_PREFIX_PATH}:/opt/ros/humble /usr/bin/cmake --build /home/pace2204/slam-mid360-volita/build/adaptive_lio -- -j20 -l20
[71.033s] DEBUG:colcon.colcon_core.event_handler.log_command:Invoking command in '/home/pace2204/slam-mid360-volita/build/adaptive_lio': CMAKE_PREFIX_PATH=${CMAKE_PREFIX_PATH}:/opt/ros/humble /usr/bin/cmake --install /home/pace2204/slam-mid360-volita/build/adaptive_lio
[71.197s] Level 1:colcon.colcon_core.environment:create_environment_scripts_only(adaptive_lio)
[71.198s] DEBUG:colcon.colcon_core.event_handler.log_command:Invoked command in '/home/pace2204/slam-mid360-volita/build/adaptive_lio' returned '0': CMAKE_PREFIX_PATH=${CMAKE_PREFIX_PATH}:/opt/ros/humble /usr/bin/cmake --install /home/pace2204/slam-mid360-volita/build/adaptive_lio
[71.200s] Level 1:colcon.colcon_core.environment:checking '/home/pace2204/slam-mid360-volita/install/adaptive_lio' for CMake module files
[71.200s] Level 1:colcon.colcon_core.environment:checking '/home/pace2204/slam-mid360-volita/install/adaptive_lio' for CMake config files
[71.201s] Level 1:colcon.colcon_core.shell:create_environment_hook('adaptive_lio', 'cmake_prefix_path')
[71.201s] INFO:colcon.colcon_core.shell:Creating environment hook '/home/pace2204/slam-mid360-volita/install/adaptive_lio/share/adaptive_lio/hook/cmake_prefix_path.ps1'
[71.201s] INFO:colcon.colcon_core.shell:Creating environment descriptor '/home/pace2204/slam-mid360-volita/install/adaptive_lio/share/adaptive_lio/hook/cmake_prefix_path.dsv'
[71.202s] INFO:colcon.colcon_core.shell:Creating environment hook '/home/pace2204/slam-mid360-volita/install/adaptive_lio/share/adaptive_lio/hook/cmake_prefix_path.sh'
[71.203s] Level 1:colcon.colcon_core.environment:checking '/home/pace2204/slam-mid360-volita/install/adaptive_lio/lib'
[71.203s] Level 1:colcon.colcon_core.environment:checking '/home/pace2204/slam-mid360-volita/install/adaptive_lio/bin'
[71.203s] Level 1:colcon.colcon_core.environment:checking '/home/pace2204/slam-mid360-volita/install/adaptive_lio/lib/pkgconfig/adaptive_lio.pc'
[71.203s] Level 1:colcon.colcon_core.environment:checking '/home/pace2204/slam-mid360-volita/install/adaptive_lio/lib/python3.10/site-packages'
[71.204s] Level 1:colcon.colcon_core.environment:checking '/home/pace2204/slam-mid360-volita/install/adaptive_lio/bin'
[71.204s] INFO:colcon.colcon_core.shell:Creating package script '/home/pace2204/slam-mid360-volita/install/adaptive_lio/share/adaptive_lio/package.ps1'
[71.205s] INFO:colcon.colcon_core.shell:Creating package descriptor '/home/pace2204/slam-mid360-volita/install/adaptive_lio/share/adaptive_lio/package.dsv'
[71.205s] INFO:colcon.colcon_core.shell:Creating package script '/home/pace2204/slam-mid360-volita/install/adaptive_lio/share/adaptive_lio/package.sh'
[71.206s] INFO:colcon.colcon_core.shell:Creating package script '/home/pace2204/slam-mid360-volita/install/adaptive_lio/share/adaptive_lio/package.bash'
[71.207s] INFO:colcon.colcon_core.shell:Creating package script '/home/pace2204/slam-mid360-volita/install/adaptive_lio/share/adaptive_lio/package.zsh'
[71.207s] Level 1:colcon.colcon_core.environment:create_file_with_runtime_dependencies(/home/pace2204/slam-mid360-volita/install/adaptive_lio/share/colcon-core/packages/adaptive_lio)
[71.208s] Level 1:colcon.colcon_core.environment:create_environment_scripts_only(adaptive_lio)
[71.208s] Level 1:colcon.colcon_core.environment:checking '/home/pace2204/slam-mid360-volita/install/adaptive_lio' for CMake module files
[71.209s] Level 1:colcon.colcon_core.environment:checking '/home/pace2204/slam-mid360-volita/install/adaptive_lio' for CMake config files
[71.209s] Level 1:colcon.colcon_core.shell:create_environment_hook('adaptive_lio', 'cmake_prefix_path')
[71.209s] INFO:colcon.colcon_core.shell:Creating environment hook '/home/pace2204/slam-mid360-volita/install/adaptive_lio/share/adaptive_lio/hook/cmake_prefix_path.ps1'
[71.209s] INFO:colcon.colcon_core.shell:Creating environment descriptor '/home/pace2204/slam-mid360-volita/install/adaptive_lio/share/adaptive_lio/hook/cmake_prefix_path.dsv'
[71.210s] INFO:colcon.colcon_core.shell:Creating environment hook '/home/pace2204/slam-mid360-volita/install/adaptive_lio/share/adaptive_lio/hook/cmake_prefix_path.sh'
[71.210s] Level 1:colcon.colcon_core.environment:checking '/home/pace2204/slam-mid360-volita/install/adaptive_lio/lib'
[71.210s] Level 1:colcon.colcon_core.environment:checking '/home/pace2204/slam-mid360-volita/install/adaptive_lio/bin'
[71.210s] Level 1:colcon.colcon_core.environment:checking '/home/pace2204/slam-mid360-volita/install/adaptive_lio/lib/pkgconfig/adaptive_lio.pc'
[71.211s] Level 1:colcon.colcon_core.environment:checking '/home/pace2204/slam-mid360-volita/install/adaptive_lio/lib/python3.10/site-packages'
[71.211s] Level 1:colcon.colcon_core.environment:checking '/home/pace2204/slam-mid360-volita/install/adaptive_lio/bin'
[71.211s] INFO:colcon.colcon_core.shell:Creating package script '/home/pace2204/slam-mid360-volita/install/adaptive_lio/share/adaptive_lio/package.ps1'
[71.240s] INFO:colcon.colcon_core.shell:Creating package descriptor '/home/pace2204/slam-mid360-volita/install/adaptive_lio/share/adaptive_lio/package.dsv'
[71.242s] INFO:colcon.colcon_core.shell:Creating package script '/home/pace2204/slam-mid360-volita/install/adaptive_lio/share/adaptive_lio/package.sh'
[71.243s] INFO:colcon.colcon_core.shell:Creating package script '/home/pace2204/slam-mid360-volita/install/adaptive_lio/share/adaptive_lio/package.bash'
[71.244s] INFO:colcon.colcon_core.shell:Creating package script '/home/pace2204/slam-mid360-volita/install/adaptive_lio/share/adaptive_lio/package.zsh'
[71.244s] Level 1:colcon.colcon_core.environment:create_file_with_runtime_dependencies(/home/pace2204/slam-mid360-volita/install/adaptive_lio/share/colcon-core/packages/adaptive_lio)
[71.245s] DEBUG:colcon.colcon_parallel_executor.executor.parallel:closing loop
[71.246s] DEBUG:colcon.colcon_parallel_executor.executor.parallel:loop closed
[71.246s] DEBUG:colcon.colcon_parallel_executor.executor.parallel:run_until_complete finished with '0'
[71.246s] DEBUG:colcon.colcon_core.event_reactor:joining thread
[71.253s] INFO:colcon.colcon_core.plugin_system:Skipping extension 'colcon_notification.desktop_notification.terminal_notifier': Not used on non-Darwin systems
[71.253s] INFO:colcon.colcon_core.plugin_system:Skipping extension 'colcon_notification.desktop_notification.win32': Not used on non-Windows systems
[71.253s] INFO:colcon.colcon_notification.desktop_notification:Sending desktop notification using 'notify2'
[71.267s] DEBUG:colcon.colcon_core.event_reactor:joined thread
[71.267s] INFO:colcon.colcon_core.shell:Creating prefix script '/home/pace2204/slam-mid360-volita/install/local_setup.ps1'
[71.268s] INFO:colcon.colcon_core.shell:Creating prefix util module '/home/pace2204/slam-mid360-volita/install/_local_setup_util_ps1.py'
[71.270s] INFO:colcon.colcon_core.shell:Creating prefix chain script '/home/pace2204/slam-mid360-volita/install/setup.ps1'
[71.271s] INFO:colcon.colcon_core.shell:Creating prefix script '/home/pace2204/slam-mid360-volita/install/local_setup.sh'
[71.271s] INFO:colcon.colcon_core.shell:Creating prefix util module '/home/pace2204/slam-mid360-volita/install/_local_setup_util_sh.py'
[71.272s] INFO:colcon.colcon_core.shell:Creating prefix chain script '/home/pace2204/slam-mid360-volita/install/setup.sh'
[71.273s] INFO:colcon.colcon_core.shell:Creating prefix script '/home/pace2204/slam-mid360-volita/install/local_setup.bash'
[71.273s] INFO:colcon.colcon_core.shell:Creating prefix chain script '/home/pace2204/slam-mid360-volita/install/setup.bash'
[71.274s] INFO:colcon.colcon_core.shell:Creating prefix script '/home/pace2204/slam-mid360-volita/install/local_setup.zsh'
[71.275s] INFO:colcon.colcon_core.shell:Creating prefix chain script '/home/pace2204/slam-mid360-volita/install/setup.zsh'
