[0.000000] (-) TimerEvent: {}
[0.000183] (adaptive_lio) JobQueued: {'identifier': 'adaptive_lio', 'dependencies': OrderedDict()}
[0.000493] (adaptive_lio) JobStarted: {'identifier': 'adaptive_lio'}
[0.013272] (adaptive_lio) JobProgress: {'identifier': 'adaptive_lio', 'progress': 'cmake'}
[0.014756] (adaptive_lio) JobProgress: {'identifier': 'adaptive_lio', 'progress': 'build'}
[0.015747] (adaptive_lio) Command: {'cmd': ['/usr/bin/cmake', '--build', '/home/pace2204/copy/slam-mid360-volita/build/adaptive_lio', '--', '-j20', '-l20'], 'cwd': '/home/pace2204/copy/slam-mid360-volita/build/adaptive_lio', 'env': OrderedDict([('GJS_DEBUG_TOPICS', 'JS ERROR;JS LOG'), ('VSCODE_CWD', '/home/pace2204'), ('LANGUAGE', 'zh_CN:zh'), ('USER', 'pace2204'), ('VSCODE_NLS_CONFIG', '{"userLocale":"zh-cn","osLocale":"en","resolvedLanguage":"zh-cn","defaultMessagesFile":"/usr/share/qoder/resources/app/out/nls.messages.json","languagePack":{"translationsConfigFile":"/home/pace2204/.config/Qoder/clp/3afffd5016528ded1c796a08d125a4d5.zh-cn/tcf.json","messagesFile":"/home/pace2204/.config/Qoder/clp/3afffd5016528ded1c796a08d125a4d5.zh-cn/0.4.7_ba2c98a811c6e5222a3d7f07e51e5b512cf9e403/nls.messages.json","corruptMarkerFile":"/home/pace2204/.config/Qoder/clp/3afffd5016528ded1c796a08d125a4d5.zh-cn/corrupted.info"},"locale":"zh-cn","availableLanguages":{"*":"zh-cn"},"_languagePackId":"3afffd5016528ded1c796a08d125a4d5.zh-cn","_languagePackSupport":true,"_translationsConfigFile":"/home/pace2204/.config/Qoder/clp/3afffd5016528ded1c796a08d125a4d5.zh-cn/tcf.json","_cacheRoot":"/home/pace2204/.config/Qoder/clp/3afffd5016528ded1c796a08d125a4d5.zh-cn","_resolvedLanguagePackCoreLocation":"/home/pace2204/.config/Qoder/clp/3afffd5016528ded1c796a08d125a4d5.zh-cn/0.4.7_ba2c98a811c6e5222a3d7f07e51e5b512cf9e403","_corruptedFile":"/home/pace2204/.config/Qoder/clp/3afffd5016528ded1c796a08d125a4d5.zh-cn/corrupted.info"}'), ('GIT_EDITOR', 'true'), ('XDG_SESSION_TYPE', 'wayland'), ('SHLVL', '1'), ('LD_LIBRARY_PATH', '/home/pace2204/livox_ws/install/livox_ros_driver2/lib:/opt/ros/humble/opt/rviz_ogre_vendor/lib:/opt/ros/humble/lib/x86_64-linux-gnu:/opt/ros/humble/lib'), ('HOME', '/home/pace2204'), ('CHROME_DESKTOP', 'qoder.desktop'), ('OLDPWD', '/home/pace2204/copy/slam-mid360-volita'), ('DESKTOP_SESSION', 'ubuntu'), ('VSCODE_IPC_HOOK', '/run/user/1000/vscode-415d8430-1.10-main.sock'), ('GIO_LAUNCHED_DESKTOP_FILE', '/usr/share/applications/qoder.desktop'), ('ROS_PYTHON_VERSION', '3'), ('GNOME_SHELL_SESSION_MODE', 'ubuntu'), ('GTK_MODULES', 'gail:atk-bridge'), ('MANAGERPID', '1055'), ('SYSTEMD_EXEC_PID', '1291'), ('IM_CONFIG_CHECK_ENV', '1'), ('DBUS_SESSION_BUS_ADDRESS', 'unix:path=/run/user/1000/bus'), ('QODERCLI_INTEGRATION_MODE', 'quest'), ('GIO_LAUNCHED_DESKTOP_FILE_PID', '2049'), ('IM_CONFIG_PHASE', '1'), ('WAYLAND_DISPLAY', 'wayland-0'), ('COLCON_PREFIX_PATH', '/home/pace2204/livox_ws/install'), ('ROS_DISTRO', 'humble'), ('LOGNAME', 'pace2204'), ('JOURNAL_STREAM', '8:17332'), ('_', '/usr/bin/colcon'), ('ROS_VERSION', '2'), ('XDG_SESSION_CLASS', 'user'), ('TYPE_IS_ARMS', 'true'), ('USERNAME', 'pace2204'), ('GNOME_DESKTOP_SESSION_ID', 'this-is-deprecated'), ('ROS_LOCALHOST_ONLY', '0'), ('VSCODE_BRAND', 'Qoder'), ('PATH', '/opt/ros/humble/bin:/usr/local/sbin:/usr/local/bin:/usr/sbin:/usr/bin:/sbin:/bin:/usr/games:/usr/local/games:/snap/bin:/snap/bin'), ('SESSION_MANAGER', 'local/pace2204-BQM5:@/tmp/.ICE-unix/1245,unix/pace2204-BQM5:/tmp/.ICE-unix/1245'), ('INVOCATION_ID', '24b5279f95ef46a895d7ed97825347e4'), ('XDG_MENU_PREFIX', 'gnome-'), ('GNOME_SETUP_DISPLAY', ':1'), ('XDG_RUNTIME_DIR', '/run/user/1000'), ('GDK_BACKEND', 'x11'), ('ARMS_APP_NAME', 'qoder-cosy'), ('DISPLAY', ':0'), ('ARMS_REGION_ID', 'ap-northeast-1'), ('LANG', 'zh_CN.UTF-8'), ('XDG_CURRENT_DESKTOP', 'Unity'), ('XMODIFIERS', '@im=ibus'), ('XDG_SESSION_DESKTOP', 'ubuntu'), ('XAUTHORITY', '/run/user/1000/.mutter-Xwaylandauth.3YDOL3'), ('SSH_AGENT_LAUNCHER', 'gnome-keyring'), ('SSH_AUTH_SOCK', '/run/user/1000/keyring/ssh'), ('AMENT_PREFIX_PATH', '/home/pace2204/livox_ws/install/livox_ros_driver2:/opt/ros/humble'), ('ORIGINAL_XDG_CURRENT_DESKTOP', 'ubuntu:GNOME'), ('SHELL', '/bin/bash'), ('QT_ACCESSIBILITY', '1'), ('NO_AT_BRIDGE', '1'), ('GDMSESSION', 'ubuntu'), ('GJS_DEBUG_OUTPUT', 'stderr'), ('ARMS_ENABLE', 'true'), ('QT_IM_MODULE', 'ibus'), ('PWD', '/home/pace2204/copy/slam-mid360-volita/build/adaptive_lio'), ('XDG_CONFIG_DIRS', '/etc/xdg/xdg-ubuntu:/etc/xdg'), ('VSCODE_CODE_CACHE_PATH', '/home/pace2204/.config/Qoder/CachedData/ba2c98a811c6e5222a3d7f07e51e5b512cf9e403'), ('XDG_DATA_DIRS', '/usr/share/ubuntu:/usr/local/share/:/usr/share/:/var/lib/snapd/desktop'), ('PYTHONPATH', '/home/pace2204/livox_ws/install/livox_ros_driver2/local/lib/python3.10/dist-packages:/opt/ros/humble/lib/python3.10/site-packages:/opt/ros/humble/local/lib/python3.10/dist-packages'), ('QODER_CLI', '1'), ('COLCON', '1'), ('FEATURE_FLAGS', '{"authUserPlanTierName":true,"welcomeFirstLaunchKey":"qoder.firstLaunch","welcomeOnboardingUseCustomStyle":false,"questModeEnable":true,"repoWikiEnable":true,"codebaseIgnoreFileName":".qoderignore","chatDefaultMode":"agent","chatDefaultAskModeUseTools":true,"currentPlanTitleKey":"application.config.general.plan.currentPlan.title","enableCreditUsage":true,"hasDedicatedUrlSetting":false,"showWelcomeMessage":false,"showModelTierSelector":true,"showModelSelector":false,"landingPageNeedLoginBtn":true,"preferredLanguageSupportOnlyZhAndEn":false,"enableSecurityFilter":false,"enableCodeChanges":false,"enableGitCommit":false,"enableLocalFile":true,"enableUserPlanUpgrade":true,"defaultBigModelEndpoint":"https://center.qoder.sh","improvementPlanSetting":true,"supportOrganizationCommand":false,"enableDynamicConfig":true,"qoderDirectAuth":true,"feedbackMethodIsEmail":true,"commit":"ba2c98a811c6e5222a3d7f07e51e5b512cf9e403","date":"2026-02-13T07:13:54.052Z","checksums":{"vs/base/parts/sandbox/electron-sandbox/preload.js":"eMCMtyPVVMxe6uce3NknivMZgd2q6ljQPMr7vRScAYk","vs/workbench/workbench.desktop.main.js":"SXd9pOwo55Yt83OEiXFoPAZHye0pnQIrxbQ70O+Sed0","vs/workbench/workbench.desktop.main.css":"ks0fu1idwMDL7fIcSu1ifhgVpKdkCZziL+7TE1Yc0eo","vs/workbench/api/node/extensionHostProcess.js":"O9uuxViaBomQawTGz+iPBQciGCUSdznm4hYtj/4ed0E","vs/code/electron-sandbox/workbench/workbench.html":"qCUV1BYtmJSS5BrtctLLLnPUm3g0BF+THziYLDg2hCo","vs/code/electron-sandbox/workbench/workbench.js":"HTzPHXSSGaB8b0ToK7BcL04+DQWpVjGgEPRXhP7jxW4"},"version":"0.4.7"}'), ('CMAKE_PREFIX_PATH', '/home/pace2204/livox_ws/install/livox_ros_driver2:/opt/ros/humble'), ('VSCODE_PID', '2049')]), 'shell': False}
[0.099870] (-) TimerEvent: {}
[0.160114] (adaptive_lio) StdoutLine: {'line': b'Consolidate compiler generated dependencies of target adaptive_lio.common\n'}
[0.196619] (adaptive_lio) StdoutLine: {'line': b'[  5%] Building CXX object CMakeFiles/adaptive_lio.common.dir/src/common/map.cpp.o\n'}
[0.199923] (-) TimerEvent: {}
[0.203426] (adaptive_lio) StdoutLine: {'line': b'[ 15%] Built target adaptive_lio.pre\n'}
[0.300115] (-) TimerEvent: {}
[0.400351] (-) TimerEvent: {}
[0.500538] (-) TimerEvent: {}
[0.600699] (-) TimerEvent: {}
[0.700868] (-) TimerEvent: {}
[0.801068] (-) TimerEvent: {}
[0.901250] (-) TimerEvent: {}
[1.001426] (-) TimerEvent: {}
[1.101606] (-) TimerEvent: {}
[1.201778] (-) TimerEvent: {}
[1.301918] (-) TimerEvent: {}
[1.402031] (-) TimerEvent: {}
[1.502168] (-) TimerEvent: {}
[1.515888] (adaptive_lio) StdoutLine: {'line': b'[ 20%] Linking CXX static library libadaptive_lio.common.a\n'}
[1.578165] (adaptive_lio) StdoutLine: {'line': b'[ 50%] Built target adaptive_lio.common\n'}
[1.602296] (-) TimerEvent: {}
[1.619849] (adaptive_lio) StdoutLine: {'line': b'[ 60%] Built target adaptive_lio.algo\n'}
[1.659436] (adaptive_lio) StdoutLine: {'line': b'Consolidate compiler generated dependencies of target adaptive_lio.lio\n'}
[1.678499] (adaptive_lio) StdoutLine: {'line': b'[ 65%] Building CXX object CMakeFiles/adaptive_lio.lio.dir/src/lio/lidarodom.cpp.o\n'}
[1.702425] (-) TimerEvent: {}
[1.802625] (-) TimerEvent: {}
[1.902788] (-) TimerEvent: {}
[2.002974] (-) TimerEvent: {}
[2.103151] (-) TimerEvent: {}
[2.203270] (-) TimerEvent: {}
[2.303367] (-) TimerEvent: {}
[2.403514] (-) TimerEvent: {}
[2.503732] (-) TimerEvent: {}
[2.603965] (-) TimerEvent: {}
[2.704118] (-) TimerEvent: {}
[2.804270] (-) TimerEvent: {}
[2.904422] (-) TimerEvent: {}
[3.004584] (-) TimerEvent: {}
[3.104737] (-) TimerEvent: {}
[3.204891] (-) TimerEvent: {}
[3.305035] (-) TimerEvent: {}
[3.405165] (-) TimerEvent: {}
[3.505306] (-) TimerEvent: {}
[3.605470] (-) TimerEvent: {}
[3.705637] (-) TimerEvent: {}
[3.805798] (-) TimerEvent: {}
[3.905952] (-) TimerEvent: {}
[4.006108] (-) TimerEvent: {}
[4.106260] (-) TimerEvent: {}
[4.206423] (-) TimerEvent: {}
[4.306594] (-) TimerEvent: {}
[4.406749] (-) TimerEvent: {}
[4.506904] (-) TimerEvent: {}
[4.607061] (-) TimerEvent: {}
[4.707212] (-) TimerEvent: {}
[4.807363] (-) TimerEvent: {}
[4.907530] (-) TimerEvent: {}
[5.007684] (-) TimerEvent: {}
[5.107840] (-) TimerEvent: {}
[5.207998] (-) TimerEvent: {}
[5.308151] (-) TimerEvent: {}
[5.408308] (-) TimerEvent: {}
[5.508494] (-) TimerEvent: {}
[5.608661] (-) TimerEvent: {}
[5.708840] (-) TimerEvent: {}
[5.809020] (-) TimerEvent: {}
[5.909174] (-) TimerEvent: {}
[6.009340] (-) TimerEvent: {}
[6.109532] (-) TimerEvent: {}
[6.209673] (-) TimerEvent: {}
[6.309811] (-) TimerEvent: {}
[6.409948] (-) TimerEvent: {}
[6.510086] (-) TimerEvent: {}
[6.610256] (-) TimerEvent: {}
[6.710429] (-) TimerEvent: {}
[6.810603] (-) TimerEvent: {}
[6.910770] (-) TimerEvent: {}
[7.010923] (-) TimerEvent: {}
[7.111085] (-) TimerEvent: {}
[7.211246] (-) TimerEvent: {}
[7.311400] (-) TimerEvent: {}
[7.411556] (-) TimerEvent: {}
[7.511718] (-) TimerEvent: {}
[7.611877] (-) TimerEvent: {}
[7.712031] (-) TimerEvent: {}
[7.812200] (-) TimerEvent: {}
[7.912369] (-) TimerEvent: {}
[8.012541] (-) TimerEvent: {}
[8.112703] (-) TimerEvent: {}
[8.212873] (-) TimerEvent: {}
[8.313058] (-) TimerEvent: {}
[8.413219] (-) TimerEvent: {}
[8.513371] (-) TimerEvent: {}
[8.613533] (-) TimerEvent: {}
[8.713705] (-) TimerEvent: {}
[8.813872] (-) TimerEvent: {}
[8.914036] (-) TimerEvent: {}
[9.014206] (-) TimerEvent: {}
[9.114377] (-) TimerEvent: {}
[9.214543] (-) TimerEvent: {}
[9.314712] (-) TimerEvent: {}
[9.414879] (-) TimerEvent: {}
[9.515041] (-) TimerEvent: {}
[9.615207] (-) TimerEvent: {}
[9.715373] (-) TimerEvent: {}
[9.815541] (-) TimerEvent: {}
[9.915694] (-) TimerEvent: {}
[10.015856] (-) TimerEvent: {}
[10.116013] (-) TimerEvent: {}
[10.216170] (-) TimerEvent: {}
[10.316340] (-) TimerEvent: {}
[10.416508] (-) TimerEvent: {}
[10.516679] (-) TimerEvent: {}
[10.616847] (-) TimerEvent: {}
[10.717016] (-) TimerEvent: {}
[10.817177] (-) TimerEvent: {}
[10.917340] (-) TimerEvent: {}
[11.017504] (-) TimerEvent: {}
[11.117696] (-) TimerEvent: {}
[11.217857] (-) TimerEvent: {}
[11.318021] (-) TimerEvent: {}
[11.418184] (-) TimerEvent: {}
[11.518345] (-) TimerEvent: {}
[11.618507] (-) TimerEvent: {}
[11.718675] (-) TimerEvent: {}
[11.818849] (-) TimerEvent: {}
[11.919019] (-) TimerEvent: {}
[12.019190] (-) TimerEvent: {}
[12.119353] (-) TimerEvent: {}
[12.219517] (-) TimerEvent: {}
[12.319680] (-) TimerEvent: {}
[12.419842] (-) TimerEvent: {}
[12.520012] (-) TimerEvent: {}
[12.620182] (-) TimerEvent: {}
[12.720353] (-) TimerEvent: {}
[12.820527] (-) TimerEvent: {}
[12.920703] (-) TimerEvent: {}
[13.020872] (-) TimerEvent: {}
[13.121040] (-) TimerEvent: {}
[13.221204] (-) TimerEvent: {}
[13.321369] (-) TimerEvent: {}
[13.421540] (-) TimerEvent: {}
[13.521704] (-) TimerEvent: {}
[13.621871] (-) TimerEvent: {}
[13.722025] (-) TimerEvent: {}
[13.822180] (-) TimerEvent: {}
[13.922340] (-) TimerEvent: {}
[14.022503] (-) TimerEvent: {}
[14.122673] (-) TimerEvent: {}
[14.222837] (-) TimerEvent: {}
[14.322994] (-) TimerEvent: {}
[14.423155] (-) TimerEvent: {}
[14.523322] (-) TimerEvent: {}
[14.623494] (-) TimerEvent: {}
[14.723662] (-) TimerEvent: {}
[14.823823] (-) TimerEvent: {}
[14.923990] (-) TimerEvent: {}
[15.024144] (-) TimerEvent: {}
[15.124303] (-) TimerEvent: {}
[15.224458] (-) TimerEvent: {}
[15.324626] (-) TimerEvent: {}
[15.424779] (-) TimerEvent: {}
[15.524938] (-) TimerEvent: {}
[15.625098] (-) TimerEvent: {}
[15.725259] (-) TimerEvent: {}
[15.825413] (-) TimerEvent: {}
[15.925576] (-) TimerEvent: {}
[16.025737] (-) TimerEvent: {}
[16.125896] (-) TimerEvent: {}
[16.226052] (-) TimerEvent: {}
[16.326217] (-) TimerEvent: {}
[16.426370] (-) TimerEvent: {}
[16.526536] (-) TimerEvent: {}
[16.626697] (-) TimerEvent: {}
[16.726863] (-) TimerEvent: {}
[16.827018] (-) TimerEvent: {}
[16.927163] (-) TimerEvent: {}
[17.027331] (-) TimerEvent: {}
[17.127490] (-) TimerEvent: {}
[17.227654] (-) TimerEvent: {}
[17.327813] (-) TimerEvent: {}
[17.427986] (-) TimerEvent: {}
[17.528179] (-) TimerEvent: {}
[17.628369] (-) TimerEvent: {}
[17.728553] (-) TimerEvent: {}
[17.828726] (-) TimerEvent: {}
[17.928908] (-) TimerEvent: {}
[18.029087] (-) TimerEvent: {}
[18.129270] (-) TimerEvent: {}
[18.229469] (-) TimerEvent: {}
[18.329690] (-) TimerEvent: {}
[18.429863] (-) TimerEvent: {}
[18.530066] (-) TimerEvent: {}
[18.630259] (-) TimerEvent: {}
[18.730424] (-) TimerEvent: {}
[18.830582] (-) TimerEvent: {}
[18.930779] (-) TimerEvent: {}
[19.030993] (-) TimerEvent: {}
[19.131199] (-) TimerEvent: {}
[19.231376] (-) TimerEvent: {}
[19.331543] (-) TimerEvent: {}
[19.431720] (-) TimerEvent: {}
[19.531906] (-) TimerEvent: {}
[19.632064] (-) TimerEvent: {}
[19.732219] (-) TimerEvent: {}
[19.832409] (-) TimerEvent: {}
[19.932574] (-) TimerEvent: {}
[20.032754] (-) TimerEvent: {}
[20.132931] (-) TimerEvent: {}
[20.233085] (-) TimerEvent: {}
[20.333237] (-) TimerEvent: {}
[20.433393] (-) TimerEvent: {}
[20.533592] (-) TimerEvent: {}
[20.633797] (-) TimerEvent: {}
[20.733999] (-) TimerEvent: {}
[20.834181] (-) TimerEvent: {}
[20.934376] (-) TimerEvent: {}
[21.034563] (-) TimerEvent: {}
[21.134744] (-) TimerEvent: {}
[21.234914] (-) TimerEvent: {}
[21.335084] (-) TimerEvent: {}
[21.435266] (-) TimerEvent: {}
[21.535468] (-) TimerEvent: {}
[21.635664] (-) TimerEvent: {}
[21.735817] (-) TimerEvent: {}
[21.835959] (-) TimerEvent: {}
[21.936116] (-) TimerEvent: {}
[22.036239] (-) TimerEvent: {}
[22.136357] (-) TimerEvent: {}
[22.236477] (-) TimerEvent: {}
[22.336602] (-) TimerEvent: {}
[22.436763] (-) TimerEvent: {}
[22.536942] (-) TimerEvent: {}
[22.637129] (-) TimerEvent: {}
[22.737316] (-) TimerEvent: {}
[22.837488] (-) TimerEvent: {}
[22.937649] (-) TimerEvent: {}
[23.037804] (-) TimerEvent: {}
[23.137923] (-) TimerEvent: {}
[23.238043] (-) TimerEvent: {}
[23.338199] (-) TimerEvent: {}
[23.438355] (-) TimerEvent: {}
[23.538520] (-) TimerEvent: {}
[23.638678] (-) TimerEvent: {}
[23.738832] (-) TimerEvent: {}
[23.838988] (-) TimerEvent: {}
[23.939150] (-) TimerEvent: {}
[24.039306] (-) TimerEvent: {}
[24.139480] (-) TimerEvent: {}
[24.239682] (-) TimerEvent: {}
[24.339877] (-) TimerEvent: {}
[24.440030] (-) TimerEvent: {}
[24.540200] (-) TimerEvent: {}
[24.640388] (-) TimerEvent: {}
[24.740579] (-) TimerEvent: {}
[24.840765] (-) TimerEvent: {}
[24.940955] (-) TimerEvent: {}
[25.041166] (-) TimerEvent: {}
[25.141356] (-) TimerEvent: {}
[25.241554] (-) TimerEvent: {}
[25.341740] (-) TimerEvent: {}
[25.441936] (-) TimerEvent: {}
[25.542124] (-) TimerEvent: {}
[25.642316] (-) TimerEvent: {}
[25.742508] (-) TimerEvent: {}
[25.842698] (-) TimerEvent: {}
[25.942854] (-) TimerEvent: {}
[26.043009] (-) TimerEvent: {}
[26.143149] (-) TimerEvent: {}
[26.243291] (-) TimerEvent: {}
[26.343443] (-) TimerEvent: {}
[26.443590] (-) TimerEvent: {}
[26.543745] (-) TimerEvent: {}
[26.643906] (-) TimerEvent: {}
[26.744078] (-) TimerEvent: {}
[26.844290] (-) TimerEvent: {}
[26.944497] (-) TimerEvent: {}
[27.044618] (-) TimerEvent: {}
[27.144734] (-) TimerEvent: {}
[27.244899] (-) TimerEvent: {}
[27.345072] (-) TimerEvent: {}
[27.445240] (-) TimerEvent: {}
[27.545401] (-) TimerEvent: {}
[27.645571] (-) TimerEvent: {}
[27.745738] (-) TimerEvent: {}
[27.845903] (-) TimerEvent: {}
[27.946065] (-) TimerEvent: {}
[28.046215] (-) TimerEvent: {}
[28.146358] (-) TimerEvent: {}
[28.246527] (-) TimerEvent: {}
[28.346693] (-) TimerEvent: {}
[28.446863] (-) TimerEvent: {}
[28.547021] (-) TimerEvent: {}
[28.647182] (-) TimerEvent: {}
[28.747401] (-) TimerEvent: {}
[28.847646] (-) TimerEvent: {}
[28.947808] (-) TimerEvent: {}
[29.047977] (-) TimerEvent: {}
[29.148154] (-) TimerEvent: {}
[29.248307] (-) TimerEvent: {}
[29.348487] (-) TimerEvent: {}
[29.448663] (-) TimerEvent: {}
[29.548838] (-) TimerEvent: {}
[29.648988] (-) TimerEvent: {}
[29.749132] (-) TimerEvent: {}
[29.849293] (-) TimerEvent: {}
[29.949450] (-) TimerEvent: {}
[30.049617] (-) TimerEvent: {}
[30.149773] (-) TimerEvent: {}
[30.249932] (-) TimerEvent: {}
[30.350093] (-) TimerEvent: {}
[30.450251] (-) TimerEvent: {}
[30.550419] (-) TimerEvent: {}
[30.650560] (-) TimerEvent: {}
[30.750716] (-) TimerEvent: {}
[30.850882] (-) TimerEvent: {}
[30.951047] (-) TimerEvent: {}
[31.051226] (-) TimerEvent: {}
[31.151390] (-) TimerEvent: {}
[31.251566] (-) TimerEvent: {}
[31.351740] (-) TimerEvent: {}
[31.451914] (-) TimerEvent: {}
[31.552068] (-) TimerEvent: {}
[31.652215] (-) TimerEvent: {}
[31.752329] (-) TimerEvent: {}
[31.852549] (-) TimerEvent: {}
[31.952791] (-) TimerEvent: {}
[31.977143] (adaptive_lio) StdoutLine: {'line': b'[ 70%] Linking CXX static library libadaptive_lio.lio.a\n'}
[32.052955] (-) TimerEvent: {}
[32.099546] (adaptive_lio) StdoutLine: {'line': b'[ 85%] Built target adaptive_lio.lio\n'}
[32.141767] (adaptive_lio) StdoutLine: {'line': b'Consolidate compiler generated dependencies of target adaptive_lio_node\n'}
[32.153054] (-) TimerEvent: {}
[32.173792] (adaptive_lio) StdoutLine: {'line': b'[ 90%] Building CXX object CMakeFiles/adaptive_lio_node.dir/src/apps/main_ros2.cpp.o\n'}
[32.253162] (-) TimerEvent: {}
[32.353372] (-) TimerEvent: {}
[32.453582] (-) TimerEvent: {}
[32.553757] (-) TimerEvent: {}
[32.653928] (-) TimerEvent: {}
[32.754103] (-) TimerEvent: {}
[32.854273] (-) TimerEvent: {}
[32.954443] (-) TimerEvent: {}
[33.054629] (-) TimerEvent: {}
[33.154797] (-) TimerEvent: {}
[33.254999] (-) TimerEvent: {}
[33.355203] (-) TimerEvent: {}
[33.455366] (-) TimerEvent: {}
[33.555538] (-) TimerEvent: {}
[33.655720] (-) TimerEvent: {}
[33.755897] (-) TimerEvent: {}
[33.856072] (-) TimerEvent: {}
[33.956243] (-) TimerEvent: {}
[34.056411] (-) TimerEvent: {}
[34.156569] (-) TimerEvent: {}
[34.256734] (-) TimerEvent: {}
[34.356902] (-) TimerEvent: {}
[34.457082] (-) TimerEvent: {}
[34.557244] (-) TimerEvent: {}
[34.657404] (-) TimerEvent: {}
[34.757560] (-) TimerEvent: {}
[34.857729] (-) TimerEvent: {}
[34.957905] (-) TimerEvent: {}
[35.058077] (-) TimerEvent: {}
[35.158243] (-) TimerEvent: {}
[35.258399] (-) TimerEvent: {}
[35.358568] (-) TimerEvent: {}
[35.458746] (-) TimerEvent: {}
[35.558914] (-) TimerEvent: {}
[35.659073] (-) TimerEvent: {}
[35.759252] (-) TimerEvent: {}
[35.859421] (-) TimerEvent: {}
[35.959580] (-) TimerEvent: {}
[36.059741] (-) TimerEvent: {}
[36.159899] (-) TimerEvent: {}
[36.260056] (-) TimerEvent: {}
[36.360218] (-) TimerEvent: {}
[36.460374] (-) TimerEvent: {}
[36.560539] (-) TimerEvent: {}
[36.660697] (-) TimerEvent: {}
[36.760854] (-) TimerEvent: {}
[36.861017] (-) TimerEvent: {}
[36.961184] (-) TimerEvent: {}
[37.061341] (-) TimerEvent: {}
[37.161501] (-) TimerEvent: {}
[37.261669] (-) TimerEvent: {}
[37.361843] (-) TimerEvent: {}
[37.462010] (-) TimerEvent: {}
[37.562172] (-) TimerEvent: {}
[37.662332] (-) TimerEvent: {}
[37.762497] (-) TimerEvent: {}
[37.862666] (-) TimerEvent: {}
[37.962825] (-) TimerEvent: {}
[38.062986] (-) TimerEvent: {}
[38.163150] (-) TimerEvent: {}
[38.263315] (-) TimerEvent: {}
[38.363474] (-) TimerEvent: {}
[38.463640] (-) TimerEvent: {}
[38.563815] (-) TimerEvent: {}
[38.663972] (-) TimerEvent: {}
[38.764130] (-) TimerEvent: {}
[38.864289] (-) TimerEvent: {}
[38.964456] (-) TimerEvent: {}
[39.064619] (-) TimerEvent: {}
[39.164780] (-) TimerEvent: {}
[39.264938] (-) TimerEvent: {}
[39.365100] (-) TimerEvent: {}
[39.465256] (-) TimerEvent: {}
[39.565412] (-) TimerEvent: {}
[39.665575] (-) TimerEvent: {}
[39.765733] (-) TimerEvent: {}
[39.865889] (-) TimerEvent: {}
[39.966047] (-) TimerEvent: {}
[40.066203] (-) TimerEvent: {}
[40.166360] (-) TimerEvent: {}
[40.266513] (-) TimerEvent: {}
[40.366669] (-) TimerEvent: {}
[40.466832] (-) TimerEvent: {}
[40.566991] (-) TimerEvent: {}
[40.667146] (-) TimerEvent: {}
[40.767305] (-) TimerEvent: {}
[40.867481] (-) TimerEvent: {}
[40.967648] (-) TimerEvent: {}
[41.067796] (-) TimerEvent: {}
[41.167954] (-) TimerEvent: {}
[41.268113] (-) TimerEvent: {}
[41.368275] (-) TimerEvent: {}
[41.468431] (-) TimerEvent: {}
[41.568590] (-) TimerEvent: {}
[41.668753] (-) TimerEvent: {}
[41.768908] (-) TimerEvent: {}
[41.869069] (-) TimerEvent: {}
[41.969231] (-) TimerEvent: {}
[42.069386] (-) TimerEvent: {}
[42.169558] (-) TimerEvent: {}
[42.269711] (-) TimerEvent: {}
[42.369873] (-) TimerEvent: {}
[42.470037] (-) TimerEvent: {}
[42.570198] (-) TimerEvent: {}
[42.670356] (-) TimerEvent: {}
[42.770519] (-) TimerEvent: {}
[42.870675] (-) TimerEvent: {}
[42.970842] (-) TimerEvent: {}
[43.071043] (-) TimerEvent: {}
[43.171235] (-) TimerEvent: {}
[43.271398] (-) TimerEvent: {}
[43.371558] (-) TimerEvent: {}
[43.471716] (-) TimerEvent: {}
[43.571879] (-) TimerEvent: {}
[43.672033] (-) TimerEvent: {}
[43.772187] (-) TimerEvent: {}
[43.872343] (-) TimerEvent: {}
[43.972500] (-) TimerEvent: {}
[44.072668] (-) TimerEvent: {}
[44.172827] (-) TimerEvent: {}
[44.272992] (-) TimerEvent: {}
[44.373156] (-) TimerEvent: {}
[44.473317] (-) TimerEvent: {}
[44.573478] (-) TimerEvent: {}
[44.673655] (-) TimerEvent: {}
[44.773806] (-) TimerEvent: {}
[44.873961] (-) TimerEvent: {}
[44.974126] (-) TimerEvent: {}
[45.074298] (-) TimerEvent: {}
[45.174456] (-) TimerEvent: {}
[45.274616] (-) TimerEvent: {}
[45.374773] (-) TimerEvent: {}
[45.474928] (-) TimerEvent: {}
[45.575088] (-) TimerEvent: {}
[45.675247] (-) TimerEvent: {}
[45.775405] (-) TimerEvent: {}
[45.875566] (-) TimerEvent: {}
[45.975717] (-) TimerEvent: {}
[46.075873] (-) TimerEvent: {}
[46.176038] (-) TimerEvent: {}
[46.276211] (-) TimerEvent: {}
[46.376376] (-) TimerEvent: {}
[46.476546] (-) TimerEvent: {}
[46.576700] (-) TimerEvent: {}
[46.676854] (-) TimerEvent: {}
[46.777014] (-) TimerEvent: {}
[46.877170] (-) TimerEvent: {}
[46.977333] (-) TimerEvent: {}
[47.077497] (-) TimerEvent: {}
[47.177664] (-) TimerEvent: {}
[47.277825] (-) TimerEvent: {}
[47.377978] (-) TimerEvent: {}
[47.478137] (-) TimerEvent: {}
[47.578302] (-) TimerEvent: {}
[47.678467] (-) TimerEvent: {}
[47.778625] (-) TimerEvent: {}
[47.878777] (-) TimerEvent: {}
[47.978928] (-) TimerEvent: {}
[48.079087] (-) TimerEvent: {}
[48.179247] (-) TimerEvent: {}
[48.279403] (-) TimerEvent: {}
[48.379569] (-) TimerEvent: {}
[48.479727] (-) TimerEvent: {}
[48.579885] (-) TimerEvent: {}
[48.680046] (-) TimerEvent: {}
[48.780205] (-) TimerEvent: {}
[48.880359] (-) TimerEvent: {}
[48.980539] (-) TimerEvent: {}
[49.080707] (-) TimerEvent: {}
[49.180865] (-) TimerEvent: {}
[49.281026] (-) TimerEvent: {}
[49.381188] (-) TimerEvent: {}
[49.481359] (-) TimerEvent: {}
[49.581537] (-) TimerEvent: {}
[49.681704] (-) TimerEvent: {}
[49.781860] (-) TimerEvent: {}
[49.882017] (-) TimerEvent: {}
[49.982144] (-) TimerEvent: {}
[50.082304] (-) TimerEvent: {}
[50.182476] (-) TimerEvent: {}
[50.282646] (-) TimerEvent: {}
[50.382800] (-) TimerEvent: {}
[50.471487] (adaptive_lio) StderrLine: {'line': b'/home/pace2204/copy/slam-mid360-volita/src/adaptive_lio/src/apps/main_ros2.cpp: In destructor \xe2\x80\x98AdaptiveLioNode::~AdaptiveLioNode()\xe2\x80\x99:\n'}
[50.471669] (adaptive_lio) StderrLine: {'line': b'/home/pace2204/copy/slam-mid360-volita/src/adaptive_lio/src/apps/main_ros2.cpp:262:23: warning: ignoring return value of \xe2\x80\x98int system(const char*)\xe2\x80\x99 declared with attribute \xe2\x80\x98warn_unused_result\xe2\x80\x99 [-Wunused-result]\n'}
[50.471715] (adaptive_lio) StderrLine: {'line': b'  262 |                 system(cmd.c_str());\n'}
[50.471747] (adaptive_lio) StderrLine: {'line': b'      |                 ~~~~~~^~~~~~~~~~~~~\n'}
[50.482869] (-) TimerEvent: {}
[50.583000] (-) TimerEvent: {}
[50.683160] (-) TimerEvent: {}
[50.767260] (adaptive_lio) StderrLine: {'line': b'/home/pace2204/copy/slam-mid360-volita/src/adaptive_lio/src/apps/main_ros2.cpp: In lambda function:\n'}
[50.767425] (adaptive_lio) StderrLine: {'line': b'/home/pace2204/copy/slam-mid360-volita/src/adaptive_lio/src/apps/main_ros2.cpp:660:19: warning: ignoring return value of \xe2\x80\x98int system(const char*)\xe2\x80\x99 declared with attribute \xe2\x80\x98warn_unused_result\xe2\x80\x99 [-Wunused-result]\n'}
[50.767501] (adaptive_lio) StderrLine: {'line': b'  660 |             system(cmd.c_str());\n'}
[50.767556] (adaptive_lio) StderrLine: {'line': b'      |             ~~~~~~^~~~~~~~~~~~~\n'}
[50.768418] (adaptive_lio) StderrLine: {'line': b'/home/pace2204/copy/slam-mid360-volita/src/adaptive_lio/src/apps/main_ros2.cpp: In lambda function:\n'}
[50.768469] (adaptive_lio) StderrLine: {'line': b'/home/pace2204/copy/slam-mid360-volita/src/adaptive_lio/src/apps/main_ros2.cpp:739:19: warning: ignoring return value of \xe2\x80\x98int system(const char*)\xe2\x80\x99 declared with attribute \xe2\x80\x98warn_unused_result\xe2\x80\x99 [-Wunused-result]\n'}
[50.768501] (adaptive_lio) StderrLine: {'line': b'  739 |             system(cmd.c_str());\n'}
[50.768534] (adaptive_lio) StderrLine: {'line': b'      |             ~~~~~~^~~~~~~~~~~~~\n'}
[50.770394] (adaptive_lio) StderrLine: {'line': b'/home/pace2204/copy/slam-mid360-volita/src/adaptive_lio/src/apps/main_ros2.cpp: In member function \xe2\x80\x98void AdaptiveLioNode::saveMapCallback(std::shared_ptr<std_srvs::srv::Trigger_Request_<std::allocator<void> > >, std::shared_ptr<std_srvs::srv::Trigger_Response_<std::allocator<void> > >)\xe2\x80\x99:\n'}
[50.770519] (adaptive_lio) StderrLine: {'line': b'/home/pace2204/copy/slam-mid360-volita/src/adaptive_lio/src/apps/main_ros2.cpp:579:23: warning: ignoring return value of \xe2\x80\x98int system(const char*)\xe2\x80\x99 declared with attribute \xe2\x80\x98warn_unused_result\xe2\x80\x99 [-Wunused-result]\n'}
[50.770578] (adaptive_lio) StderrLine: {'line': b'  579 |                 system(cmd.c_str());\n'}
[50.770625] (adaptive_lio) StderrLine: {'line': b'      |                 ~~~~~~^~~~~~~~~~~~~\n'}
[50.783235] (-) TimerEvent: {}
[50.883367] (-) TimerEvent: {}
[50.983532] (-) TimerEvent: {}
[51.083705] (-) TimerEvent: {}
[51.183869] (-) TimerEvent: {}
[51.284027] (-) TimerEvent: {}
[51.384187] (-) TimerEvent: {}
[51.484339] (-) TimerEvent: {}
[51.584497] (-) TimerEvent: {}
[51.684653] (-) TimerEvent: {}
[51.784808] (-) TimerEvent: {}
[51.884963] (-) TimerEvent: {}
[51.985121] (-) TimerEvent: {}
[52.085293] (-) TimerEvent: {}
[52.185446] (-) TimerEvent: {}
[52.285610] (-) TimerEvent: {}
[52.385775] (-) TimerEvent: {}
[52.485931] (-) TimerEvent: {}
[52.586115] (-) TimerEvent: {}
[52.686299] (-) TimerEvent: {}
[52.786466] (-) TimerEvent: {}
[52.886657] (-) TimerEvent: {}
[52.986840] (-) TimerEvent: {}
[53.087035] (-) TimerEvent: {}
[53.187221] (-) TimerEvent: {}
[53.287394] (-) TimerEvent: {}
[53.387565] (-) TimerEvent: {}
[53.487721] (-) TimerEvent: {}
[53.587873] (-) TimerEvent: {}
[53.688025] (-) TimerEvent: {}
[53.788197] (-) TimerEvent: {}
[53.888355] (-) TimerEvent: {}
[53.988539] (-) TimerEvent: {}
[54.088744] (-) TimerEvent: {}
[54.188860] (-) TimerEvent: {}
[54.289007] (-) TimerEvent: {}
[54.389162] (-) TimerEvent: {}
[54.489331] (-) TimerEvent: {}
[54.589496] (-) TimerEvent: {}
[54.689651] (-) TimerEvent: {}
[54.789807] (-) TimerEvent: {}
[54.889966] (-) TimerEvent: {}
[54.990118] (-) TimerEvent: {}
[55.090268] (-) TimerEvent: {}
[55.190421] (-) TimerEvent: {}
[55.290558] (-) TimerEvent: {}
[55.390721] (-) TimerEvent: {}
[55.490911] (-) TimerEvent: {}
[55.591105] (-) TimerEvent: {}
[55.691303] (-) TimerEvent: {}
[55.791496] (-) TimerEvent: {}
[55.891695] (-) TimerEvent: {}
[55.991884] (-) TimerEvent: {}
[56.092063] (-) TimerEvent: {}
[56.192232] (-) TimerEvent: {}
[56.292421] (-) TimerEvent: {}
[56.392604] (-) TimerEvent: {}
[56.492790] (-) TimerEvent: {}
[56.592983] (-) TimerEvent: {}
[56.693184] (-) TimerEvent: {}
[56.793367] (-) TimerEvent: {}
[56.893553] (-) TimerEvent: {}
[56.993744] (-) TimerEvent: {}
[57.093929] (-) TimerEvent: {}
[57.194104] (-) TimerEvent: {}
[57.294286] (-) TimerEvent: {}
[57.394469] (-) TimerEvent: {}
[57.494655] (-) TimerEvent: {}
[57.594802] (-) TimerEvent: {}
[57.694947] (-) TimerEvent: {}
[57.795099] (-) TimerEvent: {}
[57.895254] (-) TimerEvent: {}
[57.995424] (-) TimerEvent: {}
[58.095598] (-) TimerEvent: {}
[58.195771] (-) TimerEvent: {}
[58.295936] (-) TimerEvent: {}
[58.396104] (-) TimerEvent: {}
[58.496268] (-) TimerEvent: {}
[58.596427] (-) TimerEvent: {}
[58.696590] (-) TimerEvent: {}
[58.796742] (-) TimerEvent: {}
[58.896903] (-) TimerEvent: {}
[58.997074] (-) TimerEvent: {}
[59.097243] (-) TimerEvent: {}
[59.197417] (-) TimerEvent: {}
[59.297592] (-) TimerEvent: {}
[59.397757] (-) TimerEvent: {}
[59.497924] (-) TimerEvent: {}
[59.598100] (-) TimerEvent: {}
[59.698274] (-) TimerEvent: {}
[59.798440] (-) TimerEvent: {}
[59.898615] (-) TimerEvent: {}
[59.998782] (-) TimerEvent: {}
[60.098938] (-) TimerEvent: {}
[60.199102] (-) TimerEvent: {}
[60.299278] (-) TimerEvent: {}
[60.399448] (-) TimerEvent: {}
[60.499561] (-) TimerEvent: {}
[60.599725] (-) TimerEvent: {}
[60.699887] (-) TimerEvent: {}
[60.800050] (-) TimerEvent: {}
[60.900218] (-) TimerEvent: {}
[61.000428] (-) TimerEvent: {}
[61.100637] (-) TimerEvent: {}
[61.200807] (-) TimerEvent: {}
[61.300988] (-) TimerEvent: {}
[61.401143] (-) TimerEvent: {}
[61.501315] (-) TimerEvent: {}
[61.601477] (-) TimerEvent: {}
[61.701639] (-) TimerEvent: {}
[61.801796] (-) TimerEvent: {}
[61.901959] (-) TimerEvent: {}
[62.002122] (-) TimerEvent: {}
[62.034719] (adaptive_lio) StdoutLine: {'line': b'[ 95%] Linking CXX executable adaptive_lio_node\n'}
[62.102211] (-) TimerEvent: {}
[62.202371] (-) TimerEvent: {}
[62.302528] (-) TimerEvent: {}
[62.402681] (-) TimerEvent: {}
[62.502839] (-) TimerEvent: {}
[62.603007] (-) TimerEvent: {}
[62.703160] (-) TimerEvent: {}
[62.803316] (-) TimerEvent: {}
[62.903487] (-) TimerEvent: {}
[62.992560] (adaptive_lio) StdoutLine: {'line': b'[100%] Built target adaptive_lio_node\n'}
[63.003579] (-) TimerEvent: {}
[63.007379] (adaptive_lio) CommandEnded: {'returncode': 0}
[63.008792] (adaptive_lio) JobProgress: {'identifier': 'adaptive_lio', 'progress': 'install'}
[63.022940] (adaptive_lio) Command: {'cmd': ['/usr/bin/cmake', '--install', '/home/pace2204/copy/slam-mid360-volita/build/adaptive_lio'], 'cwd': '/home/pace2204/copy/slam-mid360-volita/build/adaptive_lio', 'env': OrderedDict([('GJS_DEBUG_TOPICS', 'JS ERROR;JS LOG'), ('VSCODE_CWD', '/home/pace2204'), ('LANGUAGE', 'zh_CN:zh'), ('USER', 'pace2204'), ('VSCODE_NLS_CONFIG', '{"userLocale":"zh-cn","osLocale":"en","resolvedLanguage":"zh-cn","defaultMessagesFile":"/usr/share/qoder/resources/app/out/nls.messages.json","languagePack":{"translationsConfigFile":"/home/pace2204/.config/Qoder/clp/3afffd5016528ded1c796a08d125a4d5.zh-cn/tcf.json","messagesFile":"/home/pace2204/.config/Qoder/clp/3afffd5016528ded1c796a08d125a4d5.zh-cn/0.4.7_ba2c98a811c6e5222a3d7f07e51e5b512cf9e403/nls.messages.json","corruptMarkerFile":"/home/pace2204/.config/Qoder/clp/3afffd5016528ded1c796a08d125a4d5.zh-cn/corrupted.info"},"locale":"zh-cn","availableLanguages":{"*":"zh-cn"},"_languagePackId":"3afffd5016528ded1c796a08d125a4d5.zh-cn","_languagePackSupport":true,"_translationsConfigFile":"/home/pace2204/.config/Qoder/clp/3afffd5016528ded1c796a08d125a4d5.zh-cn/tcf.json","_cacheRoot":"/home/pace2204/.config/Qoder/clp/3afffd5016528ded1c796a08d125a4d5.zh-cn","_resolvedLanguagePackCoreLocation":"/home/pace2204/.config/Qoder/clp/3afffd5016528ded1c796a08d125a4d5.zh-cn/0.4.7_ba2c98a811c6e5222a3d7f07e51e5b512cf9e403","_corruptedFile":"/home/pace2204/.config/Qoder/clp/3afffd5016528ded1c796a08d125a4d5.zh-cn/corrupted.info"}'), ('GIT_EDITOR', 'true'), ('XDG_SESSION_TYPE', 'wayland'), ('SHLVL', '1'), ('LD_LIBRARY_PATH', '/home/pace2204/livox_ws/install/livox_ros_driver2/lib:/opt/ros/humble/opt/rviz_ogre_vendor/lib:/opt/ros/humble/lib/x86_64-linux-gnu:/opt/ros/humble/lib'), ('HOME', '/home/pace2204'), ('CHROME_DESKTOP', 'qoder.desktop'), ('OLDPWD', '/home/pace2204/copy/slam-mid360-volita'), ('DESKTOP_SESSION', 'ubuntu'), ('VSCODE_IPC_HOOK', '/run/user/1000/vscode-415d8430-1.10-main.sock'), ('GIO_LAUNCHED_DESKTOP_FILE', '/usr/share/applications/qoder.desktop'), ('ROS_PYTHON_VERSION', '3'), ('GNOME_SHELL_SESSION_MODE', 'ubuntu'), ('GTK_MODULES', 'gail:atk-bridge'), ('MANAGERPID', '1055'), ('SYSTEMD_EXEC_PID', '1291'), ('IM_CONFIG_CHECK_ENV', '1'), ('DBUS_SESSION_BUS_ADDRESS', 'unix:path=/run/user/1000/bus'), ('QODERCLI_INTEGRATION_MODE', 'quest'), ('GIO_LAUNCHED_DESKTOP_FILE_PID', '2049'), ('IM_CONFIG_PHASE', '1'), ('WAYLAND_DISPLAY', 'wayland-0'), ('COLCON_PREFIX_PATH', '/home/pace2204/livox_ws/install'), ('ROS_DISTRO', 'humble'), ('LOGNAME', 'pace2204'), ('JOURNAL_STREAM', '8:17332'), ('_', '/usr/bin/colcon'), ('ROS_VERSION', '2'), ('XDG_SESSION_CLASS', 'user'), ('TYPE_IS_ARMS', 'true'), ('USERNAME', 'pace2204'), ('GNOME_DESKTOP_SESSION_ID', 'this-is-deprecated'), ('ROS_LOCALHOST_ONLY', '0'), ('VSCODE_BRAND', 'Qoder'), ('PATH', '/opt/ros/humble/bin:/usr/local/sbin:/usr/local/bin:/usr/sbin:/usr/bin:/sbin:/bin:/usr/games:/usr/local/games:/snap/bin:/snap/bin'), ('SESSION_MANAGER', 'local/pace2204-BQM5:@/tmp/.ICE-unix/1245,unix/pace2204-BQM5:/tmp/.ICE-unix/1245'), ('INVOCATION_ID', '24b5279f95ef46a895d7ed97825347e4'), ('XDG_MENU_PREFIX', 'gnome-'), ('GNOME_SETUP_DISPLAY', ':1'), ('XDG_RUNTIME_DIR', '/run/user/1000'), ('GDK_BACKEND', 'x11'), ('ARMS_APP_NAME', 'qoder-cosy'), ('DISPLAY', ':0'), ('ARMS_REGION_ID', 'ap-northeast-1'), ('LANG', 'zh_CN.UTF-8'), ('XDG_CURRENT_DESKTOP', 'Unity'), ('XMODIFIERS', '@im=ibus'), ('XDG_SESSION_DESKTOP', 'ubuntu'), ('XAUTHORITY', '/run/user/1000/.mutter-Xwaylandauth.3YDOL3'), ('SSH_AGENT_LAUNCHER', 'gnome-keyring'), ('SSH_AUTH_SOCK', '/run/user/1000/keyring/ssh'), ('AMENT_PREFIX_PATH', '/home/pace2204/livox_ws/install/livox_ros_driver2:/opt/ros/humble'), ('ORIGINAL_XDG_CURRENT_DESKTOP', 'ubuntu:GNOME'), ('SHELL', '/bin/bash'), ('QT_ACCESSIBILITY', '1'), ('NO_AT_BRIDGE', '1'), ('GDMSESSION', 'ubuntu'), ('GJS_DEBUG_OUTPUT', 'stderr'), ('ARMS_ENABLE', 'true'), ('QT_IM_MODULE', 'ibus'), ('PWD', '/home/pace2204/copy/slam-mid360-volita/build/adaptive_lio'), ('XDG_CONFIG_DIRS', '/etc/xdg/xdg-ubuntu:/etc/xdg'), ('VSCODE_CODE_CACHE_PATH', '/home/pace2204/.config/Qoder/CachedData/ba2c98a811c6e5222a3d7f07e51e5b512cf9e403'), ('XDG_DATA_DIRS', '/usr/share/ubuntu:/usr/local/share/:/usr/share/:/var/lib/snapd/desktop'), ('PYTHONPATH', '/home/pace2204/livox_ws/install/livox_ros_driver2/local/lib/python3.10/dist-packages:/opt/ros/humble/lib/python3.10/site-packages:/opt/ros/humble/local/lib/python3.10/dist-packages'), ('QODER_CLI', '1'), ('COLCON', '1'), ('FEATURE_FLAGS', '{"authUserPlanTierName":true,"welcomeFirstLaunchKey":"qoder.firstLaunch","welcomeOnboardingUseCustomStyle":false,"questModeEnable":true,"repoWikiEnable":true,"codebaseIgnoreFileName":".qoderignore","chatDefaultMode":"agent","chatDefaultAskModeUseTools":true,"currentPlanTitleKey":"application.config.general.plan.currentPlan.title","enableCreditUsage":true,"hasDedicatedUrlSetting":false,"showWelcomeMessage":false,"showModelTierSelector":true,"showModelSelector":false,"landingPageNeedLoginBtn":true,"preferredLanguageSupportOnlyZhAndEn":false,"enableSecurityFilter":false,"enableCodeChanges":false,"enableGitCommit":false,"enableLocalFile":true,"enableUserPlanUpgrade":true,"defaultBigModelEndpoint":"https://center.qoder.sh","improvementPlanSetting":true,"supportOrganizationCommand":false,"enableDynamicConfig":true,"qoderDirectAuth":true,"feedbackMethodIsEmail":true,"commit":"ba2c98a811c6e5222a3d7f07e51e5b512cf9e403","date":"2026-02-13T07:13:54.052Z","checksums":{"vs/base/parts/sandbox/electron-sandbox/preload.js":"eMCMtyPVVMxe6uce3NknivMZgd2q6ljQPMr7vRScAYk","vs/workbench/workbench.desktop.main.js":"SXd9pOwo55Yt83OEiXFoPAZHye0pnQIrxbQ70O+Sed0","vs/workbench/workbench.desktop.main.css":"ks0fu1idwMDL7fIcSu1ifhgVpKdkCZziL+7TE1Yc0eo","vs/workbench/api/node/extensionHostProcess.js":"O9uuxViaBomQawTGz+iPBQciGCUSdznm4hYtj/4ed0E","vs/code/electron-sandbox/workbench/workbench.html":"qCUV1BYtmJSS5BrtctLLLnPUm3g0BF+THziYLDg2hCo","vs/code/electron-sandbox/workbench/workbench.js":"HTzPHXSSGaB8b0ToK7BcL04+DQWpVjGgEPRXhP7jxW4"},"version":"0.4.7"}'), ('CMAKE_PREFIX_PATH', '/home/pace2204/livox_ws/install/livox_ros_driver2:/opt/ros/humble'), ('VSCODE_PID', '2049')]), 'shell': False}
[63.040238] (adaptive_lio) StdoutLine: {'line': b'-- Install configuration: "Release"\n'}
[63.041100] (adaptive_lio) StdoutLine: {'line': b'-- Installing: /home/pace2204/copy/slam-mid360-volita/install/adaptive_lio/lib/adaptive_lio/adaptive_lio_node\n'}
[63.045892] (adaptive_lio) StdoutLine: {'line': b'-- Set runtime path of "/home/pace2204/copy/slam-mid360-volita/install/adaptive_lio/lib/adaptive_lio/adaptive_lio_node" to ""\n'}
[63.046172] (adaptive_lio) StdoutLine: {'line': b'-- Up-to-date: /home/pace2204/copy/slam-mid360-volita/install/adaptive_lio/share/adaptive_lio/launch\n'}
[63.046347] (adaptive_lio) StdoutLine: {'line': b'-- Up-to-date: /home/pace2204/copy/slam-mid360-volita/install/adaptive_lio/share/adaptive_lio/launch/run.launch.py\n'}
[63.046727] (adaptive_lio) StdoutLine: {'line': b'-- Up-to-date: /home/pace2204/copy/slam-mid360-volita/install/adaptive_lio/share/adaptive_lio/config\n'}
[63.046827] (adaptive_lio) StdoutLine: {'line': b'-- Installing: /home/pace2204/copy/slam-mid360-volita/install/adaptive_lio/share/adaptive_lio/config/mapping_m.yaml\n'}
[63.047034] (adaptive_lio) StdoutLine: {'line': b'-- Up-to-date: /home/pace2204/copy/slam-mid360-volita/install/adaptive_lio/share/adaptive_lio/config/adaptive_lio.rviz\n'}
[63.047272] (adaptive_lio) StdoutLine: {'line': b'-- Up-to-date: /home/pace2204/copy/slam-mid360-volita/install/adaptive_lio/share/adaptive_lio/config/mapping_m copy.yaml\n'}
[63.047351] (adaptive_lio) StdoutLine: {'line': b'-- Up-to-date: /home/pace2204/copy/slam-mid360-volita/install/adaptive_lio/share/ament_index/resource_index/package_run_dependencies/adaptive_lio\n'}
[63.047428] (adaptive_lio) StdoutLine: {'line': b'-- Up-to-date: /home/pace2204/copy/slam-mid360-volita/install/adaptive_lio/share/ament_index/resource_index/parent_prefix_path/adaptive_lio\n'}
[63.047590] (adaptive_lio) StdoutLine: {'line': b'-- Up-to-date: /home/pace2204/copy/slam-mid360-volita/install/adaptive_lio/share/adaptive_lio/environment/ament_prefix_path.dsv\n'}
[63.047899] (adaptive_lio) StdoutLine: {'line': b'-- Up-to-date: /home/pace2204/copy/slam-mid360-volita/install/adaptive_lio/share/adaptive_lio/environment/path.dsv\n'}
[63.047981] (adaptive_lio) StdoutLine: {'line': b'-- Up-to-date: /home/pace2204/copy/slam-mid360-volita/install/adaptive_lio/share/adaptive_lio/local_setup.bash\n'}
[63.048058] (adaptive_lio) StdoutLine: {'line': b'-- Up-to-date: /home/pace2204/copy/slam-mid360-volita/install/adaptive_lio/share/adaptive_lio/local_setup.sh\n'}
[63.048127] (adaptive_lio) StdoutLine: {'line': b'-- Up-to-date: /home/pace2204/copy/slam-mid360-volita/install/adaptive_lio/share/adaptive_lio/local_setup.zsh\n'}
[63.048192] (adaptive_lio) StdoutLine: {'line': b'-- Up-to-date: /home/pace2204/copy/slam-mid360-volita/install/adaptive_lio/share/adaptive_lio/local_setup.dsv\n'}
[63.048489] (adaptive_lio) StdoutLine: {'line': b'-- Installing: /home/pace2204/copy/slam-mid360-volita/install/adaptive_lio/share/adaptive_lio/package.dsv\n'}
[63.048564] (adaptive_lio) StdoutLine: {'line': b'-- Up-to-date: /home/pace2204/copy/slam-mid360-volita/install/adaptive_lio/share/ament_index/resource_index/packages/adaptive_lio\n'}
[63.048636] (adaptive_lio) StdoutLine: {'line': b'-- Up-to-date: /home/pace2204/copy/slam-mid360-volita/install/adaptive_lio/share/adaptive_lio/cmake/adaptive_lioConfig.cmake\n'}
[63.048708] (adaptive_lio) StdoutLine: {'line': b'-- Up-to-date: /home/pace2204/copy/slam-mid360-volita/install/adaptive_lio/share/adaptive_lio/cmake/adaptive_lioConfig-version.cmake\n'}
[63.048903] (adaptive_lio) StdoutLine: {'line': b'-- Up-to-date: /home/pace2204/copy/slam-mid360-volita/install/adaptive_lio/share/adaptive_lio/package.xml\n'}
[63.051353] (adaptive_lio) CommandEnded: {'returncode': 0}
[63.075354] (adaptive_lio) JobEnded: {'identifier': 'adaptive_lio', 'rc': 0}
[63.075736] (-) EventReactorShutdown: {}
