[0.000000] (-) TimerEvent: {}
[0.000151] (adaptive_lio) JobQueued: {'identifier': 'adaptive_lio', 'dependencies': OrderedDict()}
[0.000447] (adaptive_lio) JobStarted: {'identifier': 'adaptive_lio'}
[0.005519] (adaptive_lio) JobProgress: {'identifier': 'adaptive_lio', 'progress': 'cmake'}
[0.006139] (adaptive_lio) JobProgress: {'identifier': 'adaptive_lio', 'progress': 'build'}
[0.006715] (adaptive_lio) Command: {'cmd': ['/usr/bin/cmake', '--build', '/home/pace2204/copy/slam-mid360-volita/build/adaptive_lio', '--', '-j20', '-l20'], 'cwd': '/home/pace2204/copy/slam-mid360-volita/build/adaptive_lio', 'env': OrderedDict([('GJS_DEBUG_TOPICS', 'JS ERROR;JS LOG'), ('VSCODE_CWD', '/home/pace2204'), ('LANGUAGE', 'zh_CN:zh'), ('USER', 'pace2204'), ('VSCODE_NLS_CONFIG', '{"userLocale":"zh-cn","osLocale":"en","resolvedLanguage":"zh-cn","defaultMessagesFile":"/usr/share/qoder/resources/app/out/nls.messages.json","languagePack":{"translationsConfigFile":"/home/pace2204/.config/Qoder/clp/3afffd5016528ded1c796a08d125a4d5.zh-cn/tcf.json","messagesFile":"/home/pace2204/.config/Qoder/clp/3afffd5016528ded1c796a08d125a4d5.zh-cn/0.4.7_ba2c98a811c6e5222a3d7f07e51e5b512cf9e403/nls.messages.json","corruptMarkerFile":"/home/pace2204/.config/Qoder/clp/3afffd5016528ded1c796a08d125a4d5.zh-cn/corrupted.info"},"locale":"zh-cn","availableLanguages":{"*":"zh-cn"},"_languagePackId":"3afffd5016528ded1c796a08d125a4d5.zh-cn","_languagePackSupport":true,"_translationsConfigFile":"/home/pace2204/.config/Qoder/clp/3afffd5016528ded1c796a08d125a4d5.zh-cn/tcf.json","_cacheRoot":"/home/pace2204/.config/Qoder/clp/3afffd5016528ded1c796a08d125a4d5.zh-cn","_resolvedLanguagePackCoreLocation":"/home/pace2204/.config/Qoder/clp/3afffd5016528ded1c796a08d125a4d5.zh-cn/0.4.7_ba2c98a811c6e5222a3d7f07e51e5b512cf9e403","_corruptedFile":"/home/pace2204/.config/Qoder/clp/3afffd5016528ded1c796a08d125a4d5.zh-cn/corrupted.info"}'), ('GIT_EDITOR', 'true'), ('XDG_SESSION_TYPE', 'wayland'), ('SHLVL', '0'), ('LD_LIBRARY_PATH', '/home/pace2204/livox_ws/install/livox_ros_driver2/lib:/opt/ros/humble/opt/rviz_ogre_vendor/lib:/opt/ros/humble/lib/x86_64-linux-gnu:/opt/ros/humble/lib'), ('HOME', '/home/pace2204'), ('CHROME_DESKTOP', 'qoder.desktop'), ('OLDPWD', '/home/pace2204/copy/slam-mid360-volita'), ('DESKTOP_SESSION', 'ubuntu'), ('VSCODE_IPC_HOOK', '/run/user/1000/vscode-415d8430-1.10-main.sock'), ('GIO_LAUNCHED_DESKTOP_FILE', '/usr/share/applications/qoder.desktop'), ('ROS_PYTHON_VERSION', '3'), ('GNOME_SHELL_SESSION_MODE', 'ubuntu'), ('GTK_MODULES', 'gail:atk-bridge'), ('MANAGERPID', '1049'), ('SYSTEMD_EXEC_PID', '1286'), ('IM_CONFIG_CHECK_ENV', '1'), ('DBUS_SESSION_BUS_ADDRESS', 'unix:path=/run/user/1000/bus'), ('QODERCLI_INTEGRATION_MODE', 'quest'), ('GIO_LAUNCHED_DESKTOP_FILE_PID', '87057'), ('IM_CONFIG_PHASE', '1'), ('WAYLAND_DISPLAY', 'wayland-0'), ('COLCON_PREFIX_PATH', '/home/pace2204/livox_ws/install'), ('ROS_DISTRO', 'humble'), ('LOGNAME', 'pace2204'), ('JOURNAL_STREAM', '8:13067'), ('_', '/usr/bin/colcon'), ('ROS_VERSION', '2'), ('XDG_SESSION_CLASS', 'user'), ('TYPE_IS_ARMS', 'true'), ('USERNAME', 'pace2204'), ('GNOME_DESKTOP_SESSION_ID', 'this-is-deprecated'), ('ROS_LOCALHOST_ONLY', '0'), ('VSCODE_BRAND', 'Qoder'), ('PATH', '/opt/ros/humble/bin:/usr/local/sbin:/usr/local/bin:/usr/sbin:/usr/bin:/sbin:/bin:/usr/games:/usr/local/games:/snap/bin:/snap/bin'), ('SESSION_MANAGER', 'local/pace2204-BQM5:@/tmp/.ICE-unix/1252,unix/pace2204-BQM5:/tmp/.ICE-unix/1252'), ('INVOCATION_ID', '02a58268ff434ccd909000380752652c'), ('XDG_MENU_PREFIX', 'gnome-'), ('GNOME_SETUP_DISPLAY', ':1'), ('XDG_RUNTIME_DIR', '/run/user/1000'), ('GDK_BACKEND', 'x11'), ('ARMS_APP_NAME', 'qoder-cosy'), ('DISPLAY', ':0'), ('ARMS_REGION_ID', 'ap-northeast-1'), ('LANG', 'zh_CN.UTF-8'), ('XDG_CURRENT_DESKTOP', 'Unity'), ('XMODIFIERS', '@im=ibus'), ('XDG_SESSION_DESKTOP', 'ubuntu'), ('XAUTHORITY', '/run/user/1000/.mutter-Xwaylandauth.GHURL3'), ('SSH_AGENT_LAUNCHER', 'gnome-keyring'), ('SSH_AUTH_SOCK', '/run/user/1000/keyring/ssh'), ('AMENT_PREFIX_PATH', '/home/pace2204/livox_ws/install/livox_ros_driver2:/opt/ros/humble'), ('ORIGINAL_XDG_CURRENT_DESKTOP', 'ubuntu:GNOME'), ('SHELL', '/bin/bash'), ('QT_ACCESSIBILITY', '1'), ('NO_AT_BRIDGE', '1'), ('GDMSESSION', 'ubuntu'), ('GJS_DEBUG_OUTPUT', 'stderr'), ('ARMS_ENABLE', 'true'), ('QT_IM_MODULE', 'ibus'), ('PWD', '/home/pace2204/copy/slam-mid360-volita/build/adaptive_lio'), ('XDG_CONFIG_DIRS', '/etc/xdg/xdg-ubuntu:/etc/xdg'), ('VSCODE_CODE_CACHE_PATH', '/home/pace2204/.config/Qoder/CachedData/ba2c98a811c6e5222a3d7f07e51e5b512cf9e403'), ('XDG_DATA_DIRS', '/usr/share/ubuntu:/usr/local/share/:/usr/share/:/var/lib/snapd/desktop'), ('PYTHONPATH', '/home/pace2204/livox_ws/install/livox_ros_driver2/local/lib/python3.10/dist-packages:/opt/ros/humble/lib/python3.10/site-packages:/opt/ros/humble/local/lib/python3.10/dist-packages'), ('QODER_CLI', '1'), ('COLCON', '1'), ('FEATURE_FLAGS', '{"authUserPlanTierName":true,"welcomeFirstLaunchKey":"qoder.firstLaunch","welcomeOnboardingUseCustomStyle":false,"questModeEnable":true,"repoWikiEnable":true,"codebaseIgnoreFileName":".qoderignore","chatDefaultMode":"agent","chatDefaultAskModeUseTools":true,"currentPlanTitleKey":"application.config.general.plan.currentPlan.title","enableCreditUsage":true,"hasDedicatedUrlSetting":false,"showWelcomeMessage":false,"showModelTierSelector":true,"showModelSelector":false,"landingPageNeedLoginBtn":true,"preferredLanguageSupportOnlyZhAndEn":false,"enableSecurityFilter":false,"enableCodeChanges":false,"enableGitCommit":false,"enableLocalFile":true,"enableUserPlanUpgrade":true,"defaultBigModelEndpoint":"https://center.qoder.sh","improvementPlanSetting":true,"supportOrganizationCommand":false,"enableDynamicConfig":true,"qoderDirectAuth":true,"feedbackMethodIsEmail":true,"commit":"ba2c98a811c6e5222a3d7f07e51e5b512cf9e403","date":"2026-02-13T07:13:54.052Z","checksums":{"vs/base/parts/sandbox/electron-sandbox/preload.js":"eMCMtyPVVMxe6uce3NknivMZgd2q6ljQPMr7vRScAYk","vs/workbench/workbench.desktop.main.js":"SXd9pOwo55Yt83OEiXFoPAZHye0pnQIrxbQ70O+Sed0","vs/workbench/workbench.desktop.main.css":"ks0fu1idwMDL7fIcSu1ifhgVpKdkCZziL+7TE1Yc0eo","vs/workbench/api/node/extensionHostProcess.js":"O9uuxViaBomQawTGz+iPBQciGCUSdznm4hYtj/4ed0E","vs/code/electron-sandbox/workbench/workbench.html":"qCUV1BYtmJSS5BrtctLLLnPUm3g0BF+THziYLDg2hCo","vs/code/electron-sandbox/workbench/workbench.js":"HTzPHXSSGaB8b0ToK7BcL04+DQWpVjGgEPRXhP7jxW4"},"version":"0.4.7"}'), ('CMAKE_PREFIX_PATH', '/home/pace2204/livox_ws/install/livox_ros_driver2:/opt/ros/humble'), ('VSCODE_PID', '87057')]), 'shell': False}
[0.068455] (adaptive_lio) StdoutLine: {'line': b'Consolidate compiler generated dependencies of target adaptive_lio.common\n'}
[0.069239] (adaptive_lio) StdoutLine: {'line': b'Consolidate compiler generated dependencies of target adaptive_lio.pre\n'}
[0.081132] (adaptive_lio) StdoutLine: {'line': b'[ 40%] Built target adaptive_lio.common\n'}
[0.084854] (adaptive_lio) StdoutLine: {'line': b'[ 50%] Built target adaptive_lio.pre\n'}
[0.093635] (adaptive_lio) StdoutLine: {'line': b'Consolidate compiler generated dependencies of target adaptive_lio.algo\n'}
[0.099805] (-) TimerEvent: {}
[0.107725] (adaptive_lio) StdoutLine: {'line': b'[ 60%] Built target adaptive_lio.algo\n'}
[0.124061] (adaptive_lio) StdoutLine: {'line': b'Consolidate compiler generated dependencies of target adaptive_lio.lio\n'}
[0.136071] (adaptive_lio) StdoutLine: {'line': b'[ 65%] Building CXX object CMakeFiles/adaptive_lio.lio.dir/src/lio/lidarodom.cpp.o\n'}
[0.199923] (-) TimerEvent: {}
[0.300189] (-) TimerEvent: {}
[0.400432] (-) TimerEvent: {}
[0.500625] (-) TimerEvent: {}
[0.600827] (-) TimerEvent: {}
[0.701024] (-) TimerEvent: {}
[0.801219] (-) TimerEvent: {}
[0.901410] (-) TimerEvent: {}
[1.001609] (-) TimerEvent: {}
[1.101812] (-) TimerEvent: {}
[1.202009] (-) TimerEvent: {}
[1.302216] (-) TimerEvent: {}
[1.402459] (-) TimerEvent: {}
[1.502730] (-) TimerEvent: {}
[1.602894] (-) TimerEvent: {}
[1.703058] (-) TimerEvent: {}
[1.803223] (-) TimerEvent: {}
[1.903391] (-) TimerEvent: {}
[2.003559] (-) TimerEvent: {}
[2.103720] (-) TimerEvent: {}
[2.203899] (-) TimerEvent: {}
[2.304076] (-) TimerEvent: {}
[2.404258] (-) TimerEvent: {}
[2.504414] (-) TimerEvent: {}
[2.604572] (-) TimerEvent: {}
[2.704725] (-) TimerEvent: {}
[2.804877] (-) TimerEvent: {}
[2.905032] (-) TimerEvent: {}
[3.005190] (-) TimerEvent: {}
[3.105348] (-) TimerEvent: {}
[3.205508] (-) TimerEvent: {}
[3.305675] (-) TimerEvent: {}
[3.405835] (-) TimerEvent: {}
[3.505993] (-) TimerEvent: {}
[3.606154] (-) TimerEvent: {}
[3.706307] (-) TimerEvent: {}
[3.806460] (-) TimerEvent: {}
[3.906591] (-) TimerEvent: {}
[4.006725] (-) TimerEvent: {}
[4.106875] (-) TimerEvent: {}
[4.207027] (-) TimerEvent: {}
[4.307184] (-) TimerEvent: {}
[4.407337] (-) TimerEvent: {}
[4.507497] (-) TimerEvent: {}
[4.607659] (-) TimerEvent: {}
[4.707813] (-) TimerEvent: {}
[4.807964] (-) TimerEvent: {}
[4.908117] (-) TimerEvent: {}
[5.008270] (-) TimerEvent: {}
[5.108432] (-) TimerEvent: {}
[5.208586] (-) TimerEvent: {}
[5.308739] (-) TimerEvent: {}
[5.408903] (-) TimerEvent: {}
[5.509073] (-) TimerEvent: {}
[5.609230] (-) TimerEvent: {}
[5.709386] (-) TimerEvent: {}
[5.809549] (-) TimerEvent: {}
[5.909700] (-) TimerEvent: {}
[6.009854] (-) TimerEvent: {}
[6.110014] (-) TimerEvent: {}
[6.210168] (-) TimerEvent: {}
[6.310322] (-) TimerEvent: {}
[6.410480] (-) TimerEvent: {}
[6.510638] (-) TimerEvent: {}
[6.610803] (-) TimerEvent: {}
[6.710966] (-) TimerEvent: {}
[6.811121] (-) TimerEvent: {}
[6.911286] (-) TimerEvent: {}
[7.011457] (-) TimerEvent: {}
[7.111623] (-) TimerEvent: {}
[7.211786] (-) TimerEvent: {}
[7.311939] (-) TimerEvent: {}
[7.412109] (-) TimerEvent: {}
[7.512273] (-) TimerEvent: {}
[7.612430] (-) TimerEvent: {}
[7.712599] (-) TimerEvent: {}
[7.812769] (-) TimerEvent: {}
[7.912929] (-) TimerEvent: {}
[8.013088] (-) TimerEvent: {}
[8.113249] (-) TimerEvent: {}
[8.213410] (-) TimerEvent: {}
[8.313586] (-) TimerEvent: {}
[8.413745] (-) TimerEvent: {}
[8.513912] (-) TimerEvent: {}
[8.614082] (-) TimerEvent: {}
[8.714259] (-) TimerEvent: {}
[8.814413] (-) TimerEvent: {}
[8.914585] (-) TimerEvent: {}
[9.014748] (-) TimerEvent: {}
[9.114916] (-) TimerEvent: {}
[9.215070] (-) TimerEvent: {}
[9.315242] (-) TimerEvent: {}
[9.415401] (-) TimerEvent: {}
[9.515572] (-) TimerEvent: {}
[9.615732] (-) TimerEvent: {}
[9.715893] (-) TimerEvent: {}
[9.816051] (-) TimerEvent: {}
[9.916214] (-) TimerEvent: {}
[10.016373] (-) TimerEvent: {}
[10.116545] (-) TimerEvent: {}
[10.216705] (-) TimerEvent: {}
[10.316868] (-) TimerEvent: {}
[10.417028] (-) TimerEvent: {}
[10.517192] (-) TimerEvent: {}
[10.617350] (-) TimerEvent: {}
[10.717510] (-) TimerEvent: {}
[10.817673] (-) TimerEvent: {}
[10.917827] (-) TimerEvent: {}
[11.017978] (-) TimerEvent: {}
[11.118119] (-) TimerEvent: {}
[11.218256] (-) TimerEvent: {}
[11.318390] (-) TimerEvent: {}
[11.418505] (-) TimerEvent: {}
[11.518642] (-) TimerEvent: {}
[11.618765] (-) TimerEvent: {}
[11.718905] (-) TimerEvent: {}
[11.819080] (-) TimerEvent: {}
[11.919254] (-) TimerEvent: {}
[12.019434] (-) TimerEvent: {}
[12.119600] (-) TimerEvent: {}
[12.219743] (-) TimerEvent: {}
[12.319882] (-) TimerEvent: {}
[12.420020] (-) TimerEvent: {}
[12.520162] (-) TimerEvent: {}
[12.620341] (-) TimerEvent: {}
[12.720516] (-) TimerEvent: {}
[12.820666] (-) TimerEvent: {}
[12.920784] (-) TimerEvent: {}
[13.020930] (-) TimerEvent: {}
[13.121104] (-) TimerEvent: {}
[13.221315] (-) TimerEvent: {}
[13.321502] (-) TimerEvent: {}
[13.421675] (-) TimerEvent: {}
[13.521834] (-) TimerEvent: {}
[13.621988] (-) TimerEvent: {}
[13.722141] (-) TimerEvent: {}
[13.822296] (-) TimerEvent: {}
[13.922449] (-) TimerEvent: {}
[14.022604] (-) TimerEvent: {}
[14.122780] (-) TimerEvent: {}
[14.222957] (-) TimerEvent: {}
[14.323108] (-) TimerEvent: {}
[14.423262] (-) TimerEvent: {}
[14.523413] (-) TimerEvent: {}
[14.623570] (-) TimerEvent: {}
[14.723710] (-) TimerEvent: {}
[14.823840] (-) TimerEvent: {}
[14.923954] (-) TimerEvent: {}
[15.024082] (-) TimerEvent: {}
[15.124236] (-) TimerEvent: {}
[15.224391] (-) TimerEvent: {}
[15.324551] (-) TimerEvent: {}
[15.424713] (-) TimerEvent: {}
[15.524866] (-) TimerEvent: {}
[15.625024] (-) TimerEvent: {}
[15.725178] (-) TimerEvent: {}
[15.825328] (-) TimerEvent: {}
[15.925491] (-) TimerEvent: {}
[16.025638] (-) TimerEvent: {}
[16.125776] (-) TimerEvent: {}
[16.225917] (-) TimerEvent: {}
[16.326053] (-) TimerEvent: {}
[16.426206] (-) TimerEvent: {}
[16.526362] (-) TimerEvent: {}
[16.626515] (-) TimerEvent: {}
[16.726680] (-) TimerEvent: {}
[16.826829] (-) TimerEvent: {}
[16.926984] (-) TimerEvent: {}
[17.027138] (-) TimerEvent: {}
[17.127290] (-) TimerEvent: {}
[17.227437] (-) TimerEvent: {}
[17.327588] (-) TimerEvent: {}
[17.427728] (-) TimerEvent: {}
[17.527876] (-) TimerEvent: {}
[17.628030] (-) TimerEvent: {}
[17.728187] (-) TimerEvent: {}
[17.828343] (-) TimerEvent: {}
[17.928497] (-) TimerEvent: {}
[18.028650] (-) TimerEvent: {}
[18.128800] (-) TimerEvent: {}
[18.228953] (-) TimerEvent: {}
[18.329104] (-) TimerEvent: {}
[18.429256] (-) TimerEvent: {}
[18.529411] (-) TimerEvent: {}
[18.629573] (-) TimerEvent: {}
[18.729736] (-) TimerEvent: {}
[18.829899] (-) TimerEvent: {}
[18.930054] (-) TimerEvent: {}
[19.030222] (-) TimerEvent: {}
[19.130375] (-) TimerEvent: {}
[19.230530] (-) TimerEvent: {}
[19.330695] (-) TimerEvent: {}
[19.430857] (-) TimerEvent: {}
[19.531011] (-) TimerEvent: {}
[19.631153] (-) TimerEvent: {}
[19.731296] (-) TimerEvent: {}
[19.831457] (-) TimerEvent: {}
[19.931607] (-) TimerEvent: {}
[20.031755] (-) TimerEvent: {}
[20.131893] (-) TimerEvent: {}
[20.232026] (-) TimerEvent: {}
[20.332173] (-) TimerEvent: {}
[20.432325] (-) TimerEvent: {}
[20.532480] (-) TimerEvent: {}
[20.632638] (-) TimerEvent: {}
[20.732793] (-) TimerEvent: {}
[20.832948] (-) TimerEvent: {}
[20.933112] (-) TimerEvent: {}
[21.033263] (-) TimerEvent: {}
[21.133421] (-) TimerEvent: {}
[21.233583] (-) TimerEvent: {}
[21.333732] (-) TimerEvent: {}
[21.433888] (-) TimerEvent: {}
[21.534040] (-) TimerEvent: {}
[21.634193] (-) TimerEvent: {}
[21.734337] (-) TimerEvent: {}
[21.834485] (-) TimerEvent: {}
[21.934652] (-) TimerEvent: {}
[22.034811] (-) TimerEvent: {}
[22.134949] (-) TimerEvent: {}
[22.235083] (-) TimerEvent: {}
[22.335232] (-) TimerEvent: {}
[22.435386] (-) TimerEvent: {}
[22.535538] (-) TimerEvent: {}
[22.635701] (-) TimerEvent: {}
[22.735844] (-) TimerEvent: {}
[22.835989] (-) TimerEvent: {}
[22.936141] (-) TimerEvent: {}
[23.036295] (-) TimerEvent: {}
[23.136450] (-) TimerEvent: {}
[23.236604] (-) TimerEvent: {}
[23.336758] (-) TimerEvent: {}
[23.436912] (-) TimerEvent: {}
[23.537065] (-) TimerEvent: {}
[23.637221] (-) TimerEvent: {}
[23.737375] (-) TimerEvent: {}
[23.837530] (-) TimerEvent: {}
[23.937690] (-) TimerEvent: {}
[24.037842] (-) TimerEvent: {}
[24.137985] (-) TimerEvent: {}
[24.238091] (-) TimerEvent: {}
[24.338208] (-) TimerEvent: {}
[24.438345] (-) TimerEvent: {}
[24.538463] (-) TimerEvent: {}
[24.638573] (-) TimerEvent: {}
[24.738684] (-) TimerEvent: {}
[24.838785] (-) TimerEvent: {}
[24.938876] (-) TimerEvent: {}
[25.038994] (-) TimerEvent: {}
[25.139137] (-) TimerEvent: {}
[25.239274] (-) TimerEvent: {}
[25.339418] (-) TimerEvent: {}
[25.439571] (-) TimerEvent: {}
[25.539721] (-) TimerEvent: {}
[25.639881] (-) TimerEvent: {}
[25.740035] (-) TimerEvent: {}
[25.840189] (-) TimerEvent: {}
[25.940342] (-) TimerEvent: {}
[26.040500] (-) TimerEvent: {}
[26.140663] (-) TimerEvent: {}
[26.240809] (-) TimerEvent: {}
[26.340953] (-) TimerEvent: {}
[26.441105] (-) TimerEvent: {}
[26.541253] (-) TimerEvent: {}
[26.641408] (-) TimerEvent: {}
[26.741568] (-) TimerEvent: {}
[26.841724] (-) TimerEvent: {}
[26.941875] (-) TimerEvent: {}
[27.049625] (-) TimerEvent: {}
[27.149796] (-) TimerEvent: {}
[27.249970] (-) TimerEvent: {}
[27.350150] (-) TimerEvent: {}
[27.450317] (-) TimerEvent: {}
[27.550478] (-) TimerEvent: {}
[27.650672] (-) TimerEvent: {}
[27.750857] (-) TimerEvent: {}
[27.851031] (-) TimerEvent: {}
[27.951207] (-) TimerEvent: {}
[28.051378] (-) TimerEvent: {}
[28.151569] (-) TimerEvent: {}
[28.251757] (-) TimerEvent: {}
[28.352562] (-) TimerEvent: {}
[28.452786] (-) TimerEvent: {}
[28.552979] (-) TimerEvent: {}
[28.653211] (-) TimerEvent: {}
[28.753443] (-) TimerEvent: {}
[28.853661] (-) TimerEvent: {}
[28.953895] (-) TimerEvent: {}
[29.054115] (-) TimerEvent: {}
[29.154330] (-) TimerEvent: {}
[29.254546] (-) TimerEvent: {}
[29.354709] (-) TimerEvent: {}
[29.454916] (-) TimerEvent: {}
[29.555079] (-) TimerEvent: {}
[29.655284] (-) TimerEvent: {}
[29.755496] (-) TimerEvent: {}
[29.855711] (-) TimerEvent: {}
[29.955936] (-) TimerEvent: {}
[30.056158] (-) TimerEvent: {}
[30.156327] (-) TimerEvent: {}
[30.256508] (-) TimerEvent: {}
[30.331130] (adaptive_lio) StdoutLine: {'line': b'[ 70%] Linking CXX static library libadaptive_lio.lio.a\n'}
[30.356623] (-) TimerEvent: {}
[30.371279] (adaptive_lio) StdoutLine: {'line': b'[ 85%] Built target adaptive_lio.lio\n'}
[30.407840] (adaptive_lio) StdoutLine: {'line': b'Consolidate compiler generated dependencies of target adaptive_lio_node\n'}
[30.431264] (adaptive_lio) StdoutLine: {'line': b'[ 90%] Linking CXX executable adaptive_lio_node\n'}
[30.456740] (-) TimerEvent: {}
[30.556928] (-) TimerEvent: {}
[30.657091] (-) TimerEvent: {}
[30.757251] (-) TimerEvent: {}
[30.857424] (-) TimerEvent: {}
[30.957590] (-) TimerEvent: {}
[31.057751] (-) TimerEvent: {}
[31.157937] (-) TimerEvent: {}
[31.208733] (adaptive_lio) StdoutLine: {'line': b'[100%] Built target adaptive_lio_node\n'}
[31.250966] (adaptive_lio) CommandEnded: {'returncode': 0}
[31.252386] (adaptive_lio) JobProgress: {'identifier': 'adaptive_lio', 'progress': 'install'}
[31.258121] (-) TimerEvent: {}
[31.270194] (adaptive_lio) Command: {'cmd': ['/usr/bin/cmake', '--install', '/home/pace2204/copy/slam-mid360-volita/build/adaptive_lio'], 'cwd': '/home/pace2204/copy/slam-mid360-volita/build/adaptive_lio', 'env': OrderedDict([('GJS_DEBUG_TOPICS', 'JS ERROR;JS LOG'), ('VSCODE_CWD', '/home/pace2204'), ('LANGUAGE', 'zh_CN:zh'), ('USER', 'pace2204'), ('VSCODE_NLS_CONFIG', '{"userLocale":"zh-cn","osLocale":"en","resolvedLanguage":"zh-cn","defaultMessagesFile":"/usr/share/qoder/resources/app/out/nls.messages.json","languagePack":{"translationsConfigFile":"/home/pace2204/.config/Qoder/clp/3afffd5016528ded1c796a08d125a4d5.zh-cn/tcf.json","messagesFile":"/home/pace2204/.config/Qoder/clp/3afffd5016528ded1c796a08d125a4d5.zh-cn/0.4.7_ba2c98a811c6e5222a3d7f07e51e5b512cf9e403/nls.messages.json","corruptMarkerFile":"/home/pace2204/.config/Qoder/clp/3afffd5016528ded1c796a08d125a4d5.zh-cn/corrupted.info"},"locale":"zh-cn","availableLanguages":{"*":"zh-cn"},"_languagePackId":"3afffd5016528ded1c796a08d125a4d5.zh-cn","_languagePackSupport":true,"_translationsConfigFile":"/home/pace2204/.config/Qoder/clp/3afffd5016528ded1c796a08d125a4d5.zh-cn/tcf.json","_cacheRoot":"/home/pace2204/.config/Qoder/clp/3afffd5016528ded1c796a08d125a4d5.zh-cn","_resolvedLanguagePackCoreLocation":"/home/pace2204/.config/Qoder/clp/3afffd5016528ded1c796a08d125a4d5.zh-cn/0.4.7_ba2c98a811c6e5222a3d7f07e51e5b512cf9e403","_corruptedFile":"/home/pace2204/.config/Qoder/clp/3afffd5016528ded1c796a08d125a4d5.zh-cn/corrupted.info"}'), ('GIT_EDITOR', 'true'), ('XDG_SESSION_TYPE', 'wayland'), ('SHLVL', '0'), ('LD_LIBRARY_PATH', '/home/pace2204/livox_ws/install/livox_ros_driver2/lib:/opt/ros/humble/opt/rviz_ogre_vendor/lib:/opt/ros/humble/lib/x86_64-linux-gnu:/opt/ros/humble/lib'), ('HOME', '/home/pace2204'), ('CHROME_DESKTOP', 'qoder.desktop'), ('OLDPWD', '/home/pace2204/copy/slam-mid360-volita'), ('DESKTOP_SESSION', 'ubuntu'), ('VSCODE_IPC_HOOK', '/run/user/1000/vscode-415d8430-1.10-main.sock'), ('GIO_LAUNCHED_DESKTOP_FILE', '/usr/share/applications/qoder.desktop'), ('ROS_PYTHON_VERSION', '3'), ('GNOME_SHELL_SESSION_MODE', 'ubuntu'), ('GTK_MODULES', 'gail:atk-bridge'), ('MANAGERPID', '1049'), ('SYSTEMD_EXEC_PID', '1286'), ('IM_CONFIG_CHECK_ENV', '1'), ('DBUS_SESSION_BUS_ADDRESS', 'unix:path=/run/user/1000/bus'), ('QODERCLI_INTEGRATION_MODE', 'quest'), ('GIO_LAUNCHED_DESKTOP_FILE_PID', '87057'), ('IM_CONFIG_PHASE', '1'), ('WAYLAND_DISPLAY', 'wayland-0'), ('COLCON_PREFIX_PATH', '/home/pace2204/livox_ws/install'), ('ROS_DISTRO', 'humble'), ('LOGNAME', 'pace2204'), ('JOURNAL_STREAM', '8:13067'), ('_', '/usr/bin/colcon'), ('ROS_VERSION', '2'), ('XDG_SESSION_CLASS', 'user'), ('TYPE_IS_ARMS', 'true'), ('USERNAME', 'pace2204'), ('GNOME_DESKTOP_SESSION_ID', 'this-is-deprecated'), ('ROS_LOCALHOST_ONLY', '0'), ('VSCODE_BRAND', 'Qoder'), ('PATH', '/opt/ros/humble/bin:/usr/local/sbin:/usr/local/bin:/usr/sbin:/usr/bin:/sbin:/bin:/usr/games:/usr/local/games:/snap/bin:/snap/bin'), ('SESSION_MANAGER', 'local/pace2204-BQM5:@/tmp/.ICE-unix/1252,unix/pace2204-BQM5:/tmp/.ICE-unix/1252'), ('INVOCATION_ID', '02a58268ff434ccd909000380752652c'), ('XDG_MENU_PREFIX', 'gnome-'), ('GNOME_SETUP_DISPLAY', ':1'), ('XDG_RUNTIME_DIR', '/run/user/1000'), ('GDK_BACKEND', 'x11'), ('ARMS_APP_NAME', 'qoder-cosy'), ('DISPLAY', ':0'), ('ARMS_REGION_ID', 'ap-northeast-1'), ('LANG', 'zh_CN.UTF-8'), ('XDG_CURRENT_DESKTOP', 'Unity'), ('XMODIFIERS', '@im=ibus'), ('XDG_SESSION_DESKTOP', 'ubuntu'), ('XAUTHORITY', '/run/user/1000/.mutter-Xwaylandauth.GHURL3'), ('SSH_AGENT_LAUNCHER', 'gnome-keyring'), ('SSH_AUTH_SOCK', '/run/user/1000/keyring/ssh'), ('AMENT_PREFIX_PATH', '/home/pace2204/livox_ws/install/livox_ros_driver2:/opt/ros/humble'), ('ORIGINAL_XDG_CURRENT_DESKTOP', 'ubuntu:GNOME'), ('SHELL', '/bin/bash'), ('QT_ACCESSIBILITY', '1'), ('NO_AT_BRIDGE', '1'), ('GDMSESSION', 'ubuntu'), ('GJS_DEBUG_OUTPUT', 'stderr'), ('ARMS_ENABLE', 'true'), ('QT_IM_MODULE', 'ibus'), ('PWD', '/home/pace2204/copy/slam-mid360-volita/build/adaptive_lio'), ('XDG_CONFIG_DIRS', '/etc/xdg/xdg-ubuntu:/etc/xdg'), ('VSCODE_CODE_CACHE_PATH', '/home/pace2204/.config/Qoder/CachedData/ba2c98a811c6e5222a3d7f07e51e5b512cf9e403'), ('XDG_DATA_DIRS', '/usr/share/ubuntu:/usr/local/share/:/usr/share/:/var/lib/snapd/desktop'), ('PYTHONPATH', '/home/pace2204/livox_ws/install/livox_ros_driver2/local/lib/python3.10/dist-packages:/opt/ros/humble/lib/python3.10/site-packages:/opt/ros/humble/local/lib/python3.10/dist-packages'), ('QODER_CLI', '1'), ('COLCON', '1'), ('FEATURE_FLAGS', '{"authUserPlanTierName":true,"welcomeFirstLaunchKey":"qoder.firstLaunch","welcomeOnboardingUseCustomStyle":false,"questModeEnable":true,"repoWikiEnable":true,"codebaseIgnoreFileName":".qoderignore","chatDefaultMode":"agent","chatDefaultAskModeUseTools":true,"currentPlanTitleKey":"application.config.general.plan.currentPlan.title","enableCreditUsage":true,"hasDedicatedUrlSetting":false,"showWelcomeMessage":false,"showModelTierSelector":true,"showModelSelector":false,"landingPageNeedLoginBtn":true,"preferredLanguageSupportOnlyZhAndEn":false,"enableSecurityFilter":false,"enableCodeChanges":false,"enableGitCommit":false,"enableLocalFile":true,"enableUserPlanUpgrade":true,"defaultBigModelEndpoint":"https://center.qoder.sh","improvementPlanSetting":true,"supportOrganizationCommand":false,"enableDynamicConfig":true,"qoderDirectAuth":true,"feedbackMethodIsEmail":true,"commit":"ba2c98a811c6e5222a3d7f07e51e5b512cf9e403","date":"2026-02-13T07:13:54.052Z","checksums":{"vs/base/parts/sandbox/electron-sandbox/preload.js":"eMCMtyPVVMxe6uce3NknivMZgd2q6ljQPMr7vRScAYk","vs/workbench/workbench.desktop.main.js":"SXd9pOwo55Yt83OEiXFoPAZHye0pnQIrxbQ70O+Sed0","vs/workbench/workbench.desktop.main.css":"ks0fu1idwMDL7fIcSu1ifhgVpKdkCZziL+7TE1Yc0eo","vs/workbench/api/node/extensionHostProcess.js":"O9uuxViaBomQawTGz+iPBQciGCUSdznm4hYtj/4ed0E","vs/code/electron-sandbox/workbench/workbench.html":"qCUV1BYtmJSS5BrtctLLLnPUm3g0BF+THziYLDg2hCo","vs/code/electron-sandbox/workbench/workbench.js":"HTzPHXSSGaB8b0ToK7BcL04+DQWpVjGgEPRXhP7jxW4"},"version":"0.4.7"}'), ('CMAKE_PREFIX_PATH', '/home/pace2204/livox_ws/install/livox_ros_driver2:/opt/ros/humble'), ('VSCODE_PID', '87057')]), 'shell': False}
[31.282150] (adaptive_lio) StdoutLine: {'line': b'-- Install configuration: "Release"\n'}
[31.282482] (adaptive_lio) StdoutLine: {'line': b'-- Installing: /home/pace2204/copy/slam-mid360-volita/install/adaptive_lio/lib/adaptive_lio/adaptive_lio_node\n'}
[31.286885] (adaptive_lio) StdoutLine: {'line': b'-- Set runtime path of "/home/pace2204/copy/slam-mid360-volita/install/adaptive_lio/lib/adaptive_lio/adaptive_lio_node" to ""\n'}
[31.287404] (adaptive_lio) StdoutLine: {'line': b'-- Up-to-date: /home/pace2204/copy/slam-mid360-volita/install/adaptive_lio/share/adaptive_lio/launch\n'}
[31.287513] (adaptive_lio) StdoutLine: {'line': b'-- Up-to-date: /home/pace2204/copy/slam-mid360-volita/install/adaptive_lio/share/adaptive_lio/launch/run.launch.py\n'}
[31.287804] (adaptive_lio) StdoutLine: {'line': b'-- Up-to-date: /home/pace2204/copy/slam-mid360-volita/install/adaptive_lio/share/adaptive_lio/config\n'}
[31.287898] (adaptive_lio) StdoutLine: {'line': b'-- Up-to-date: /home/pace2204/copy/slam-mid360-volita/install/adaptive_lio/share/adaptive_lio/config/mapping_m.yaml\n'}
[31.287981] (adaptive_lio) StdoutLine: {'line': b'-- Up-to-date: /home/pace2204/copy/slam-mid360-volita/install/adaptive_lio/share/adaptive_lio/config/adaptive_lio.rviz\n'}
[31.288069] (adaptive_lio) StdoutLine: {'line': b'-- Up-to-date: /home/pace2204/copy/slam-mid360-volita/install/adaptive_lio/share/adaptive_lio/config/mapping_m copy.yaml\n'}
[31.288160] (adaptive_lio) StdoutLine: {'line': b'-- Up-to-date: /home/pace2204/copy/slam-mid360-volita/install/adaptive_lio/share/ament_index/resource_index/package_run_dependencies/adaptive_lio\n'}
[31.288255] (adaptive_lio) StdoutLine: {'line': b'-- Up-to-date: /home/pace2204/copy/slam-mid360-volita/install/adaptive_lio/share/ament_index/resource_index/parent_prefix_path/adaptive_lio\n'}
[31.288343] (adaptive_lio) StdoutLine: {'line': b'-- Up-to-date: /home/pace2204/copy/slam-mid360-volita/install/adaptive_lio/share/adaptive_lio/environment/ament_prefix_path.dsv\n'}
[31.288427] (adaptive_lio) StdoutLine: {'line': b'-- Up-to-date: /home/pace2204/copy/slam-mid360-volita/install/adaptive_lio/share/adaptive_lio/environment/path.dsv\n'}
[31.288511] (adaptive_lio) StdoutLine: {'line': b'-- Up-to-date: /home/pace2204/copy/slam-mid360-volita/install/adaptive_lio/share/adaptive_lio/local_setup.bash\n'}
[31.288610] (adaptive_lio) StdoutLine: {'line': b'-- Up-to-date: /home/pace2204/copy/slam-mid360-volita/install/adaptive_lio/share/adaptive_lio/local_setup.sh\n'}
[31.288697] (adaptive_lio) StdoutLine: {'line': b'-- Up-to-date: /home/pace2204/copy/slam-mid360-volita/install/adaptive_lio/share/adaptive_lio/local_setup.zsh\n'}
[31.288781] (adaptive_lio) StdoutLine: {'line': b'-- Up-to-date: /home/pace2204/copy/slam-mid360-volita/install/adaptive_lio/share/adaptive_lio/local_setup.dsv\n'}
[31.288866] (adaptive_lio) StdoutLine: {'line': b'-- Installing: /home/pace2204/copy/slam-mid360-volita/install/adaptive_lio/share/adaptive_lio/package.dsv\n'}
[31.288953] (adaptive_lio) StdoutLine: {'line': b'-- Up-to-date: /home/pace2204/copy/slam-mid360-volita/install/adaptive_lio/share/ament_index/resource_index/packages/adaptive_lio\n'}
[31.289036] (adaptive_lio) StdoutLine: {'line': b'-- Up-to-date: /home/pace2204/copy/slam-mid360-volita/install/adaptive_lio/share/adaptive_lio/cmake/adaptive_lioConfig.cmake\n'}
[31.289119] (adaptive_lio) StdoutLine: {'line': b'-- Up-to-date: /home/pace2204/copy/slam-mid360-volita/install/adaptive_lio/share/adaptive_lio/cmake/adaptive_lioConfig-version.cmake\n'}
[31.289204] (adaptive_lio) StdoutLine: {'line': b'-- Up-to-date: /home/pace2204/copy/slam-mid360-volita/install/adaptive_lio/share/adaptive_lio/package.xml\n'}
[31.290498] (adaptive_lio) CommandEnded: {'returncode': 0}
[31.317107] (adaptive_lio) JobEnded: {'identifier': 'adaptive_lio', 'rc': 0}
[31.317952] (-) EventReactorShutdown: {}
