[0.007s] Invoking command in '/home/pace2204/copy/slam-mid360-volita/build/adaptive_lio': CMAKE_PREFIX_PATH=/opt/ros/humble /usr/bin/cmake /home/pace2204/copy/slam-mid360-volita/src/adaptive_lio -DCMAKE_INSTALL_PREFIX=/home/pace2204/copy/slam-mid360-volita/install/adaptive_lio
[0.041s] -- Found ament_cmake: 1.3.12 (/opt/ros/humble/share/ament_cmake/cmake)
[0.265s] -- Found Python3: /usr/bin/python3 (found version "3.10.12") found components: Interpreter 
[0.327s] -- Found rclcpp: 16.0.17 (/opt/ros/humble/share/rclcpp/cmake)
[0.354s] -- Found rosidl_generator_c: 3.1.8 (/opt/ros/humble/share/rosidl_generator_c/cmake)
[0.356s] -- Found rosidl_adapter: 3.1.8 (/opt/ros/humble/share/rosidl_adapter/cmake)
[0.361s] -- Found rosidl_generator_cpp: 3.1.8 (/opt/ros/humble/share/rosidl_generator_cpp/cmake)
[0.369s] -- Using all available rosidl_typesupport_c: rosidl_typesupport_fastrtps_c;rosidl_typesupport_introspection_c
[0.379s] -- Using all available rosidl_typesupport_cpp: rosidl_typesupport_fastrtps_cpp;rosidl_typesupport_introspection_cpp
[0.404s] -- Found rmw_implementation_cmake: 6.1.2 (/opt/ros/humble/share/rmw_implementation_cmake/cmake)
[0.405s] -- Found rmw_fastrtps_cpp: 6.2.9 (/opt/ros/humble/share/rmw_fastrtps_cpp/cmake)
[0.473s] -- Found OpenSSL: /usr/lib/x86_64-linux-gnu/libcrypto.so (found version "3.0.2")  
[0.501s] -- Found FastRTPS: /opt/ros/humble/include  
[0.534s] -- Using RMW implementation 'rmw_fastrtps_cpp' as default
[0.546s] -- Looking for pthread.h
[0.639s] -- Looking for pthread.h - found
[0.640s] -- Performing Test CMAKE_HAVE_LIBC_PTHREAD
[0.757s] -- Performing Test CMAKE_HAVE_LIBC_PTHREAD - Success
[0.757s] -- Found Threads: TRUE  
[0.789s] -- Found sensor_msgs: 4.9.0 (/opt/ros/humble/share/sensor_msgs/cmake)
[0.808s] -- Found nav_msgs: 4.9.0 (/opt/ros/humble/share/nav_msgs/cmake)
[0.889s] -- Found tf2: 0.25.18 (/opt/ros/humble/share/tf2/cmake)
[0.900s] -- Found tf2_ros: 0.25.18 (/opt/ros/humble/share/tf2_ros/cmake)
[0.961s] -- Found pcl_conversions: 2.4.5 (/opt/ros/humble/share/pcl_conversions/cmake)
[0.984s] -- Checking for module 'eigen3'
[0.997s] --   Found eigen3, version 3.4.0
[1.054s] -- Found Eigen: /usr/include/eigen3 (Required is at least version "3.1") 
[1.054s] -- Eigen found (include: /usr/include/eigen3, version: 3.4.0)
[1.084s] -- Checking for module 'flann'
[1.104s] --   Found flann, version 1.9.1
[1.171s] -- Found FLANN: /usr/lib/x86_64-linux-gnu/libflann_cpp.so  
[1.171s] -- FLANN found (include: /usr/include, lib: /usr/lib/x86_64-linux-gnu/libflann_cpp.so)
[2.477s] -- Checking for module 'libusb-1.0'
[2.487s] --   Found libusb-1.0, version 1.0.25
[2.559s] -- Found libusb: /usr/lib/x86_64-linux-gnu/libusb-1.0.so  
[2.562s] -- OpenNI found (version: 1.5.4.0, include: /usr/include/ni, lib: /usr/lib/libOpenNI.so;libusb::libusb)
[2.679s] -- OpenNI2 found (version: 2.2.0.33, include: /usr/include/openni2, lib: /usr/lib/x86_64-linux-gnu/libOpenNI2.so;libusb::libusb)
[2.793s] -- Eigen found (include: /usr/include/eigen3, version: 3.4.0)
[2.798s] -- OpenNI found (version: 1.5.4.0, include: /usr/include/ni, lib: /usr/lib/libOpenNI.so;libusb::libusb)
[2.804s] -- OpenNI2 found (version: 2.2.0.33, include: /usr/include/openni2, lib: /usr/lib/x86_64-linux-gnu/libOpenNI2.so;libusb::libusb)
[2.922s] -- Found Qhull version 8.0.2
[3.063s] -- OpenNI found (version: 1.5.4.0, include: /usr/include/ni, lib: /usr/lib/libOpenNI.so;libusb::libusb)
[3.179s] -- Found PCL_COMMON: /usr/lib/x86_64-linux-gnu/libpcl_common.so  
[3.180s] -- Found PCL_KDTREE: /usr/lib/x86_64-linux-gnu/libpcl_kdtree.so  
[3.180s] -- Found PCL_OCTREE: /usr/lib/x86_64-linux-gnu/libpcl_octree.so  
[3.181s] -- Found PCL_SEARCH: /usr/lib/x86_64-linux-gnu/libpcl_search.so  
[3.181s] -- Found PCL_SAMPLE_CONSENSUS: /usr/lib/x86_64-linux-gnu/libpcl_sample_consensus.so  
[3.182s] -- Found PCL_FILTERS: /usr/lib/x86_64-linux-gnu/libpcl_filters.so  
[3.182s] -- Found PCL_2D: /usr/include/pcl-1.12  
[3.182s] -- Found PCL_GEOMETRY: /usr/include/pcl-1.12  
[3.183s] -- Found PCL_IO: /usr/lib/x86_64-linux-gnu/libpcl_io.so  
[3.183s] -- Found PCL_FEATURES: /usr/lib/x86_64-linux-gnu/libpcl_features.so  
[3.184s] -- Found PCL_ML: /usr/lib/x86_64-linux-gnu/libpcl_ml.so  
[3.184s] -- Found PCL_SEGMENTATION: /usr/lib/x86_64-linux-gnu/libpcl_segmentation.so  
[3.185s] -- Found PCL_VISUALIZATION: /usr/lib/x86_64-linux-gnu/libpcl_visualization.so  
[3.186s] -- Found PCL_SURFACE: /usr/lib/x86_64-linux-gnu/libpcl_surface.so  
[3.186s] -- Found PCL_REGISTRATION: /usr/lib/x86_64-linux-gnu/libpcl_registration.so  
[3.187s] -- Found PCL_KEYPOINTS: /usr/lib/x86_64-linux-gnu/libpcl_keypoints.so  
[3.188s] -- Found PCL_TRACKING: /usr/lib/x86_64-linux-gnu/libpcl_tracking.so  
[3.188s] -- Found PCL_RECOGNITION: /usr/lib/x86_64-linux-gnu/libpcl_recognition.so  
[3.189s] -- Found PCL_STEREO: /usr/lib/x86_64-linux-gnu/libpcl_stereo.so  
[3.189s] -- Found PCL_APPS: /usr/lib/x86_64-linux-gnu/libpcl_apps.so  
[3.190s] -- Found PCL_IN_HAND_SCANNER: /usr/include/pcl-1.12  
[3.190s] -- Found PCL_MODELER: /usr/include/pcl-1.12  
[3.191s] -- Found PCL_POINT_CLOUD_EDITOR: /usr/include/pcl-1.12  
[3.191s] -- Found PCL_OUTOFCORE: /usr/lib/x86_64-linux-gnu/libpcl_outofcore.so  
[3.192s] -- Found PCL_PEOPLE: /usr/lib/x86_64-linux-gnu/libpcl_people.so  
[3.199s] CMake Error at CMakeLists.txt:25 (find_package):
[3.199s]   By not providing "Findlivox_ros_driver2.cmake" in CMAKE_MODULE_PATH this
[3.199s]   project has asked CMake to find a package configuration file provided by
[3.199s]   "livox_ros_driver2", but CMake did not find one.
[3.199s] 
[3.199s]   Could not find a package configuration file provided by "livox_ros_driver2"
[3.199s]   with any of the following names:
[3.199s] 
[3.199s]     livox_ros_driver2Config.cmake
[3.199s]     livox_ros_driver2-config.cmake
[3.199s] 
[3.199s]   Add the installation prefix of "livox_ros_driver2" to CMAKE_PREFIX_PATH or
[3.199s]   set "livox_ros_driver2_DIR" to a directory containing one of the above
[3.199s]   files.  If "livox_ros_driver2" provides a separate development package or
[3.199s]   SDK, be sure it has been installed.
[3.199s] 
[3.199s] 
[3.199s] -- Configuring incomplete, errors occurred!
[3.199s] See also "/home/pace2204/copy/slam-mid360-volita/build/adaptive_lio/CMakeFiles/CMakeOutput.log".
[3.208s] Invoked command in '/home/pace2204/copy/slam-mid360-volita/build/adaptive_lio' returned '1': CMAKE_PREFIX_PATH=/opt/ros/humble /usr/bin/cmake /home/pace2204/copy/slam-mid360-volita/src/adaptive_lio -DCMAKE_INSTALL_PREFIX=/home/pace2204/copy/slam-mid360-volita/install/adaptive_lio
