[0.009s] Invoking command in '/home/pace2204/copy/slam-mid360-volita/build/adaptive_lio': CMAKE_PREFIX_PATH=${CMAKE_PREFIX_PATH}:/opt/ros/humble /usr/bin/cmake --build /home/pace2204/copy/slam-mid360-volita/build/adaptive_lio -- -j20 -l20
[0.073s] [ 40%] Built target adaptive_lio.common
[0.080s] [ 50%] Built target adaptive_lio.pre
[0.098s] [ 60%] Built target adaptive_lio.algo
[0.141s] [ 65%] Building CXX object CMakeFiles/adaptive_lio.lio.dir/src/lio/lidarodom.cpp.o
[30.262s] [ 70%] Linking CXX static library libadaptive_lio.lio.a
[30.329s] [ 85%] Built target adaptive_lio.lio
[30.371s] Consolidate compiler generated dependencies of target adaptive_lio_node
[30.390s] [ 90%] Building CXX object CMakeFiles/adaptive_lio_node.dir/src/apps/main_ros2.cpp.o
[48.730s] /home/pace2204/copy/slam-mid360-volita/src/adaptive_lio/src/apps/main_ros2.cpp: In destructor ‘AdaptiveLioNode::~AdaptiveLioNode()’:
[48.730s] /home/pace2204/copy/slam-mid360-volita/src/adaptive_lio/src/apps/main_ros2.cpp:298:23: warning: ignoring return value of ‘int system(const char*)’ declared with attribute ‘warn_unused_result’ [-Wunused-result]
[48.730s]   298 |                 system(cmd.c_str());
[48.731s]       |                 ~~~~~~^~~~~~~~~~~~~
[49.026s] /home/pace2204/copy/slam-mid360-volita/src/adaptive_lio/src/apps/main_ros2.cpp: In lambda function:
[49.026s] /home/pace2204/copy/slam-mid360-volita/src/adaptive_lio/src/apps/main_ros2.cpp:704:19: warning: ignoring return value of ‘int system(const char*)’ declared with attribute ‘warn_unused_result’ [-Wunused-result]
[49.026s]   704 |             system(cmd.c_str());
[49.026s]       |             ~~~~~~^~~~~~~~~~~~~
[49.027s] /home/pace2204/copy/slam-mid360-volita/src/adaptive_lio/src/apps/main_ros2.cpp: In lambda function:
[49.027s] /home/pace2204/copy/slam-mid360-volita/src/adaptive_lio/src/apps/main_ros2.cpp:783:19: warning: ignoring return value of ‘int system(const char*)’ declared with attribute ‘warn_unused_result’ [-Wunused-result]
[49.027s]   783 |             system(cmd.c_str());
[49.027s]       |             ~~~~~~^~~~~~~~~~~~~
[49.029s] /home/pace2204/copy/slam-mid360-volita/src/adaptive_lio/src/apps/main_ros2.cpp: In member function ‘void AdaptiveLioNode::saveMapCallback(std::shared_ptr<std_srvs::srv::Trigger_Request_<std::allocator<void> > >, std::shared_ptr<std_srvs::srv::Trigger_Response_<std::allocator<void> > >)’:
[49.029s] /home/pace2204/copy/slam-mid360-volita/src/adaptive_lio/src/apps/main_ros2.cpp:623:23: warning: ignoring return value of ‘int system(const char*)’ declared with attribute ‘warn_unused_result’ [-Wunused-result]
[49.029s]   623 |                 system(cmd.c_str());
[49.029s]       |                 ~~~~~~^~~~~~~~~~~~~
[60.148s] [ 95%] Linking CXX executable adaptive_lio_node
[60.637s] [100%] Built target adaptive_lio_node
[60.682s] Invoked command in '/home/pace2204/copy/slam-mid360-volita/build/adaptive_lio' returned '0': CMAKE_PREFIX_PATH=${CMAKE_PREFIX_PATH}:/opt/ros/humble /usr/bin/cmake --build /home/pace2204/copy/slam-mid360-volita/build/adaptive_lio -- -j20 -l20
[60.697s] Invoking command in '/home/pace2204/copy/slam-mid360-volita/build/adaptive_lio': CMAKE_PREFIX_PATH=${CMAKE_PREFIX_PATH}:/opt/ros/humble /usr/bin/cmake --install /home/pace2204/copy/slam-mid360-volita/build/adaptive_lio
[60.705s] -- Install configuration: "Release"
[60.705s] -- Installing: /home/pace2204/copy/slam-mid360-volita/install/adaptive_lio/lib/adaptive_lio/adaptive_lio_node
[60.710s] -- Set runtime path of "/home/pace2204/copy/slam-mid360-volita/install/adaptive_lio/lib/adaptive_lio/adaptive_lio_node" to ""
[60.710s] -- Up-to-date: /home/pace2204/copy/slam-mid360-volita/install/adaptive_lio/share/adaptive_lio/launch
[60.711s] -- Up-to-date: /home/pace2204/copy/slam-mid360-volita/install/adaptive_lio/share/adaptive_lio/launch/run.launch.py
[60.711s] -- Up-to-date: /home/pace2204/copy/slam-mid360-volita/install/adaptive_lio/share/adaptive_lio/config
[60.711s] -- Installing: /home/pace2204/copy/slam-mid360-volita/install/adaptive_lio/share/adaptive_lio/config/mapping_orin_nx.yaml
[60.711s] -- Up-to-date: /home/pace2204/copy/slam-mid360-volita/install/adaptive_lio/share/adaptive_lio/config/mapping_m.yaml
[60.711s] -- Up-to-date: /home/pace2204/copy/slam-mid360-volita/install/adaptive_lio/share/adaptive_lio/config/adaptive_lio.rviz
[60.711s] -- Up-to-date: /home/pace2204/copy/slam-mid360-volita/install/adaptive_lio/share/adaptive_lio/config/mapping_m copy.yaml
[60.712s] -- Up-to-date: /home/pace2204/copy/slam-mid360-volita/install/adaptive_lio/share/ament_index/resource_index/package_run_dependencies/adaptive_lio
[60.712s] -- Up-to-date: /home/pace2204/copy/slam-mid360-volita/install/adaptive_lio/share/ament_index/resource_index/parent_prefix_path/adaptive_lio
[60.713s] -- Up-to-date: /home/pace2204/copy/slam-mid360-volita/install/adaptive_lio/share/adaptive_lio/environment/ament_prefix_path.dsv
[60.713s] -- Up-to-date: /home/pace2204/copy/slam-mid360-volita/install/adaptive_lio/share/adaptive_lio/environment/path.dsv
[60.714s] -- Up-to-date: /home/pace2204/copy/slam-mid360-volita/install/adaptive_lio/share/adaptive_lio/local_setup.bash
[60.714s] -- Up-to-date: /home/pace2204/copy/slam-mid360-volita/install/adaptive_lio/share/adaptive_lio/local_setup.sh
[60.714s] -- Up-to-date: /home/pace2204/copy/slam-mid360-volita/install/adaptive_lio/share/adaptive_lio/local_setup.zsh
[60.715s] -- Up-to-date: /home/pace2204/copy/slam-mid360-volita/install/adaptive_lio/share/adaptive_lio/local_setup.dsv
[60.715s] -- Installing: /home/pace2204/copy/slam-mid360-volita/install/adaptive_lio/share/adaptive_lio/package.dsv
[60.716s] -- Up-to-date: /home/pace2204/copy/slam-mid360-volita/install/adaptive_lio/share/ament_index/resource_index/packages/adaptive_lio
[60.716s] -- Up-to-date: /home/pace2204/copy/slam-mid360-volita/install/adaptive_lio/share/adaptive_lio/cmake/adaptive_lioConfig.cmake
[60.717s] -- Up-to-date: /home/pace2204/copy/slam-mid360-volita/install/adaptive_lio/share/adaptive_lio/cmake/adaptive_lioConfig-version.cmake
[60.718s] -- Up-to-date: /home/pace2204/copy/slam-mid360-volita/install/adaptive_lio/share/adaptive_lio/package.xml
[60.718s] Invoked command in '/home/pace2204/copy/slam-mid360-volita/build/adaptive_lio' returned '0': CMAKE_PREFIX_PATH=${CMAKE_PREFIX_PATH}:/opt/ros/humble /usr/bin/cmake --install /home/pace2204/copy/slam-mid360-volita/build/adaptive_lio
