[0.000000] (-) TimerEvent: {}
[0.000189] (adaptive_lio) JobQueued: {'identifier': 'adaptive_lio', 'dependencies': OrderedDict()}
[0.000508] (adaptive_lio) JobStarted: {'identifier': 'adaptive_lio'}
[0.005632] (adaptive_lio) JobProgress: {'identifier': 'adaptive_lio', 'progress': 'cmake'}
[0.006733] (adaptive_lio) JobProgress: {'identifier': 'adaptive_lio', 'progress': 'build'}
[0.007868] (adaptive_lio) Command: {'cmd': ['/usr/bin/cmake', '--build', '/home/pace2204/copy/slam-mid360-volita/build/adaptive_lio', '--', '-j20', '-l20'], 'cwd': '/home/pace2204/copy/slam-mid360-volita/build/adaptive_lio', 'env': OrderedDict([('GJS_DEBUG_TOPICS', 'JS ERROR;JS LOG'), ('VSCODE_CWD', '/home/pace2204'), ('LANGUAGE', 'zh_CN:zh'), ('USER', 'pace2204'), ('VSCODE_NLS_CONFIG', '{"userLocale":"zh-cn","osLocale":"en","resolvedLanguage":"zh-cn","defaultMessagesFile":"/usr/share/qoder/resources/app/out/nls.messages.json","languagePack":{"translationsConfigFile":"/home/pace2204/.config/Qoder/clp/3afffd5016528ded1c796a08d125a4d5.zh-cn/tcf.json","messagesFile":"/home/pace2204/.config/Qoder/clp/3afffd5016528ded1c796a08d125a4d5.zh-cn/0.4.7_ba2c98a811c6e5222a3d7f07e51e5b512cf9e403/nls.messages.json","corruptMarkerFile":"/home/pace2204/.config/Qoder/clp/3afffd5016528ded1c796a08d125a4d5.zh-cn/corrupted.info"},"locale":"zh-cn","availableLanguages":{"*":"zh-cn"},"_languagePackId":"3afffd5016528ded1c796a08d125a4d5.zh-cn","_languagePackSupport":true,"_translationsConfigFile":"/home/pace2204/.config/Qoder/clp/3afffd5016528ded1c796a08d125a4d5.zh-cn/tcf.json","_cacheRoot":"/home/pace2204/.config/Qoder/clp/3afffd5016528ded1c796a08d125a4d5.zh-cn","_resolvedLanguagePackCoreLocation":"/home/pace2204/.config/Qoder/clp/3afffd5016528ded1c796a08d125a4d5.zh-cn/0.4.7_ba2c98a811c6e5222a3d7f07e51e5b512cf9e403","_corruptedFile":"/home/pace2204/.config/Qoder/clp/3afffd5016528ded1c796a08d125a4d5.zh-cn/corrupted.info"}'), ('GIT_EDITOR', 'true'), ('XDG_SESSION_TYPE', 'wayland'), ('SHLVL', '1'), ('LD_LIBRARY_PATH', '/home/pace2204/livox_ws/install/livox_ros_driver2/lib:/opt/ros/humble/opt/rviz_ogre_vendor/lib:/opt/ros/humble/lib/x86_64-linux-gnu:/opt/ros/humble/lib'), ('HOME', '/home/pace2204'), ('CHROME_DESKTOP', 'qoder.desktop'), ('OLDPWD', '/home/pace2204/copy/slam-mid360-volita'), ('DESKTOP_SESSION', 'ubuntu'), ('VSCODE_IPC_HOOK', '/run/user/1000/vscode-415d8430-1.10-main.sock'), ('GIO_LAUNCHED_DESKTOP_FILE', '/usr/share/applications/qoder.desktop'), ('ROS_PYTHON_VERSION', '3'), ('GNOME_SHELL_SESSION_MODE', 'ubuntu'), ('GTK_MODULES', 'gail:atk-bridge'), ('MANAGERPID', '1049'), ('SYSTEMD_EXEC_PID', '1286'), ('IM_CONFIG_CHECK_ENV', '1'), ('DBUS_SESSION_BUS_ADDRESS', 'unix:path=/run/user/1000/bus'), ('QODERCLI_INTEGRATION_MODE', 'quest'), ('GIO_LAUNCHED_DESKTOP_FILE_PID', '87057'), ('IM_CONFIG_PHASE', '1'), ('WAYLAND_DISPLAY', 'wayland-0'), ('COLCON_PREFIX_PATH', '/home/pace2204/livox_ws/install'), ('ROS_DISTRO', 'humble'), ('LOGNAME', 'pace2204'), ('JOURNAL_STREAM', '8:13067'), ('_', '/usr/bin/colcon'), ('ROS_VERSION', '2'), ('XDG_SESSION_CLASS', 'user'), ('TYPE_IS_ARMS', 'true'), ('USERNAME', 'pace2204'), ('GNOME_DESKTOP_SESSION_ID', 'this-is-deprecated'), ('ROS_LOCALHOST_ONLY', '0'), ('VSCODE_BRAND', 'Qoder'), ('PATH', '/opt/ros/humble/bin:/usr/local/sbin:/usr/local/bin:/usr/sbin:/usr/bin:/sbin:/bin:/usr/games:/usr/local/games:/snap/bin:/snap/bin'), ('SESSION_MANAGER', 'local/pace2204-BQM5:@/tmp/.ICE-unix/1252,unix/pace2204-BQM5:/tmp/.ICE-unix/1252'), ('INVOCATION_ID', '02a58268ff434ccd909000380752652c'), ('XDG_MENU_PREFIX', 'gnome-'), ('GNOME_SETUP_DISPLAY', ':1'), ('XDG_RUNTIME_DIR', '/run/user/1000'), ('GDK_BACKEND', 'x11'), ('ARMS_APP_NAME', 'qoder-cosy'), ('DISPLAY', ':0'), ('ARMS_REGION_ID', 'ap-northeast-1'), ('LANG', 'zh_CN.UTF-8'), ('XDG_CURRENT_DESKTOP', 'Unity'), ('XMODIFIERS', '@im=ibus'), ('XDG_SESSION_DESKTOP', 'ubuntu'), ('XAUTHORITY', '/run/user/1000/.mutter-Xwaylandauth.GHURL3'), ('SSH_AGENT_LAUNCHER', 'gnome-keyring'), ('SSH_AUTH_SOCK', '/run/user/1000/keyring/ssh'), ('AMENT_PREFIX_PATH', '/home/pace2204/livox_ws/install/livox_ros_driver2:/opt/ros/humble'), ('ORIGINAL_XDG_CURRENT_DESKTOP', 'ubuntu:GNOME'), ('SHELL', '/bin/bash'), ('QT_ACCESSIBILITY', '1'), ('NO_AT_BRIDGE', '1'), ('GDMSESSION', 'ubuntu'), ('GJS_DEBUG_OUTPUT', 'stderr'), ('ARMS_ENABLE', 'true'), ('QT_IM_MODULE', 'ibus'), ('PWD', '/home/pace2204/copy/slam-mid360-volita/build/adaptive_lio'), ('XDG_CONFIG_DIRS', '/etc/xdg/xdg-ubuntu:/etc/xdg'), ('VSCODE_CODE_CACHE_PATH', '/home/pace2204/.config/Qoder/CachedData/ba2c98a811c6e5222a3d7f07e51e5b512cf9e403'), ('XDG_DATA_DIRS', '/usr/share/ubuntu:/usr/local/share/:/usr/share/:/var/lib/snapd/desktop'), ('PYTHONPATH', '/home/pace2204/livox_ws/install/livox_ros_driver2/local/lib/python3.10/dist-packages:/opt/ros/humble/lib/python3.10/site-packages:/opt/ros/humble/local/lib/python3.10/dist-packages'), ('QODER_CLI', '1'), ('COLCON', '1'), ('FEATURE_FLAGS', '{"authUserPlanTierName":true,"welcomeFirstLaunchKey":"qoder.firstLaunch","welcomeOnboardingUseCustomStyle":false,"questModeEnable":true,"repoWikiEnable":true,"codebaseIgnoreFileName":".qoderignore","chatDefaultMode":"agent","chatDefaultAskModeUseTools":true,"currentPlanTitleKey":"application.config.general.plan.currentPlan.title","enableCreditUsage":true,"hasDedicatedUrlSetting":false,"showWelcomeMessage":false,"showModelTierSelector":true,"showModelSelector":false,"landingPageNeedLoginBtn":true,"preferredLanguageSupportOnlyZhAndEn":false,"enableSecurityFilter":false,"enableCodeChanges":false,"enableGitCommit":false,"enableLocalFile":true,"enableUserPlanUpgrade":true,"defaultBigModelEndpoint":"https://center.qoder.sh","improvementPlanSetting":true,"supportOrganizationCommand":false,"enableDynamicConfig":true,"qoderDirectAuth":true,"feedbackMethodIsEmail":true,"commit":"ba2c98a811c6e5222a3d7f07e51e5b512cf9e403","date":"2026-02-13T07:13:54.052Z","checksums":{"vs/base/parts/sandbox/electron-sandbox/preload.js":"eMCMtyPVVMxe6uce3NknivMZgd2q6ljQPMr7vRScAYk","vs/workbench/workbench.desktop.main.js":"SXd9pOwo55Yt83OEiXFoPAZHye0pnQIrxbQ70O+Sed0","vs/workbench/workbench.desktop.main.css":"ks0fu1idwMDL7fIcSu1ifhgVpKdkCZziL+7TE1Yc0eo","vs/workbench/api/node/extensionHostProcess.js":"O9uuxViaBomQawTGz+iPBQciGCUSdznm4hYtj/4ed0E","vs/code/electron-sandbox/workbench/workbench.html":"qCUV1BYtmJSS5BrtctLLLnPUm3g0BF+THziYLDg2hCo","vs/code/electron-sandbox/workbench/workbench.js":"HTzPHXSSGaB8b0ToK7BcL04+DQWpVjGgEPRXhP7jxW4"},"version":"0.4.7"}'), ('CMAKE_PREFIX_PATH', '/home/pace2204/livox_ws/install/livox_ros_driver2:/opt/ros/humble'), ('VSCODE_PID', '87057')]), 'shell': False}
[0.065102] (adaptive_lio) StdoutLine: {'line': b'[  5%] Building CXX object CMakeFiles/adaptive_lio.common.dir/src/common/map.cpp.o\n'}
[0.070452] (adaptive_lio) StdoutLine: {'line': b'[ 15%] Built target adaptive_lio.pre\n'}
[0.099844] (-) TimerEvent: {}
[0.200035] (-) TimerEvent: {}
[0.300219] (-) TimerEvent: {}
[0.400410] (-) TimerEvent: {}
[0.500597] (-) TimerEvent: {}
[0.600783] (-) TimerEvent: {}
[0.700978] (-) TimerEvent: {}
[0.801170] (-) TimerEvent: {}
[0.901362] (-) TimerEvent: {}
[1.001553] (-) TimerEvent: {}
[1.101744] (-) TimerEvent: {}
[1.147283] (adaptive_lio) StdoutLine: {'line': b'[ 20%] Linking CXX static library libadaptive_lio.common.a\n'}
[1.178519] (adaptive_lio) StdoutLine: {'line': b'[ 50%] Built target adaptive_lio.common\n'}
[1.198577] (adaptive_lio) StdoutLine: {'line': b'[ 60%] Built target adaptive_lio.algo\n'}
[1.201811] (-) TimerEvent: {}
[1.224668] (adaptive_lio) StdoutLine: {'line': b'[ 65%] Building CXX object CMakeFiles/adaptive_lio.lio.dir/src/lio/lidarodom.cpp.o\n'}
[1.301930] (-) TimerEvent: {}
[1.402112] (-) TimerEvent: {}
[1.502298] (-) TimerEvent: {}
[1.602452] (-) TimerEvent: {}
[1.702640] (-) TimerEvent: {}
[1.802829] (-) TimerEvent: {}
[1.903012] (-) TimerEvent: {}
[2.003193] (-) TimerEvent: {}
[2.103398] (-) TimerEvent: {}
[2.203590] (-) TimerEvent: {}
[2.303779] (-) TimerEvent: {}
[2.403970] (-) TimerEvent: {}
[2.504161] (-) TimerEvent: {}
[2.604354] (-) TimerEvent: {}
[2.704550] (-) TimerEvent: {}
[2.804742] (-) TimerEvent: {}
[2.904931] (-) TimerEvent: {}
[3.005124] (-) TimerEvent: {}
[3.105312] (-) TimerEvent: {}
[3.205526] (-) TimerEvent: {}
[3.305714] (-) TimerEvent: {}
[3.405901] (-) TimerEvent: {}
[3.506085] (-) TimerEvent: {}
[3.606285] (-) TimerEvent: {}
[3.706473] (-) TimerEvent: {}
[3.806671] (-) TimerEvent: {}
[3.906818] (-) TimerEvent: {}
[4.007015] (-) TimerEvent: {}
[4.107207] (-) TimerEvent: {}
[4.207436] (-) TimerEvent: {}
[4.307601] (-) TimerEvent: {}
[4.407762] (-) TimerEvent: {}
[4.507926] (-) TimerEvent: {}
[4.608088] (-) TimerEvent: {}
[4.708254] (-) TimerEvent: {}
[4.808426] (-) TimerEvent: {}
[4.908604] (-) TimerEvent: {}
[5.008805] (-) TimerEvent: {}
[5.109002] (-) TimerEvent: {}
[5.209199] (-) TimerEvent: {}
[5.309401] (-) TimerEvent: {}
[5.409603] (-) TimerEvent: {}
[5.509793] (-) TimerEvent: {}
[5.609982] (-) TimerEvent: {}
[5.710179] (-) TimerEvent: {}
[5.810376] (-) TimerEvent: {}
[5.910583] (-) TimerEvent: {}
[6.010783] (-) TimerEvent: {}
[6.110980] (-) TimerEvent: {}
[6.211171] (-) TimerEvent: {}
[6.311361] (-) TimerEvent: {}
[6.411568] (-) TimerEvent: {}
[6.511769] (-) TimerEvent: {}
[6.611964] (-) TimerEvent: {}
[6.712155] (-) TimerEvent: {}
[6.812352] (-) TimerEvent: {}
[6.912560] (-) TimerEvent: {}
[7.012748] (-) TimerEvent: {}
[7.112945] (-) TimerEvent: {}
[7.213135] (-) TimerEvent: {}
[7.313330] (-) TimerEvent: {}
[7.413526] (-) TimerEvent: {}
[7.513722] (-) TimerEvent: {}
[7.613912] (-) TimerEvent: {}
[7.714105] (-) TimerEvent: {}
[7.814297] (-) TimerEvent: {}
[7.914487] (-) TimerEvent: {}
[8.014680] (-) TimerEvent: {}
[8.114875] (-) TimerEvent: {}
[8.215066] (-) TimerEvent: {}
[8.315264] (-) TimerEvent: {}
[8.415468] (-) TimerEvent: {}
[8.515699] (-) TimerEvent: {}
[8.615894] (-) TimerEvent: {}
[8.716084] (-) TimerEvent: {}
[8.816273] (-) TimerEvent: {}
[8.916451] (-) TimerEvent: {}
[9.016641] (-) TimerEvent: {}
[9.116847] (-) TimerEvent: {}
[9.217072] (-) TimerEvent: {}
[9.317309] (-) TimerEvent: {}
[9.417546] (-) TimerEvent: {}
[9.517806] (-) TimerEvent: {}
[9.618104] (-) TimerEvent: {}
[9.718301] (-) TimerEvent: {}
[9.818519] (-) TimerEvent: {}
[9.918735] (-) TimerEvent: {}
[10.018945] (-) TimerEvent: {}
[10.119155] (-) TimerEvent: {}
[10.219412] (-) TimerEvent: {}
[10.319674] (-) TimerEvent: {}
[10.419929] (-) TimerEvent: {}
[10.520186] (-) TimerEvent: {}
[10.620437] (-) TimerEvent: {}
[10.720655] (-) TimerEvent: {}
[10.820861] (-) TimerEvent: {}
[10.921068] (-) TimerEvent: {}
[11.021281] (-) TimerEvent: {}
[11.121510] (-) TimerEvent: {}
[11.221753] (-) TimerEvent: {}
[11.322076] (-) TimerEvent: {}
[11.422295] (-) TimerEvent: {}
[11.522456] (-) TimerEvent: {}
[11.622761] (-) TimerEvent: {}
[11.723054] (-) TimerEvent: {}
[11.823220] (-) TimerEvent: {}
[11.923511] (-) TimerEvent: {}
[12.023718] (-) TimerEvent: {}
[12.124002] (-) TimerEvent: {}
[12.224213] (-) TimerEvent: {}
[12.324422] (-) TimerEvent: {}
[12.424629] (-) TimerEvent: {}
[12.524917] (-) TimerEvent: {}
[12.625133] (-) TimerEvent: {}
[12.725554] (-) TimerEvent: {}
[12.825822] (-) TimerEvent: {}
[12.926198] (-) TimerEvent: {}
[13.026504] (-) TimerEvent: {}
[13.126724] (-) TimerEvent: {}
[13.226922] (-) TimerEvent: {}
[13.327155] (-) TimerEvent: {}
[13.427436] (-) TimerEvent: {}
[13.527650] (-) TimerEvent: {}
[13.627855] (-) TimerEvent: {}
[13.728050] (-) TimerEvent: {}
[13.828243] (-) TimerEvent: {}
[13.928523] (-) TimerEvent: {}
[14.028724] (-) TimerEvent: {}
[14.128918] (-) TimerEvent: {}
[14.229117] (-) TimerEvent: {}
[14.329321] (-) TimerEvent: {}
[14.429534] (-) TimerEvent: {}
[14.529727] (-) TimerEvent: {}
[14.629932] (-) TimerEvent: {}
[14.730192] (-) TimerEvent: {}
[14.830395] (-) TimerEvent: {}
[14.930609] (-) TimerEvent: {}
[15.030801] (-) TimerEvent: {}
[15.131007] (-) TimerEvent: {}
[15.231215] (-) TimerEvent: {}
[15.331454] (-) TimerEvent: {}
[15.431647] (-) TimerEvent: {}
[15.531869] (-) TimerEvent: {}
[15.632075] (-) TimerEvent: {}
[15.732387] (-) TimerEvent: {}
[15.832581] (-) TimerEvent: {}
[15.932770] (-) TimerEvent: {}
[16.032970] (-) TimerEvent: {}
[16.133171] (-) TimerEvent: {}
[16.233371] (-) TimerEvent: {}
[16.333617] (-) TimerEvent: {}
[16.433857] (-) TimerEvent: {}
[16.534021] (-) TimerEvent: {}
[16.634182] (-) TimerEvent: {}
[16.734374] (-) TimerEvent: {}
[16.834548] (-) TimerEvent: {}
[16.934714] (-) TimerEvent: {}
[17.034880] (-) TimerEvent: {}
[17.135040] (-) TimerEvent: {}
[17.235221] (-) TimerEvent: {}
[17.335442] (-) TimerEvent: {}
[17.435727] (-) TimerEvent: {}
[17.535881] (-) TimerEvent: {}
[17.636096] (-) TimerEvent: {}
[17.736300] (-) TimerEvent: {}
[17.836465] (-) TimerEvent: {}
[17.936638] (-) TimerEvent: {}
[18.036806] (-) TimerEvent: {}
[18.136978] (-) TimerEvent: {}
[18.237161] (-) TimerEvent: {}
[18.337330] (-) TimerEvent: {}
[18.437489] (-) TimerEvent: {}
[18.537652] (-) TimerEvent: {}
[18.637846] (-) TimerEvent: {}
[18.738056] (-) TimerEvent: {}
[18.838234] (-) TimerEvent: {}
[18.938554] (-) TimerEvent: {}
[19.038712] (-) TimerEvent: {}
[19.138887] (-) TimerEvent: {}
[19.239073] (-) TimerEvent: {}
[19.339251] (-) TimerEvent: {}
[19.439441] (-) TimerEvent: {}
[19.539638] (-) TimerEvent: {}
[19.639831] (-) TimerEvent: {}
[19.740023] (-) TimerEvent: {}
[19.840197] (-) TimerEvent: {}
[19.940399] (-) TimerEvent: {}
[20.040587] (-) TimerEvent: {}
[20.140765] (-) TimerEvent: {}
[20.240957] (-) TimerEvent: {}
[20.341133] (-) TimerEvent: {}
[20.441316] (-) TimerEvent: {}
[20.541517] (-) TimerEvent: {}
[20.641698] (-) TimerEvent: {}
[20.741877] (-) TimerEvent: {}
[20.842055] (-) TimerEvent: {}
[20.942211] (-) TimerEvent: {}
[21.042375] (-) TimerEvent: {}
[21.142543] (-) TimerEvent: {}
[21.242699] (-) TimerEvent: {}
[21.342855] (-) TimerEvent: {}
[21.443015] (-) TimerEvent: {}
[21.543176] (-) TimerEvent: {}
[21.643346] (-) TimerEvent: {}
[21.743512] (-) TimerEvent: {}
[21.843676] (-) TimerEvent: {}
[21.943838] (-) TimerEvent: {}
[22.043999] (-) TimerEvent: {}
[22.144161] (-) TimerEvent: {}
[22.244332] (-) TimerEvent: {}
[22.344513] (-) TimerEvent: {}
[22.444685] (-) TimerEvent: {}
[22.544841] (-) TimerEvent: {}
[22.645018] (-) TimerEvent: {}
[22.745235] (-) TimerEvent: {}
[22.845434] (-) TimerEvent: {}
[22.945613] (-) TimerEvent: {}
[23.045806] (-) TimerEvent: {}
[23.145999] (-) TimerEvent: {}
[23.246180] (-) TimerEvent: {}
[23.346372] (-) TimerEvent: {}
[23.446610] (-) TimerEvent: {}
[23.546814] (-) TimerEvent: {}
[23.646976] (-) TimerEvent: {}
[23.747147] (-) TimerEvent: {}
[23.847309] (-) TimerEvent: {}
[23.947466] (-) TimerEvent: {}
[24.047630] (-) TimerEvent: {}
[24.147814] (-) TimerEvent: {}
[24.247988] (-) TimerEvent: {}
[24.348156] (-) TimerEvent: {}
[24.448320] (-) TimerEvent: {}
[24.548494] (-) TimerEvent: {}
[24.648657] (-) TimerEvent: {}
[24.748822] (-) TimerEvent: {}
[24.849003] (-) TimerEvent: {}
[24.949171] (-) TimerEvent: {}
[25.049338] (-) TimerEvent: {}
[25.149502] (-) TimerEvent: {}
[25.249660] (-) TimerEvent: {}
[25.349822] (-) TimerEvent: {}
[25.449977] (-) TimerEvent: {}
[25.550135] (-) TimerEvent: {}
[25.650290] (-) TimerEvent: {}
[25.750444] (-) TimerEvent: {}
[25.850598] (-) TimerEvent: {}
[25.950754] (-) TimerEvent: {}
[26.050910] (-) TimerEvent: {}
[26.151084] (-) TimerEvent: {}
[26.251242] (-) TimerEvent: {}
[26.351403] (-) TimerEvent: {}
[26.451571] (-) TimerEvent: {}
[26.551733] (-) TimerEvent: {}
[26.651891] (-) TimerEvent: {}
[26.752053] (-) TimerEvent: {}
[26.852215] (-) TimerEvent: {}
[26.952374] (-) TimerEvent: {}
[27.052543] (-) TimerEvent: {}
[27.152703] (-) TimerEvent: {}
[27.252860] (-) TimerEvent: {}
[27.353019] (-) TimerEvent: {}
[27.453182] (-) TimerEvent: {}
[27.553341] (-) TimerEvent: {}
[27.653498] (-) TimerEvent: {}
[27.753649] (-) TimerEvent: {}
[27.853810] (-) TimerEvent: {}
[27.953956] (-) TimerEvent: {}
[28.054114] (-) TimerEvent: {}
[28.154270] (-) TimerEvent: {}
[28.254427] (-) TimerEvent: {}
[28.354603] (-) TimerEvent: {}
[28.454791] (-) TimerEvent: {}
[28.554933] (-) TimerEvent: {}
[28.655085] (-) TimerEvent: {}
[28.755241] (-) TimerEvent: {}
[28.855396] (-) TimerEvent: {}
[28.955549] (-) TimerEvent: {}
[29.055705] (-) TimerEvent: {}
[29.155854] (-) TimerEvent: {}
[29.256008] (-) TimerEvent: {}
[29.356168] (-) TimerEvent: {}
[29.456328] (-) TimerEvent: {}
[29.556488] (-) TimerEvent: {}
[29.656644] (-) TimerEvent: {}
[29.756792] (-) TimerEvent: {}
[29.856947] (-) TimerEvent: {}
[29.957106] (-) TimerEvent: {}
[30.057255] (-) TimerEvent: {}
[30.157420] (-) TimerEvent: {}
[30.257577] (-) TimerEvent: {}
[30.357741] (-) TimerEvent: {}
[30.457899] (-) TimerEvent: {}
[30.558054] (-) TimerEvent: {}
[30.658211] (-) TimerEvent: {}
[30.758369] (-) TimerEvent: {}
[30.858526] (-) TimerEvent: {}
[30.958682] (-) TimerEvent: {}
[31.058836] (-) TimerEvent: {}
[31.159038] (-) TimerEvent: {}
[31.259264] (-) TimerEvent: {}
[31.359430] (-) TimerEvent: {}
[31.459582] (-) TimerEvent: {}
[31.559737] (-) TimerEvent: {}
[31.659892] (-) TimerEvent: {}
[31.760049] (-) TimerEvent: {}
[31.860208] (-) TimerEvent: {}
[31.960365] (-) TimerEvent: {}
[32.060544] (-) TimerEvent: {}
[32.160712] (-) TimerEvent: {}
[32.260872] (-) TimerEvent: {}
[32.361029] (-) TimerEvent: {}
[32.461199] (-) TimerEvent: {}
[32.561361] (-) TimerEvent: {}
[32.661491] (-) TimerEvent: {}
[32.761668] (-) TimerEvent: {}
[32.861883] (-) TimerEvent: {}
[32.962176] (-) TimerEvent: {}
[33.062455] (-) TimerEvent: {}
[33.162701] (-) TimerEvent: {}
[33.262886] (-) TimerEvent: {}
[33.363074] (-) TimerEvent: {}
[33.463262] (-) TimerEvent: {}
[33.563432] (-) TimerEvent: {}
[33.663598] (-) TimerEvent: {}
[33.763760] (-) TimerEvent: {}
[33.823636] (adaptive_lio) StdoutLine: {'line': b'[ 70%] Linking CXX static library libadaptive_lio.lio.a\n'}
[33.857623] (adaptive_lio) StdoutLine: {'line': b'[ 85%] Built target adaptive_lio.lio\n'}
[33.863827] (-) TimerEvent: {}
[33.891738] (adaptive_lio) StdoutLine: {'line': b'[ 90%] Building CXX object CMakeFiles/adaptive_lio_node.dir/src/apps/main_ros2.cpp.o\n'}
[33.963930] (-) TimerEvent: {}
[34.064095] (-) TimerEvent: {}
[34.164205] (-) TimerEvent: {}
[34.264379] (-) TimerEvent: {}
[34.364555] (-) TimerEvent: {}
[34.464724] (-) TimerEvent: {}
[34.564885] (-) TimerEvent: {}
[34.665058] (-) TimerEvent: {}
[34.765237] (-) TimerEvent: {}
[34.865427] (-) TimerEvent: {}
[34.965617] (-) TimerEvent: {}
[35.065794] (-) TimerEvent: {}
[35.165968] (-) TimerEvent: {}
[35.266134] (-) TimerEvent: {}
[35.366313] (-) TimerEvent: {}
[35.466484] (-) TimerEvent: {}
[35.566653] (-) TimerEvent: {}
[35.666832] (-) TimerEvent: {}
[35.767021] (-) TimerEvent: {}
[35.867191] (-) TimerEvent: {}
[35.967367] (-) TimerEvent: {}
[36.067534] (-) TimerEvent: {}
[36.167695] (-) TimerEvent: {}
[36.267862] (-) TimerEvent: {}
[36.368040] (-) TimerEvent: {}
[36.468222] (-) TimerEvent: {}
[36.568405] (-) TimerEvent: {}
[36.668595] (-) TimerEvent: {}
[36.768793] (-) TimerEvent: {}
[36.868977] (-) TimerEvent: {}
[36.969150] (-) TimerEvent: {}
[37.069335] (-) TimerEvent: {}
[37.169526] (-) TimerEvent: {}
[37.269709] (-) TimerEvent: {}
[37.369880] (-) TimerEvent: {}
[37.470050] (-) TimerEvent: {}
[37.570246] (-) TimerEvent: {}
[37.670433] (-) TimerEvent: {}
[37.770604] (-) TimerEvent: {}
[37.870776] (-) TimerEvent: {}
[37.970977] (-) TimerEvent: {}
[38.071157] (-) TimerEvent: {}
[38.171338] (-) TimerEvent: {}
[38.271509] (-) TimerEvent: {}
[38.371666] (-) TimerEvent: {}
[38.471822] (-) TimerEvent: {}
[38.571984] (-) TimerEvent: {}
[38.672148] (-) TimerEvent: {}
[38.772309] (-) TimerEvent: {}
[38.872439] (-) TimerEvent: {}
[38.972625] (-) TimerEvent: {}
[39.072807] (-) TimerEvent: {}
[39.172985] (-) TimerEvent: {}
[39.273170] (-) TimerEvent: {}
[39.373408] (-) TimerEvent: {}
[39.473594] (-) TimerEvent: {}
[39.573765] (-) TimerEvent: {}
[39.673957] (-) TimerEvent: {}
[39.774148] (-) TimerEvent: {}
[39.874310] (-) TimerEvent: {}
[39.974433] (-) TimerEvent: {}
[40.074596] (-) TimerEvent: {}
[40.174763] (-) TimerEvent: {}
[40.274925] (-) TimerEvent: {}
[40.375087] (-) TimerEvent: {}
[40.475251] (-) TimerEvent: {}
[40.575417] (-) TimerEvent: {}
[40.675576] (-) TimerEvent: {}
[40.775732] (-) TimerEvent: {}
[40.875886] (-) TimerEvent: {}
[40.976044] (-) TimerEvent: {}
[41.076204] (-) TimerEvent: {}
[41.176364] (-) TimerEvent: {}
[41.276528] (-) TimerEvent: {}
[41.376685] (-) TimerEvent: {}
[41.476860] (-) TimerEvent: {}
[41.577019] (-) TimerEvent: {}
[41.677175] (-) TimerEvent: {}
[41.777333] (-) TimerEvent: {}
[41.877495] (-) TimerEvent: {}
[41.977654] (-) TimerEvent: {}
[42.077823] (-) TimerEvent: {}
[42.177975] (-) TimerEvent: {}
[42.278132] (-) TimerEvent: {}
[42.378292] (-) TimerEvent: {}
[42.478447] (-) TimerEvent: {}
[42.578608] (-) TimerEvent: {}
[42.678764] (-) TimerEvent: {}
[42.778922] (-) TimerEvent: {}
[42.879083] (-) TimerEvent: {}
[42.979233] (-) TimerEvent: {}
[43.079396] (-) TimerEvent: {}
[43.179554] (-) TimerEvent: {}
[43.279721] (-) TimerEvent: {}
[43.379886] (-) TimerEvent: {}
[43.480045] (-) TimerEvent: {}
[43.580200] (-) TimerEvent: {}
[43.680354] (-) TimerEvent: {}
[43.780521] (-) TimerEvent: {}
[43.880690] (-) TimerEvent: {}
[43.980840] (-) TimerEvent: {}
[44.080998] (-) TimerEvent: {}
[44.181151] (-) TimerEvent: {}
[44.281306] (-) TimerEvent: {}
[44.381437] (-) TimerEvent: {}
[44.481594] (-) TimerEvent: {}
[44.581747] (-) TimerEvent: {}
[44.681916] (-) TimerEvent: {}
[44.782076] (-) TimerEvent: {}
[44.882232] (-) TimerEvent: {}
[44.982396] (-) TimerEvent: {}
[45.082556] (-) TimerEvent: {}
[45.182713] (-) TimerEvent: {}
[45.282865] (-) TimerEvent: {}
[45.383021] (-) TimerEvent: {}
[45.483173] (-) TimerEvent: {}
[45.583330] (-) TimerEvent: {}
[45.683504] (-) TimerEvent: {}
[45.783748] (-) TimerEvent: {}
[45.883895] (-) TimerEvent: {}
[45.984052] (-) TimerEvent: {}
[46.084226] (-) TimerEvent: {}
[46.184449] (-) TimerEvent: {}
[46.284681] (-) TimerEvent: {}
[46.384877] (-) TimerEvent: {}
[46.485055] (-) TimerEvent: {}
[46.585258] (-) TimerEvent: {}
[46.685434] (-) TimerEvent: {}
[46.785625] (-) TimerEvent: {}
[46.885786] (-) TimerEvent: {}
[46.985941] (-) TimerEvent: {}
[47.086094] (-) TimerEvent: {}
[47.186254] (-) TimerEvent: {}
[47.286425] (-) TimerEvent: {}
[47.386587] (-) TimerEvent: {}
[47.486745] (-) TimerEvent: {}
[47.586900] (-) TimerEvent: {}
[47.687063] (-) TimerEvent: {}
[47.787221] (-) TimerEvent: {}
[47.887393] (-) TimerEvent: {}
[47.987558] (-) TimerEvent: {}
[48.087723] (-) TimerEvent: {}
[48.187880] (-) TimerEvent: {}
[48.288057] (-) TimerEvent: {}
[48.388256] (-) TimerEvent: {}
[48.488451] (-) TimerEvent: {}
[48.588643] (-) TimerEvent: {}
[48.688831] (-) TimerEvent: {}
[48.789021] (-) TimerEvent: {}
[48.889212] (-) TimerEvent: {}
[48.989413] (-) TimerEvent: {}
[49.089612] (-) TimerEvent: {}
[49.189820] (-) TimerEvent: {}
[49.290016] (-) TimerEvent: {}
[49.390206] (-) TimerEvent: {}
[49.490409] (-) TimerEvent: {}
[49.590597] (-) TimerEvent: {}
[49.690795] (-) TimerEvent: {}
[49.791003] (-) TimerEvent: {}
[49.891200] (-) TimerEvent: {}
[49.991400] (-) TimerEvent: {}
[50.091591] (-) TimerEvent: {}
[50.191794] (-) TimerEvent: {}
[50.292004] (-) TimerEvent: {}
[50.392207] (-) TimerEvent: {}
[50.492418] (-) TimerEvent: {}
[50.592615] (-) TimerEvent: {}
[50.692821] (-) TimerEvent: {}
[50.793022] (-) TimerEvent: {}
[50.893222] (-) TimerEvent: {}
[50.993441] (-) TimerEvent: {}
[51.093645] (-) TimerEvent: {}
[51.193848] (-) TimerEvent: {}
[51.294062] (-) TimerEvent: {}
[51.394274] (-) TimerEvent: {}
[51.494487] (-) TimerEvent: {}
[51.594697] (-) TimerEvent: {}
[51.694893] (-) TimerEvent: {}
[51.795092] (-) TimerEvent: {}
[51.895306] (-) TimerEvent: {}
[51.995527] (-) TimerEvent: {}
[52.095731] (-) TimerEvent: {}
[52.195932] (-) TimerEvent: {}
[52.296146] (-) TimerEvent: {}
[52.396352] (-) TimerEvent: {}
[52.496557] (-) TimerEvent: {}
[52.596746] (-) TimerEvent: {}
[52.696945] (-) TimerEvent: {}
[52.797151] (-) TimerEvent: {}
[52.897343] (-) TimerEvent: {}
[52.997543] (-) TimerEvent: {}
[53.097731] (-) TimerEvent: {}
[53.197923] (-) TimerEvent: {}
[53.298116] (-) TimerEvent: {}
[53.398305] (-) TimerEvent: {}
[53.441358] (adaptive_lio) StderrLine: {'line': b'/home/pace2204/copy/slam-mid360-volita/src/adaptive_lio/src/apps/main_ros2.cpp: In destructor \xe2\x80\x98AdaptiveLioNode::~AdaptiveLioNode()\xe2\x80\x99:\n'}
[53.441552] (adaptive_lio) StderrLine: {'line': b'/home/pace2204/copy/slam-mid360-volita/src/adaptive_lio/src/apps/main_ros2.cpp:262:23: warning: ignoring return value of \xe2\x80\x98int system(const char*)\xe2\x80\x99 declared with attribute \xe2\x80\x98warn_unused_result\xe2\x80\x99 [-Wunused-result]\n'}
[53.441602] (adaptive_lio) StderrLine: {'line': b'  262 |                 system(cmd.c_str());\n'}
[53.441639] (adaptive_lio) StderrLine: {'line': b'      |                 ~~~~~~^~~~~~~~~~~~~\n'}
[53.498397] (-) TimerEvent: {}
[53.598557] (-) TimerEvent: {}
[53.698714] (-) TimerEvent: {}
[53.746353] (adaptive_lio) StderrLine: {'line': b'/home/pace2204/copy/slam-mid360-volita/src/adaptive_lio/src/apps/main_ros2.cpp: In lambda function:\n'}
[53.746517] (adaptive_lio) StderrLine: {'line': b'/home/pace2204/copy/slam-mid360-volita/src/adaptive_lio/src/apps/main_ros2.cpp:668:19: warning: ignoring return value of \xe2\x80\x98int system(const char*)\xe2\x80\x99 declared with attribute \xe2\x80\x98warn_unused_result\xe2\x80\x99 [-Wunused-result]\n'}
[53.746562] (adaptive_lio) StderrLine: {'line': b'  668 |             system(cmd.c_str());\n'}
[53.746596] (adaptive_lio) StderrLine: {'line': b'      |             ~~~~~~^~~~~~~~~~~~~\n'}
[53.747498] (adaptive_lio) StderrLine: {'line': b'/home/pace2204/copy/slam-mid360-volita/src/adaptive_lio/src/apps/main_ros2.cpp: In lambda function:\n'}
[53.747536] (adaptive_lio) StderrLine: {'line': b'/home/pace2204/copy/slam-mid360-volita/src/adaptive_lio/src/apps/main_ros2.cpp:747:19: warning: ignoring return value of \xe2\x80\x98int system(const char*)\xe2\x80\x99 declared with attribute \xe2\x80\x98warn_unused_result\xe2\x80\x99 [-Wunused-result]\n'}
[53.747567] (adaptive_lio) StderrLine: {'line': b'  747 |             system(cmd.c_str());\n'}
[53.747596] (adaptive_lio) StderrLine: {'line': b'      |             ~~~~~~^~~~~~~~~~~~~\n'}
[53.748881] (adaptive_lio) StderrLine: {'line': b'/home/pace2204/copy/slam-mid360-volita/src/adaptive_lio/src/apps/main_ros2.cpp: In lambda function:\n'}
[53.748915] (adaptive_lio) StderrLine: {'line': b'/home/pace2204/copy/slam-mid360-volita/src/adaptive_lio/src/apps/main_ros2.cpp:597:19: warning: ignoring return value of \xe2\x80\x98int system(const char*)\xe2\x80\x99 declared with attribute \xe2\x80\x98warn_unused_result\xe2\x80\x99 [-Wunused-result]\n'}
[53.748946] (adaptive_lio) StderrLine: {'line': b'  597 |             system(cmd.c_str());\n'}
[53.748975] (adaptive_lio) StderrLine: {'line': b'      |             ~~~~~~^~~~~~~~~~~~~\n'}
[53.798805] (-) TimerEvent: {}
[53.898962] (-) TimerEvent: {}
[53.999117] (-) TimerEvent: {}
[54.099273] (-) TimerEvent: {}
[54.199428] (-) TimerEvent: {}
[54.299581] (-) TimerEvent: {}
[54.399731] (-) TimerEvent: {}
[54.499888] (-) TimerEvent: {}
[54.600045] (-) TimerEvent: {}
[54.700199] (-) TimerEvent: {}
[54.800371] (-) TimerEvent: {}
[54.900583] (-) TimerEvent: {}
[55.000740] (-) TimerEvent: {}
[55.100893] (-) TimerEvent: {}
[55.201048] (-) TimerEvent: {}
[55.301204] (-) TimerEvent: {}
[55.401355] (-) TimerEvent: {}
[55.501519] (-) TimerEvent: {}
[55.601669] (-) TimerEvent: {}
[55.701823] (-) TimerEvent: {}
[55.801981] (-) TimerEvent: {}
[55.902140] (-) TimerEvent: {}
[56.002294] (-) TimerEvent: {}
[56.102439] (-) TimerEvent: {}
[56.202597] (-) TimerEvent: {}
[56.302746] (-) TimerEvent: {}
[56.402899] (-) TimerEvent: {}
[56.503053] (-) TimerEvent: {}
[56.603208] (-) TimerEvent: {}
[56.703354] (-) TimerEvent: {}
[56.803516] (-) TimerEvent: {}
[56.903668] (-) TimerEvent: {}
[57.003832] (-) TimerEvent: {}
[57.103985] (-) TimerEvent: {}
[57.204127] (-) TimerEvent: {}
[57.304272] (-) TimerEvent: {}
[57.404429] (-) TimerEvent: {}
[57.504576] (-) TimerEvent: {}
[57.604720] (-) TimerEvent: {}
[57.704867] (-) TimerEvent: {}
[57.805016] (-) TimerEvent: {}
[57.905168] (-) TimerEvent: {}
[58.005316] (-) TimerEvent: {}
[58.105425] (-) TimerEvent: {}
[58.205583] (-) TimerEvent: {}
[58.305745] (-) TimerEvent: {}
[58.405890] (-) TimerEvent: {}
[58.506045] (-) TimerEvent: {}
[58.606196] (-) TimerEvent: {}
[58.706344] (-) TimerEvent: {}
[58.806499] (-) TimerEvent: {}
[58.906655] (-) TimerEvent: {}
[59.006806] (-) TimerEvent: {}
[59.106955] (-) TimerEvent: {}
[59.207107] (-) TimerEvent: {}
[59.307267] (-) TimerEvent: {}
[59.407422] (-) TimerEvent: {}
[59.507601] (-) TimerEvent: {}
[59.607786] (-) TimerEvent: {}
[59.707989] (-) TimerEvent: {}
[59.808194] (-) TimerEvent: {}
[59.908423] (-) TimerEvent: {}
[60.008605] (-) TimerEvent: {}
[60.108778] (-) TimerEvent: {}
[60.208974] (-) TimerEvent: {}
[60.309256] (-) TimerEvent: {}
[60.409477] (-) TimerEvent: {}
[60.509699] (-) TimerEvent: {}
[60.609906] (-) TimerEvent: {}
[60.710108] (-) TimerEvent: {}
[60.810307] (-) TimerEvent: {}
[60.910497] (-) TimerEvent: {}
[61.010691] (-) TimerEvent: {}
[61.110885] (-) TimerEvent: {}
[61.211061] (-) TimerEvent: {}
[61.311214] (-) TimerEvent: {}
[61.411389] (-) TimerEvent: {}
[61.511545] (-) TimerEvent: {}
[61.611703] (-) TimerEvent: {}
[61.711859] (-) TimerEvent: {}
[61.812023] (-) TimerEvent: {}
[61.912197] (-) TimerEvent: {}
[62.012361] (-) TimerEvent: {}
[62.112550] (-) TimerEvent: {}
[62.212753] (-) TimerEvent: {}
[62.312952] (-) TimerEvent: {}
[62.413140] (-) TimerEvent: {}
[62.513330] (-) TimerEvent: {}
[62.613531] (-) TimerEvent: {}
[62.713732] (-) TimerEvent: {}
[62.813927] (-) TimerEvent: {}
[62.914120] (-) TimerEvent: {}
[63.014316] (-) TimerEvent: {}
[63.114521] (-) TimerEvent: {}
[63.214719] (-) TimerEvent: {}
[63.314912] (-) TimerEvent: {}
[63.415103] (-) TimerEvent: {}
[63.515291] (-) TimerEvent: {}
[63.615486] (-) TimerEvent: {}
[63.715681] (-) TimerEvent: {}
[63.815875] (-) TimerEvent: {}
[63.916064] (-) TimerEvent: {}
[64.016250] (-) TimerEvent: {}
[64.116443] (-) TimerEvent: {}
[64.216637] (-) TimerEvent: {}
[64.316831] (-) TimerEvent: {}
[64.417027] (-) TimerEvent: {}
[64.521139] (-) TimerEvent: {}
[64.621325] (-) TimerEvent: {}
[64.721532] (-) TimerEvent: {}
[64.821719] (-) TimerEvent: {}
[64.921908] (-) TimerEvent: {}
[65.022098] (-) TimerEvent: {}
[65.122289] (-) TimerEvent: {}
[65.200532] (adaptive_lio) StdoutLine: {'line': b'[ 95%] Linking CXX executable adaptive_lio_node\n'}
[65.222402] (-) TimerEvent: {}
[65.322607] (-) TimerEvent: {}
[65.422808] (-) TimerEvent: {}
[65.523017] (-) TimerEvent: {}
[65.623217] (-) TimerEvent: {}
[65.723421] (-) TimerEvent: {}
[65.823623] (-) TimerEvent: {}
[65.923821] (-) TimerEvent: {}
[66.024012] (-) TimerEvent: {}
[66.088279] (adaptive_lio) StdoutLine: {'line': b'[100%] Built target adaptive_lio_node\n'}
[66.099797] (adaptive_lio) CommandEnded: {'returncode': 0}
[66.100544] (adaptive_lio) JobProgress: {'identifier': 'adaptive_lio', 'progress': 'install'}
[66.110501] (adaptive_lio) Command: {'cmd': ['/usr/bin/cmake', '--install', '/home/pace2204/copy/slam-mid360-volita/build/adaptive_lio'], 'cwd': '/home/pace2204/copy/slam-mid360-volita/build/adaptive_lio', 'env': OrderedDict([('GJS_DEBUG_TOPICS', 'JS ERROR;JS LOG'), ('VSCODE_CWD', '/home/pace2204'), ('LANGUAGE', 'zh_CN:zh'), ('USER', 'pace2204'), ('VSCODE_NLS_CONFIG', '{"userLocale":"zh-cn","osLocale":"en","resolvedLanguage":"zh-cn","defaultMessagesFile":"/usr/share/qoder/resources/app/out/nls.messages.json","languagePack":{"translationsConfigFile":"/home/pace2204/.config/Qoder/clp/3afffd5016528ded1c796a08d125a4d5.zh-cn/tcf.json","messagesFile":"/home/pace2204/.config/Qoder/clp/3afffd5016528ded1c796a08d125a4d5.zh-cn/0.4.7_ba2c98a811c6e5222a3d7f07e51e5b512cf9e403/nls.messages.json","corruptMarkerFile":"/home/pace2204/.config/Qoder/clp/3afffd5016528ded1c796a08d125a4d5.zh-cn/corrupted.info"},"locale":"zh-cn","availableLanguages":{"*":"zh-cn"},"_languagePackId":"3afffd5016528ded1c796a08d125a4d5.zh-cn","_languagePackSupport":true,"_translationsConfigFile":"/home/pace2204/.config/Qoder/clp/3afffd5016528ded1c796a08d125a4d5.zh-cn/tcf.json","_cacheRoot":"/home/pace2204/.config/Qoder/clp/3afffd5016528ded1c796a08d125a4d5.zh-cn","_resolvedLanguagePackCoreLocation":"/home/pace2204/.config/Qoder/clp/3afffd5016528ded1c796a08d125a4d5.zh-cn/0.4.7_ba2c98a811c6e5222a3d7f07e51e5b512cf9e403","_corruptedFile":"/home/pace2204/.config/Qoder/clp/3afffd5016528ded1c796a08d125a4d5.zh-cn/corrupted.info"}'), ('GIT_EDITOR', 'true'), ('XDG_SESSION_TYPE', 'wayland'), ('SHLVL', '1'), ('LD_LIBRARY_PATH', '/home/pace2204/livox_ws/install/livox_ros_driver2/lib:/opt/ros/humble/opt/rviz_ogre_vendor/lib:/opt/ros/humble/lib/x86_64-linux-gnu:/opt/ros/humble/lib'), ('HOME', '/home/pace2204'), ('CHROME_DESKTOP', 'qoder.desktop'), ('OLDPWD', '/home/pace2204/copy/slam-mid360-volita'), ('DESKTOP_SESSION', 'ubuntu'), ('VSCODE_IPC_HOOK', '/run/user/1000/vscode-415d8430-1.10-main.sock'), ('GIO_LAUNCHED_DESKTOP_FILE', '/usr/share/applications/qoder.desktop'), ('ROS_PYTHON_VERSION', '3'), ('GNOME_SHELL_SESSION_MODE', 'ubuntu'), ('GTK_MODULES', 'gail:atk-bridge'), ('MANAGERPID', '1049'), ('SYSTEMD_EXEC_PID', '1286'), ('IM_CONFIG_CHECK_ENV', '1'), ('DBUS_SESSION_BUS_ADDRESS', 'unix:path=/run/user/1000/bus'), ('QODERCLI_INTEGRATION_MODE', 'quest'), ('GIO_LAUNCHED_DESKTOP_FILE_PID', '87057'), ('IM_CONFIG_PHASE', '1'), ('WAYLAND_DISPLAY', 'wayland-0'), ('COLCON_PREFIX_PATH', '/home/pace2204/livox_ws/install'), ('ROS_DISTRO', 'humble'), ('LOGNAME', 'pace2204'), ('JOURNAL_STREAM', '8:13067'), ('_', '/usr/bin/colcon'), ('ROS_VERSION', '2'), ('XDG_SESSION_CLASS', 'user'), ('TYPE_IS_ARMS', 'true'), ('USERNAME', 'pace2204'), ('GNOME_DESKTOP_SESSION_ID', 'this-is-deprecated'), ('ROS_LOCALHOST_ONLY', '0'), ('VSCODE_BRAND', 'Qoder'), ('PATH', '/opt/ros/humble/bin:/usr/local/sbin:/usr/local/bin:/usr/sbin:/usr/bin:/sbin:/bin:/usr/games:/usr/local/games:/snap/bin:/snap/bin'), ('SESSION_MANAGER', 'local/pace2204-BQM5:@/tmp/.ICE-unix/1252,unix/pace2204-BQM5:/tmp/.ICE-unix/1252'), ('INVOCATION_ID', '02a58268ff434ccd909000380752652c'), ('XDG_MENU_PREFIX', 'gnome-'), ('GNOME_SETUP_DISPLAY', ':1'), ('XDG_RUNTIME_DIR', '/run/user/1000'), ('GDK_BACKEND', 'x11'), ('ARMS_APP_NAME', 'qoder-cosy'), ('DISPLAY', ':0'), ('ARMS_REGION_ID', 'ap-northeast-1'), ('LANG', 'zh_CN.UTF-8'), ('XDG_CURRENT_DESKTOP', 'Unity'), ('XMODIFIERS', '@im=ibus'), ('XDG_SESSION_DESKTOP', 'ubuntu'), ('XAUTHORITY', '/run/user/1000/.mutter-Xwaylandauth.GHURL3'), ('SSH_AGENT_LAUNCHER', 'gnome-keyring'), ('SSH_AUTH_SOCK', '/run/user/1000/keyring/ssh'), ('AMENT_PREFIX_PATH', '/home/pace2204/livox_ws/install/livox_ros_driver2:/opt/ros/humble'), ('ORIGINAL_XDG_CURRENT_DESKTOP', 'ubuntu:GNOME'), ('SHELL', '/bin/bash'), ('QT_ACCESSIBILITY', '1'), ('NO_AT_BRIDGE', '1'), ('GDMSESSION', 'ubuntu'), ('GJS_DEBUG_OUTPUT', 'stderr'), ('ARMS_ENABLE', 'true'), ('QT_IM_MODULE', 'ibus'), ('PWD', '/home/pace2204/copy/slam-mid360-volita/build/adaptive_lio'), ('XDG_CONFIG_DIRS', '/etc/xdg/xdg-ubuntu:/etc/xdg'), ('VSCODE_CODE_CACHE_PATH', '/home/pace2204/.config/Qoder/CachedData/ba2c98a811c6e5222a3d7f07e51e5b512cf9e403'), ('XDG_DATA_DIRS', '/usr/share/ubuntu:/usr/local/share/:/usr/share/:/var/lib/snapd/desktop'), ('PYTHONPATH', '/home/pace2204/livox_ws/install/livox_ros_driver2/local/lib/python3.10/dist-packages:/opt/ros/humble/lib/python3.10/site-packages:/opt/ros/humble/local/lib/python3.10/dist-packages'), ('QODER_CLI', '1'), ('COLCON', '1'), ('FEATURE_FLAGS', '{"authUserPlanTierName":true,"welcomeFirstLaunchKey":"qoder.firstLaunch","welcomeOnboardingUseCustomStyle":false,"questModeEnable":true,"repoWikiEnable":true,"codebaseIgnoreFileName":".qoderignore","chatDefaultMode":"agent","chatDefaultAskModeUseTools":true,"currentPlanTitleKey":"application.config.general.plan.currentPlan.title","enableCreditUsage":true,"hasDedicatedUrlSetting":false,"showWelcomeMessage":false,"showModelTierSelector":true,"showModelSelector":false,"landingPageNeedLoginBtn":true,"preferredLanguageSupportOnlyZhAndEn":false,"enableSecurityFilter":false,"enableCodeChanges":false,"enableGitCommit":false,"enableLocalFile":true,"enableUserPlanUpgrade":true,"defaultBigModelEndpoint":"https://center.qoder.sh","improvementPlanSetting":true,"supportOrganizationCommand":false,"enableDynamicConfig":true,"qoderDirectAuth":true,"feedbackMethodIsEmail":true,"commit":"ba2c98a811c6e5222a3d7f07e51e5b512cf9e403","date":"2026-02-13T07:13:54.052Z","checksums":{"vs/base/parts/sandbox/electron-sandbox/preload.js":"eMCMtyPVVMxe6uce3NknivMZgd2q6ljQPMr7vRScAYk","vs/workbench/workbench.desktop.main.js":"SXd9pOwo55Yt83OEiXFoPAZHye0pnQIrxbQ70O+Sed0","vs/workbench/workbench.desktop.main.css":"ks0fu1idwMDL7fIcSu1ifhgVpKdkCZziL+7TE1Yc0eo","vs/workbench/api/node/extensionHostProcess.js":"O9uuxViaBomQawTGz+iPBQciGCUSdznm4hYtj/4ed0E","vs/code/electron-sandbox/workbench/workbench.html":"qCUV1BYtmJSS5BrtctLLLnPUm3g0BF+THziYLDg2hCo","vs/code/electron-sandbox/workbench/workbench.js":"HTzPHXSSGaB8b0ToK7BcL04+DQWpVjGgEPRXhP7jxW4"},"version":"0.4.7"}'), ('CMAKE_PREFIX_PATH', '/home/pace2204/livox_ws/install/livox_ros_driver2:/opt/ros/humble'), ('VSCODE_PID', '87057')]), 'shell': False}
[66.116988] (adaptive_lio) StdoutLine: {'line': b'-- Install configuration: "Release"\n'}
[66.117200] (adaptive_lio) StdoutLine: {'line': b'-- Installing: /home/pace2204/copy/slam-mid360-volita/install/adaptive_lio/lib/adaptive_lio/adaptive_lio_node\n'}
[66.119099] (adaptive_lio) StdoutLine: {'line': b'-- Set runtime path of "/home/pace2204/copy/slam-mid360-volita/install/adaptive_lio/lib/adaptive_lio/adaptive_lio_node" to ""\n'}
[66.119352] (adaptive_lio) StdoutLine: {'line': b'-- Up-to-date: /home/pace2204/copy/slam-mid360-volita/install/adaptive_lio/share/adaptive_lio/launch\n'}
[66.119531] (adaptive_lio) StdoutLine: {'line': b'-- Up-to-date: /home/pace2204/copy/slam-mid360-volita/install/adaptive_lio/share/adaptive_lio/launch/run.launch.py\n'}
[66.119618] (adaptive_lio) StdoutLine: {'line': b'-- Up-to-date: /home/pace2204/copy/slam-mid360-volita/install/adaptive_lio/share/adaptive_lio/config\n'}
[66.119701] (adaptive_lio) StdoutLine: {'line': b'-- Up-to-date: /home/pace2204/copy/slam-mid360-volita/install/adaptive_lio/share/adaptive_lio/config/mapping_m.yaml\n'}
[66.119780] (adaptive_lio) StdoutLine: {'line': b'-- Up-to-date: /home/pace2204/copy/slam-mid360-volita/install/adaptive_lio/share/adaptive_lio/config/adaptive_lio.rviz\n'}
[66.119867] (adaptive_lio) StdoutLine: {'line': b'-- Up-to-date: /home/pace2204/copy/slam-mid360-volita/install/adaptive_lio/share/adaptive_lio/config/mapping_m copy.yaml\n'}
[66.119944] (adaptive_lio) StdoutLine: {'line': b'-- Up-to-date: /home/pace2204/copy/slam-mid360-volita/install/adaptive_lio/share/ament_index/resource_index/package_run_dependencies/adaptive_lio\n'}
[66.120019] (adaptive_lio) StdoutLine: {'line': b'-- Up-to-date: /home/pace2204/copy/slam-mid360-volita/install/adaptive_lio/share/ament_index/resource_index/parent_prefix_path/adaptive_lio\n'}
[66.120095] (adaptive_lio) StdoutLine: {'line': b'-- Up-to-date: /home/pace2204/copy/slam-mid360-volita/install/adaptive_lio/share/adaptive_lio/environment/ament_prefix_path.dsv\n'}
[66.120169] (adaptive_lio) StdoutLine: {'line': b'-- Up-to-date: /home/pace2204/copy/slam-mid360-volita/install/adaptive_lio/share/adaptive_lio/environment/path.dsv\n'}
[66.120361] (adaptive_lio) StdoutLine: {'line': b'-- Up-to-date: /home/pace2204/copy/slam-mid360-volita/install/adaptive_lio/share/adaptive_lio/local_setup.bash\n'}
[66.120550] (adaptive_lio) StdoutLine: {'line': b'-- Up-to-date: /home/pace2204/copy/slam-mid360-volita/install/adaptive_lio/share/adaptive_lio/local_setup.sh\n'}
[66.121158] (adaptive_lio) StdoutLine: {'line': b'-- Up-to-date: /home/pace2204/copy/slam-mid360-volita/install/adaptive_lio/share/adaptive_lio/local_setup.zsh\n'}
[66.121299] (adaptive_lio) StdoutLine: {'line': b'-- Up-to-date: /home/pace2204/copy/slam-mid360-volita/install/adaptive_lio/share/adaptive_lio/local_setup.dsv\n'}
[66.121594] (adaptive_lio) StdoutLine: {'line': b'-- Up-to-date: /home/pace2204/copy/slam-mid360-volita/install/adaptive_lio/share/adaptive_lio/package.dsv\n'}
[66.121773] (adaptive_lio) StdoutLine: {'line': b'-- Up-to-date: /home/pace2204/copy/slam-mid360-volita/install/adaptive_lio/share/ament_index/resource_index/packages/adaptive_lio\n'}
[66.121858] (adaptive_lio) StdoutLine: {'line': b'-- Up-to-date: /home/pace2204/copy/slam-mid360-volita/install/adaptive_lio/share/adaptive_lio/cmake/adaptive_lioConfig.cmake\n'}
[66.122041] (adaptive_lio) StdoutLine: {'line': b'-- Up-to-date: /home/pace2204/copy/slam-mid360-volita/install/adaptive_lio/share/adaptive_lio/cmake/adaptive_lioConfig-version.cmake\n'}
[66.122121] (adaptive_lio) StdoutLine: {'line': b'-- Up-to-date: /home/pace2204/copy/slam-mid360-volita/install/adaptive_lio/share/adaptive_lio/package.xml\n'}
[66.122215] (adaptive_lio) CommandEnded: {'returncode': 0}
[66.124094] (-) TimerEvent: {}
[66.133193] (adaptive_lio) JobEnded: {'identifier': 'adaptive_lio', 'rc': 0}
[66.133581] (-) EventReactorShutdown: {}
